TCP Ping trying to connect to server localhost (127.0.0.1) on port 1492
 ... connected to Pong server: asking for 501 repetitions of 196608 bytes TCP messages
 ... Pong server agreed :-)
tcp_ping received 196608 bytes back
Round trip time was 3.8885 milliseconds in repetition 1
tcp_ping received 196608 bytes back
Round trip time was 4.4175 milliseconds in repetition 2
tcp_ping received 196608 bytes back
Round trip time was 3.3915 milliseconds in repetition 3
tcp_ping received 196608 bytes back
Round trip time was 3.3405 milliseconds in repetition 4
tcp_ping received 196608 bytes back
Round trip time was 3.1678 milliseconds in repetition 5
tcp_ping received 196608 bytes back
Round trip time was 4.7325 milliseconds in repetition 6
tcp_ping received 196608 bytes back
Round trip time was 3.2649 milliseconds in repetition 7
tcp_ping received 196608 bytes back
Round trip time was 3.3433 milliseconds in repetition 8
tcp_ping received 196608 bytes back
Round trip time was 3.386 milliseconds in repetition 9
tcp_ping received 196608 bytes back
Round trip time was 3.3336 milliseconds in repetition 10
tcp_ping received 196608 bytes back
Round trip time was 4.3982 milliseconds in repetition 11
tcp_ping received 196608 bytes back
Round trip time was 3.1499 milliseconds in repetition 12
tcp_ping received 196608 bytes back
Round trip time was 3.3179 milliseconds in repetition 13
tcp_ping received 196608 bytes back
Round trip time was 4.3092 milliseconds in repetition 14
tcp_ping received 196608 bytes back
Round trip time was 4.3748 milliseconds in repetition 15
tcp_ping received 196608 bytes back
Round trip time was 3.3231 milliseconds in repetition 16
tcp_ping received 196608 bytes back
Round trip time was 3.4382 milliseconds in repetition 17
tcp_ping received 196608 bytes back
Round trip time was 3.1657 milliseconds in repetition 18
tcp_ping received 196608 bytes back
Round trip time was 3.573 milliseconds in repetition 19
tcp_ping received 196608 bytes back
Round trip time was 3.2697 milliseconds in repetition 20
tcp_ping received 196608 bytes back
Round trip time was 3.1612 milliseconds in repetition 21
tcp_ping received 196608 bytes back
Round trip time was 3.2203 milliseconds in repetition 22
tcp_ping received 196608 bytes back
Round trip time was 3.2688 milliseconds in repetition 23
tcp_ping received 196608 bytes back
Round trip time was 3.2704 milliseconds in repetition 24
tcp_ping received 196608 bytes back
Round trip time was 3.1428 milliseconds in repetition 25
tcp_ping received 196608 bytes back
Round trip time was 3.1765 milliseconds in repetition 26
tcp_ping received 196608 bytes back
Round trip time was 3.3882 milliseconds in repetition 27
tcp_ping received 196608 bytes back
Round trip time was 3.5617 milliseconds in repetition 28
tcp_ping received 196608 bytes back
Round trip time was 3.2068 milliseconds in repetition 29
tcp_ping received 196608 bytes back
Round trip time was 3.3138 milliseconds in repetition 30
tcp_ping received 196608 bytes back
Round trip time was 3.1428 milliseconds in repetition 31
tcp_ping received 196608 bytes back
Round trip time was 3.1883 milliseconds in repetition 32
tcp_ping received 196608 bytes back
Round trip time was 4.4802 milliseconds in repetition 33
tcp_ping received 196608 bytes back
Round trip time was 5.0754 milliseconds in repetition 34
tcp_ping received 196608 bytes back
Round trip time was 3.3622 milliseconds in repetition 35
tcp_ping received 196608 bytes back
Round trip time was 3.1414 milliseconds in repetition 36
tcp_ping received 196608 bytes back
Round trip time was 3.3326 milliseconds in repetition 37
tcp_ping received 196608 bytes back
Round trip time was 3.2925 milliseconds in repetition 38
tcp_ping received 196608 bytes back
Round trip time was 3.1909 milliseconds in repetition 39
tcp_ping received 196608 bytes back
Round trip time was 3.0806 milliseconds in repetition 40
tcp_ping received 196608 bytes back
Round trip time was 2.3054 milliseconds in repetition 41
tcp_ping received 196608 bytes back
Round trip time was 2.194 milliseconds in repetition 42
tcp_ping received 196608 bytes back
Round trip time was 2.383 milliseconds in repetition 43
tcp_ping received 196608 bytes back
Round trip time was 2.2623 milliseconds in repetition 44
tcp_ping received 196608 bytes back
Round trip time was 2.3008 milliseconds in repetition 45
tcp_ping received 196608 bytes back
Round trip time was 2.23 milliseconds in repetition 46
tcp_ping received 196608 bytes back
Round trip time was 2.2608 milliseconds in repetition 47
tcp_ping received 196608 bytes back
Round trip time was 2.2146 milliseconds in repetition 48
tcp_ping received 196608 bytes back
Round trip time was 2.2644 milliseconds in repetition 49
tcp_ping received 196608 bytes back
Round trip time was 2.3006 milliseconds in repetition 50
tcp_ping received 196608 bytes back
Round trip time was 2.2143 milliseconds in repetition 51
tcp_ping received 196608 bytes back
Round trip time was 2.2528 milliseconds in repetition 52
tcp_ping received 196608 bytes back
Round trip time was 2.2071 milliseconds in repetition 53
tcp_ping received 196608 bytes back
Round trip time was 2.3034 milliseconds in repetition 54
tcp_ping received 196608 bytes back
Round trip time was 2.2267 milliseconds in repetition 55
tcp_ping received 196608 bytes back
Round trip time was 2.2421 milliseconds in repetition 56
tcp_ping received 196608 bytes back
Round trip time was 2.9705 milliseconds in repetition 57
tcp_ping received 196608 bytes back
Round trip time was 2.2896 milliseconds in repetition 58
tcp_ping received 196608 bytes back
Round trip time was 2.2186 milliseconds in repetition 59
tcp_ping received 196608 bytes back
Round trip time was 2.2375 milliseconds in repetition 60
tcp_ping received 196608 bytes back
Round trip time was 2.2133 milliseconds in repetition 61
tcp_ping received 196608 bytes back
Round trip time was 2.3153 milliseconds in repetition 62
tcp_ping received 196608 bytes back
Round trip time was 2.2889 milliseconds in repetition 63
tcp_ping received 196608 bytes back
Round trip time was 2.3361 milliseconds in repetition 64
tcp_ping received 196608 bytes back
Round trip time was 2.2121 milliseconds in repetition 65
tcp_ping received 196608 bytes back
Round trip time was 2.2434 milliseconds in repetition 66
tcp_ping received 196608 bytes back
Round trip time was 2.2485 milliseconds in repetition 67
tcp_ping received 196608 bytes back
Round trip time was 2.2101 milliseconds in repetition 68
tcp_ping received 196608 bytes back
Round trip time was 2.2252 milliseconds in repetition 69
tcp_ping received 196608 bytes back
Round trip time was 2.4021 milliseconds in repetition 70
tcp_ping received 196608 bytes back
Round trip time was 2.2418 milliseconds in repetition 71
tcp_ping received 196608 bytes back
Round trip time was 2.2866 milliseconds in repetition 72
tcp_ping received 196608 bytes back
Round trip time was 2.231 milliseconds in repetition 73
tcp_ping received 196608 bytes back
Round trip time was 2.1839 milliseconds in repetition 74
tcp_ping received 196608 bytes back
Round trip time was 1.9268 milliseconds in repetition 75
tcp_ping received 196608 bytes back
Round trip time was 1.7611 milliseconds in repetition 76
tcp_ping received 196608 bytes back
Round trip time was 2.0005 milliseconds in repetition 77
tcp_ping received 196608 bytes back
Round trip time was 1.9401 milliseconds in repetition 78
tcp_ping received 196608 bytes back
Round trip time was 1.8778 milliseconds in repetition 79
tcp_ping received 196608 bytes back
Round trip time was 1.905 milliseconds in repetition 80
tcp_ping received 196608 bytes back
Round trip time was 1.8007 milliseconds in repetition 81
tcp_ping received 196608 bytes back
Round trip time was 1.9748 milliseconds in repetition 82
tcp_ping received 196608 bytes back
Round trip time was 1.7984 milliseconds in repetition 83
tcp_ping received 196608 bytes back
Round trip time was 1.8776 milliseconds in repetition 84
tcp_ping received 196608 bytes back
Round trip time was 1.7684 milliseconds in repetition 85
tcp_ping received 196608 bytes back
Round trip time was 2.0865 milliseconds in repetition 86
tcp_ping received 196608 bytes back
Round trip time was 2.1961 milliseconds in repetition 87
tcp_ping received 196608 bytes back
Round trip time was 1.9529 milliseconds in repetition 88
tcp_ping received 196608 bytes back
Round trip time was 1.976 milliseconds in repetition 89
tcp_ping received 196608 bytes back
Round trip time was 1.9445 milliseconds in repetition 90
tcp_ping received 196608 bytes back
Round trip time was 1.9606 milliseconds in repetition 91
tcp_ping received 196608 bytes back
Round trip time was 1.9296 milliseconds in repetition 92
tcp_ping received 196608 bytes back
Round trip time was 2.027 milliseconds in repetition 93
tcp_ping received 196608 bytes back
Round trip time was 2.6223 milliseconds in repetition 94
tcp_ping received 196608 bytes back
Round trip time was 2.818 milliseconds in repetition 95
tcp_ping received 196608 bytes back
Round trip time was 1.9881 milliseconds in repetition 96
tcp_ping received 196608 bytes back
Round trip time was 1.9316 milliseconds in repetition 97
tcp_ping received 196608 bytes back
Round trip time was 2.0741 milliseconds in repetition 98
tcp_ping received 196608 bytes back
Round trip time was 1.9594 milliseconds in repetition 99
tcp_ping received 196608 bytes back
Round trip time was 1.9276 milliseconds in repetition 100
tcp_ping received 196608 bytes back
Round trip time was 2.3686 milliseconds in repetition 101
tcp_ping received 196608 bytes back
Round trip time was 1.9998 milliseconds in repetition 102
tcp_ping received 196608 bytes back
Round trip time was 2.016 milliseconds in repetition 103
tcp_ping received 196608 bytes back
Round trip time was 2.04 milliseconds in repetition 104
tcp_ping received 196608 bytes back
Round trip time was 1.9611 milliseconds in repetition 105
tcp_ping received 196608 bytes back
Round trip time was 1.9276 milliseconds in repetition 106
tcp_ping received 196608 bytes back
Round trip time was 1.9668 milliseconds in repetition 107
tcp_ping received 196608 bytes back
Round trip time was 2.0214 milliseconds in repetition 108
tcp_ping received 196608 bytes back
Round trip time was 2.0362 milliseconds in repetition 109
tcp_ping received 196608 bytes back
Round trip time was 2.1161 milliseconds in repetition 110
tcp_ping received 196608 bytes back
Round trip time was 1.9424 milliseconds in repetition 111
tcp_ping received 196608 bytes back
Round trip time was 2.0574 milliseconds in repetition 112
tcp_ping received 196608 bytes back
Round trip time was 1.9402 milliseconds in repetition 113
tcp_ping received 196608 bytes back
Round trip time was 1.9589 milliseconds in repetition 114
tcp_ping received 196608 bytes back
Round trip time was 1.9427 milliseconds in repetition 115
tcp_ping received 196608 bytes back
Round trip time was 1.9352 milliseconds in repetition 116
tcp_ping received 196608 bytes back
Round trip time was 2.1827 milliseconds in repetition 117
tcp_ping received 196608 bytes back
Round trip time was 1.9876 milliseconds in repetition 118
tcp_ping received 196608 bytes back
Round trip time was 1.9292 milliseconds in repetition 119
tcp_ping received 196608 bytes back
Round trip time was 1.9583 milliseconds in repetition 120
tcp_ping received 196608 bytes back
Round trip time was 1.9372 milliseconds in repetition 121
tcp_ping received 196608 bytes back
Round trip time was 2.0268 milliseconds in repetition 122
tcp_ping received 196608 bytes back
Round trip time was 1.9303 milliseconds in repetition 123
tcp_ping received 196608 bytes back
Round trip time was 1.9669 milliseconds in repetition 124
tcp_ping received 196608 bytes back
Round trip time was 2.0517 milliseconds in repetition 125
tcp_ping received 196608 bytes back
Round trip time was 2.0342 milliseconds in repetition 126
tcp_ping received 196608 bytes back
Round trip time was 1.9773 milliseconds in repetition 127
tcp_ping received 196608 bytes back
Round trip time was 1.9639 milliseconds in repetition 128
tcp_ping received 196608 bytes back
Round trip time was 1.9343 milliseconds in repetition 129
tcp_ping received 196608 bytes back
Round trip time was 2.0094 milliseconds in repetition 130
tcp_ping received 196608 bytes back
Round trip time was 1.9377 milliseconds in repetition 131
tcp_ping received 196608 bytes back
Round trip time was 2.1102 milliseconds in repetition 132
tcp_ping received 196608 bytes back
Round trip time was 2.098 milliseconds in repetition 133
tcp_ping received 196608 bytes back
Round trip time was 1.9926 milliseconds in repetition 134
tcp_ping received 196608 bytes back
Round trip time was 2.0705 milliseconds in repetition 135
tcp_ping received 196608 bytes back
Round trip time was 2.0224 milliseconds in repetition 136
tcp_ping received 196608 bytes back
Round trip time was 1.9711 milliseconds in repetition 137
tcp_ping received 196608 bytes back
Round trip time was 1.9337 milliseconds in repetition 138
tcp_ping received 196608 bytes back
Round trip time was 1.9571 milliseconds in repetition 139
tcp_ping received 196608 bytes back
Round trip time was 2.0526 milliseconds in repetition 140
tcp_ping received 196608 bytes back
Round trip time was 2.12 milliseconds in repetition 141
tcp_ping received 196608 bytes back
Round trip time was 2.0136 milliseconds in repetition 142
tcp_ping received 196608 bytes back
Round trip time was 1.9025 milliseconds in repetition 143
tcp_ping received 196608 bytes back
Round trip time was 1.927 milliseconds in repetition 144
tcp_ping received 196608 bytes back
Round trip time was 1.9266 milliseconds in repetition 145
tcp_ping received 196608 bytes back
Round trip time was 2.008 milliseconds in repetition 146
tcp_ping received 196608 bytes back
Round trip time was 1.981 milliseconds in repetition 147
tcp_ping received 196608 bytes back
Round trip time was 2.0615 milliseconds in repetition 148
tcp_ping received 196608 bytes back
Round trip time was 2.1298 milliseconds in repetition 149
tcp_ping received 196608 bytes back
Round trip time was 2.0497 milliseconds in repetition 150
tcp_ping received 196608 bytes back
Round trip time was 1.9432 milliseconds in repetition 151
tcp_ping received 196608 bytes back
Round trip time was 1.9538 milliseconds in repetition 152
tcp_ping received 196608 bytes back
Round trip time was 2.0023 milliseconds in repetition 153
tcp_ping received 196608 bytes back
Round trip time was 2.0068 milliseconds in repetition 154
tcp_ping received 196608 bytes back
Round trip time was 2.028 milliseconds in repetition 155
tcp_ping received 196608 bytes back
Round trip time was 2.0088 milliseconds in repetition 156
tcp_ping received 196608 bytes back
Round trip time was 2.0808 milliseconds in repetition 157
tcp_ping received 196608 bytes back
Round trip time was 1.9478 milliseconds in repetition 158
tcp_ping received 196608 bytes back
Round trip time was 1.9498 milliseconds in repetition 159
tcp_ping received 196608 bytes back
Round trip time was 1.9919 milliseconds in repetition 160
tcp_ping received 196608 bytes back
Round trip time was 1.966 milliseconds in repetition 161
tcp_ping received 196608 bytes back
Round trip time was 2.0713 milliseconds in repetition 162
tcp_ping received 196608 bytes back
Round trip time was 1.9683 milliseconds in repetition 163
tcp_ping received 196608 bytes back
Round trip time was 2.2842 milliseconds in repetition 164
tcp_ping received 196608 bytes back
Round trip time was 1.9436 milliseconds in repetition 165
tcp_ping received 196608 bytes back
Round trip time was 1.9581 milliseconds in repetition 166
tcp_ping received 196608 bytes back
Round trip time was 1.9222 milliseconds in repetition 167
tcp_ping received 196608 bytes back
Round trip time was 2.0398 milliseconds in repetition 168
tcp_ping received 196608 bytes back
Round trip time was 2.0216 milliseconds in repetition 169
tcp_ping received 196608 bytes back
Round trip time was 2.2604 milliseconds in repetition 170
tcp_ping received 196608 bytes back
Round trip time was 1.9557 milliseconds in repetition 171
tcp_ping received 196608 bytes back
Round trip time was 2.4457 milliseconds in repetition 172
tcp_ping received 196608 bytes back
Round trip time was 2.0652 milliseconds in repetition 173
tcp_ping received 196608 bytes back
Round trip time was 1.9685 milliseconds in repetition 174
tcp_ping received 196608 bytes back
Round trip time was 1.952 milliseconds in repetition 175
tcp_ping received 196608 bytes back
Round trip time was 1.9316 milliseconds in repetition 176
tcp_ping received 196608 bytes back
Round trip time was 2.0444 milliseconds in repetition 177
tcp_ping received 196608 bytes back
Round trip time was 2.0061 milliseconds in repetition 178
tcp_ping received 196608 bytes back
Round trip time was 2.0299 milliseconds in repetition 179
tcp_ping received 196608 bytes back
Round trip time was 1.8123 milliseconds in repetition 180
tcp_ping received 196608 bytes back
Round trip time was 1.6468 milliseconds in repetition 181
tcp_ping received 196608 bytes back
Round trip time was 1.702 milliseconds in repetition 182
tcp_ping received 196608 bytes back
Round trip time was 1.6342 milliseconds in repetition 183
tcp_ping received 196608 bytes back
Round trip time was 1.6128 milliseconds in repetition 184
tcp_ping received 196608 bytes back
Round trip time was 1.646 milliseconds in repetition 185
tcp_ping received 196608 bytes back
Round trip time was 1.609 milliseconds in repetition 186
tcp_ping received 196608 bytes back
Round trip time was 1.6093 milliseconds in repetition 187
tcp_ping received 196608 bytes back
Round trip time was 1.6038 milliseconds in repetition 188
tcp_ping received 196608 bytes back
Round trip time was 1.7721 milliseconds in repetition 189
tcp_ping received 196608 bytes back
Round trip time was 1.7095 milliseconds in repetition 190
tcp_ping received 196608 bytes back
Round trip time was 1.6417 milliseconds in repetition 191
tcp_ping received 196608 bytes back
Round trip time was 1.8671 milliseconds in repetition 192
tcp_ping received 196608 bytes back
Round trip time was 1.5937 milliseconds in repetition 193
tcp_ping received 196608 bytes back
Round trip time was 1.6087 milliseconds in repetition 194
tcp_ping received 196608 bytes back
Round trip time was 1.6373 milliseconds in repetition 195
tcp_ping received 196608 bytes back
Round trip time was 1.5976 milliseconds in repetition 196
tcp_ping received 196608 bytes back
Round trip time was 1.6068 milliseconds in repetition 197
tcp_ping received 196608 bytes back
Round trip time was 1.9823 milliseconds in repetition 198
tcp_ping received 196608 bytes back
Round trip time was 1.649 milliseconds in repetition 199
tcp_ping received 196608 bytes back
Round trip time was 2.1391 milliseconds in repetition 200
tcp_ping received 196608 bytes back
Round trip time was 1.979 milliseconds in repetition 201
tcp_ping received 196608 bytes back
Round trip time was 1.8715 milliseconds in repetition 202
tcp_ping received 196608 bytes back
Round trip time was 1.8562 milliseconds in repetition 203
tcp_ping received 196608 bytes back
Round trip time was 1.8856 milliseconds in repetition 204
tcp_ping received 196608 bytes back
Round trip time was 1.9025 milliseconds in repetition 205
tcp_ping received 196608 bytes back
Round trip time was 1.9402 milliseconds in repetition 206
tcp_ping received 196608 bytes back
Round trip time was 1.922 milliseconds in repetition 207
tcp_ping received 196608 bytes back
Round trip time was 2.1318 milliseconds in repetition 208
tcp_ping received 196608 bytes back
Round trip time was 1.9784 milliseconds in repetition 209
tcp_ping received 196608 bytes back
Round trip time was 2.0096 milliseconds in repetition 210
tcp_ping received 196608 bytes back
Round trip time was 1.9325 milliseconds in repetition 211
tcp_ping received 196608 bytes back
Round trip time was 1.9345 milliseconds in repetition 212
tcp_ping received 196608 bytes back
Round trip time was 1.9882 milliseconds in repetition 213
tcp_ping received 196608 bytes back
Round trip time was 2.0561 milliseconds in repetition 214
tcp_ping received 196608 bytes back
Round trip time was 2.1885 milliseconds in repetition 215
tcp_ping received 196608 bytes back
Round trip time was 2.0639 milliseconds in repetition 216
tcp_ping received 196608 bytes back
Round trip time was 1.9132 milliseconds in repetition 217
tcp_ping received 196608 bytes back
Round trip time was 1.9259 milliseconds in repetition 218
tcp_ping received 196608 bytes back
Round trip time was 1.9812 milliseconds in repetition 219
tcp_ping received 196608 bytes back
Round trip time was 1.9659 milliseconds in repetition 220
tcp_ping received 196608 bytes back
Round trip time was 1.9343 milliseconds in repetition 221
tcp_ping received 196608 bytes back
Round trip time was 2.0357 milliseconds in repetition 222
tcp_ping received 196608 bytes back
Round trip time was 2.0426 milliseconds in repetition 223
tcp_ping received 196608 bytes back
Round trip time was 2.135 milliseconds in repetition 224
tcp_ping received 196608 bytes back
Round trip time was 1.9388 milliseconds in repetition 225
tcp_ping received 196608 bytes back
Round trip time was 1.9323 milliseconds in repetition 226
tcp_ping received 196608 bytes back
Round trip time was 1.9857 milliseconds in repetition 227
tcp_ping received 196608 bytes back
Round trip time was 2.0427 milliseconds in repetition 228
tcp_ping received 196608 bytes back
Round trip time was 1.9813 milliseconds in repetition 229
tcp_ping received 196608 bytes back
Round trip time was 2.2844 milliseconds in repetition 230
tcp_ping received 196608 bytes back
Round trip time was 2.1325 milliseconds in repetition 231
tcp_ping received 196608 bytes back
Round trip time was 1.9754 milliseconds in repetition 232
tcp_ping received 196608 bytes back
Round trip time was 2.0917 milliseconds in repetition 233
tcp_ping received 196608 bytes back
Round trip time was 2.0824 milliseconds in repetition 234
tcp_ping received 196608 bytes back
Round trip time was 3.4504 milliseconds in repetition 235
tcp_ping received 196608 bytes back
Round trip time was 2.5898 milliseconds in repetition 236
tcp_ping received 196608 bytes back
Round trip time was 2.7647 milliseconds in repetition 237
tcp_ping received 196608 bytes back
Round trip time was 2.2959 milliseconds in repetition 238
tcp_ping received 196608 bytes back
Round trip time was 1.9436 milliseconds in repetition 239
tcp_ping received 196608 bytes back
Round trip time was 1.9342 milliseconds in repetition 240
tcp_ping received 196608 bytes back
Round trip time was 2.0217 milliseconds in repetition 241
tcp_ping received 196608 bytes back
Round trip time was 2.7558 milliseconds in repetition 242
tcp_ping received 196608 bytes back
Round trip time was 1.9963 milliseconds in repetition 243
tcp_ping received 196608 bytes back
Round trip time was 2.8923 milliseconds in repetition 244
tcp_ping received 196608 bytes back
Round trip time was 1.9994 milliseconds in repetition 245
tcp_ping received 196608 bytes back
Round trip time was 1.9407 milliseconds in repetition 246
tcp_ping received 196608 bytes back
Round trip time was 1.9256 milliseconds in repetition 247
tcp_ping received 196608 bytes back
Round trip time was 1.9915 milliseconds in repetition 248
tcp_ping received 196608 bytes back
Round trip time was 2.0025 milliseconds in repetition 249
tcp_ping received 196608 bytes back
Round trip time was 1.9949 milliseconds in repetition 250
tcp_ping received 196608 bytes back
Round trip time was 2.0156 milliseconds in repetition 251
tcp_ping received 196608 bytes back
Round trip time was 2.0369 milliseconds in repetition 252
tcp_ping received 196608 bytes back
Round trip time was 1.9878 milliseconds in repetition 253
tcp_ping received 196608 bytes back
Round trip time was 2.0386 milliseconds in repetition 254
tcp_ping received 196608 bytes back
Round trip time was 1.939 milliseconds in repetition 255
tcp_ping received 196608 bytes back
Round trip time was 1.9195 milliseconds in repetition 256
tcp_ping received 196608 bytes back
Round trip time was 1.9719 milliseconds in repetition 257
tcp_ping received 196608 bytes back
Round trip time was 1.927 milliseconds in repetition 258
tcp_ping received 196608 bytes back
Round trip time was 2.014 milliseconds in repetition 259
tcp_ping received 196608 bytes back
Round trip time was 2.298 milliseconds in repetition 260
tcp_ping received 196608 bytes back
Round trip time was 2.4 milliseconds in repetition 261
tcp_ping received 196608 bytes back
Round trip time was 1.9176 milliseconds in repetition 262
tcp_ping received 196608 bytes back
Round trip time was 1.9358 milliseconds in repetition 263
tcp_ping received 196608 bytes back
Round trip time was 2.0885 milliseconds in repetition 264
tcp_ping received 196608 bytes back
Round trip time was 1.9664 milliseconds in repetition 265
tcp_ping received 196608 bytes back
Round trip time was 1.9621 milliseconds in repetition 266
tcp_ping received 196608 bytes back
Round trip time was 2.7965 milliseconds in repetition 267
tcp_ping received 196608 bytes back
Round trip time was 2.0616 milliseconds in repetition 268
tcp_ping received 196608 bytes back
Round trip time was 1.9621 milliseconds in repetition 269
tcp_ping received 196608 bytes back
Round trip time was 1.9184 milliseconds in repetition 270
tcp_ping received 196608 bytes back
Round trip time was 2.0106 milliseconds in repetition 271
tcp_ping received 196608 bytes back
Round trip time was 1.9884 milliseconds in repetition 272
tcp_ping received 196608 bytes back
Round trip time was 2.0013 milliseconds in repetition 273
tcp_ping received 196608 bytes back
Round trip time was 2.0586 milliseconds in repetition 274
tcp_ping received 196608 bytes back
Round trip time was 2.9996 milliseconds in repetition 275
tcp_ping received 196608 bytes back
Round trip time was 1.9464 milliseconds in repetition 276
tcp_ping received 196608 bytes back
Round trip time was 1.9731 milliseconds in repetition 277
tcp_ping received 196608 bytes back
Round trip time was 1.9941 milliseconds in repetition 278
tcp_ping received 196608 bytes back
Round trip time was 1.9678 milliseconds in repetition 279
tcp_ping received 196608 bytes back
Round trip time was 1.9729 milliseconds in repetition 280
tcp_ping received 196608 bytes back
Round trip time was 2.0708 milliseconds in repetition 281
tcp_ping received 196608 bytes back
Round trip time was 2.6881 milliseconds in repetition 282
tcp_ping received 196608 bytes back
Round trip time was 1.9669 milliseconds in repetition 283
tcp_ping received 196608 bytes back
Round trip time was 2.0134 milliseconds in repetition 284
tcp_ping received 196608 bytes back
Round trip time was 1.9359 milliseconds in repetition 285
tcp_ping received 196608 bytes back
Round trip time was 2.0091 milliseconds in repetition 286
tcp_ping received 196608 bytes back
Round trip time was 1.9445 milliseconds in repetition 287
tcp_ping received 196608 bytes back
Round trip time was 1.9947 milliseconds in repetition 288
tcp_ping received 196608 bytes back
Round trip time was 1.9735 milliseconds in repetition 289
tcp_ping received 196608 bytes back
Round trip time was 2.3668 milliseconds in repetition 290
tcp_ping received 196608 bytes back
Round trip time was 2.0107 milliseconds in repetition 291
tcp_ping received 196608 bytes back
Round trip time was 1.9695 milliseconds in repetition 292
tcp_ping received 196608 bytes back
Round trip time was 1.9678 milliseconds in repetition 293
tcp_ping received 196608 bytes back
Round trip time was 2.029 milliseconds in repetition 294
tcp_ping received 196608 bytes back
Round trip time was 2.0324 milliseconds in repetition 295
tcp_ping received 196608 bytes back
Round trip time was 2.0154 milliseconds in repetition 296
tcp_ping received 196608 bytes back
Round trip time was 2.0336 milliseconds in repetition 297
tcp_ping received 196608 bytes back
Round trip time was 2.0959 milliseconds in repetition 298
tcp_ping received 196608 bytes back
Round trip time was 2.0771 milliseconds in repetition 299
tcp_ping received 196608 bytes back
Round trip time was 1.9701 milliseconds in repetition 300
tcp_ping received 196608 bytes back
Round trip time was 2.0317 milliseconds in repetition 301
tcp_ping received 196608 bytes back
Round trip time was 1.9699 milliseconds in repetition 302
tcp_ping received 196608 bytes back
Round trip time was 1.9692 milliseconds in repetition 303
tcp_ping received 196608 bytes back
Round trip time was 1.9601 milliseconds in repetition 304
tcp_ping received 196608 bytes back
Round trip time was 2.2136 milliseconds in repetition 305
tcp_ping received 196608 bytes back
Round trip time was 2.0649 milliseconds in repetition 306
tcp_ping received 196608 bytes back
Round trip time was 1.9073 milliseconds in repetition 307
tcp_ping received 196608 bytes back
Round trip time was 1.9308 milliseconds in repetition 308
tcp_ping received 196608 bytes back
Round trip time was 2.0496 milliseconds in repetition 309
tcp_ping received 196608 bytes back
Round trip time was 2.0626 milliseconds in repetition 310
tcp_ping received 196608 bytes back
Round trip time was 1.9637 milliseconds in repetition 311
tcp_ping received 196608 bytes back
Round trip time was 1.9862 milliseconds in repetition 312
tcp_ping received 196608 bytes back
Round trip time was 2.3074 milliseconds in repetition 313
tcp_ping received 196608 bytes back
Round trip time was 1.9434 milliseconds in repetition 314
tcp_ping received 196608 bytes back
Round trip time was 1.9926 milliseconds in repetition 315
tcp_ping received 196608 bytes back
Round trip time was 1.9782 milliseconds in repetition 316
tcp_ping received 196608 bytes back
Round trip time was 2.0153 milliseconds in repetition 317
tcp_ping received 196608 bytes back
Round trip time was 1.929 milliseconds in repetition 318
tcp_ping received 196608 bytes back
Round trip time was 2.0488 milliseconds in repetition 319
tcp_ping received 196608 bytes back
Round trip time was 1.9471 milliseconds in repetition 320
tcp_ping received 196608 bytes back
Round trip time was 2.2169 milliseconds in repetition 321
tcp_ping received 196608 bytes back
Round trip time was 2.0445 milliseconds in repetition 322
tcp_ping received 196608 bytes back
Round trip time was 1.9329 milliseconds in repetition 323
tcp_ping received 196608 bytes back
Round trip time was 2.03 milliseconds in repetition 324
tcp_ping received 196608 bytes back
Round trip time was 1.9602 milliseconds in repetition 325
tcp_ping received 196608 bytes back
Round trip time was 2.0064 milliseconds in repetition 326
tcp_ping received 196608 bytes back
Round trip time was 1.935 milliseconds in repetition 327
tcp_ping received 196608 bytes back
Round trip time was 2.3195 milliseconds in repetition 328
tcp_ping received 196608 bytes back
Round trip time was 1.9902 milliseconds in repetition 329
tcp_ping received 196608 bytes back
Round trip time was 1.9442 milliseconds in repetition 330
tcp_ping received 196608 bytes back
Round trip time was 1.9344 milliseconds in repetition 331
tcp_ping received 196608 bytes back
Round trip time was 2.0229 milliseconds in repetition 332
tcp_ping received 196608 bytes back
Round trip time was 1.9589 milliseconds in repetition 333
tcp_ping received 196608 bytes back
Round trip time was 1.9297 milliseconds in repetition 334
tcp_ping received 196608 bytes back
Round trip time was 1.9799 milliseconds in repetition 335
tcp_ping received 196608 bytes back
Round trip time was 2.0778 milliseconds in repetition 336
tcp_ping received 196608 bytes back
Round trip time was 2.0155 milliseconds in repetition 337
tcp_ping received 196608 bytes back
Round trip time was 2.0191 milliseconds in repetition 338
tcp_ping received 196608 bytes back
Round trip time was 1.9447 milliseconds in repetition 339
tcp_ping received 196608 bytes back
Round trip time was 1.9619 milliseconds in repetition 340
tcp_ping received 196608 bytes back
Round trip time was 1.936 milliseconds in repetition 341
tcp_ping received 196608 bytes back
Round trip time was 1.9312 milliseconds in repetition 342
tcp_ping received 196608 bytes back
Round trip time was 1.999 milliseconds in repetition 343
tcp_ping received 196608 bytes back
Round trip time was 2.0589 milliseconds in repetition 344
tcp_ping received 196608 bytes back
Round trip time was 1.969 milliseconds in repetition 345
tcp_ping received 196608 bytes back
Round trip time was 1.9308 milliseconds in repetition 346
tcp_ping received 196608 bytes back
Round trip time was 1.931 milliseconds in repetition 347
tcp_ping received 196608 bytes back
Round trip time was 2.0225 milliseconds in repetition 348
tcp_ping received 196608 bytes back
Round trip time was 1.9351 milliseconds in repetition 349
tcp_ping received 196608 bytes back
Round trip time was 1.9519 milliseconds in repetition 350
tcp_ping received 196608 bytes back
Round trip time was 1.9308 milliseconds in repetition 351
tcp_ping received 196608 bytes back
Round trip time was 2.0901 milliseconds in repetition 352
tcp_ping received 196608 bytes back
Round trip time was 2.0342 milliseconds in repetition 353
tcp_ping received 196608 bytes back
Round trip time was 1.9677 milliseconds in repetition 354
tcp_ping received 196608 bytes back
Round trip time was 1.9317 milliseconds in repetition 355
tcp_ping received 196608 bytes back
Round trip time was 1.9494 milliseconds in repetition 356
tcp_ping received 196608 bytes back
Round trip time was 1.9838 milliseconds in repetition 357
tcp_ping received 196608 bytes back
Round trip time was 1.9582 milliseconds in repetition 358
tcp_ping received 196608 bytes back
Round trip time was 1.9827 milliseconds in repetition 359
tcp_ping received 196608 bytes back
Round trip time was 1.9183 milliseconds in repetition 360
tcp_ping received 196608 bytes back
Round trip time was 1.9782 milliseconds in repetition 361
tcp_ping received 196608 bytes back
Round trip time was 1.9114 milliseconds in repetition 362
tcp_ping received 196608 bytes back
Round trip time was 1.6067 milliseconds in repetition 363
tcp_ping received 196608 bytes back
Round trip time was 1.6425 milliseconds in repetition 364
tcp_ping received 196608 bytes back
Round trip time was 1.604 milliseconds in repetition 365
tcp_ping received 196608 bytes back
Round trip time was 1.6107 milliseconds in repetition 366
tcp_ping received 196608 bytes back
Round trip time was 1.6395 milliseconds in repetition 367
tcp_ping received 196608 bytes back
Round trip time was 1.8044 milliseconds in repetition 368
tcp_ping received 196608 bytes back
Round trip time was 1.5944 milliseconds in repetition 369
tcp_ping received 196608 bytes back
Round trip time was 1.9979 milliseconds in repetition 370
tcp_ping received 196608 bytes back
Round trip time was 1.6062 milliseconds in repetition 371
tcp_ping received 196608 bytes back
Round trip time was 1.6096 milliseconds in repetition 372
tcp_ping received 196608 bytes back
Round trip time was 1.5629 milliseconds in repetition 373
tcp_ping received 196608 bytes back
Round trip time was 1.8539 milliseconds in repetition 374
tcp_ping received 196608 bytes back
Round trip time was 1.6438 milliseconds in repetition 375
tcp_ping received 196608 bytes back
Round trip time was 1.5962 milliseconds in repetition 376
tcp_ping received 196608 bytes back
Round trip time was 1.6064 milliseconds in repetition 377
tcp_ping received 196608 bytes back
Round trip time was 1.9328 milliseconds in repetition 378
tcp_ping received 196608 bytes back
Round trip time was 2.0653 milliseconds in repetition 379
tcp_ping received 196608 bytes back
Round trip time was 1.8638 milliseconds in repetition 380
tcp_ping received 196608 bytes back
Round trip time was 1.8959 milliseconds in repetition 381
tcp_ping received 196608 bytes back
Round trip time was 1.8696 milliseconds in repetition 382
tcp_ping received 196608 bytes back
Round trip time was 1.859 milliseconds in repetition 383
tcp_ping received 196608 bytes back
Round trip time was 1.9804 milliseconds in repetition 384
tcp_ping received 196608 bytes back
Round trip time was 1.8629 milliseconds in repetition 385
tcp_ping received 196608 bytes back
Round trip time was 1.8608 milliseconds in repetition 386
tcp_ping received 196608 bytes back
Round trip time was 1.8985 milliseconds in repetition 387
tcp_ping received 196608 bytes back
Round trip time was 1.868 milliseconds in repetition 388
tcp_ping received 196608 bytes back
Round trip time was 1.9479 milliseconds in repetition 389
tcp_ping received 196608 bytes back
Round trip time was 1.9783 milliseconds in repetition 390
tcp_ping received 196608 bytes back
Round trip time was 1.8718 milliseconds in repetition 391
tcp_ping received 196608 bytes back
Round trip time was 1.939 milliseconds in repetition 392
tcp_ping received 196608 bytes back
Round trip time was 1.8971 milliseconds in repetition 393
tcp_ping received 196608 bytes back
Round trip time was 1.903 milliseconds in repetition 394
tcp_ping received 196608 bytes back
Round trip time was 1.8716 milliseconds in repetition 395
tcp_ping received 196608 bytes back
Round trip time was 1.8449 milliseconds in repetition 396
tcp_ping received 196608 bytes back
Round trip time was 1.9285 milliseconds in repetition 397
tcp_ping received 196608 bytes back
Round trip time was 1.8934 milliseconds in repetition 398
tcp_ping received 196608 bytes back
Round trip time was 1.8654 milliseconds in repetition 399
tcp_ping received 196608 bytes back
Round trip time was 1.9262 milliseconds in repetition 400
tcp_ping received 196608 bytes back
Round trip time was 1.8579 milliseconds in repetition 401
tcp_ping received 196608 bytes back
Round trip time was 1.8684 milliseconds in repetition 402
tcp_ping received 196608 bytes back
Round trip time was 1.9033 milliseconds in repetition 403
tcp_ping received 196608 bytes back
Round trip time was 1.8709 milliseconds in repetition 404
tcp_ping received 196608 bytes back
Round trip time was 1.8605 milliseconds in repetition 405
tcp_ping received 196608 bytes back
Round trip time was 1.8908 milliseconds in repetition 406
tcp_ping received 196608 bytes back
Round trip time was 1.7941 milliseconds in repetition 407
tcp_ping received 196608 bytes back
Round trip time was 1.7935 milliseconds in repetition 408
tcp_ping received 196608 bytes back
Round trip time was 1.759 milliseconds in repetition 409
tcp_ping received 196608 bytes back
Round trip time was 1.4882 milliseconds in repetition 410
tcp_ping received 196608 bytes back
Round trip time was 1.7073 milliseconds in repetition 411
tcp_ping received 196608 bytes back
Round trip time was 1.5148 milliseconds in repetition 412
tcp_ping received 196608 bytes back
Round trip time was 1.971 milliseconds in repetition 413
tcp_ping received 196608 bytes back
Round trip time was 1.4855 milliseconds in repetition 414
tcp_ping received 196608 bytes back
Round trip time was 1.8748 milliseconds in repetition 415
tcp_ping received 196608 bytes back
Round trip time was 1.476 milliseconds in repetition 416
tcp_ping received 196608 bytes back
Round trip time was 1.4648 milliseconds in repetition 417
tcp_ping received 196608 bytes back
Round trip time was 1.4676 milliseconds in repetition 418
tcp_ping received 196608 bytes back
Round trip time was 1.463 milliseconds in repetition 419
tcp_ping received 196608 bytes back
Round trip time was 1.4861 milliseconds in repetition 420
tcp_ping received 196608 bytes back
Round trip time was 1.5716 milliseconds in repetition 421
tcp_ping received 196608 bytes back
Round trip time was 1.4627 milliseconds in repetition 422
tcp_ping received 196608 bytes back
Round trip time was 1.4669 milliseconds in repetition 423
tcp_ping received 196608 bytes back
Round trip time was 1.4935 milliseconds in repetition 424
tcp_ping received 196608 bytes back
Round trip time was 1.4622 milliseconds in repetition 425
tcp_ping received 196608 bytes back
Round trip time was 1.7121 milliseconds in repetition 426
tcp_ping received 196608 bytes back
Round trip time was 1.7412 milliseconds in repetition 427
tcp_ping received 196608 bytes back
Round trip time was 1.7037 milliseconds in repetition 428
tcp_ping received 196608 bytes back
Round trip time was 1.7015 milliseconds in repetition 429
tcp_ping received 196608 bytes back
Round trip time was 1.7238 milliseconds in repetition 430
tcp_ping received 196608 bytes back
Round trip time was 1.7236 milliseconds in repetition 431
tcp_ping received 196608 bytes back
Round trip time was 1.7697 milliseconds in repetition 432
tcp_ping received 196608 bytes back
Round trip time was 2.0163 milliseconds in repetition 433
tcp_ping received 196608 bytes back
Round trip time was 1.7173 milliseconds in repetition 434
tcp_ping received 196608 bytes back
Round trip time was 1.7234 milliseconds in repetition 435
tcp_ping received 196608 bytes back
Round trip time was 1.7281 milliseconds in repetition 436
tcp_ping received 196608 bytes back
Round trip time was 1.9606 milliseconds in repetition 437
tcp_ping received 196608 bytes back
Round trip time was 1.9773 milliseconds in repetition 438
tcp_ping received 196608 bytes back
Round trip time was 1.7144 milliseconds in repetition 439
tcp_ping received 196608 bytes back
Round trip time was 1.7138 milliseconds in repetition 440
tcp_ping received 196608 bytes back
Round trip time was 1.8721 milliseconds in repetition 441
tcp_ping received 196608 bytes back
Round trip time was 1.7492 milliseconds in repetition 442
tcp_ping received 196608 bytes back
Round trip time was 1.7811 milliseconds in repetition 443
tcp_ping received 196608 bytes back
Round trip time was 1.8216 milliseconds in repetition 444
tcp_ping received 196608 bytes back
Round trip time was 1.7534 milliseconds in repetition 445
tcp_ping received 196608 bytes back
Round trip time was 1.7024 milliseconds in repetition 446
tcp_ping received 196608 bytes back
Round trip time was 1.7017 milliseconds in repetition 447
tcp_ping received 196608 bytes back
Round trip time was 1.786 milliseconds in repetition 448
tcp_ping received 196608 bytes back
Round trip time was 1.7291 milliseconds in repetition 449
tcp_ping received 196608 bytes back
Round trip time was 1.8842 milliseconds in repetition 450
tcp_ping received 196608 bytes back
Round trip time was 1.75 milliseconds in repetition 451
tcp_ping received 196608 bytes back
Round trip time was 1.6983 milliseconds in repetition 452
tcp_ping received 196608 bytes back
Round trip time was 1.8577 milliseconds in repetition 453
tcp_ping received 196608 bytes back
Round trip time was 1.8247 milliseconds in repetition 454
tcp_ping received 196608 bytes back
Round trip time was 1.7067 milliseconds in repetition 455
tcp_ping received 196608 bytes back
Round trip time was 1.67 milliseconds in repetition 456
tcp_ping received 196608 bytes back
Round trip time was 1.7242 milliseconds in repetition 457
tcp_ping received 196608 bytes back
Round trip time was 1.6986 milliseconds in repetition 458
tcp_ping received 196608 bytes back
Round trip time was 1.9356 milliseconds in repetition 459
tcp_ping received 196608 bytes back
Round trip time was 1.9021 milliseconds in repetition 460
tcp_ping received 196608 bytes back
Round trip time was 1.8615 milliseconds in repetition 461
tcp_ping received 196608 bytes back
Round trip time was 1.9764 milliseconds in repetition 462
tcp_ping received 196608 bytes back
Round trip time was 1.9792 milliseconds in repetition 463
tcp_ping received 196608 bytes back
Round trip time was 1.9935 milliseconds in repetition 464
tcp_ping received 196608 bytes back
Round trip time was 2.2953 milliseconds in repetition 465
tcp_ping received 196608 bytes back
Round trip time was 1.9294 milliseconds in repetition 466
tcp_ping received 196608 bytes back
Round trip time was 1.9188 milliseconds in repetition 467
tcp_ping received 196608 bytes back
Round trip time was 1.8772 milliseconds in repetition 468
tcp_ping received 196608 bytes back
Round trip time was 1.9028 milliseconds in repetition 469
tcp_ping received 196608 bytes back
Round trip time was 1.9041 milliseconds in repetition 470
tcp_ping received 196608 bytes back
Round trip time was 1.8587 milliseconds in repetition 471
tcp_ping received 196608 bytes back
Round trip time was 1.9324 milliseconds in repetition 472
tcp_ping received 196608 bytes back
Round trip time was 1.8582 milliseconds in repetition 473
tcp_ping received 196608 bytes back
Round trip time was 2.0963 milliseconds in repetition 474
tcp_ping received 196608 bytes back
Round trip time was 1.9811 milliseconds in repetition 475
tcp_ping received 196608 bytes back
Round trip time was 1.8852 milliseconds in repetition 476
tcp_ping received 196608 bytes back
Round trip time was 1.8586 milliseconds in repetition 477
tcp_ping received 196608 bytes back
Round trip time was 1.9254 milliseconds in repetition 478
tcp_ping received 196608 bytes back
Round trip time was 1.8995 milliseconds in repetition 479
tcp_ping received 196608 bytes back
Round trip time was 1.863 milliseconds in repetition 480
tcp_ping received 196608 bytes back
Round trip time was 1.8682 milliseconds in repetition 481
tcp_ping received 196608 bytes back
Round trip time was 1.9754 milliseconds in repetition 482
tcp_ping received 196608 bytes back
Round trip time was 1.8548 milliseconds in repetition 483
tcp_ping received 196608 bytes back
Round trip time was 2.0402 milliseconds in repetition 484
tcp_ping received 196608 bytes back
Round trip time was 1.9033 milliseconds in repetition 485
tcp_ping received 196608 bytes back
Round trip time was 1.8782 milliseconds in repetition 486
tcp_ping received 196608 bytes back
Round trip time was 1.892 milliseconds in repetition 487
tcp_ping received 196608 bytes back
Round trip time was 1.8607 milliseconds in repetition 488
tcp_ping received 196608 bytes back
Round trip time was 1.893 milliseconds in repetition 489
tcp_ping received 196608 bytes back
Round trip time was 1.9313 milliseconds in repetition 490
tcp_ping received 196608 bytes back
Round trip time was 1.9095 milliseconds in repetition 491
tcp_ping received 196608 bytes back
Round trip time was 1.967 milliseconds in repetition 492
tcp_ping received 196608 bytes back
Round trip time was 1.8772 milliseconds in repetition 493
tcp_ping received 196608 bytes back
Round trip time was 1.9912 milliseconds in repetition 494
tcp_ping received 196608 bytes back
Round trip time was 1.8706 milliseconds in repetition 495
tcp_ping received 196608 bytes back
Round trip time was 1.8887 milliseconds in repetition 496
tcp_ping received 196608 bytes back
Round trip time was 1.92 milliseconds in repetition 497
tcp_ping received 196608 bytes back
Round trip time was 1.9349 milliseconds in repetition 498
tcp_ping received 196608 bytes back
Round trip time was 1.9811 milliseconds in repetition 499
tcp_ping received 196608 bytes back
Round trip time was 1.8772 milliseconds in repetition 500
tcp_ping received 196608 bytes back
Round trip time was 1.8729 milliseconds in repetition 501

 ... clock resolution was 1e-06
TCP Ping:  Statistics over 501 repetitions of 196608 byte messages

RTT : percentile 10: 1.7121, median: 1.9678, percentile 90: 2.5898, average: 2.09164, variance: 0.243447

RTT histogram:
1.4622 12
1.64286 48
1.82352 81
2.00418 248
2.18484 39
2.3655 22
2.54616 2
2.72682 4
2.90748 3
3.08814 10
3.2688 16
3.44946 6
3.63012 2
3.81078 1
3.99144 0
4.1721 0
4.35276 4
4.53342 1
4.71408 1
4.89474 0
5.0754 1

   median Throughput : 199825 KB/s   overall Throughput : 187994 KB/s

