TCP Ping trying to connect to server localhost (127.0.0.1) on port 1491
 ... connected to Pong server: asking for 501 repetitions of 3072 bytes TCP messages
 ... Pong server agreed :-)
tcp_ping received 3072 bytes back
Round trip time was 0.205907 milliseconds in repetition 1
tcp_ping received 3072 bytes back
Round trip time was 0.037566 milliseconds in repetition 2
tcp_ping received 3072 bytes back
Round trip time was 0.035466 milliseconds in repetition 3
tcp_ping received 3072 bytes back
Round trip time was 0.035127 milliseconds in repetition 4
tcp_ping received 3072 bytes back
Round trip time was 0.035041 milliseconds in repetition 5
tcp_ping received 3072 bytes back
Round trip time was 0.035102 milliseconds in repetition 6
tcp_ping received 3072 bytes back
Round trip time was 0.03541 milliseconds in repetition 7
tcp_ping received 3072 bytes back
Round trip time was 0.035128 milliseconds in repetition 8
tcp_ping received 3072 bytes back
Round trip time was 0.034608 milliseconds in repetition 9
tcp_ping received 3072 bytes back
Round trip time was 0.034949 milliseconds in repetition 10
tcp_ping received 3072 bytes back
Round trip time was 0.034652 milliseconds in repetition 11
tcp_ping received 3072 bytes back
Round trip time was 0.034968 milliseconds in repetition 12
tcp_ping received 3072 bytes back
Round trip time was 0.034525 milliseconds in repetition 13
tcp_ping received 3072 bytes back
Round trip time was 0.034841 milliseconds in repetition 14
tcp_ping received 3072 bytes back
Round trip time was 0.034463 milliseconds in repetition 15
tcp_ping received 3072 bytes back
Round trip time was 0.190642 milliseconds in repetition 16
tcp_ping received 3072 bytes back
Round trip time was 0.038239 milliseconds in repetition 17
tcp_ping received 3072 bytes back
Round trip time was 0.035884 milliseconds in repetition 18
tcp_ping received 3072 bytes back
Round trip time was 0.034479 milliseconds in repetition 19
tcp_ping received 3072 bytes back
Round trip time was 0.035504 milliseconds in repetition 20
tcp_ping received 3072 bytes back
Round trip time was 0.034613 milliseconds in repetition 21
tcp_ping received 3072 bytes back
Round trip time was 0.035464 milliseconds in repetition 22
tcp_ping received 3072 bytes back
Round trip time was 0.034265 milliseconds in repetition 23
tcp_ping received 3072 bytes back
Round trip time was 0.038454 milliseconds in repetition 24
tcp_ping received 3072 bytes back
Round trip time was 0.041696 milliseconds in repetition 25
tcp_ping received 3072 bytes back
Round trip time was 0.035293 milliseconds in repetition 26
tcp_ping received 3072 bytes back
Round trip time was 0.034712 milliseconds in repetition 27
tcp_ping received 3072 bytes back
Round trip time was 0.035529 milliseconds in repetition 28
tcp_ping received 3072 bytes back
Round trip time was 0.034736 milliseconds in repetition 29
tcp_ping received 3072 bytes back
Round trip time was 0.035765 milliseconds in repetition 30
tcp_ping received 3072 bytes back
Round trip time was 0.034521 milliseconds in repetition 31
tcp_ping received 3072 bytes back
Round trip time was 0.035595 milliseconds in repetition 32
tcp_ping received 3072 bytes back
Round trip time was 0.034779 milliseconds in repetition 33
tcp_ping received 3072 bytes back
Round trip time was 0.035534 milliseconds in repetition 34
tcp_ping received 3072 bytes back
Round trip time was 0.034248 milliseconds in repetition 35
tcp_ping received 3072 bytes back
Round trip time was 0.035319 milliseconds in repetition 36
tcp_ping received 3072 bytes back
Round trip time was 0.034159 milliseconds in repetition 37
tcp_ping received 3072 bytes back
Round trip time was 0.034897 milliseconds in repetition 38
tcp_ping received 3072 bytes back
Round trip time was 0.034151 milliseconds in repetition 39
tcp_ping received 3072 bytes back
Round trip time was 0.035084 milliseconds in repetition 40
tcp_ping received 3072 bytes back
Round trip time was 0.034837 milliseconds in repetition 41
tcp_ping received 3072 bytes back
Round trip time was 0.035075 milliseconds in repetition 42
tcp_ping received 3072 bytes back
Round trip time was 0.034606 milliseconds in repetition 43
tcp_ping received 3072 bytes back
Round trip time was 0.042132 milliseconds in repetition 44
tcp_ping received 3072 bytes back
Round trip time was 0.034968 milliseconds in repetition 45
tcp_ping received 3072 bytes back
Round trip time was 0.03535 milliseconds in repetition 46
tcp_ping received 3072 bytes back
Round trip time was 0.03753 milliseconds in repetition 47
tcp_ping received 3072 bytes back
Round trip time was 0.035344 milliseconds in repetition 48
tcp_ping received 3072 bytes back
Round trip time was 0.034525 milliseconds in repetition 49
tcp_ping received 3072 bytes back
Round trip time was 0.034954 milliseconds in repetition 50
tcp_ping received 3072 bytes back
Round trip time was 0.034565 milliseconds in repetition 51
tcp_ping received 3072 bytes back
Round trip time was 0.035096 milliseconds in repetition 52
tcp_ping received 3072 bytes back
Round trip time was 0.03452 milliseconds in repetition 53
tcp_ping received 3072 bytes back
Round trip time was 0.035271 milliseconds in repetition 54
tcp_ping received 3072 bytes back
Round trip time was 0.034777 milliseconds in repetition 55
tcp_ping received 3072 bytes back
Round trip time was 0.035145 milliseconds in repetition 56
tcp_ping received 3072 bytes back
Round trip time was 0.034385 milliseconds in repetition 57
tcp_ping received 3072 bytes back
Round trip time was 0.035164 milliseconds in repetition 58
tcp_ping received 3072 bytes back
Round trip time was 0.07959 milliseconds in repetition 59
tcp_ping received 3072 bytes back
Round trip time was 0.038941 milliseconds in repetition 60
tcp_ping received 3072 bytes back
Round trip time was 0.035747 milliseconds in repetition 61
tcp_ping received 3072 bytes back
Round trip time was 0.034346 milliseconds in repetition 62
tcp_ping received 3072 bytes back
Round trip time was 0.072012 milliseconds in repetition 63
tcp_ping received 3072 bytes back
Round trip time was 0.037851 milliseconds in repetition 64
tcp_ping received 3072 bytes back
Round trip time was 0.036599 milliseconds in repetition 65
tcp_ping received 3072 bytes back
Round trip time was 0.034537 milliseconds in repetition 66
tcp_ping received 3072 bytes back
Round trip time was 0.035534 milliseconds in repetition 67
tcp_ping received 3072 bytes back
Round trip time was 0.034663 milliseconds in repetition 68
tcp_ping received 3072 bytes back
Round trip time was 1.87818 milliseconds in repetition 69
tcp_ping received 3072 bytes back
Round trip time was 0.065644 milliseconds in repetition 70
tcp_ping received 3072 bytes back
Round trip time was 0.036518 milliseconds in repetition 71
tcp_ping received 3072 bytes back
Round trip time was 0.035296 milliseconds in repetition 72
tcp_ping received 3072 bytes back
Round trip time was 0.034255 milliseconds in repetition 73
tcp_ping received 3072 bytes back
Round trip time was 0.034873 milliseconds in repetition 74
tcp_ping received 3072 bytes back
Round trip time was 0.034513 milliseconds in repetition 75
tcp_ping received 3072 bytes back
Round trip time was 0.034725 milliseconds in repetition 76
tcp_ping received 3072 bytes back
Round trip time was 0.034488 milliseconds in repetition 77
tcp_ping received 3072 bytes back
Round trip time was 0.03475 milliseconds in repetition 78
tcp_ping received 3072 bytes back
Round trip time was 0.034312 milliseconds in repetition 79
tcp_ping received 3072 bytes back
Round trip time was 0.034757 milliseconds in repetition 80
tcp_ping received 3072 bytes back
Round trip time was 0.034516 milliseconds in repetition 81
tcp_ping received 3072 bytes back
Round trip time was 0.034866 milliseconds in repetition 82
tcp_ping received 3072 bytes back
Round trip time was 0.034398 milliseconds in repetition 83
tcp_ping received 3072 bytes back
Round trip time was 0.034812 milliseconds in repetition 84
tcp_ping received 3072 bytes back
Round trip time was 0.034514 milliseconds in repetition 85
tcp_ping received 3072 bytes back
Round trip time was 0.034703 milliseconds in repetition 86
tcp_ping received 3072 bytes back
Round trip time was 0.034446 milliseconds in repetition 87
tcp_ping received 3072 bytes back
Round trip time was 0.376407 milliseconds in repetition 88
tcp_ping received 3072 bytes back
Round trip time was 0.091279 milliseconds in repetition 89
tcp_ping received 3072 bytes back
Round trip time was 0.061449 milliseconds in repetition 90
tcp_ping received 3072 bytes back
Round trip time was 0.059274 milliseconds in repetition 91
tcp_ping received 3072 bytes back
Round trip time was 0.057552 milliseconds in repetition 92
tcp_ping received 3072 bytes back
Round trip time was 0.060498 milliseconds in repetition 93
tcp_ping received 3072 bytes back
Round trip time was 0.058368 milliseconds in repetition 94
tcp_ping received 3072 bytes back
Round trip time was 0.060086 milliseconds in repetition 95
tcp_ping received 3072 bytes back
Round trip time was 0.058847 milliseconds in repetition 96
tcp_ping received 3072 bytes back
Round trip time was 0.061942 milliseconds in repetition 97
tcp_ping received 3072 bytes back
Round trip time was 0.061304 milliseconds in repetition 98
tcp_ping received 3072 bytes back
Round trip time was 0.061532 milliseconds in repetition 99
tcp_ping received 3072 bytes back
Round trip time was 0.06036 milliseconds in repetition 100
tcp_ping received 3072 bytes back
Round trip time was 0.064083 milliseconds in repetition 101
tcp_ping received 3072 bytes back
Round trip time was 0.062952 milliseconds in repetition 102
tcp_ping received 3072 bytes back
Round trip time was 0.064494 milliseconds in repetition 103
tcp_ping received 3072 bytes back
Round trip time was 0.057487 milliseconds in repetition 104
tcp_ping received 3072 bytes back
Round trip time was 0.059895 milliseconds in repetition 105
tcp_ping received 3072 bytes back
Round trip time was 0.057387 milliseconds in repetition 106
tcp_ping received 3072 bytes back
Round trip time was 0.057704 milliseconds in repetition 107
tcp_ping received 3072 bytes back
Round trip time was 0.060858 milliseconds in repetition 108
tcp_ping received 3072 bytes back
Round trip time was 0.063521 milliseconds in repetition 109
tcp_ping received 3072 bytes back
Round trip time was 0.064775 milliseconds in repetition 110
tcp_ping received 3072 bytes back
Round trip time was 0.062789 milliseconds in repetition 111
tcp_ping received 3072 bytes back
Round trip time was 0.059561 milliseconds in repetition 112
tcp_ping received 3072 bytes back
Round trip time was 0.049952 milliseconds in repetition 113
tcp_ping received 3072 bytes back
Round trip time was 0.046767 milliseconds in repetition 114
tcp_ping received 3072 bytes back
Round trip time was 0.054121 milliseconds in repetition 115
tcp_ping received 3072 bytes back
Round trip time was 0.043682 milliseconds in repetition 116
tcp_ping received 3072 bytes back
Round trip time was 0.035182 milliseconds in repetition 117
tcp_ping received 3072 bytes back
Round trip time was 0.038205 milliseconds in repetition 118
tcp_ping received 3072 bytes back
Round trip time was 0.042477 milliseconds in repetition 119
tcp_ping received 3072 bytes back
Round trip time was 0.044583 milliseconds in repetition 120
tcp_ping received 3072 bytes back
Round trip time was 0.037773 milliseconds in repetition 121
tcp_ping received 3072 bytes back
Round trip time was 0.043753 milliseconds in repetition 122
tcp_ping received 3072 bytes back
Round trip time was 0.040543 milliseconds in repetition 123
tcp_ping received 3072 bytes back
Round trip time was 0.039945 milliseconds in repetition 124
tcp_ping received 3072 bytes back
Round trip time was 0.04905 milliseconds in repetition 125
tcp_ping received 3072 bytes back
Round trip time was 0.037968 milliseconds in repetition 126
tcp_ping received 3072 bytes back
Round trip time was 0.03665 milliseconds in repetition 127
tcp_ping received 3072 bytes back
Round trip time was 0.036991 milliseconds in repetition 128
tcp_ping received 3072 bytes back
Round trip time was 0.036241 milliseconds in repetition 129
tcp_ping received 3072 bytes back
Round trip time was 0.052183 milliseconds in repetition 130
tcp_ping received 3072 bytes back
Round trip time was 0.069513 milliseconds in repetition 131
tcp_ping received 3072 bytes back
Round trip time was 0.078934 milliseconds in repetition 132
tcp_ping received 3072 bytes back
Round trip time was 0.071007 milliseconds in repetition 133
tcp_ping received 3072 bytes back
Round trip time was 0.071974 milliseconds in repetition 134
tcp_ping received 3072 bytes back
Round trip time was 0.073209 milliseconds in repetition 135
tcp_ping received 3072 bytes back
Round trip time was 0.069794 milliseconds in repetition 136
tcp_ping received 3072 bytes back
Round trip time was 17.4254 milliseconds in repetition 137
tcp_ping received 3072 bytes back
Round trip time was 0.046059 milliseconds in repetition 138
tcp_ping received 3072 bytes back
Round trip time was 0.034415 milliseconds in repetition 139
tcp_ping received 3072 bytes back
Round trip time was 0.033903 milliseconds in repetition 140
tcp_ping received 3072 bytes back
Round trip time was 0.033554 milliseconds in repetition 141
tcp_ping received 3072 bytes back
Round trip time was 0.032971 milliseconds in repetition 142
tcp_ping received 3072 bytes back
Round trip time was 0.03327 milliseconds in repetition 143
tcp_ping received 3072 bytes back
Round trip time was 0.033299 milliseconds in repetition 144
tcp_ping received 3072 bytes back
Round trip time was 0.033189 milliseconds in repetition 145
tcp_ping received 3072 bytes back
Round trip time was 0.033189 milliseconds in repetition 146
tcp_ping received 3072 bytes back
Round trip time was 0.033386 milliseconds in repetition 147
tcp_ping received 3072 bytes back
Round trip time was 0.033352 milliseconds in repetition 148
tcp_ping received 3072 bytes back
Round trip time was 0.033223 milliseconds in repetition 149
tcp_ping received 3072 bytes back
Round trip time was 0.033018 milliseconds in repetition 150
tcp_ping received 3072 bytes back
Round trip time was 0.033753 milliseconds in repetition 151
tcp_ping received 3072 bytes back
Round trip time was 0.033193 milliseconds in repetition 152
tcp_ping received 3072 bytes back
Round trip time was 0.033493 milliseconds in repetition 153
tcp_ping received 3072 bytes back
Round trip time was 0.032985 milliseconds in repetition 154
tcp_ping received 3072 bytes back
Round trip time was 0.033133 milliseconds in repetition 155
tcp_ping received 3072 bytes back
Round trip time was 0.03287 milliseconds in repetition 156
tcp_ping received 3072 bytes back
Round trip time was 0.033062 milliseconds in repetition 157
tcp_ping received 3072 bytes back
Round trip time was 0.043534 milliseconds in repetition 158
tcp_ping received 3072 bytes back
Round trip time was 0.059929 milliseconds in repetition 159
tcp_ping received 3072 bytes back
Round trip time was 0.060164 milliseconds in repetition 160
tcp_ping received 3072 bytes back
Round trip time was 0.363818 milliseconds in repetition 161
tcp_ping received 3072 bytes back
Round trip time was 0.039905 milliseconds in repetition 162
tcp_ping received 3072 bytes back
Round trip time was 0.033853 milliseconds in repetition 163
tcp_ping received 3072 bytes back
Round trip time was 0.033067 milliseconds in repetition 164
tcp_ping received 3072 bytes back
Round trip time was 0.033423 milliseconds in repetition 165
tcp_ping received 3072 bytes back
Round trip time was 0.03261 milliseconds in repetition 166
tcp_ping received 3072 bytes back
Round trip time was 0.033184 milliseconds in repetition 167
tcp_ping received 3072 bytes back
Round trip time was 0.04023 milliseconds in repetition 168
tcp_ping received 3072 bytes back
Round trip time was 0.056627 milliseconds in repetition 169
tcp_ping received 3072 bytes back
Round trip time was 0.051929 milliseconds in repetition 170
tcp_ping received 3072 bytes back
Round trip time was 0.056405 milliseconds in repetition 171
tcp_ping received 3072 bytes back
Round trip time was 0.056 milliseconds in repetition 172
tcp_ping received 3072 bytes back
Round trip time was 0.036553 milliseconds in repetition 173
tcp_ping received 3072 bytes back
Round trip time was 0.033028 milliseconds in repetition 174
tcp_ping received 3072 bytes back
Round trip time was 0.079757 milliseconds in repetition 175
tcp_ping received 3072 bytes back
Round trip time was 0.062318 milliseconds in repetition 176
tcp_ping received 3072 bytes back
Round trip time was 0.055717 milliseconds in repetition 177
tcp_ping received 3072 bytes back
Round trip time was 0.052304 milliseconds in repetition 178
tcp_ping received 3072 bytes back
Round trip time was 0.060101 milliseconds in repetition 179
tcp_ping received 3072 bytes back
Round trip time was 0.060312 milliseconds in repetition 180
tcp_ping received 3072 bytes back
Round trip time was 0.050519 milliseconds in repetition 181
tcp_ping received 3072 bytes back
Round trip time was 0.033915 milliseconds in repetition 182
tcp_ping received 3072 bytes back
Round trip time was 0.033208 milliseconds in repetition 183
tcp_ping received 3072 bytes back
Round trip time was 0.033177 milliseconds in repetition 184
tcp_ping received 3072 bytes back
Round trip time was 0.037709 milliseconds in repetition 185
tcp_ping received 3072 bytes back
Round trip time was 0.039427 milliseconds in repetition 186
tcp_ping received 3072 bytes back
Round trip time was 0.047618 milliseconds in repetition 187
tcp_ping received 3072 bytes back
Round trip time was 0.054242 milliseconds in repetition 188
tcp_ping received 3072 bytes back
Round trip time was 0.034263 milliseconds in repetition 189
tcp_ping received 3072 bytes back
Round trip time was 0.033185 milliseconds in repetition 190
tcp_ping received 3072 bytes back
Round trip time was 0.033088 milliseconds in repetition 191
tcp_ping received 3072 bytes back
Round trip time was 0.033302 milliseconds in repetition 192
tcp_ping received 3072 bytes back
Round trip time was 0.03299 milliseconds in repetition 193
tcp_ping received 3072 bytes back
Round trip time was 0.032961 milliseconds in repetition 194
tcp_ping received 3072 bytes back
Round trip time was 0.044898 milliseconds in repetition 195
tcp_ping received 3072 bytes back
Round trip time was 0.048523 milliseconds in repetition 196
tcp_ping received 3072 bytes back
Round trip time was 0.033327 milliseconds in repetition 197
tcp_ping received 3072 bytes back
Round trip time was 0.033087 milliseconds in repetition 198
tcp_ping received 3072 bytes back
Round trip time was 0.032717 milliseconds in repetition 199
tcp_ping received 3072 bytes back
Round trip time was 0.032784 milliseconds in repetition 200
tcp_ping received 3072 bytes back
Round trip time was 0.033106 milliseconds in repetition 201
tcp_ping received 3072 bytes back
Round trip time was 0.033123 milliseconds in repetition 202
tcp_ping received 3072 bytes back
Round trip time was 0.032621 milliseconds in repetition 203
tcp_ping received 3072 bytes back
Round trip time was 0.033051 milliseconds in repetition 204
tcp_ping received 3072 bytes back
Round trip time was 0.033085 milliseconds in repetition 205
tcp_ping received 3072 bytes back
Round trip time was 0.032903 milliseconds in repetition 206
tcp_ping received 3072 bytes back
Round trip time was 0.033028 milliseconds in repetition 207
tcp_ping received 3072 bytes back
Round trip time was 0.033335 milliseconds in repetition 208
tcp_ping received 3072 bytes back
Round trip time was 0.033074 milliseconds in repetition 209
tcp_ping received 3072 bytes back
Round trip time was 0.032992 milliseconds in repetition 210
tcp_ping received 3072 bytes back
Round trip time was 0.033743 milliseconds in repetition 211
tcp_ping received 3072 bytes back
Round trip time was 0.03322 milliseconds in repetition 212
tcp_ping received 3072 bytes back
Round trip time was 0.033076 milliseconds in repetition 213
tcp_ping received 3072 bytes back
Round trip time was 0.039479 milliseconds in repetition 214
tcp_ping received 3072 bytes back
Round trip time was 0.047379 milliseconds in repetition 215
tcp_ping received 3072 bytes back
Round trip time was 0.03367 milliseconds in repetition 216
tcp_ping received 3072 bytes back
Round trip time was 0.033144 milliseconds in repetition 217
tcp_ping received 3072 bytes back
Round trip time was 0.03277 milliseconds in repetition 218
tcp_ping received 3072 bytes back
Round trip time was 0.067364 milliseconds in repetition 219
tcp_ping received 3072 bytes back
Round trip time was 0.050249 milliseconds in repetition 220
tcp_ping received 3072 bytes back
Round trip time was 0.048433 milliseconds in repetition 221
tcp_ping received 3072 bytes back
Round trip time was 0.033987 milliseconds in repetition 222
tcp_ping received 3072 bytes back
Round trip time was 0.032982 milliseconds in repetition 223
tcp_ping received 3072 bytes back
Round trip time was 0.034767 milliseconds in repetition 224
tcp_ping received 3072 bytes back
Round trip time was 0.032658 milliseconds in repetition 225
tcp_ping received 3072 bytes back
Round trip time was 0.032915 milliseconds in repetition 226
tcp_ping received 3072 bytes back
Round trip time was 0.032728 milliseconds in repetition 227
tcp_ping received 3072 bytes back
Round trip time was 0.033072 milliseconds in repetition 228
tcp_ping received 3072 bytes back
Round trip time was 0.032712 milliseconds in repetition 229
tcp_ping received 3072 bytes back
Round trip time was 0.03308 milliseconds in repetition 230
tcp_ping received 3072 bytes back
Round trip time was 0.032683 milliseconds in repetition 231
tcp_ping received 3072 bytes back
Round trip time was 0.033012 milliseconds in repetition 232
tcp_ping received 3072 bytes back
Round trip time was 0.032565 milliseconds in repetition 233
tcp_ping received 3072 bytes back
Round trip time was 0.033681 milliseconds in repetition 234
tcp_ping received 3072 bytes back
Round trip time was 0.032975 milliseconds in repetition 235
tcp_ping received 3072 bytes back
Round trip time was 0.033064 milliseconds in repetition 236
tcp_ping received 3072 bytes back
Round trip time was 0.032998 milliseconds in repetition 237
tcp_ping received 3072 bytes back
Round trip time was 0.033149 milliseconds in repetition 238
tcp_ping received 3072 bytes back
Round trip time was 0.032787 milliseconds in repetition 239
tcp_ping received 3072 bytes back
Round trip time was 0.033215 milliseconds in repetition 240
tcp_ping received 3072 bytes back
Round trip time was 0.033042 milliseconds in repetition 241
tcp_ping received 3072 bytes back
Round trip time was 0.03304 milliseconds in repetition 242
tcp_ping received 3072 bytes back
Round trip time was 0.032911 milliseconds in repetition 243
tcp_ping received 3072 bytes back
Round trip time was 0.033036 milliseconds in repetition 244
tcp_ping received 3072 bytes back
Round trip time was 0.03311 milliseconds in repetition 245
tcp_ping received 3072 bytes back
Round trip time was 0.03307 milliseconds in repetition 246
tcp_ping received 3072 bytes back
Round trip time was 0.032863 milliseconds in repetition 247
tcp_ping received 3072 bytes back
Round trip time was 0.399631 milliseconds in repetition 248
tcp_ping received 3072 bytes back
Round trip time was 0.05485 milliseconds in repetition 249
tcp_ping received 3072 bytes back
Round trip time was 0.034408 milliseconds in repetition 250
tcp_ping received 3072 bytes back
Round trip time was 0.033456 milliseconds in repetition 251
tcp_ping received 3072 bytes back
Round trip time was 0.033353 milliseconds in repetition 252
tcp_ping received 3072 bytes back
Round trip time was 0.034179 milliseconds in repetition 253
tcp_ping received 3072 bytes back
Round trip time was 0.033512 milliseconds in repetition 254
tcp_ping received 3072 bytes back
Round trip time was 0.033104 milliseconds in repetition 255
tcp_ping received 3072 bytes back
Round trip time was 0.033303 milliseconds in repetition 256
tcp_ping received 3072 bytes back
Round trip time was 0.032876 milliseconds in repetition 257
tcp_ping received 3072 bytes back
Round trip time was 0.033237 milliseconds in repetition 258
tcp_ping received 3072 bytes back
Round trip time was 0.032905 milliseconds in repetition 259
tcp_ping received 3072 bytes back
Round trip time was 0.033135 milliseconds in repetition 260
tcp_ping received 3072 bytes back
Round trip time was 0.032796 milliseconds in repetition 261
tcp_ping received 3072 bytes back
Round trip time was 0.054254 milliseconds in repetition 262
tcp_ping received 3072 bytes back
Round trip time was 0.034008 milliseconds in repetition 263
tcp_ping received 3072 bytes back
Round trip time was 0.032574 milliseconds in repetition 264
tcp_ping received 3072 bytes back
Round trip time was 0.049038 milliseconds in repetition 265
tcp_ping received 3072 bytes back
Round trip time was 0.031612 milliseconds in repetition 266
tcp_ping received 3072 bytes back
Round trip time was 0.031916 milliseconds in repetition 267
tcp_ping received 3072 bytes back
Round trip time was 0.031687 milliseconds in repetition 268
tcp_ping received 3072 bytes back
Round trip time was 0.031984 milliseconds in repetition 269
tcp_ping received 3072 bytes back
Round trip time was 0.032001 milliseconds in repetition 270
tcp_ping received 3072 bytes back
Round trip time was 0.032012 milliseconds in repetition 271
tcp_ping received 3072 bytes back
Round trip time was 0.031801 milliseconds in repetition 272
tcp_ping received 3072 bytes back
Round trip time was 0.032001 milliseconds in repetition 273
tcp_ping received 3072 bytes back
Round trip time was 0.032108 milliseconds in repetition 274
tcp_ping received 3072 bytes back
Round trip time was 0.047068 milliseconds in repetition 275
tcp_ping received 3072 bytes back
Round trip time was 0.034179 milliseconds in repetition 276
tcp_ping received 3072 bytes back
Round trip time was 0.031822 milliseconds in repetition 277
tcp_ping received 3072 bytes back
Round trip time was 0.03225 milliseconds in repetition 278
tcp_ping received 3072 bytes back
Round trip time was 0.032089 milliseconds in repetition 279
tcp_ping received 3072 bytes back
Round trip time was 0.031557 milliseconds in repetition 280
tcp_ping received 3072 bytes back
Round trip time was 0.031759 milliseconds in repetition 281
tcp_ping received 3072 bytes back
Round trip time was 0.031821 milliseconds in repetition 282
tcp_ping received 3072 bytes back
Round trip time was 0.031758 milliseconds in repetition 283
tcp_ping received 3072 bytes back
Round trip time was 0.031393 milliseconds in repetition 284
tcp_ping received 3072 bytes back
Round trip time was 0.031833 milliseconds in repetition 285
tcp_ping received 3072 bytes back
Round trip time was 0.031829 milliseconds in repetition 286
tcp_ping received 3072 bytes back
Round trip time was 2.61393 milliseconds in repetition 287
tcp_ping received 3072 bytes back
Round trip time was 0.036698 milliseconds in repetition 288
tcp_ping received 3072 bytes back
Round trip time was 0.032637 milliseconds in repetition 289
tcp_ping received 3072 bytes back
Round trip time was 0.031391 milliseconds in repetition 290
tcp_ping received 3072 bytes back
Round trip time was 0.03191 milliseconds in repetition 291
tcp_ping received 3072 bytes back
Round trip time was 0.031325 milliseconds in repetition 292
tcp_ping received 3072 bytes back
Round trip time was 0.031947 milliseconds in repetition 293
tcp_ping received 3072 bytes back
Round trip time was 0.031802 milliseconds in repetition 294
tcp_ping received 3072 bytes back
Round trip time was 0.031912 milliseconds in repetition 295
tcp_ping received 3072 bytes back
Round trip time was 0.031098 milliseconds in repetition 296
tcp_ping received 3072 bytes back
Round trip time was 0.031757 milliseconds in repetition 297
tcp_ping received 3072 bytes back
Round trip time was 0.031372 milliseconds in repetition 298
tcp_ping received 3072 bytes back
Round trip time was 0.031941 milliseconds in repetition 299
tcp_ping received 3072 bytes back
Round trip time was 0.031075 milliseconds in repetition 300
tcp_ping received 3072 bytes back
Round trip time was 0.031799 milliseconds in repetition 301
tcp_ping received 3072 bytes back
Round trip time was 0.031277 milliseconds in repetition 302
tcp_ping received 3072 bytes back
Round trip time was 0.032041 milliseconds in repetition 303
tcp_ping received 3072 bytes back
Round trip time was 0.031129 milliseconds in repetition 304
tcp_ping received 3072 bytes back
Round trip time was 0.032051 milliseconds in repetition 305
tcp_ping received 3072 bytes back
Round trip time was 0.052422 milliseconds in repetition 306
tcp_ping received 3072 bytes back
Round trip time was 0.032683 milliseconds in repetition 307
tcp_ping received 3072 bytes back
Round trip time was 0.031701 milliseconds in repetition 308
tcp_ping received 3072 bytes back
Round trip time was 0.032003 milliseconds in repetition 309
tcp_ping received 3072 bytes back
Round trip time was 0.03189 milliseconds in repetition 310
tcp_ping received 3072 bytes back
Round trip time was 0.032164 milliseconds in repetition 311
tcp_ping received 3072 bytes back
Round trip time was 0.031066 milliseconds in repetition 312
tcp_ping received 3072 bytes back
Round trip time was 0.031869 milliseconds in repetition 313
tcp_ping received 3072 bytes back
Round trip time was 0.03135 milliseconds in repetition 314
tcp_ping received 3072 bytes back
Round trip time was 0.031547 milliseconds in repetition 315
tcp_ping received 3072 bytes back
Round trip time was 0.031147 milliseconds in repetition 316
tcp_ping received 3072 bytes back
Round trip time was 0.03189 milliseconds in repetition 317
tcp_ping received 3072 bytes back
Round trip time was 0.03128 milliseconds in repetition 318
tcp_ping received 3072 bytes back
Round trip time was 0.031525 milliseconds in repetition 319
tcp_ping received 3072 bytes back
Round trip time was 0.03204 milliseconds in repetition 320
tcp_ping received 3072 bytes back
Round trip time was 0.032036 milliseconds in repetition 321
tcp_ping received 3072 bytes back
Round trip time was 0.031427 milliseconds in repetition 322
tcp_ping received 3072 bytes back
Round trip time was 0.031834 milliseconds in repetition 323
tcp_ping received 3072 bytes back
Round trip time was 0.031231 milliseconds in repetition 324
tcp_ping received 3072 bytes back
Round trip time was 0.031819 milliseconds in repetition 325
tcp_ping received 3072 bytes back
Round trip time was 0.03136 milliseconds in repetition 326
tcp_ping received 3072 bytes back
Round trip time was 0.031775 milliseconds in repetition 327
tcp_ping received 3072 bytes back
Round trip time was 0.031452 milliseconds in repetition 328
tcp_ping received 3072 bytes back
Round trip time was 0.031907 milliseconds in repetition 329
tcp_ping received 3072 bytes back
Round trip time was 0.031908 milliseconds in repetition 330
tcp_ping received 3072 bytes back
Round trip time was 0.031776 milliseconds in repetition 331
tcp_ping received 3072 bytes back
Round trip time was 0.031669 milliseconds in repetition 332
tcp_ping received 3072 bytes back
Round trip time was 0.031801 milliseconds in repetition 333
tcp_ping received 3072 bytes back
Round trip time was 0.031698 milliseconds in repetition 334
tcp_ping received 3072 bytes back
Round trip time was 0.031774 milliseconds in repetition 335
tcp_ping received 3072 bytes back
Round trip time was 0.031886 milliseconds in repetition 336
tcp_ping received 3072 bytes back
Round trip time was 0.031939 milliseconds in repetition 337
tcp_ping received 3072 bytes back
Round trip time was 0.031968 milliseconds in repetition 338
tcp_ping received 3072 bytes back
Round trip time was 0.049798 milliseconds in repetition 339
tcp_ping received 3072 bytes back
Round trip time was 0.050683 milliseconds in repetition 340
tcp_ping received 3072 bytes back
Round trip time was 0.034272 milliseconds in repetition 341
tcp_ping received 3072 bytes back
Round trip time was 0.03185 milliseconds in repetition 342
tcp_ping received 3072 bytes back
Round trip time was 0.031917 milliseconds in repetition 343
tcp_ping received 3072 bytes back
Round trip time was 0.031383 milliseconds in repetition 344
tcp_ping received 3072 bytes back
Round trip time was 0.031923 milliseconds in repetition 345
tcp_ping received 3072 bytes back
Round trip time was 0.031895 milliseconds in repetition 346
tcp_ping received 3072 bytes back
Round trip time was 0.043824 milliseconds in repetition 347
tcp_ping received 3072 bytes back
Round trip time was 0.051094 milliseconds in repetition 348
tcp_ping received 3072 bytes back
Round trip time was 0.033307 milliseconds in repetition 349
tcp_ping received 3072 bytes back
Round trip time was 0.259391 milliseconds in repetition 350
tcp_ping received 3072 bytes back
Round trip time was 0.033973 milliseconds in repetition 351
tcp_ping received 3072 bytes back
Round trip time was 0.032431 milliseconds in repetition 352
tcp_ping received 3072 bytes back
Round trip time was 0.038131 milliseconds in repetition 353
tcp_ping received 3072 bytes back
Round trip time was 0.358971 milliseconds in repetition 354
tcp_ping received 3072 bytes back
Round trip time was 0.042156 milliseconds in repetition 355
tcp_ping received 3072 bytes back
Round trip time was 0.032655 milliseconds in repetition 356
tcp_ping received 3072 bytes back
Round trip time was 0.043911 milliseconds in repetition 357
tcp_ping received 3072 bytes back
Round trip time was 0.034882 milliseconds in repetition 358
tcp_ping received 3072 bytes back
Round trip time was 0.03599 milliseconds in repetition 359
tcp_ping received 3072 bytes back
Round trip time was 0.05449 milliseconds in repetition 360
tcp_ping received 3072 bytes back
Round trip time was 0.034772 milliseconds in repetition 361
tcp_ping received 3072 bytes back
Round trip time was 0.043015 milliseconds in repetition 362
tcp_ping received 3072 bytes back
Round trip time was 0.033787 milliseconds in repetition 363
tcp_ping received 3072 bytes back
Round trip time was 0.048821 milliseconds in repetition 364
tcp_ping received 3072 bytes back
Round trip time was 0.031029 milliseconds in repetition 365
tcp_ping received 3072 bytes back
Round trip time was 0.031794 milliseconds in repetition 366
tcp_ping received 3072 bytes back
Round trip time was 0.032295 milliseconds in repetition 367
tcp_ping received 3072 bytes back
Round trip time was 0.032575 milliseconds in repetition 368
tcp_ping received 3072 bytes back
Round trip time was 0.031711 milliseconds in repetition 369
tcp_ping received 3072 bytes back
Round trip time was 0.032781 milliseconds in repetition 370
tcp_ping received 3072 bytes back
Round trip time was 0.032627 milliseconds in repetition 371
tcp_ping received 3072 bytes back
Round trip time was 0.033645 milliseconds in repetition 372
tcp_ping received 3072 bytes back
Round trip time was 0.033875 milliseconds in repetition 373
tcp_ping received 3072 bytes back
Round trip time was 0.03471 milliseconds in repetition 374
tcp_ping received 3072 bytes back
Round trip time was 0.038763 milliseconds in repetition 375
tcp_ping received 3072 bytes back
Round trip time was 0.036767 milliseconds in repetition 376
tcp_ping received 3072 bytes back
Round trip time was 0.035786 milliseconds in repetition 377
tcp_ping received 3072 bytes back
Round trip time was 0.035089 milliseconds in repetition 378
tcp_ping received 3072 bytes back
Round trip time was 0.038283 milliseconds in repetition 379
tcp_ping received 3072 bytes back
Round trip time was 0.036125 milliseconds in repetition 380
tcp_ping received 3072 bytes back
Round trip time was 0.050043 milliseconds in repetition 381
tcp_ping received 3072 bytes back
Round trip time was 0.055433 milliseconds in repetition 382
tcp_ping received 3072 bytes back
Round trip time was 0.053848 milliseconds in repetition 383
tcp_ping received 3072 bytes back
Round trip time was 0.039161 milliseconds in repetition 384
tcp_ping received 3072 bytes back
Round trip time was 0.048142 milliseconds in repetition 385
tcp_ping received 3072 bytes back
Round trip time was 0.050758 milliseconds in repetition 386
tcp_ping received 3072 bytes back
Round trip time was 0.044768 milliseconds in repetition 387
tcp_ping received 3072 bytes back
Round trip time was 0.045987 milliseconds in repetition 388
tcp_ping received 3072 bytes back
Round trip time was 0.048599 milliseconds in repetition 389
tcp_ping received 3072 bytes back
Round trip time was 0.045422 milliseconds in repetition 390
tcp_ping received 3072 bytes back
Round trip time was 0.043782 milliseconds in repetition 391
tcp_ping received 3072 bytes back
Round trip time was 0.045083 milliseconds in repetition 392
tcp_ping received 3072 bytes back
Round trip time was 0.082592 milliseconds in repetition 393
tcp_ping received 3072 bytes back
Round trip time was 0.048681 milliseconds in repetition 394
tcp_ping received 3072 bytes back
Round trip time was 0.046629 milliseconds in repetition 395
tcp_ping received 3072 bytes back
Round trip time was 0.04905 milliseconds in repetition 396
tcp_ping received 3072 bytes back
Round trip time was 0.050122 milliseconds in repetition 397
tcp_ping received 3072 bytes back
Round trip time was 0.095471 milliseconds in repetition 398
tcp_ping received 3072 bytes back
Round trip time was 0.05461 milliseconds in repetition 399
tcp_ping received 3072 bytes back
Round trip time was 0.044113 milliseconds in repetition 400
tcp_ping received 3072 bytes back
Round trip time was 0.073041 milliseconds in repetition 401
tcp_ping received 3072 bytes back
Round trip time was 0.048343 milliseconds in repetition 402
tcp_ping received 3072 bytes back
Round trip time was 0.053267 milliseconds in repetition 403
tcp_ping received 3072 bytes back
Round trip time was 0.057554 milliseconds in repetition 404
tcp_ping received 3072 bytes back
Round trip time was 0.054467 milliseconds in repetition 405
tcp_ping received 3072 bytes back
Round trip time was 0.037817 milliseconds in repetition 406
tcp_ping received 3072 bytes back
Round trip time was 0.032397 milliseconds in repetition 407
tcp_ping received 3072 bytes back
Round trip time was 0.034791 milliseconds in repetition 408
tcp_ping received 3072 bytes back
Round trip time was 0.036298 milliseconds in repetition 409
tcp_ping received 3072 bytes back
Round trip time was 0.035341 milliseconds in repetition 410
tcp_ping received 3072 bytes back
Round trip time was 0.035537 milliseconds in repetition 411
tcp_ping received 3072 bytes back
Round trip time was 0.038587 milliseconds in repetition 412
tcp_ping received 3072 bytes back
Round trip time was 0.037812 milliseconds in repetition 413
tcp_ping received 3072 bytes back
Round trip time was 0.039537 milliseconds in repetition 414
tcp_ping received 3072 bytes back
Round trip time was 0.046444 milliseconds in repetition 415
tcp_ping received 3072 bytes back
Round trip time was 0.063312 milliseconds in repetition 416
tcp_ping received 3072 bytes back
Round trip time was 0.059341 milliseconds in repetition 417
tcp_ping received 3072 bytes back
Round trip time was 0.057338 milliseconds in repetition 418
tcp_ping received 3072 bytes back
Round trip time was 0.049559 milliseconds in repetition 419
tcp_ping received 3072 bytes back
Round trip time was 0.048661 milliseconds in repetition 420
tcp_ping received 3072 bytes back
Round trip time was 0.039291 milliseconds in repetition 421
tcp_ping received 3072 bytes back
Round trip time was 0.032119 milliseconds in repetition 422
tcp_ping received 3072 bytes back
Round trip time was 0.031346 milliseconds in repetition 423
tcp_ping received 3072 bytes back
Round trip time was 0.031525 milliseconds in repetition 424
tcp_ping received 3072 bytes back
Round trip time was 0.031604 milliseconds in repetition 425
tcp_ping received 3072 bytes back
Round trip time was 0.031512 milliseconds in repetition 426
tcp_ping received 3072 bytes back
Round trip time was 0.0311 milliseconds in repetition 427
tcp_ping received 3072 bytes back
Round trip time was 0.034679 milliseconds in repetition 428
tcp_ping received 3072 bytes back
Round trip time was 0.039221 milliseconds in repetition 429
tcp_ping received 3072 bytes back
Round trip time was 0.031637 milliseconds in repetition 430
tcp_ping received 3072 bytes back
Round trip time was 0.031161 milliseconds in repetition 431
tcp_ping received 3072 bytes back
Round trip time was 0.031452 milliseconds in repetition 432
tcp_ping received 3072 bytes back
Round trip time was 0.031137 milliseconds in repetition 433
tcp_ping received 3072 bytes back
Round trip time was 0.031352 milliseconds in repetition 434
tcp_ping received 3072 bytes back
Round trip time was 0.031064 milliseconds in repetition 435
tcp_ping received 3072 bytes back
Round trip time was 0.031456 milliseconds in repetition 436
tcp_ping received 3072 bytes back
Round trip time was 0.062809 milliseconds in repetition 437
tcp_ping received 3072 bytes back
Round trip time was 0.032829 milliseconds in repetition 438
tcp_ping received 3072 bytes back
Round trip time was 0.031285 milliseconds in repetition 439
tcp_ping received 3072 bytes back
Round trip time was 0.031834 milliseconds in repetition 440
tcp_ping received 3072 bytes back
Round trip time was 0.031408 milliseconds in repetition 441
tcp_ping received 3072 bytes back
Round trip time was 0.031901 milliseconds in repetition 442
tcp_ping received 3072 bytes back
Round trip time was 0.032013 milliseconds in repetition 443
tcp_ping received 3072 bytes back
Round trip time was 0.032006 milliseconds in repetition 444
tcp_ping received 3072 bytes back
Round trip time was 0.031928 milliseconds in repetition 445
tcp_ping received 3072 bytes back
Round trip time was 0.031959 milliseconds in repetition 446
tcp_ping received 3072 bytes back
Round trip time was 0.032495 milliseconds in repetition 447
tcp_ping received 3072 bytes back
Round trip time was 0.03207 milliseconds in repetition 448
tcp_ping received 3072 bytes back
Round trip time was 0.03178 milliseconds in repetition 449
tcp_ping received 3072 bytes back
Round trip time was 0.031858 milliseconds in repetition 450
tcp_ping received 3072 bytes back
Round trip time was 0.031819 milliseconds in repetition 451
tcp_ping received 3072 bytes back
Round trip time was 0.031615 milliseconds in repetition 452
tcp_ping received 3072 bytes back
Round trip time was 0.031521 milliseconds in repetition 453
tcp_ping received 3072 bytes back
Round trip time was 0.04383 milliseconds in repetition 454
tcp_ping received 3072 bytes back
Round trip time was 0.033484 milliseconds in repetition 455
tcp_ping received 3072 bytes back
Round trip time was 0.031859 milliseconds in repetition 456
tcp_ping received 3072 bytes back
Round trip time was 0.031893 milliseconds in repetition 457
tcp_ping received 3072 bytes back
Round trip time was 0.031976 milliseconds in repetition 458
tcp_ping received 3072 bytes back
Round trip time was 0.031831 milliseconds in repetition 459
tcp_ping received 3072 bytes back
Round trip time was 0.031823 milliseconds in repetition 460
tcp_ping received 3072 bytes back
Round trip time was 0.031723 milliseconds in repetition 461
tcp_ping received 3072 bytes back
Round trip time was 0.03244 milliseconds in repetition 462
tcp_ping received 3072 bytes back
Round trip time was 0.032002 milliseconds in repetition 463
tcp_ping received 3072 bytes back
Round trip time was 0.031564 milliseconds in repetition 464
tcp_ping received 3072 bytes back
Round trip time was 0.031879 milliseconds in repetition 465
tcp_ping received 3072 bytes back
Round trip time was 0.031691 milliseconds in repetition 466
tcp_ping received 3072 bytes back
Round trip time was 0.031609 milliseconds in repetition 467
tcp_ping received 3072 bytes back
Round trip time was 0.031717 milliseconds in repetition 468
tcp_ping received 3072 bytes back
Round trip time was 0.031603 milliseconds in repetition 469
tcp_ping received 3072 bytes back
Round trip time was 0.031966 milliseconds in repetition 470
tcp_ping received 3072 bytes back
Round trip time was 0.031697 milliseconds in repetition 471
tcp_ping received 3072 bytes back
Round trip time was 0.031591 milliseconds in repetition 472
tcp_ping received 3072 bytes back
Round trip time was 0.031585 milliseconds in repetition 473
tcp_ping received 3072 bytes back
Round trip time was 0.031905 milliseconds in repetition 474
tcp_ping received 3072 bytes back
Round trip time was 0.031287 milliseconds in repetition 475
tcp_ping received 3072 bytes back
Round trip time was 0.031736 milliseconds in repetition 476
tcp_ping received 3072 bytes back
Round trip time was 0.03139 milliseconds in repetition 477
tcp_ping received 3072 bytes back
Round trip time was 0.031515 milliseconds in repetition 478
tcp_ping received 3072 bytes back
Round trip time was 0.031321 milliseconds in repetition 479
tcp_ping received 3072 bytes back
Round trip time was 0.032879 milliseconds in repetition 480
tcp_ping received 3072 bytes back
Round trip time was 0.055324 milliseconds in repetition 481
tcp_ping received 3072 bytes back
Round trip time was 0.032282 milliseconds in repetition 482
tcp_ping received 3072 bytes back
Round trip time was 0.031634 milliseconds in repetition 483
tcp_ping received 3072 bytes back
Round trip time was 0.03197 milliseconds in repetition 484
tcp_ping received 3072 bytes back
Round trip time was 0.031932 milliseconds in repetition 485
tcp_ping received 3072 bytes back
Round trip time was 0.032001 milliseconds in repetition 486
tcp_ping received 3072 bytes back
Round trip time was 0.032055 milliseconds in repetition 487
tcp_ping received 3072 bytes back
Round trip time was 0.032341 milliseconds in repetition 488
tcp_ping received 3072 bytes back
Round trip time was 0.031989 milliseconds in repetition 489
tcp_ping received 3072 bytes back
Round trip time was 0.031934 milliseconds in repetition 490
tcp_ping received 3072 bytes back
Round trip time was 0.031628 milliseconds in repetition 491
tcp_ping received 3072 bytes back
Round trip time was 0.031777 milliseconds in repetition 492
tcp_ping received 3072 bytes back
Round trip time was 0.031487 milliseconds in repetition 493
tcp_ping received 3072 bytes back
Round trip time was 0.031874 milliseconds in repetition 494
tcp_ping received 3072 bytes back
Round trip time was 0.031611 milliseconds in repetition 495
tcp_ping received 3072 bytes back
Round trip time was 0.031727 milliseconds in repetition 496
tcp_ping received 3072 bytes back
Round trip time was 0.031632 milliseconds in repetition 497
tcp_ping received 3072 bytes back
Round trip time was 0.031732 milliseconds in repetition 498
tcp_ping received 3072 bytes back
Round trip time was 0.031613 milliseconds in repetition 499
tcp_ping received 3072 bytes back
Round trip time was 0.031602 milliseconds in repetition 500
tcp_ping received 3072 bytes back
Round trip time was 0.031492 milliseconds in repetition 501

 ... clock resolution was 1e-06
TCP Ping:  Statistics over 501 repetitions of 3072 byte messages

RTT : percentile 10: 0.031615, median: 0.033987, percentile 90: 0.058847, average: 0.0859508, variance: 0.623606

RTT histogram:
0.0310285 498
0.900745 0
1.77046 1
2.64018 1
3.50989 0
4.37961 0
5.24933 0
6.11904 0
6.98876 0
7.85847 0
8.72819 0
9.59791 0
10.4676 0
11.3373 0
12.2071 0
13.0768 0
13.9465 0
14.8162 0
15.6859 0
16.5556 0
17.4254 1

   median Throughput : 180775 KB/s   overall Throughput : 71482.8 KB/s

