TCP Ping trying to connect to server localhost (127.0.0.1) on port 1491
 ... connected to Pong server: asking for 501 repetitions of 8192 bytes TCP messages
 ... Pong server agreed :-)
tcp_ping received 8192 bytes back
Round trip time was 0.1677 milliseconds in repetition 1
tcp_ping received 8192 bytes back
Round trip time was 0.1607 milliseconds in repetition 2
tcp_ping received 8192 bytes back
Round trip time was 0.1689 milliseconds in repetition 3
tcp_ping received 8192 bytes back
Round trip time was 0.2069 milliseconds in repetition 4
tcp_ping received 8192 bytes back
Round trip time was 0.2267 milliseconds in repetition 5
tcp_ping received 8192 bytes back
Round trip time was 0.2303 milliseconds in repetition 6
tcp_ping received 8192 bytes back
Round trip time was 0.2015 milliseconds in repetition 7
tcp_ping received 8192 bytes back
Round trip time was 0.1832 milliseconds in repetition 8
tcp_ping received 8192 bytes back
Round trip time was 0.1897 milliseconds in repetition 9
tcp_ping received 8192 bytes back
Round trip time was 0.1528 milliseconds in repetition 10
tcp_ping received 8192 bytes back
Round trip time was 0.2094 milliseconds in repetition 11
tcp_ping received 8192 bytes back
Round trip time was 0.1776 milliseconds in repetition 12
tcp_ping received 8192 bytes back
Round trip time was 0.1952 milliseconds in repetition 13
tcp_ping received 8192 bytes back
Round trip time was 0.1826 milliseconds in repetition 14
tcp_ping received 8192 bytes back
Round trip time was 0.1877 milliseconds in repetition 15
tcp_ping received 8192 bytes back
Round trip time was 0.1822 milliseconds in repetition 16
tcp_ping received 8192 bytes back
Round trip time was 0.2043 milliseconds in repetition 17
tcp_ping received 8192 bytes back
Round trip time was 0.1787 milliseconds in repetition 18
tcp_ping received 8192 bytes back
Round trip time was 0.206 milliseconds in repetition 19
tcp_ping received 8192 bytes back
Round trip time was 0.1874 milliseconds in repetition 20
tcp_ping received 8192 bytes back
Round trip time was 0.2118 milliseconds in repetition 21
tcp_ping received 8192 bytes back
Round trip time was 0.2186 milliseconds in repetition 22
tcp_ping received 8192 bytes back
Round trip time was 0.2732 milliseconds in repetition 23
tcp_ping received 8192 bytes back
Round trip time was 0.1965 milliseconds in repetition 24
tcp_ping received 8192 bytes back
Round trip time was 0.1903 milliseconds in repetition 25
tcp_ping received 8192 bytes back
Round trip time was 0.1814 milliseconds in repetition 26
tcp_ping received 8192 bytes back
Round trip time was 0.1876 milliseconds in repetition 27
tcp_ping received 8192 bytes back
Round trip time was 0.1903 milliseconds in repetition 28
tcp_ping received 8192 bytes back
Round trip time was 0.1817 milliseconds in repetition 29
tcp_ping received 8192 bytes back
Round trip time was 0.1851 milliseconds in repetition 30
tcp_ping received 8192 bytes back
Round trip time was 0.1777 milliseconds in repetition 31
tcp_ping received 8192 bytes back
Round trip time was 0.2148 milliseconds in repetition 32
tcp_ping received 8192 bytes back
Round trip time was 0.1587 milliseconds in repetition 33
tcp_ping received 8192 bytes back
Round trip time was 0.1438 milliseconds in repetition 34
tcp_ping received 8192 bytes back
Round trip time was 0.142 milliseconds in repetition 35
tcp_ping received 8192 bytes back
Round trip time was 0.1448 milliseconds in repetition 36
tcp_ping received 8192 bytes back
Round trip time was 0.1621 milliseconds in repetition 37
tcp_ping received 8192 bytes back
Round trip time was 0.1597 milliseconds in repetition 38
tcp_ping received 8192 bytes back
Round trip time was 0.1742 milliseconds in repetition 39
tcp_ping received 8192 bytes back
Round trip time was 0.1473 milliseconds in repetition 40
tcp_ping received 8192 bytes back
Round trip time was 0.1514 milliseconds in repetition 41
tcp_ping received 8192 bytes back
Round trip time was 0.1979 milliseconds in repetition 42
tcp_ping received 8192 bytes back
Round trip time was 0.1839 milliseconds in repetition 43
tcp_ping received 8192 bytes back
Round trip time was 0.1794 milliseconds in repetition 44
tcp_ping received 8192 bytes back
Round trip time was 0.196 milliseconds in repetition 45
tcp_ping received 8192 bytes back
Round trip time was 0.1953 milliseconds in repetition 46
tcp_ping received 8192 bytes back
Round trip time was 0.1852 milliseconds in repetition 47
tcp_ping received 8192 bytes back
Round trip time was 0.1892 milliseconds in repetition 48
tcp_ping received 8192 bytes back
Round trip time was 0.2043 milliseconds in repetition 49
tcp_ping received 8192 bytes back
Round trip time was 0.1691 milliseconds in repetition 50
tcp_ping received 8192 bytes back
Round trip time was 0.1476 milliseconds in repetition 51
tcp_ping received 8192 bytes back
Round trip time was 0.1725 milliseconds in repetition 52
tcp_ping received 8192 bytes back
Round trip time was 0.167 milliseconds in repetition 53
tcp_ping received 8192 bytes back
Round trip time was 0.2028 milliseconds in repetition 54
tcp_ping received 8192 bytes back
Round trip time was 0.1943 milliseconds in repetition 55
tcp_ping received 8192 bytes back
Round trip time was 0.2236 milliseconds in repetition 56
tcp_ping received 8192 bytes back
Round trip time was 0.1946 milliseconds in repetition 57
tcp_ping received 8192 bytes back
Round trip time was 0.1889 milliseconds in repetition 58
tcp_ping received 8192 bytes back
Round trip time was 0.1808 milliseconds in repetition 59
tcp_ping received 8192 bytes back
Round trip time was 0.1939 milliseconds in repetition 60
tcp_ping received 8192 bytes back
Round trip time was 0.1957 milliseconds in repetition 61
tcp_ping received 8192 bytes back
Round trip time was 0.197 milliseconds in repetition 62
tcp_ping received 8192 bytes back
Round trip time was 0.1687 milliseconds in repetition 63
tcp_ping received 8192 bytes back
Round trip time was 0.1549 milliseconds in repetition 64
tcp_ping received 8192 bytes back
Round trip time was 0.1565 milliseconds in repetition 65
tcp_ping received 8192 bytes back
Round trip time was 0.1627 milliseconds in repetition 66
tcp_ping received 8192 bytes back
Round trip time was 0.1684 milliseconds in repetition 67
tcp_ping received 8192 bytes back
Round trip time was 0.1505 milliseconds in repetition 68
tcp_ping received 8192 bytes back
Round trip time was 0.1807 milliseconds in repetition 69
tcp_ping received 8192 bytes back
Round trip time was 0.1679 milliseconds in repetition 70
tcp_ping received 8192 bytes back
Round trip time was 0.156 milliseconds in repetition 71
tcp_ping received 8192 bytes back
Round trip time was 0.1767 milliseconds in repetition 72
tcp_ping received 8192 bytes back
Round trip time was 0.1531 milliseconds in repetition 73
tcp_ping received 8192 bytes back
Round trip time was 0.1486 milliseconds in repetition 74
tcp_ping received 8192 bytes back
Round trip time was 0.1456 milliseconds in repetition 75
tcp_ping received 8192 bytes back
Round trip time was 0.1471 milliseconds in repetition 76
tcp_ping received 8192 bytes back
Round trip time was 0.173 milliseconds in repetition 77
tcp_ping received 8192 bytes back
Round trip time was 0.1617 milliseconds in repetition 78
tcp_ping received 8192 bytes back
Round trip time was 0.1678 milliseconds in repetition 79
tcp_ping received 8192 bytes back
Round trip time was 0.1514 milliseconds in repetition 80
tcp_ping received 8192 bytes back
Round trip time was 0.192 milliseconds in repetition 81
tcp_ping received 8192 bytes back
Round trip time was 0.1874 milliseconds in repetition 82
tcp_ping received 8192 bytes back
Round trip time was 0.1904 milliseconds in repetition 83
tcp_ping received 8192 bytes back
Round trip time was 0.2032 milliseconds in repetition 84
tcp_ping received 8192 bytes back
Round trip time was 0.2137 milliseconds in repetition 85
tcp_ping received 8192 bytes back
Round trip time was 0.1887 milliseconds in repetition 86
tcp_ping received 8192 bytes back
Round trip time was 0.1663 milliseconds in repetition 87
tcp_ping received 8192 bytes back
Round trip time was 0.1927 milliseconds in repetition 88
tcp_ping received 8192 bytes back
Round trip time was 0.1728 milliseconds in repetition 89
tcp_ping received 8192 bytes back
Round trip time was 0.2909 milliseconds in repetition 90
tcp_ping received 8192 bytes back
Round trip time was 0.303 milliseconds in repetition 91
tcp_ping received 8192 bytes back
Round trip time was 0.2085 milliseconds in repetition 92
tcp_ping received 8192 bytes back
Round trip time was 0.2009 milliseconds in repetition 93
tcp_ping received 8192 bytes back
Round trip time was 0.3076 milliseconds in repetition 94
tcp_ping received 8192 bytes back
Round trip time was 0.2421 milliseconds in repetition 95
tcp_ping received 8192 bytes back
Round trip time was 0.1731 milliseconds in repetition 96
tcp_ping received 8192 bytes back
Round trip time was 0.1597 milliseconds in repetition 97
tcp_ping received 8192 bytes back
Round trip time was 0.1691 milliseconds in repetition 98
tcp_ping received 8192 bytes back
Round trip time was 0.253 milliseconds in repetition 99
tcp_ping received 8192 bytes back
Round trip time was 0.2504 milliseconds in repetition 100
tcp_ping received 8192 bytes back
Round trip time was 0.1897 milliseconds in repetition 101
tcp_ping received 8192 bytes back
Round trip time was 0.1918 milliseconds in repetition 102
tcp_ping received 8192 bytes back
Round trip time was 0.2679 milliseconds in repetition 103
tcp_ping received 8192 bytes back
Round trip time was 0.1916 milliseconds in repetition 104
tcp_ping received 8192 bytes back
Round trip time was 0.1712 milliseconds in repetition 105
tcp_ping received 8192 bytes back
Round trip time was 0.193 milliseconds in repetition 106
tcp_ping received 8192 bytes back
Round trip time was 0.2568 milliseconds in repetition 107
tcp_ping received 8192 bytes back
Round trip time was 0.2144 milliseconds in repetition 108
tcp_ping received 8192 bytes back
Round trip time was 0.1888 milliseconds in repetition 109
tcp_ping received 8192 bytes back
Round trip time was 0.1882 milliseconds in repetition 110
tcp_ping received 8192 bytes back
Round trip time was 0.168 milliseconds in repetition 111
tcp_ping received 8192 bytes back
Round trip time was 0.2008 milliseconds in repetition 112
tcp_ping received 8192 bytes back
Round trip time was 0.1852 milliseconds in repetition 113
tcp_ping received 8192 bytes back
Round trip time was 0.1825 milliseconds in repetition 114
tcp_ping received 8192 bytes back
Round trip time was 0.1746 milliseconds in repetition 115
tcp_ping received 8192 bytes back
Round trip time was 0.1623 milliseconds in repetition 116
tcp_ping received 8192 bytes back
Round trip time was 0.1471 milliseconds in repetition 117
tcp_ping received 8192 bytes back
Round trip time was 0.2057 milliseconds in repetition 118
tcp_ping received 8192 bytes back
Round trip time was 0.1924 milliseconds in repetition 119
tcp_ping received 8192 bytes back
Round trip time was 0.1936 milliseconds in repetition 120
tcp_ping received 8192 bytes back
Round trip time was 0.1978 milliseconds in repetition 121
tcp_ping received 8192 bytes back
Round trip time was 0.1845 milliseconds in repetition 122
tcp_ping received 8192 bytes back
Round trip time was 0.2728 milliseconds in repetition 123
tcp_ping received 8192 bytes back
Round trip time was 0.1999 milliseconds in repetition 124
tcp_ping received 8192 bytes back
Round trip time was 0.2105 milliseconds in repetition 125
tcp_ping received 8192 bytes back
Round trip time was 0.1945 milliseconds in repetition 126
tcp_ping received 8192 bytes back
Round trip time was 0.1914 milliseconds in repetition 127
tcp_ping received 8192 bytes back
Round trip time was 0.2325 milliseconds in repetition 128
tcp_ping received 8192 bytes back
Round trip time was 0.1695 milliseconds in repetition 129
tcp_ping received 8192 bytes back
Round trip time was 0.2358 milliseconds in repetition 130
tcp_ping received 8192 bytes back
Round trip time was 0.2019 milliseconds in repetition 131
tcp_ping received 8192 bytes back
Round trip time was 0.1655 milliseconds in repetition 132
tcp_ping received 8192 bytes back
Round trip time was 0.1476 milliseconds in repetition 133
tcp_ping received 8192 bytes back
Round trip time was 0.1956 milliseconds in repetition 134
tcp_ping received 8192 bytes back
Round trip time was 0.1548 milliseconds in repetition 135
tcp_ping received 8192 bytes back
Round trip time was 0.1491 milliseconds in repetition 136
tcp_ping received 8192 bytes back
Round trip time was 0.1449 milliseconds in repetition 137
tcp_ping received 8192 bytes back
Round trip time was 0.1512 milliseconds in repetition 138
tcp_ping received 8192 bytes back
Round trip time was 0.164 milliseconds in repetition 139
tcp_ping received 8192 bytes back
Round trip time was 0.1937 milliseconds in repetition 140
tcp_ping received 8192 bytes back
Round trip time was 0.1578 milliseconds in repetition 141
tcp_ping received 8192 bytes back
Round trip time was 0.1458 milliseconds in repetition 142
tcp_ping received 8192 bytes back
Round trip time was 0.1486 milliseconds in repetition 143
tcp_ping received 8192 bytes back
Round trip time was 0.1796 milliseconds in repetition 144
tcp_ping received 8192 bytes back
Round trip time was 0.1623 milliseconds in repetition 145
tcp_ping received 8192 bytes back
Round trip time was 0.1667 milliseconds in repetition 146
tcp_ping received 8192 bytes back
Round trip time was 0.1492 milliseconds in repetition 147
tcp_ping received 8192 bytes back
Round trip time was 0.1569 milliseconds in repetition 148
tcp_ping received 8192 bytes back
Round trip time was 0.1521 milliseconds in repetition 149
tcp_ping received 8192 bytes back
Round trip time was 0.1763 milliseconds in repetition 150
tcp_ping received 8192 bytes back
Round trip time was 0.1568 milliseconds in repetition 151
tcp_ping received 8192 bytes back
Round trip time was 0.1351 milliseconds in repetition 152
tcp_ping received 8192 bytes back
Round trip time was 0.1433 milliseconds in repetition 153
tcp_ping received 8192 bytes back
Round trip time was 0.1404 milliseconds in repetition 154
tcp_ping received 8192 bytes back
Round trip time was 0.1361 milliseconds in repetition 155
tcp_ping received 8192 bytes back
Round trip time was 0.1321 milliseconds in repetition 156
tcp_ping received 8192 bytes back
Round trip time was 0.1444 milliseconds in repetition 157
tcp_ping received 8192 bytes back
Round trip time was 0.149 milliseconds in repetition 158
tcp_ping received 8192 bytes back
Round trip time was 0.1457 milliseconds in repetition 159
tcp_ping received 8192 bytes back
Round trip time was 0.1603 milliseconds in repetition 160
tcp_ping received 8192 bytes back
Round trip time was 0.1613 milliseconds in repetition 161
tcp_ping received 8192 bytes back
Round trip time was 0.1578 milliseconds in repetition 162
tcp_ping received 8192 bytes back
Round trip time was 0.153 milliseconds in repetition 163
tcp_ping received 8192 bytes back
Round trip time was 0.1804 milliseconds in repetition 164
tcp_ping received 8192 bytes back
Round trip time was 0.1955 milliseconds in repetition 165
tcp_ping received 8192 bytes back
Round trip time was 0.1928 milliseconds in repetition 166
tcp_ping received 8192 bytes back
Round trip time was 0.2056 milliseconds in repetition 167
tcp_ping received 8192 bytes back
Round trip time was 0.1875 milliseconds in repetition 168
tcp_ping received 8192 bytes back
Round trip time was 0.1492 milliseconds in repetition 169
tcp_ping received 8192 bytes back
Round trip time was 0.153 milliseconds in repetition 170
tcp_ping received 8192 bytes back
Round trip time was 0.1738 milliseconds in repetition 171
tcp_ping received 8192 bytes back
Round trip time was 0.1776 milliseconds in repetition 172
tcp_ping received 8192 bytes back
Round trip time was 0.208 milliseconds in repetition 173
tcp_ping received 8192 bytes back
Round trip time was 0.2011 milliseconds in repetition 174
tcp_ping received 8192 bytes back
Round trip time was 0.1907 milliseconds in repetition 175
tcp_ping received 8192 bytes back
Round trip time was 0.2075 milliseconds in repetition 176
tcp_ping received 8192 bytes back
Round trip time was 0.1985 milliseconds in repetition 177
tcp_ping received 8192 bytes back
Round trip time was 0.1851 milliseconds in repetition 178
tcp_ping received 8192 bytes back
Round trip time was 0.1662 milliseconds in repetition 179
tcp_ping received 8192 bytes back
Round trip time was 0.1723 milliseconds in repetition 180
tcp_ping received 8192 bytes back
Round trip time was 0.171 milliseconds in repetition 181
tcp_ping received 8192 bytes back
Round trip time was 0.1783 milliseconds in repetition 182
tcp_ping received 8192 bytes back
Round trip time was 0.1694 milliseconds in repetition 183
tcp_ping received 8192 bytes back
Round trip time was 0.1424 milliseconds in repetition 184
tcp_ping received 8192 bytes back
Round trip time was 0.2308 milliseconds in repetition 185
tcp_ping received 8192 bytes back
Round trip time was 0.15 milliseconds in repetition 186
tcp_ping received 8192 bytes back
Round trip time was 0.1414 milliseconds in repetition 187
tcp_ping received 8192 bytes back
Round trip time was 0.1443 milliseconds in repetition 188
tcp_ping received 8192 bytes back
Round trip time was 0.1454 milliseconds in repetition 189
tcp_ping received 8192 bytes back
Round trip time was 0.1685 milliseconds in repetition 190
tcp_ping received 8192 bytes back
Round trip time was 0.1538 milliseconds in repetition 191
tcp_ping received 8192 bytes back
Round trip time was 0.135 milliseconds in repetition 192
tcp_ping received 8192 bytes back
Round trip time was 0.1318 milliseconds in repetition 193
tcp_ping received 8192 bytes back
Round trip time was 0.1307 milliseconds in repetition 194
tcp_ping received 8192 bytes back
Round trip time was 0.1503 milliseconds in repetition 195
tcp_ping received 8192 bytes back
Round trip time was 0.1832 milliseconds in repetition 196
tcp_ping received 8192 bytes back
Round trip time was 0.1582 milliseconds in repetition 197
tcp_ping received 8192 bytes back
Round trip time was 0.1467 milliseconds in repetition 198
tcp_ping received 8192 bytes back
Round trip time was 0.1489 milliseconds in repetition 199
tcp_ping received 8192 bytes back
Round trip time was 0.1281 milliseconds in repetition 200
tcp_ping received 8192 bytes back
Round trip time was 0.1686 milliseconds in repetition 201
tcp_ping received 8192 bytes back
Round trip time was 0.1706 milliseconds in repetition 202
tcp_ping received 8192 bytes back
Round trip time was 0.1675 milliseconds in repetition 203
tcp_ping received 8192 bytes back
Round trip time was 0.1519 milliseconds in repetition 204
tcp_ping received 8192 bytes back
Round trip time was 0.1852 milliseconds in repetition 205
tcp_ping received 8192 bytes back
Round trip time was 0.1273 milliseconds in repetition 206
tcp_ping received 8192 bytes back
Round trip time was 0.1353 milliseconds in repetition 207
tcp_ping received 8192 bytes back
Round trip time was 0.1295 milliseconds in repetition 208
tcp_ping received 8192 bytes back
Round trip time was 0.1253 milliseconds in repetition 209
tcp_ping received 8192 bytes back
Round trip time was 0.1247 milliseconds in repetition 210
tcp_ping received 8192 bytes back
Round trip time was 0.1245 milliseconds in repetition 211
tcp_ping received 8192 bytes back
Round trip time was 0.1362 milliseconds in repetition 212
tcp_ping received 8192 bytes back
Round trip time was 0.1279 milliseconds in repetition 213
tcp_ping received 8192 bytes back
Round trip time was 0.1274 milliseconds in repetition 214
tcp_ping received 8192 bytes back
Round trip time was 0.1277 milliseconds in repetition 215
tcp_ping received 8192 bytes back
Round trip time was 0.1421 milliseconds in repetition 216
tcp_ping received 8192 bytes back
Round trip time was 0.142 milliseconds in repetition 217
tcp_ping received 8192 bytes back
Round trip time was 0.1538 milliseconds in repetition 218
tcp_ping received 8192 bytes back
Round trip time was 0.142 milliseconds in repetition 219
tcp_ping received 8192 bytes back
Round trip time was 0.1379 milliseconds in repetition 220
tcp_ping received 8192 bytes back
Round trip time was 0.1378 milliseconds in repetition 221
tcp_ping received 8192 bytes back
Round trip time was 0.1375 milliseconds in repetition 222
tcp_ping received 8192 bytes back
Round trip time was 0.1757 milliseconds in repetition 223
tcp_ping received 8192 bytes back
Round trip time was 0.1522 milliseconds in repetition 224
tcp_ping received 8192 bytes back
Round trip time was 0.1336 milliseconds in repetition 225
tcp_ping received 8192 bytes back
Round trip time was 0.1365 milliseconds in repetition 226
tcp_ping received 8192 bytes back
Round trip time was 0.1418 milliseconds in repetition 227
tcp_ping received 8192 bytes back
Round trip time was 0.1592 milliseconds in repetition 228
tcp_ping received 8192 bytes back
Round trip time was 0.1384 milliseconds in repetition 229
tcp_ping received 8192 bytes back
Round trip time was 0.1366 milliseconds in repetition 230
tcp_ping received 8192 bytes back
Round trip time was 0.133 milliseconds in repetition 231
tcp_ping received 8192 bytes back
Round trip time was 0.1287 milliseconds in repetition 232
tcp_ping received 8192 bytes back
Round trip time was 0.1273 milliseconds in repetition 233
tcp_ping received 8192 bytes back
Round trip time was 0.1253 milliseconds in repetition 234
tcp_ping received 8192 bytes back
Round trip time was 0.1311 milliseconds in repetition 235
tcp_ping received 8192 bytes back
Round trip time was 0.1445 milliseconds in repetition 236
tcp_ping received 8192 bytes back
Round trip time was 0.1666 milliseconds in repetition 237
tcp_ping received 8192 bytes back
Round trip time was 0.1311 milliseconds in repetition 238
tcp_ping received 8192 bytes back
Round trip time was 0.1276 milliseconds in repetition 239
tcp_ping received 8192 bytes back
Round trip time was 0.1314 milliseconds in repetition 240
tcp_ping received 8192 bytes back
Round trip time was 0.1292 milliseconds in repetition 241
tcp_ping received 8192 bytes back
Round trip time was 0.1442 milliseconds in repetition 242
tcp_ping received 8192 bytes back
Round trip time was 0.137 milliseconds in repetition 243
tcp_ping received 8192 bytes back
Round trip time was 0.127 milliseconds in repetition 244
tcp_ping received 8192 bytes back
Round trip time was 0.1265 milliseconds in repetition 245
tcp_ping received 8192 bytes back
Round trip time was 0.1326 milliseconds in repetition 246
tcp_ping received 8192 bytes back
Round trip time was 0.1263 milliseconds in repetition 247
tcp_ping received 8192 bytes back
Round trip time was 0.1351 milliseconds in repetition 248
tcp_ping received 8192 bytes back
Round trip time was 0.1814 milliseconds in repetition 249
tcp_ping received 8192 bytes back
Round trip time was 0.1553 milliseconds in repetition 250
tcp_ping received 8192 bytes back
Round trip time was 0.1826 milliseconds in repetition 251
tcp_ping received 8192 bytes back
Round trip time was 0.1884 milliseconds in repetition 252
tcp_ping received 8192 bytes back
Round trip time was 0.2011 milliseconds in repetition 253
tcp_ping received 8192 bytes back
Round trip time was 0.1614 milliseconds in repetition 254
tcp_ping received 8192 bytes back
Round trip time was 0.153 milliseconds in repetition 255
tcp_ping received 8192 bytes back
Round trip time was 0.1307 milliseconds in repetition 256
tcp_ping received 8192 bytes back
Round trip time was 0.1558 milliseconds in repetition 257
tcp_ping received 8192 bytes back
Round trip time was 0.1261 milliseconds in repetition 258
tcp_ping received 8192 bytes back
Round trip time was 0.1299 milliseconds in repetition 259
tcp_ping received 8192 bytes back
Round trip time was 0.1376 milliseconds in repetition 260
tcp_ping received 8192 bytes back
Round trip time was 0.1402 milliseconds in repetition 261
tcp_ping received 8192 bytes back
Round trip time was 0.1293 milliseconds in repetition 262
tcp_ping received 8192 bytes back
Round trip time was 0.1846 milliseconds in repetition 263
tcp_ping received 8192 bytes back
Round trip time was 0.173 milliseconds in repetition 264
tcp_ping received 8192 bytes back
Round trip time was 0.1749 milliseconds in repetition 265
tcp_ping received 8192 bytes back
Round trip time was 0.1643 milliseconds in repetition 266
tcp_ping received 8192 bytes back
Round trip time was 0.1289 milliseconds in repetition 267
tcp_ping received 8192 bytes back
Round trip time was 0.1374 milliseconds in repetition 268
tcp_ping received 8192 bytes back
Round trip time was 0.181 milliseconds in repetition 269
tcp_ping received 8192 bytes back
Round trip time was 0.1671 milliseconds in repetition 270
tcp_ping received 8192 bytes back
Round trip time was 0.1629 milliseconds in repetition 271
tcp_ping received 8192 bytes back
Round trip time was 0.1673 milliseconds in repetition 272
tcp_ping received 8192 bytes back
Round trip time was 0.1669 milliseconds in repetition 273
tcp_ping received 8192 bytes back
Round trip time was 0.1448 milliseconds in repetition 274
tcp_ping received 8192 bytes back
Round trip time was 0.1999 milliseconds in repetition 275
tcp_ping received 8192 bytes back
Round trip time was 0.2071 milliseconds in repetition 276
tcp_ping received 8192 bytes back
Round trip time was 0.1693 milliseconds in repetition 277
tcp_ping received 8192 bytes back
Round trip time was 0.1889 milliseconds in repetition 278
tcp_ping received 8192 bytes back
Round trip time was 0.1864 milliseconds in repetition 279
tcp_ping received 8192 bytes back
Round trip time was 0.1977 milliseconds in repetition 280
tcp_ping received 8192 bytes back
Round trip time was 0.1727 milliseconds in repetition 281
tcp_ping received 8192 bytes back
Round trip time was 0.1626 milliseconds in repetition 282
tcp_ping received 8192 bytes back
Round trip time was 0.1289 milliseconds in repetition 283
tcp_ping received 8192 bytes back
Round trip time was 0.1263 milliseconds in repetition 284
tcp_ping received 8192 bytes back
Round trip time was 0.1372 milliseconds in repetition 285
tcp_ping received 8192 bytes back
Round trip time was 0.129 milliseconds in repetition 286
tcp_ping received 8192 bytes back
Round trip time was 0.126 milliseconds in repetition 287
tcp_ping received 8192 bytes back
Round trip time was 0.1271 milliseconds in repetition 288
tcp_ping received 8192 bytes back
Round trip time was 0.1251 milliseconds in repetition 289
tcp_ping received 8192 bytes back
Round trip time was 0.1336 milliseconds in repetition 290
tcp_ping received 8192 bytes back
Round trip time was 0.1295 milliseconds in repetition 291
tcp_ping received 8192 bytes back
Round trip time was 0.1423 milliseconds in repetition 292
tcp_ping received 8192 bytes back
Round trip time was 0.1276 milliseconds in repetition 293
tcp_ping received 8192 bytes back
Round trip time was 0.1274 milliseconds in repetition 294
tcp_ping received 8192 bytes back
Round trip time was 0.1256 milliseconds in repetition 295
tcp_ping received 8192 bytes back
Round trip time was 0.1325 milliseconds in repetition 296
tcp_ping received 8192 bytes back
Round trip time was 0.1287 milliseconds in repetition 297
tcp_ping received 8192 bytes back
Round trip time was 0.1278 milliseconds in repetition 298
tcp_ping received 8192 bytes back
Round trip time was 0.139 milliseconds in repetition 299
tcp_ping received 8192 bytes back
Round trip time was 0.1443 milliseconds in repetition 300
tcp_ping received 8192 bytes back
Round trip time was 0.1261 milliseconds in repetition 301
tcp_ping received 8192 bytes back
Round trip time was 0.138 milliseconds in repetition 302
tcp_ping received 8192 bytes back
Round trip time was 0.1443 milliseconds in repetition 303
tcp_ping received 8192 bytes back
Round trip time was 0.1373 milliseconds in repetition 304
tcp_ping received 8192 bytes back
Round trip time was 0.1369 milliseconds in repetition 305
tcp_ping received 8192 bytes back
Round trip time was 0.1359 milliseconds in repetition 306
tcp_ping received 8192 bytes back
Round trip time was 0.1358 milliseconds in repetition 307
tcp_ping received 8192 bytes back
Round trip time was 0.1283 milliseconds in repetition 308
tcp_ping received 8192 bytes back
Round trip time was 0.1232 milliseconds in repetition 309
tcp_ping received 8192 bytes back
Round trip time was 0.1293 milliseconds in repetition 310
tcp_ping received 8192 bytes back
Round trip time was 0.1207 milliseconds in repetition 311
tcp_ping received 8192 bytes back
Round trip time was 0.1267 milliseconds in repetition 312
tcp_ping received 8192 bytes back
Round trip time was 0.1593 milliseconds in repetition 313
tcp_ping received 8192 bytes back
Round trip time was 0.1316 milliseconds in repetition 314
tcp_ping received 8192 bytes back
Round trip time was 0.1401 milliseconds in repetition 315
tcp_ping received 8192 bytes back
Round trip time was 0.128 milliseconds in repetition 316
tcp_ping received 8192 bytes back
Round trip time was 0.1273 milliseconds in repetition 317
tcp_ping received 8192 bytes back
Round trip time was 0.1441 milliseconds in repetition 318
tcp_ping received 8192 bytes back
Round trip time was 0.1305 milliseconds in repetition 319
tcp_ping received 8192 bytes back
Round trip time was 0.1256 milliseconds in repetition 320
tcp_ping received 8192 bytes back
Round trip time was 0.1262 milliseconds in repetition 321
tcp_ping received 8192 bytes back
Round trip time was 0.1265 milliseconds in repetition 322
tcp_ping received 8192 bytes back
Round trip time was 0.1253 milliseconds in repetition 323
tcp_ping received 8192 bytes back
Round trip time was 0.1476 milliseconds in repetition 324
tcp_ping received 8192 bytes back
Round trip time was 0.1275 milliseconds in repetition 325
tcp_ping received 8192 bytes back
Round trip time was 0.1254 milliseconds in repetition 326
tcp_ping received 8192 bytes back
Round trip time was 0.1358 milliseconds in repetition 327
tcp_ping received 8192 bytes back
Round trip time was 0.1265 milliseconds in repetition 328
tcp_ping received 8192 bytes back
Round trip time was 0.1575 milliseconds in repetition 329
tcp_ping received 8192 bytes back
Round trip time was 0.1583 milliseconds in repetition 330
tcp_ping received 8192 bytes back
Round trip time was 0.1796 milliseconds in repetition 331
tcp_ping received 8192 bytes back
Round trip time was 0.1759 milliseconds in repetition 332
tcp_ping received 8192 bytes back
Round trip time was 0.1383 milliseconds in repetition 333
tcp_ping received 8192 bytes back
Round trip time was 0.1288 milliseconds in repetition 334
tcp_ping received 8192 bytes back
Round trip time was 0.1345 milliseconds in repetition 335
tcp_ping received 8192 bytes back
Round trip time was 0.1453 milliseconds in repetition 336
tcp_ping received 8192 bytes back
Round trip time was 0.1305 milliseconds in repetition 337
tcp_ping received 8192 bytes back
Round trip time was 0.1276 milliseconds in repetition 338
tcp_ping received 8192 bytes back
Round trip time was 0.1269 milliseconds in repetition 339
tcp_ping received 8192 bytes back
Round trip time was 0.1269 milliseconds in repetition 340
tcp_ping received 8192 bytes back
Round trip time was 0.1329 milliseconds in repetition 341
tcp_ping received 8192 bytes back
Round trip time was 0.1447 milliseconds in repetition 342
tcp_ping received 8192 bytes back
Round trip time was 0.1277 milliseconds in repetition 343
tcp_ping received 8192 bytes back
Round trip time was 0.1268 milliseconds in repetition 344
tcp_ping received 8192 bytes back
Round trip time was 0.1277 milliseconds in repetition 345
tcp_ping received 8192 bytes back
Round trip time was 0.1315 milliseconds in repetition 346
tcp_ping received 8192 bytes back
Round trip time was 0.1321 milliseconds in repetition 347
tcp_ping received 8192 bytes back
Round trip time was 0.1288 milliseconds in repetition 348
tcp_ping received 8192 bytes back
Round trip time was 0.1264 milliseconds in repetition 349
tcp_ping received 8192 bytes back
Round trip time was 0.129 milliseconds in repetition 350
tcp_ping received 8192 bytes back
Round trip time was 0.1261 milliseconds in repetition 351
tcp_ping received 8192 bytes back
Round trip time was 0.1322 milliseconds in repetition 352
tcp_ping received 8192 bytes back
Round trip time was 0.1277 milliseconds in repetition 353
tcp_ping received 8192 bytes back
Round trip time was 0.1281 milliseconds in repetition 354
tcp_ping received 8192 bytes back
Round trip time was 0.1313 milliseconds in repetition 355
tcp_ping received 8192 bytes back
Round trip time was 0.127 milliseconds in repetition 356
tcp_ping received 8192 bytes back
Round trip time was 0.1468 milliseconds in repetition 357
tcp_ping received 8192 bytes back
Round trip time was 0.1378 milliseconds in repetition 358
tcp_ping received 8192 bytes back
Round trip time was 0.1412 milliseconds in repetition 359
tcp_ping received 8192 bytes back
Round trip time was 0.1332 milliseconds in repetition 360
tcp_ping received 8192 bytes back
Round trip time was 0.1308 milliseconds in repetition 361
tcp_ping received 8192 bytes back
Round trip time was 0.1528 milliseconds in repetition 362
tcp_ping received 8192 bytes back
Round trip time was 0.1484 milliseconds in repetition 363
tcp_ping received 8192 bytes back
Round trip time was 0.1301 milliseconds in repetition 364
tcp_ping received 8192 bytes back
Round trip time was 0.1348 milliseconds in repetition 365
tcp_ping received 8192 bytes back
Round trip time was 0.1319 milliseconds in repetition 366
tcp_ping received 8192 bytes back
Round trip time was 0.1306 milliseconds in repetition 367
tcp_ping received 8192 bytes back
Round trip time was 0.1386 milliseconds in repetition 368
tcp_ping received 8192 bytes back
Round trip time was 0.1295 milliseconds in repetition 369
tcp_ping received 8192 bytes back
Round trip time was 0.1265 milliseconds in repetition 370
tcp_ping received 8192 bytes back
Round trip time was 0.1289 milliseconds in repetition 371
tcp_ping received 8192 bytes back
Round trip time was 0.13 milliseconds in repetition 372
tcp_ping received 8192 bytes back
Round trip time was 0.1266 milliseconds in repetition 373
tcp_ping received 8192 bytes back
Round trip time was 0.1393 milliseconds in repetition 374
tcp_ping received 8192 bytes back
Round trip time was 0.1317 milliseconds in repetition 375
tcp_ping received 8192 bytes back
Round trip time was 0.1287 milliseconds in repetition 376
tcp_ping received 8192 bytes back
Round trip time was 0.1275 milliseconds in repetition 377
tcp_ping received 8192 bytes back
Round trip time was 0.128 milliseconds in repetition 378
tcp_ping received 8192 bytes back
Round trip time was 0.127 milliseconds in repetition 379
tcp_ping received 8192 bytes back
Round trip time was 0.1415 milliseconds in repetition 380
tcp_ping received 8192 bytes back
Round trip time was 0.131 milliseconds in repetition 381
tcp_ping received 8192 bytes back
Round trip time was 0.1269 milliseconds in repetition 382
tcp_ping received 8192 bytes back
Round trip time was 0.1274 milliseconds in repetition 383
tcp_ping received 8192 bytes back
Round trip time was 0.1286 milliseconds in repetition 384
tcp_ping received 8192 bytes back
Round trip time was 0.1304 milliseconds in repetition 385
tcp_ping received 8192 bytes back
Round trip time was 0.1306 milliseconds in repetition 386
tcp_ping received 8192 bytes back
Round trip time was 0.1436 milliseconds in repetition 387
tcp_ping received 8192 bytes back
Round trip time was 0.1284 milliseconds in repetition 388
tcp_ping received 8192 bytes back
Round trip time was 0.1308 milliseconds in repetition 389
tcp_ping received 8192 bytes back
Round trip time was 0.1261 milliseconds in repetition 390
tcp_ping received 8192 bytes back
Round trip time was 0.1312 milliseconds in repetition 391
tcp_ping received 8192 bytes back
Round trip time was 0.1418 milliseconds in repetition 392
tcp_ping received 8192 bytes back
Round trip time was 0.1528 milliseconds in repetition 393
tcp_ping received 8192 bytes back
Round trip time was 0.1384 milliseconds in repetition 394
tcp_ping received 8192 bytes back
Round trip time was 0.136 milliseconds in repetition 395
tcp_ping received 8192 bytes back
Round trip time was 0.1403 milliseconds in repetition 396
tcp_ping received 8192 bytes back
Round trip time was 0.1355 milliseconds in repetition 397
tcp_ping received 8192 bytes back
Round trip time was 0.1376 milliseconds in repetition 398
tcp_ping received 8192 bytes back
Round trip time was 0.1345 milliseconds in repetition 399
tcp_ping received 8192 bytes back
Round trip time was 0.1406 milliseconds in repetition 400
tcp_ping received 8192 bytes back
Round trip time was 0.1371 milliseconds in repetition 401
tcp_ping received 8192 bytes back
Round trip time was 0.1376 milliseconds in repetition 402
tcp_ping received 8192 bytes back
Round trip time was 0.1379 milliseconds in repetition 403
tcp_ping received 8192 bytes back
Round trip time was 0.1394 milliseconds in repetition 404
tcp_ping received 8192 bytes back
Round trip time was 0.1381 milliseconds in repetition 405
tcp_ping received 8192 bytes back
Round trip time was 0.1384 milliseconds in repetition 406
tcp_ping received 8192 bytes back
Round trip time was 0.1399 milliseconds in repetition 407
tcp_ping received 8192 bytes back
Round trip time was 0.1383 milliseconds in repetition 408
tcp_ping received 8192 bytes back
Round trip time was 0.135 milliseconds in repetition 409
tcp_ping received 8192 bytes back
Round trip time was 0.1399 milliseconds in repetition 410
tcp_ping received 8192 bytes back
Round trip time was 0.1346 milliseconds in repetition 411
tcp_ping received 8192 bytes back
Round trip time was 0.1355 milliseconds in repetition 412
tcp_ping received 8192 bytes back
Round trip time was 0.1378 milliseconds in repetition 413
tcp_ping received 8192 bytes back
Round trip time was 0.1358 milliseconds in repetition 414
tcp_ping received 8192 bytes back
Round trip time was 0.1355 milliseconds in repetition 415
tcp_ping received 8192 bytes back
Round trip time was 0.1361 milliseconds in repetition 416
tcp_ping received 8192 bytes back
Round trip time was 0.1348 milliseconds in repetition 417
tcp_ping received 8192 bytes back
Round trip time was 0.1363 milliseconds in repetition 418
tcp_ping received 8192 bytes back
Round trip time was 0.2553 milliseconds in repetition 419
tcp_ping received 8192 bytes back
Round trip time was 0.14 milliseconds in repetition 420
tcp_ping received 8192 bytes back
Round trip time was 0.1384 milliseconds in repetition 421
tcp_ping received 8192 bytes back
Round trip time was 0.1703 milliseconds in repetition 422
tcp_ping received 8192 bytes back
Round trip time was 0.1164 milliseconds in repetition 423
tcp_ping received 8192 bytes back
Round trip time was 0.1958 milliseconds in repetition 424
tcp_ping received 8192 bytes back
Round trip time was 0.1765 milliseconds in repetition 425
tcp_ping received 8192 bytes back
Round trip time was 0.1858 milliseconds in repetition 426
tcp_ping received 8192 bytes back
Round trip time was 0.1307 milliseconds in repetition 427
tcp_ping received 8192 bytes back
Round trip time was 0.1185 milliseconds in repetition 428
tcp_ping received 8192 bytes back
Round trip time was 0.1176 milliseconds in repetition 429
tcp_ping received 8192 bytes back
Round trip time was 0.1269 milliseconds in repetition 430
tcp_ping received 8192 bytes back
Round trip time was 0.1547 milliseconds in repetition 431
tcp_ping received 8192 bytes back
Round trip time was 0.1568 milliseconds in repetition 432
tcp_ping received 8192 bytes back
Round trip time was 0.1447 milliseconds in repetition 433
tcp_ping received 8192 bytes back
Round trip time was 0.1725 milliseconds in repetition 434
tcp_ping received 8192 bytes back
Round trip time was 0.167 milliseconds in repetition 435
tcp_ping received 8192 bytes back
Round trip time was 0.1531 milliseconds in repetition 436
tcp_ping received 8192 bytes back
Round trip time was 0.131 milliseconds in repetition 437
tcp_ping received 8192 bytes back
Round trip time was 0.1282 milliseconds in repetition 438
tcp_ping received 8192 bytes back
Round trip time was 0.1281 milliseconds in repetition 439
tcp_ping received 8192 bytes back
Round trip time was 0.1259 milliseconds in repetition 440
tcp_ping received 8192 bytes back
Round trip time was 0.1405 milliseconds in repetition 441
tcp_ping received 8192 bytes back
Round trip time was 0.17 milliseconds in repetition 442
tcp_ping received 8192 bytes back
Round trip time was 0.1716 milliseconds in repetition 443
tcp_ping received 8192 bytes back
Round trip time was 0.169 milliseconds in repetition 444
tcp_ping received 8192 bytes back
Round trip time was 0.1679 milliseconds in repetition 445
tcp_ping received 8192 bytes back
Round trip time was 0.1698 milliseconds in repetition 446
tcp_ping received 8192 bytes back
Round trip time was 0.164 milliseconds in repetition 447
tcp_ping received 8192 bytes back
Round trip time was 0.1627 milliseconds in repetition 448
tcp_ping received 8192 bytes back
Round trip time was 0.1624 milliseconds in repetition 449
tcp_ping received 8192 bytes back
Round trip time was 0.1629 milliseconds in repetition 450
tcp_ping received 8192 bytes back
Round trip time was 0.1322 milliseconds in repetition 451
tcp_ping received 8192 bytes back
Round trip time was 0.1653 milliseconds in repetition 452
tcp_ping received 8192 bytes back
Round trip time was 0.1641 milliseconds in repetition 453
tcp_ping received 8192 bytes back
Round trip time was 0.1658 milliseconds in repetition 454
tcp_ping received 8192 bytes back
Round trip time was 0.1614 milliseconds in repetition 455
tcp_ping received 8192 bytes back
Round trip time was 0.1612 milliseconds in repetition 456
tcp_ping received 8192 bytes back
Round trip time was 0.1399 milliseconds in repetition 457
tcp_ping received 8192 bytes back
Round trip time was 0.1739 milliseconds in repetition 458
tcp_ping received 8192 bytes back
Round trip time was 0.1679 milliseconds in repetition 459
tcp_ping received 8192 bytes back
Round trip time was 0.1675 milliseconds in repetition 460
tcp_ping received 8192 bytes back
Round trip time was 0.167 milliseconds in repetition 461
tcp_ping received 8192 bytes back
Round trip time was 0.1723 milliseconds in repetition 462
tcp_ping received 8192 bytes back
Round trip time was 0.1694 milliseconds in repetition 463
tcp_ping received 8192 bytes back
Round trip time was 0.1624 milliseconds in repetition 464
tcp_ping received 8192 bytes back
Round trip time was 0.1249 milliseconds in repetition 465
tcp_ping received 8192 bytes back
Round trip time was 0.1182 milliseconds in repetition 466
tcp_ping received 8192 bytes back
Round trip time was 0.13 milliseconds in repetition 467
tcp_ping received 8192 bytes back
Round trip time was 0.1239 milliseconds in repetition 468
tcp_ping received 8192 bytes back
Round trip time was 0.1321 milliseconds in repetition 469
tcp_ping received 8192 bytes back
Round trip time was 0.1181 milliseconds in repetition 470
tcp_ping received 8192 bytes back
Round trip time was 0.1164 milliseconds in repetition 471
tcp_ping received 8192 bytes back
Round trip time was 0.1159 milliseconds in repetition 472
tcp_ping received 8192 bytes back
Round trip time was 0.1179 milliseconds in repetition 473
tcp_ping received 8192 bytes back
Round trip time was 0.1261 milliseconds in repetition 474
tcp_ping received 8192 bytes back
Round trip time was 0.1476 milliseconds in repetition 475
tcp_ping received 8192 bytes back
Round trip time was 0.1416 milliseconds in repetition 476
tcp_ping received 8192 bytes back
Round trip time was 0.1197 milliseconds in repetition 477
tcp_ping received 8192 bytes back
Round trip time was 0.117 milliseconds in repetition 478
tcp_ping received 8192 bytes back
Round trip time was 0.1212 milliseconds in repetition 479
tcp_ping received 8192 bytes back
Round trip time was 0.1328 milliseconds in repetition 480
tcp_ping received 8192 bytes back
Round trip time was 0.1307 milliseconds in repetition 481
tcp_ping received 8192 bytes back
Round trip time was 0.1368 milliseconds in repetition 482
tcp_ping received 8192 bytes back
Round trip time was 0.1338 milliseconds in repetition 483
tcp_ping received 8192 bytes back
Round trip time was 0.1177 milliseconds in repetition 484
tcp_ping received 8192 bytes back
Round trip time was 0.1196 milliseconds in repetition 485
tcp_ping received 8192 bytes back
Round trip time was 0.12 milliseconds in repetition 486
tcp_ping received 8192 bytes back
Round trip time was 0.1209 milliseconds in repetition 487
tcp_ping received 8192 bytes back
Round trip time was 0.1167 milliseconds in repetition 488
tcp_ping received 8192 bytes back
Round trip time was 0.1267 milliseconds in repetition 489
tcp_ping received 8192 bytes back
Round trip time was 0.1257 milliseconds in repetition 490
tcp_ping received 8192 bytes back
Round trip time was 0.1358 milliseconds in repetition 491
tcp_ping received 8192 bytes back
Round trip time was 0.1221 milliseconds in repetition 492
tcp_ping received 8192 bytes back
Round trip time was 0.1202 milliseconds in repetition 493
tcp_ping received 8192 bytes back
Round trip time was 0.1172 milliseconds in repetition 494
tcp_ping received 8192 bytes back
Round trip time was 0.1202 milliseconds in repetition 495
tcp_ping received 8192 bytes back
Round trip time was 0.1417 milliseconds in repetition 496
tcp_ping received 8192 bytes back
Round trip time was 0.1414 milliseconds in repetition 497
tcp_ping received 8192 bytes back
Round trip time was 0.1124 milliseconds in repetition 498
tcp_ping received 8192 bytes back
Round trip time was 0.1152 milliseconds in repetition 499
tcp_ping received 8192 bytes back
Round trip time was 0.1139 milliseconds in repetition 500
tcp_ping received 8192 bytes back
Round trip time was 0.1129 milliseconds in repetition 501

 ... clock resolution was 1e-06
TCP Ping:  Statistics over 501 repetitions of 8192 byte messages

RTT : percentile 10: 0.1265, median: 0.1476, percentile 90: 0.196, average: 0.156722, variance: 0.00100609

RTT histogram:
0.112399 10
0.12216 54
0.13192 109
0.14168 72
0.15144 42
0.1612 38
0.17096 52
0.18072 33
0.19048 36
0.20024 23
0.21 14
0.21976 2
0.22952 4
0.23928 2
0.24904 2
0.2588 2
0.26856 3
0.27832 0
0.28808 1
0.29784 0
0.3076 2

   median Throughput : 111003 KB/s   overall Throughput : 104542 KB/s

