TCP Ping trying to connect to server localhost (127.0.0.1) on port 1491
 ... connected to Pong server: asking for 501 repetitions of 1536 bytes TCP messages
 ... Pong server agreed :-)
tcp_ping received 1536 bytes back
Round trip time was 0.5691 milliseconds in repetition 1
tcp_ping received 1536 bytes back
Round trip time was 0.5894 milliseconds in repetition 2
tcp_ping received 1536 bytes back
Round trip time was 0.4915 milliseconds in repetition 3
tcp_ping received 1536 bytes back
Round trip time was 0.5696 milliseconds in repetition 4
tcp_ping received 1536 bytes back
Round trip time was 0.5148 milliseconds in repetition 5
tcp_ping received 1536 bytes back
Round trip time was 0.5527 milliseconds in repetition 6
tcp_ping received 1536 bytes back
Round trip time was 0.5114 milliseconds in repetition 7
tcp_ping received 1536 bytes back
Round trip time was 0.5091 milliseconds in repetition 8
tcp_ping received 1536 bytes back
Round trip time was 0.5571 milliseconds in repetition 9
tcp_ping received 1536 bytes back
Round trip time was 0.5144 milliseconds in repetition 10
tcp_ping received 1536 bytes back
Round trip time was 0.6038 milliseconds in repetition 11
tcp_ping received 1536 bytes back
Round trip time was 0.4987 milliseconds in repetition 12
tcp_ping received 1536 bytes back
Round trip time was 0.5561 milliseconds in repetition 13
tcp_ping received 1536 bytes back
Round trip time was 0.7026 milliseconds in repetition 14
tcp_ping received 1536 bytes back
Round trip time was 0.5705 milliseconds in repetition 15
tcp_ping received 1536 bytes back
Round trip time was 0.5083 milliseconds in repetition 16
tcp_ping received 1536 bytes back
Round trip time was 0.5018 milliseconds in repetition 17
tcp_ping received 1536 bytes back
Round trip time was 0.4548 milliseconds in repetition 18
tcp_ping received 1536 bytes back
Round trip time was 0.4539 milliseconds in repetition 19
tcp_ping received 1536 bytes back
Round trip time was 0.5105 milliseconds in repetition 20
tcp_ping received 1536 bytes back
Round trip time was 0.4916 milliseconds in repetition 21
tcp_ping received 1536 bytes back
Round trip time was 0.4519 milliseconds in repetition 22
tcp_ping received 1536 bytes back
Round trip time was 0.4846 milliseconds in repetition 23
tcp_ping received 1536 bytes back
Round trip time was 0.4423 milliseconds in repetition 24
tcp_ping received 1536 bytes back
Round trip time was 0.5584 milliseconds in repetition 25
tcp_ping received 1536 bytes back
Round trip time was 0.4249 milliseconds in repetition 26
tcp_ping received 1536 bytes back
Round trip time was 0.5089 milliseconds in repetition 27
tcp_ping received 1536 bytes back
Round trip time was 0.4286 milliseconds in repetition 28
tcp_ping received 1536 bytes back
Round trip time was 0.4274 milliseconds in repetition 29
tcp_ping received 1536 bytes back
Round trip time was 0.3485 milliseconds in repetition 30
tcp_ping received 1536 bytes back
Round trip time was 0.3332 milliseconds in repetition 31
tcp_ping received 1536 bytes back
Round trip time was 0.3697 milliseconds in repetition 32
tcp_ping received 1536 bytes back
Round trip time was 0.5082 milliseconds in repetition 33
tcp_ping received 1536 bytes back
Round trip time was 0.4538 milliseconds in repetition 34
tcp_ping received 1536 bytes back
Round trip time was 0.326 milliseconds in repetition 35
tcp_ping received 1536 bytes back
Round trip time was 0.4872 milliseconds in repetition 36
tcp_ping received 1536 bytes back
Round trip time was 0.5518 milliseconds in repetition 37
tcp_ping received 1536 bytes back
Round trip time was 0.4916 milliseconds in repetition 38
tcp_ping received 1536 bytes back
Round trip time was 0.5275 milliseconds in repetition 39
tcp_ping received 1536 bytes back
Round trip time was 0.4831 milliseconds in repetition 40
tcp_ping received 1536 bytes back
Round trip time was 0.4185 milliseconds in repetition 41
tcp_ping received 1536 bytes back
Round trip time was 0.3817 milliseconds in repetition 42
tcp_ping received 1536 bytes back
Round trip time was 0.4302 milliseconds in repetition 43
tcp_ping received 1536 bytes back
Round trip time was 0.6097 milliseconds in repetition 44
tcp_ping received 1536 bytes back
Round trip time was 0.5496 milliseconds in repetition 45
tcp_ping received 1536 bytes back
Round trip time was 0.5218 milliseconds in repetition 46
tcp_ping received 1536 bytes back
Round trip time was 0.5129 milliseconds in repetition 47
tcp_ping received 1536 bytes back
Round trip time was 0.5209 milliseconds in repetition 48
tcp_ping received 1536 bytes back
Round trip time was 0.477 milliseconds in repetition 49
tcp_ping received 1536 bytes back
Round trip time was 0.5183 milliseconds in repetition 50
tcp_ping received 1536 bytes back
Round trip time was 0.5115 milliseconds in repetition 51
tcp_ping received 1536 bytes back
Round trip time was 0.4832 milliseconds in repetition 52
tcp_ping received 1536 bytes back
Round trip time was 0.5091 milliseconds in repetition 53
tcp_ping received 1536 bytes back
Round trip time was 0.5654 milliseconds in repetition 54
tcp_ping received 1536 bytes back
Round trip time was 0.5293 milliseconds in repetition 55
tcp_ping received 1536 bytes back
Round trip time was 0.6471 milliseconds in repetition 56
tcp_ping received 1536 bytes back
Round trip time was 0.4723 milliseconds in repetition 57
tcp_ping received 1536 bytes back
Round trip time was 0.5157 milliseconds in repetition 58
tcp_ping received 1536 bytes back
Round trip time was 0.4863 milliseconds in repetition 59
tcp_ping received 1536 bytes back
Round trip time was 0.4994 milliseconds in repetition 60
tcp_ping received 1536 bytes back
Round trip time was 0.483 milliseconds in repetition 61
tcp_ping received 1536 bytes back
Round trip time was 0.6135 milliseconds in repetition 62
tcp_ping received 1536 bytes back
Round trip time was 0.5598 milliseconds in repetition 63
tcp_ping received 1536 bytes back
Round trip time was 0.5297 milliseconds in repetition 64
tcp_ping received 1536 bytes back
Round trip time was 0.5508 milliseconds in repetition 65
tcp_ping received 1536 bytes back
Round trip time was 0.582 milliseconds in repetition 66
tcp_ping received 1536 bytes back
Round trip time was 0.541 milliseconds in repetition 67
tcp_ping received 1536 bytes back
Round trip time was 0.5317 milliseconds in repetition 68
tcp_ping received 1536 bytes back
Round trip time was 0.6056 milliseconds in repetition 69
tcp_ping received 1536 bytes back
Round trip time was 0.5744 milliseconds in repetition 70
tcp_ping received 1536 bytes back
Round trip time was 0.5156 milliseconds in repetition 71
tcp_ping received 1536 bytes back
Round trip time was 0.4377 milliseconds in repetition 72
tcp_ping received 1536 bytes back
Round trip time was 0.495 milliseconds in repetition 73
tcp_ping received 1536 bytes back
Round trip time was 0.5858 milliseconds in repetition 74
tcp_ping received 1536 bytes back
Round trip time was 0.5257 milliseconds in repetition 75
tcp_ping received 1536 bytes back
Round trip time was 0.6691 milliseconds in repetition 76
tcp_ping received 1536 bytes back
Round trip time was 0.5359 milliseconds in repetition 77
tcp_ping received 1536 bytes back
Round trip time was 0.4743 milliseconds in repetition 78
tcp_ping received 1536 bytes back
Round trip time was 0.4318 milliseconds in repetition 79
tcp_ping received 1536 bytes back
Round trip time was 0.4311 milliseconds in repetition 80
tcp_ping received 1536 bytes back
Round trip time was 0.4708 milliseconds in repetition 81
tcp_ping received 1536 bytes back
Round trip time was 0.5444 milliseconds in repetition 82
tcp_ping received 1536 bytes back
Round trip time was 0.6347 milliseconds in repetition 83
tcp_ping received 1536 bytes back
Round trip time was 0.4803 milliseconds in repetition 84
tcp_ping received 1536 bytes back
Round trip time was 0.4838 milliseconds in repetition 85
tcp_ping received 1536 bytes back
Round trip time was 0.3932 milliseconds in repetition 86
tcp_ping received 1536 bytes back
Round trip time was 0.5146 milliseconds in repetition 87
tcp_ping received 1536 bytes back
Round trip time was 0.4823 milliseconds in repetition 88
tcp_ping received 1536 bytes back
Round trip time was 0.5299 milliseconds in repetition 89
tcp_ping received 1536 bytes back
Round trip time was 0.5064 milliseconds in repetition 90
tcp_ping received 1536 bytes back
Round trip time was 0.5162 milliseconds in repetition 91
tcp_ping received 1536 bytes back
Round trip time was 0.5089 milliseconds in repetition 92
tcp_ping received 1536 bytes back
Round trip time was 0.5684 milliseconds in repetition 93
tcp_ping received 1536 bytes back
Round trip time was 0.5458 milliseconds in repetition 94
tcp_ping received 1536 bytes back
Round trip time was 0.5665 milliseconds in repetition 95
tcp_ping received 1536 bytes back
Round trip time was 0.5618 milliseconds in repetition 96
tcp_ping received 1536 bytes back
Round trip time was 0.5321 milliseconds in repetition 97
tcp_ping received 1536 bytes back
Round trip time was 0.5501 milliseconds in repetition 98
tcp_ping received 1536 bytes back
Round trip time was 0.5432 milliseconds in repetition 99
tcp_ping received 1536 bytes back
Round trip time was 0.5267 milliseconds in repetition 100
tcp_ping received 1536 bytes back
Round trip time was 0.5299 milliseconds in repetition 101
tcp_ping received 1536 bytes back
Round trip time was 0.4672 milliseconds in repetition 102
tcp_ping received 1536 bytes back
Round trip time was 0.5574 milliseconds in repetition 103
tcp_ping received 1536 bytes back
Round trip time was 0.4822 milliseconds in repetition 104
tcp_ping received 1536 bytes back
Round trip time was 0.5352 milliseconds in repetition 105
tcp_ping received 1536 bytes back
Round trip time was 0.5349 milliseconds in repetition 106
tcp_ping received 1536 bytes back
Round trip time was 0.4854 milliseconds in repetition 107
tcp_ping received 1536 bytes back
Round trip time was 0.3603 milliseconds in repetition 108
tcp_ping received 1536 bytes back
Round trip time was 0.4852 milliseconds in repetition 109
tcp_ping received 1536 bytes back
Round trip time was 0.3832 milliseconds in repetition 110
tcp_ping received 1536 bytes back
Round trip time was 0.5477 milliseconds in repetition 111
tcp_ping received 1536 bytes back
Round trip time was 0.5303 milliseconds in repetition 112
tcp_ping received 1536 bytes back
Round trip time was 0.54 milliseconds in repetition 113
tcp_ping received 1536 bytes back
Round trip time was 0.5644 milliseconds in repetition 114
tcp_ping received 1536 bytes back
Round trip time was 0.5545 milliseconds in repetition 115
tcp_ping received 1536 bytes back
Round trip time was 0.5609 milliseconds in repetition 116
tcp_ping received 1536 bytes back
Round trip time was 0.4641 milliseconds in repetition 117
tcp_ping received 1536 bytes back
Round trip time was 0.4876 milliseconds in repetition 118
tcp_ping received 1536 bytes back
Round trip time was 0.4675 milliseconds in repetition 119
tcp_ping received 1536 bytes back
Round trip time was 0.4749 milliseconds in repetition 120
tcp_ping received 1536 bytes back
Round trip time was 0.4586 milliseconds in repetition 121
tcp_ping received 1536 bytes back
Round trip time was 0.4304 milliseconds in repetition 122
tcp_ping received 1536 bytes back
Round trip time was 0.4829 milliseconds in repetition 123
tcp_ping received 1536 bytes back
Round trip time was 0.465 milliseconds in repetition 124
tcp_ping received 1536 bytes back
Round trip time was 0.6176 milliseconds in repetition 125
tcp_ping received 1536 bytes back
Round trip time was 0.5506 milliseconds in repetition 126
tcp_ping received 1536 bytes back
Round trip time was 0.4551 milliseconds in repetition 127
tcp_ping received 1536 bytes back
Round trip time was 0.7027 milliseconds in repetition 128
tcp_ping received 1536 bytes back
Round trip time was 0.6073 milliseconds in repetition 129
tcp_ping received 1536 bytes back
Round trip time was 0.4552 milliseconds in repetition 130
tcp_ping received 1536 bytes back
Round trip time was 0.4177 milliseconds in repetition 131
tcp_ping received 1536 bytes back
Round trip time was 0.4221 milliseconds in repetition 132
tcp_ping received 1536 bytes back
Round trip time was 0.4715 milliseconds in repetition 133
tcp_ping received 1536 bytes back
Round trip time was 0.4547 milliseconds in repetition 134
tcp_ping received 1536 bytes back
Round trip time was 0.4646 milliseconds in repetition 135
tcp_ping received 1536 bytes back
Round trip time was 0.457 milliseconds in repetition 136
tcp_ping received 1536 bytes back
Round trip time was 0.4827 milliseconds in repetition 137
tcp_ping received 1536 bytes back
Round trip time was 0.3724 milliseconds in repetition 138
tcp_ping received 1536 bytes back
Round trip time was 0.3932 milliseconds in repetition 139
tcp_ping received 1536 bytes back
Round trip time was 0.4664 milliseconds in repetition 140
tcp_ping received 1536 bytes back
Round trip time was 0.4582 milliseconds in repetition 141
tcp_ping received 1536 bytes back
Round trip time was 0.3874 milliseconds in repetition 142
tcp_ping received 1536 bytes back
Round trip time was 0.3511 milliseconds in repetition 143
tcp_ping received 1536 bytes back
Round trip time was 0.535 milliseconds in repetition 144
tcp_ping received 1536 bytes back
Round trip time was 0.4586 milliseconds in repetition 145
tcp_ping received 1536 bytes back
Round trip time was 0.4666 milliseconds in repetition 146
tcp_ping received 1536 bytes back
Round trip time was 0.5025 milliseconds in repetition 147
tcp_ping received 1536 bytes back
Round trip time was 0.4745 milliseconds in repetition 148
tcp_ping received 1536 bytes back
Round trip time was 0.4673 milliseconds in repetition 149
tcp_ping received 1536 bytes back
Round trip time was 0.3918 milliseconds in repetition 150
tcp_ping received 1536 bytes back
Round trip time was 0.4909 milliseconds in repetition 151
tcp_ping received 1536 bytes back
Round trip time was 0.4657 milliseconds in repetition 152
tcp_ping received 1536 bytes back
Round trip time was 0.4662 milliseconds in repetition 153
tcp_ping received 1536 bytes back
Round trip time was 0.486 milliseconds in repetition 154
tcp_ping received 1536 bytes back
Round trip time was 0.3447 milliseconds in repetition 155
tcp_ping received 1536 bytes back
Round trip time was 0.4695 milliseconds in repetition 156
tcp_ping received 1536 bytes back
Round trip time was 0.4904 milliseconds in repetition 157
tcp_ping received 1536 bytes back
Round trip time was 0.474 milliseconds in repetition 158
tcp_ping received 1536 bytes back
Round trip time was 0.4706 milliseconds in repetition 159
tcp_ping received 1536 bytes back
Round trip time was 0.4921 milliseconds in repetition 160
tcp_ping received 1536 bytes back
Round trip time was 0.4638 milliseconds in repetition 161
tcp_ping received 1536 bytes back
Round trip time was 0.4789 milliseconds in repetition 162
tcp_ping received 1536 bytes back
Round trip time was 0.4856 milliseconds in repetition 163
tcp_ping received 1536 bytes back
Round trip time was 0.3936 milliseconds in repetition 164
tcp_ping received 1536 bytes back
Round trip time was 0.4001 milliseconds in repetition 165
tcp_ping received 1536 bytes back
Round trip time was 0.4396 milliseconds in repetition 166
tcp_ping received 1536 bytes back
Round trip time was 0.4389 milliseconds in repetition 167
tcp_ping received 1536 bytes back
Round trip time was 0.455 milliseconds in repetition 168
tcp_ping received 1536 bytes back
Round trip time was 0.4277 milliseconds in repetition 169
tcp_ping received 1536 bytes back
Round trip time was 0.5557 milliseconds in repetition 170
tcp_ping received 1536 bytes back
Round trip time was 0.4326 milliseconds in repetition 171
tcp_ping received 1536 bytes back
Round trip time was 0.4873 milliseconds in repetition 172
tcp_ping received 1536 bytes back
Round trip time was 0.5327 milliseconds in repetition 173
tcp_ping received 1536 bytes back
Round trip time was 0.4772 milliseconds in repetition 174
tcp_ping received 1536 bytes back
Round trip time was 0.3722 milliseconds in repetition 175
tcp_ping received 1536 bytes back
Round trip time was 0.5002 milliseconds in repetition 176
tcp_ping received 1536 bytes back
Round trip time was 0.5251 milliseconds in repetition 177
tcp_ping received 1536 bytes back
Round trip time was 0.4314 milliseconds in repetition 178
tcp_ping received 1536 bytes back
Round trip time was 0.4974 milliseconds in repetition 179
tcp_ping received 1536 bytes back
Round trip time was 0.4564 milliseconds in repetition 180
tcp_ping received 1536 bytes back
Round trip time was 0.446 milliseconds in repetition 181
tcp_ping received 1536 bytes back
Round trip time was 0.4572 milliseconds in repetition 182
tcp_ping received 1536 bytes back
Round trip time was 0.4087 milliseconds in repetition 183
tcp_ping received 1536 bytes back
Round trip time was 0.4314 milliseconds in repetition 184
tcp_ping received 1536 bytes back
Round trip time was 0.4168 milliseconds in repetition 185
tcp_ping received 1536 bytes back
Round trip time was 0.4201 milliseconds in repetition 186
tcp_ping received 1536 bytes back
Round trip time was 0.4123 milliseconds in repetition 187
tcp_ping received 1536 bytes back
Round trip time was 0.3839 milliseconds in repetition 188
tcp_ping received 1536 bytes back
Round trip time was 0.4102 milliseconds in repetition 189
tcp_ping received 1536 bytes back
Round trip time was 0.4371 milliseconds in repetition 190
tcp_ping received 1536 bytes back
Round trip time was 0.4136 milliseconds in repetition 191
tcp_ping received 1536 bytes back
Round trip time was 0.3605 milliseconds in repetition 192
tcp_ping received 1536 bytes back
Round trip time was 0.3653 milliseconds in repetition 193
tcp_ping received 1536 bytes back
Round trip time was 0.359 milliseconds in repetition 194
tcp_ping received 1536 bytes back
Round trip time was 0.3667 milliseconds in repetition 195
tcp_ping received 1536 bytes back
Round trip time was 0.5653 milliseconds in repetition 196
tcp_ping received 1536 bytes back
Round trip time was 0.416 milliseconds in repetition 197
tcp_ping received 1536 bytes back
Round trip time was 0.507 milliseconds in repetition 198
tcp_ping received 1536 bytes back
Round trip time was 0.4521 milliseconds in repetition 199
tcp_ping received 1536 bytes back
Round trip time was 0.435 milliseconds in repetition 200
tcp_ping received 1536 bytes back
Round trip time was 0.4126 milliseconds in repetition 201
tcp_ping received 1536 bytes back
Round trip time was 0.489 milliseconds in repetition 202
tcp_ping received 1536 bytes back
Round trip time was 0.5335 milliseconds in repetition 203
tcp_ping received 1536 bytes back
Round trip time was 0.4493 milliseconds in repetition 204
tcp_ping received 1536 bytes back
Round trip time was 0.386 milliseconds in repetition 205
tcp_ping received 1536 bytes back
Round trip time was 0.4878 milliseconds in repetition 206
tcp_ping received 1536 bytes back
Round trip time was 0.379 milliseconds in repetition 207
tcp_ping received 1536 bytes back
Round trip time was 0.3808 milliseconds in repetition 208
tcp_ping received 1536 bytes back
Round trip time was 0.4416 milliseconds in repetition 209
tcp_ping received 1536 bytes back
Round trip time was 0.421 milliseconds in repetition 210
tcp_ping received 1536 bytes back
Round trip time was 0.4033 milliseconds in repetition 211
tcp_ping received 1536 bytes back
Round trip time was 0.3769 milliseconds in repetition 212
tcp_ping received 1536 bytes back
Round trip time was 0.4097 milliseconds in repetition 213
tcp_ping received 1536 bytes back
Round trip time was 0.4441 milliseconds in repetition 214
tcp_ping received 1536 bytes back
Round trip time was 0.4153 milliseconds in repetition 215
tcp_ping received 1536 bytes back
Round trip time was 0.4096 milliseconds in repetition 216
tcp_ping received 1536 bytes back
Round trip time was 0.428 milliseconds in repetition 217
tcp_ping received 1536 bytes back
Round trip time was 0.447 milliseconds in repetition 218
tcp_ping received 1536 bytes back
Round trip time was 0.6272 milliseconds in repetition 219
tcp_ping received 1536 bytes back
Round trip time was 0.3883 milliseconds in repetition 220
tcp_ping received 1536 bytes back
Round trip time was 0.4508 milliseconds in repetition 221
tcp_ping received 1536 bytes back
Round trip time was 0.427 milliseconds in repetition 222
tcp_ping received 1536 bytes back
Round trip time was 0.4096 milliseconds in repetition 223
tcp_ping received 1536 bytes back
Round trip time was 0.476 milliseconds in repetition 224
tcp_ping received 1536 bytes back
Round trip time was 0.5258 milliseconds in repetition 225
tcp_ping received 1536 bytes back
Round trip time was 0.3584 milliseconds in repetition 226
tcp_ping received 1536 bytes back
Round trip time was 0.3771 milliseconds in repetition 227
tcp_ping received 1536 bytes back
Round trip time was 0.4171 milliseconds in repetition 228
tcp_ping received 1536 bytes back
Round trip time was 0.4107 milliseconds in repetition 229
tcp_ping received 1536 bytes back
Round trip time was 0.4432 milliseconds in repetition 230
tcp_ping received 1536 bytes back
Round trip time was 0.4912 milliseconds in repetition 231
tcp_ping received 1536 bytes back
Round trip time was 0.4313 milliseconds in repetition 232
tcp_ping received 1536 bytes back
Round trip time was 0.4746 milliseconds in repetition 233
tcp_ping received 1536 bytes back
Round trip time was 0.4483 milliseconds in repetition 234
tcp_ping received 1536 bytes back
Round trip time was 0.4868 milliseconds in repetition 235
tcp_ping received 1536 bytes back
Round trip time was 0.5247 milliseconds in repetition 236
tcp_ping received 1536 bytes back
Round trip time was 0.3951 milliseconds in repetition 237
tcp_ping received 1536 bytes back
Round trip time was 0.4847 milliseconds in repetition 238
tcp_ping received 1536 bytes back
Round trip time was 0.4737 milliseconds in repetition 239
tcp_ping received 1536 bytes back
Round trip time was 0.4776 milliseconds in repetition 240
tcp_ping received 1536 bytes back
Round trip time was 0.4539 milliseconds in repetition 241
tcp_ping received 1536 bytes back
Round trip time was 0.5286 milliseconds in repetition 242
tcp_ping received 1536 bytes back
Round trip time was 0.4558 milliseconds in repetition 243
tcp_ping received 1536 bytes back
Round trip time was 0.3683 milliseconds in repetition 244
tcp_ping received 1536 bytes back
Round trip time was 0.4042 milliseconds in repetition 245
tcp_ping received 1536 bytes back
Round trip time was 0.4651 milliseconds in repetition 246
tcp_ping received 1536 bytes back
Round trip time was 0.4194 milliseconds in repetition 247
tcp_ping received 1536 bytes back
Round trip time was 0.5429 milliseconds in repetition 248
tcp_ping received 1536 bytes back
Round trip time was 0.4605 milliseconds in repetition 249
tcp_ping received 1536 bytes back
Round trip time was 0.4838 milliseconds in repetition 250
tcp_ping received 1536 bytes back
Round trip time was 0.4103 milliseconds in repetition 251
tcp_ping received 1536 bytes back
Round trip time was 0.5043 milliseconds in repetition 252
tcp_ping received 1536 bytes back
Round trip time was 0.3677 milliseconds in repetition 253
tcp_ping received 1536 bytes back
Round trip time was 0.3493 milliseconds in repetition 254
tcp_ping received 1536 bytes back
Round trip time was 0.3774 milliseconds in repetition 255
tcp_ping received 1536 bytes back
Round trip time was 0.4565 milliseconds in repetition 256
tcp_ping received 1536 bytes back
Round trip time was 0.3132 milliseconds in repetition 257
tcp_ping received 1536 bytes back
Round trip time was 0.4867 milliseconds in repetition 258
tcp_ping received 1536 bytes back
Round trip time was 0.3467 milliseconds in repetition 259
tcp_ping received 1536 bytes back
Round trip time was 0.2978 milliseconds in repetition 260
tcp_ping received 1536 bytes back
Round trip time was 0.4315 milliseconds in repetition 261
tcp_ping received 1536 bytes back
Round trip time was 0.5338 milliseconds in repetition 262
tcp_ping received 1536 bytes back
Round trip time was 0.487 milliseconds in repetition 263
tcp_ping received 1536 bytes back
Round trip time was 0.7163 milliseconds in repetition 264
tcp_ping received 1536 bytes back
Round trip time was 0.4973 milliseconds in repetition 265
tcp_ping received 1536 bytes back
Round trip time was 0.4681 milliseconds in repetition 266
tcp_ping received 1536 bytes back
Round trip time was 0.4785 milliseconds in repetition 267
tcp_ping received 1536 bytes back
Round trip time was 0.4732 milliseconds in repetition 268
tcp_ping received 1536 bytes back
Round trip time was 0.4644 milliseconds in repetition 269
tcp_ping received 1536 bytes back
Round trip time was 0.4721 milliseconds in repetition 270
tcp_ping received 1536 bytes back
Round trip time was 0.4681 milliseconds in repetition 271
tcp_ping received 1536 bytes back
Round trip time was 0.4585 milliseconds in repetition 272
tcp_ping received 1536 bytes back
Round trip time was 0.4674 milliseconds in repetition 273
tcp_ping received 1536 bytes back
Round trip time was 0.4875 milliseconds in repetition 274
tcp_ping received 1536 bytes back
Round trip time was 0.4653 milliseconds in repetition 275
tcp_ping received 1536 bytes back
Round trip time was 0.4645 milliseconds in repetition 276
tcp_ping received 1536 bytes back
Round trip time was 0.5318 milliseconds in repetition 277
tcp_ping received 1536 bytes back
Round trip time was 0.4716 milliseconds in repetition 278
tcp_ping received 1536 bytes back
Round trip time was 0.4904 milliseconds in repetition 279
tcp_ping received 1536 bytes back
Round trip time was 0.4684 milliseconds in repetition 280
tcp_ping received 1536 bytes back
Round trip time was 0.4048 milliseconds in repetition 281
tcp_ping received 1536 bytes back
Round trip time was 0.4246 milliseconds in repetition 282
tcp_ping received 1536 bytes back
Round trip time was 0.3086 milliseconds in repetition 283
tcp_ping received 1536 bytes back
Round trip time was 0.4477 milliseconds in repetition 284
tcp_ping received 1536 bytes back
Round trip time was 0.4188 milliseconds in repetition 285
tcp_ping received 1536 bytes back
Round trip time was 0.476 milliseconds in repetition 286
tcp_ping received 1536 bytes back
Round trip time was 0.4853 milliseconds in repetition 287
tcp_ping received 1536 bytes back
Round trip time was 0.4867 milliseconds in repetition 288
tcp_ping received 1536 bytes back
Round trip time was 0.4799 milliseconds in repetition 289
tcp_ping received 1536 bytes back
Round trip time was 0.4696 milliseconds in repetition 290
tcp_ping received 1536 bytes back
Round trip time was 0.4705 milliseconds in repetition 291
tcp_ping received 1536 bytes back
Round trip time was 0.4951 milliseconds in repetition 292
tcp_ping received 1536 bytes back
Round trip time was 0.4699 milliseconds in repetition 293
tcp_ping received 1536 bytes back
Round trip time was 0.4361 milliseconds in repetition 294
tcp_ping received 1536 bytes back
Round trip time was 0.4953 milliseconds in repetition 295
tcp_ping received 1536 bytes back
Round trip time was 0.5274 milliseconds in repetition 296
tcp_ping received 1536 bytes back
Round trip time was 0.4852 milliseconds in repetition 297
tcp_ping received 1536 bytes back
Round trip time was 0.4683 milliseconds in repetition 298
tcp_ping received 1536 bytes back
Round trip time was 0.486 milliseconds in repetition 299
tcp_ping received 1536 bytes back
Round trip time was 0.4861 milliseconds in repetition 300
tcp_ping received 1536 bytes back
Round trip time was 0.4713 milliseconds in repetition 301
tcp_ping received 1536 bytes back
Round trip time was 0.5039 milliseconds in repetition 302
tcp_ping received 1536 bytes back
Round trip time was 0.4221 milliseconds in repetition 303
tcp_ping received 1536 bytes back
Round trip time was 0.4366 milliseconds in repetition 304
tcp_ping received 1536 bytes back
Round trip time was 0.3994 milliseconds in repetition 305
tcp_ping received 1536 bytes back
Round trip time was 0.3525 milliseconds in repetition 306
tcp_ping received 1536 bytes back
Round trip time was 0.4276 milliseconds in repetition 307
tcp_ping received 1536 bytes back
Round trip time was 0.3129 milliseconds in repetition 308
tcp_ping received 1536 bytes back
Round trip time was 0.4845 milliseconds in repetition 309
tcp_ping received 1536 bytes back
Round trip time was 0.4491 milliseconds in repetition 310
tcp_ping received 1536 bytes back
Round trip time was 0.3352 milliseconds in repetition 311
tcp_ping received 1536 bytes back
Round trip time was 0.4746 milliseconds in repetition 312
tcp_ping received 1536 bytes back
Round trip time was 0.473 milliseconds in repetition 313
tcp_ping received 1536 bytes back
Round trip time was 0.472 milliseconds in repetition 314
tcp_ping received 1536 bytes back
Round trip time was 0.4621 milliseconds in repetition 315
tcp_ping received 1536 bytes back
Round trip time was 0.5861 milliseconds in repetition 316
tcp_ping received 1536 bytes back
Round trip time was 0.4887 milliseconds in repetition 317
tcp_ping received 1536 bytes back
Round trip time was 0.4781 milliseconds in repetition 318
tcp_ping received 1536 bytes back
Round trip time was 0.4685 milliseconds in repetition 319
tcp_ping received 1536 bytes back
Round trip time was 0.4671 milliseconds in repetition 320
tcp_ping received 1536 bytes back
Round trip time was 0.4564 milliseconds in repetition 321
tcp_ping received 1536 bytes back
Round trip time was 0.4653 milliseconds in repetition 322
tcp_ping received 1536 bytes back
Round trip time was 0.4686 milliseconds in repetition 323
tcp_ping received 1536 bytes back
Round trip time was 0.5204 milliseconds in repetition 324
tcp_ping received 1536 bytes back
Round trip time was 0.4989 milliseconds in repetition 325
tcp_ping received 1536 bytes back
Round trip time was 0.466 milliseconds in repetition 326
tcp_ping received 1536 bytes back
Round trip time was 0.4909 milliseconds in repetition 327
tcp_ping received 1536 bytes back
Round trip time was 0.4614 milliseconds in repetition 328
tcp_ping received 1536 bytes back
Round trip time was 0.4407 milliseconds in repetition 329
tcp_ping received 1536 bytes back
Round trip time was 0.4749 milliseconds in repetition 330
tcp_ping received 1536 bytes back
Round trip time was 0.4016 milliseconds in repetition 331
tcp_ping received 1536 bytes back
Round trip time was 0.4457 milliseconds in repetition 332
tcp_ping received 1536 bytes back
Round trip time was 0.5119 milliseconds in repetition 333
tcp_ping received 1536 bytes back
Round trip time was 0.4214 milliseconds in repetition 334
tcp_ping received 1536 bytes back
Round trip time was 0.4864 milliseconds in repetition 335
tcp_ping received 1536 bytes back
Round trip time was 0.3579 milliseconds in repetition 336
tcp_ping received 1536 bytes back
Round trip time was 0.4747 milliseconds in repetition 337
tcp_ping received 1536 bytes back
Round trip time was 0.4828 milliseconds in repetition 338
tcp_ping received 1536 bytes back
Round trip time was 0.5318 milliseconds in repetition 339
tcp_ping received 1536 bytes back
Round trip time was 0.463 milliseconds in repetition 340
tcp_ping received 1536 bytes back
Round trip time was 0.4229 milliseconds in repetition 341
tcp_ping received 1536 bytes back
Round trip time was 0.441 milliseconds in repetition 342
tcp_ping received 1536 bytes back
Round trip time was 0.4124 milliseconds in repetition 343
tcp_ping received 1536 bytes back
Round trip time was 0.4029 milliseconds in repetition 344
tcp_ping received 1536 bytes back
Round trip time was 0.4624 milliseconds in repetition 345
tcp_ping received 1536 bytes back
Round trip time was 0.4907 milliseconds in repetition 346
tcp_ping received 1536 bytes back
Round trip time was 0.4804 milliseconds in repetition 347
tcp_ping received 1536 bytes back
Round trip time was 0.4887 milliseconds in repetition 348
tcp_ping received 1536 bytes back
Round trip time was 0.5597 milliseconds in repetition 349
tcp_ping received 1536 bytes back
Round trip time was 0.4764 milliseconds in repetition 350
tcp_ping received 1536 bytes back
Round trip time was 0.5016 milliseconds in repetition 351
tcp_ping received 1536 bytes back
Round trip time was 0.4671 milliseconds in repetition 352
tcp_ping received 1536 bytes back
Round trip time was 0.443 milliseconds in repetition 353
tcp_ping received 1536 bytes back
Round trip time was 0.4359 milliseconds in repetition 354
tcp_ping received 1536 bytes back
Round trip time was 0.6013 milliseconds in repetition 355
tcp_ping received 1536 bytes back
Round trip time was 0.4381 milliseconds in repetition 356
tcp_ping received 1536 bytes back
Round trip time was 0.46 milliseconds in repetition 357
tcp_ping received 1536 bytes back
Round trip time was 0.3117 milliseconds in repetition 358
tcp_ping received 1536 bytes back
Round trip time was 0.3419 milliseconds in repetition 359
tcp_ping received 1536 bytes back
Round trip time was 0.5056 milliseconds in repetition 360
tcp_ping received 1536 bytes back
Round trip time was 0.4425 milliseconds in repetition 361
tcp_ping received 1536 bytes back
Round trip time was 0.3906 milliseconds in repetition 362
tcp_ping received 1536 bytes back
Round trip time was 0.4799 milliseconds in repetition 363
tcp_ping received 1536 bytes back
Round trip time was 0.4599 milliseconds in repetition 364
tcp_ping received 1536 bytes back
Round trip time was 0.507 milliseconds in repetition 365
tcp_ping received 1536 bytes back
Round trip time was 0.4316 milliseconds in repetition 366
tcp_ping received 1536 bytes back
Round trip time was 0.4643 milliseconds in repetition 367
tcp_ping received 1536 bytes back
Round trip time was 0.4653 milliseconds in repetition 368
tcp_ping received 1536 bytes back
Round trip time was 0.4827 milliseconds in repetition 369
tcp_ping received 1536 bytes back
Round trip time was 0.4765 milliseconds in repetition 370
tcp_ping received 1536 bytes back
Round trip time was 0.4654 milliseconds in repetition 371
tcp_ping received 1536 bytes back
Round trip time was 0.4549 milliseconds in repetition 372
tcp_ping received 1536 bytes back
Round trip time was 0.4778 milliseconds in repetition 373
tcp_ping received 1536 bytes back
Round trip time was 0.4783 milliseconds in repetition 374
tcp_ping received 1536 bytes back
Round trip time was 0.464 milliseconds in repetition 375
tcp_ping received 1536 bytes back
Round trip time was 0.4536 milliseconds in repetition 376
tcp_ping received 1536 bytes back
Round trip time was 0.4706 milliseconds in repetition 377
tcp_ping received 1536 bytes back
Round trip time was 0.4486 milliseconds in repetition 378
tcp_ping received 1536 bytes back
Round trip time was 0.6951 milliseconds in repetition 379
tcp_ping received 1536 bytes back
Round trip time was 0.5108 milliseconds in repetition 380
tcp_ping received 1536 bytes back
Round trip time was 0.5178 milliseconds in repetition 381
tcp_ping received 1536 bytes back
Round trip time was 0.426 milliseconds in repetition 382
tcp_ping received 1536 bytes back
Round trip time was 0.3689 milliseconds in repetition 383
tcp_ping received 1536 bytes back
Round trip time was 0.5989 milliseconds in repetition 384
tcp_ping received 1536 bytes back
Round trip time was 0.4082 milliseconds in repetition 385
tcp_ping received 1536 bytes back
Round trip time was 0.5527 milliseconds in repetition 386
tcp_ping received 1536 bytes back
Round trip time was 0.5154 milliseconds in repetition 387
tcp_ping received 1536 bytes back
Round trip time was 0.4959 milliseconds in repetition 388
tcp_ping received 1536 bytes back
Round trip time was 0.4587 milliseconds in repetition 389
tcp_ping received 1536 bytes back
Round trip time was 0.3591 milliseconds in repetition 390
tcp_ping received 1536 bytes back
Round trip time was 0.4738 milliseconds in repetition 391
tcp_ping received 1536 bytes back
Round trip time was 0.4479 milliseconds in repetition 392
tcp_ping received 1536 bytes back
Round trip time was 0.4293 milliseconds in repetition 393
tcp_ping received 1536 bytes back
Round trip time was 0.4139 milliseconds in repetition 394
tcp_ping received 1536 bytes back
Round trip time was 0.4075 milliseconds in repetition 395
tcp_ping received 1536 bytes back
Round trip time was 0.3759 milliseconds in repetition 396
tcp_ping received 1536 bytes back
Round trip time was 0.3686 milliseconds in repetition 397
tcp_ping received 1536 bytes back
Round trip time was 0.4459 milliseconds in repetition 398
tcp_ping received 1536 bytes back
Round trip time was 0.4828 milliseconds in repetition 399
tcp_ping received 1536 bytes back
Round trip time was 0.439 milliseconds in repetition 400
tcp_ping received 1536 bytes back
Round trip time was 0.5647 milliseconds in repetition 401
tcp_ping received 1536 bytes back
Round trip time was 0.5184 milliseconds in repetition 402
tcp_ping received 1536 bytes back
Round trip time was 0.4443 milliseconds in repetition 403
tcp_ping received 1536 bytes back
Round trip time was 0.4418 milliseconds in repetition 404
tcp_ping received 1536 bytes back
Round trip time was 0.6759 milliseconds in repetition 405
tcp_ping received 1536 bytes back
Round trip time was 0.44 milliseconds in repetition 406
tcp_ping received 1536 bytes back
Round trip time was 0.47 milliseconds in repetition 407
tcp_ping received 1536 bytes back
Round trip time was 0.3186 milliseconds in repetition 408
tcp_ping received 1536 bytes back
Round trip time was 0.4262 milliseconds in repetition 409
tcp_ping received 1536 bytes back
Round trip time was 0.6557 milliseconds in repetition 410
tcp_ping received 1536 bytes back
Round trip time was 0.4783 milliseconds in repetition 411
tcp_ping received 1536 bytes back
Round trip time was 0.4558 milliseconds in repetition 412
tcp_ping received 1536 bytes back
Round trip time was 0.4946 milliseconds in repetition 413
tcp_ping received 1536 bytes back
Round trip time was 0.389 milliseconds in repetition 414
tcp_ping received 1536 bytes back
Round trip time was 0.4534 milliseconds in repetition 415
tcp_ping received 1536 bytes back
Round trip time was 0.4839 milliseconds in repetition 416
tcp_ping received 1536 bytes back
Round trip time was 0.5188 milliseconds in repetition 417
tcp_ping received 1536 bytes back
Round trip time was 0.482 milliseconds in repetition 418
tcp_ping received 1536 bytes back
Round trip time was 0.4783 milliseconds in repetition 419
tcp_ping received 1536 bytes back
Round trip time was 0.4608 milliseconds in repetition 420
tcp_ping received 1536 bytes back
Round trip time was 0.4751 milliseconds in repetition 421
tcp_ping received 1536 bytes back
Round trip time was 0.4687 milliseconds in repetition 422
tcp_ping received 1536 bytes back
Round trip time was 0.4566 milliseconds in repetition 423
tcp_ping received 1536 bytes back
Round trip time was 0.4952 milliseconds in repetition 424
tcp_ping received 1536 bytes back
Round trip time was 0.4352 milliseconds in repetition 425
tcp_ping received 1536 bytes back
Round trip time was 0.4875 milliseconds in repetition 426
tcp_ping received 1536 bytes back
Round trip time was 0.4925 milliseconds in repetition 427
tcp_ping received 1536 bytes back
Round trip time was 0.4746 milliseconds in repetition 428
tcp_ping received 1536 bytes back
Round trip time was 0.7263 milliseconds in repetition 429
tcp_ping received 1536 bytes back
Round trip time was 0.4477 milliseconds in repetition 430
tcp_ping received 1536 bytes back
Round trip time was 0.4907 milliseconds in repetition 431
tcp_ping received 1536 bytes back
Round trip time was 0.3575 milliseconds in repetition 432
tcp_ping received 1536 bytes back
Round trip time was 0.3723 milliseconds in repetition 433
tcp_ping received 1536 bytes back
Round trip time was 0.4936 milliseconds in repetition 434
tcp_ping received 1536 bytes back
Round trip time was 0.4357 milliseconds in repetition 435
tcp_ping received 1536 bytes back
Round trip time was 0.4921 milliseconds in repetition 436
tcp_ping received 1536 bytes back
Round trip time was 0.4774 milliseconds in repetition 437
tcp_ping received 1536 bytes back
Round trip time was 0.4689 milliseconds in repetition 438
tcp_ping received 1536 bytes back
Round trip time was 0.4786 milliseconds in repetition 439
tcp_ping received 1536 bytes back
Round trip time was 0.4836 milliseconds in repetition 440
tcp_ping received 1536 bytes back
Round trip time was 0.4981 milliseconds in repetition 441
tcp_ping received 1536 bytes back
Round trip time was 0.4775 milliseconds in repetition 442
tcp_ping received 1536 bytes back
Round trip time was 0.4682 milliseconds in repetition 443
tcp_ping received 1536 bytes back
Round trip time was 0.6004 milliseconds in repetition 444
tcp_ping received 1536 bytes back
Round trip time was 0.4722 milliseconds in repetition 445
tcp_ping received 1536 bytes back
Round trip time was 0.4872 milliseconds in repetition 446
tcp_ping received 1536 bytes back
Round trip time was 0.4741 milliseconds in repetition 447
tcp_ping received 1536 bytes back
Round trip time was 0.4817 milliseconds in repetition 448
tcp_ping received 1536 bytes back
Round trip time was 0.6689 milliseconds in repetition 449
tcp_ping received 1536 bytes back
Round trip time was 0.4552 milliseconds in repetition 450
tcp_ping received 1536 bytes back
Round trip time was 0.4362 milliseconds in repetition 451
tcp_ping received 1536 bytes back
Round trip time was 0.4863 milliseconds in repetition 452
tcp_ping received 1536 bytes back
Round trip time was 0.4418 milliseconds in repetition 453
tcp_ping received 1536 bytes back
Round trip time was 0.4193 milliseconds in repetition 454
tcp_ping received 1536 bytes back
Round trip time was 0.5614 milliseconds in repetition 455
tcp_ping received 1536 bytes back
Round trip time was 0.3744 milliseconds in repetition 456
tcp_ping received 1536 bytes back
Round trip time was 0.361 milliseconds in repetition 457
tcp_ping received 1536 bytes back
Round trip time was 0.5544 milliseconds in repetition 458
tcp_ping received 1536 bytes back
Round trip time was 0.4602 milliseconds in repetition 459
tcp_ping received 1536 bytes back
Round trip time was 0.4423 milliseconds in repetition 460
tcp_ping received 1536 bytes back
Round trip time was 0.4885 milliseconds in repetition 461
tcp_ping received 1536 bytes back
Round trip time was 0.4935 milliseconds in repetition 462
tcp_ping received 1536 bytes back
Round trip time was 0.5002 milliseconds in repetition 463
tcp_ping received 1536 bytes back
Round trip time was 0.4803 milliseconds in repetition 464
tcp_ping received 1536 bytes back
Round trip time was 0.4817 milliseconds in repetition 465
tcp_ping received 1536 bytes back
Round trip time was 0.4919 milliseconds in repetition 466
tcp_ping received 1536 bytes back
Round trip time was 0.4914 milliseconds in repetition 467
tcp_ping received 1536 bytes back
Round trip time was 0.4794 milliseconds in repetition 468
tcp_ping received 1536 bytes back
Round trip time was 0.49 milliseconds in repetition 469
tcp_ping received 1536 bytes back
Round trip time was 0.4669 milliseconds in repetition 470
tcp_ping received 1536 bytes back
Round trip time was 0.48 milliseconds in repetition 471
tcp_ping received 1536 bytes back
Round trip time was 0.4768 milliseconds in repetition 472
tcp_ping received 1536 bytes back
Round trip time was 0.5705 milliseconds in repetition 473
tcp_ping received 1536 bytes back
Round trip time was 0.5821 milliseconds in repetition 474
tcp_ping received 1536 bytes back
Round trip time was 0.6112 milliseconds in repetition 475
tcp_ping received 1536 bytes back
Round trip time was 0.6747 milliseconds in repetition 476
tcp_ping received 1536 bytes back
Round trip time was 0.4587 milliseconds in repetition 477
tcp_ping received 1536 bytes back
Round trip time was 0.4192 milliseconds in repetition 478
tcp_ping received 1536 bytes back
Round trip time was 0.4379 milliseconds in repetition 479
tcp_ping received 1536 bytes back
Round trip time was 0.8427 milliseconds in repetition 480
tcp_ping received 1536 bytes back
Round trip time was 0.4958 milliseconds in repetition 481
tcp_ping received 1536 bytes back
Round trip time was 0.4265 milliseconds in repetition 482
tcp_ping received 1536 bytes back
Round trip time was 0.3636 milliseconds in repetition 483
tcp_ping received 1536 bytes back
Round trip time was 0.4289 milliseconds in repetition 484
tcp_ping received 1536 bytes back
Round trip time was 0.512 milliseconds in repetition 485
tcp_ping received 1536 bytes back
Round trip time was 0.4985 milliseconds in repetition 486
tcp_ping received 1536 bytes back
Round trip time was 0.4433 milliseconds in repetition 487
tcp_ping received 1536 bytes back
Round trip time was 0.4463 milliseconds in repetition 488
tcp_ping received 1536 bytes back
Round trip time was 0.4967 milliseconds in repetition 489
tcp_ping received 1536 bytes back
Round trip time was 0.4797 milliseconds in repetition 490
tcp_ping received 1536 bytes back
Round trip time was 0.4814 milliseconds in repetition 491
tcp_ping received 1536 bytes back
Round trip time was 0.4649 milliseconds in repetition 492
tcp_ping received 1536 bytes back
Round trip time was 0.4747 milliseconds in repetition 493
tcp_ping received 1536 bytes back
Round trip time was 0.4853 milliseconds in repetition 494
tcp_ping received 1536 bytes back
Round trip time was 0.5059 milliseconds in repetition 495
tcp_ping received 1536 bytes back
Round trip time was 0.4851 milliseconds in repetition 496
tcp_ping received 1536 bytes back
Round trip time was 0.465 milliseconds in repetition 497
tcp_ping received 1536 bytes back
Round trip time was 0.4671 milliseconds in repetition 498
tcp_ping received 1536 bytes back
Round trip time was 0.5932 milliseconds in repetition 499
tcp_ping received 1536 bytes back
Round trip time was 0.4916 milliseconds in repetition 500
tcp_ping received 1536 bytes back
Round trip time was 0.7082 milliseconds in repetition 501

 ... clock resolution was 1e-06
TCP Ping:  Statistics over 501 repetitions of 1536 byte messages

RTT : percentile 10: 0.3918, median: 0.4741, percentile 90: 0.5561, average: 0.475456, variance: 0.00472038

RTT histogram:
0.297799 2
0.325045 7
0.35229 17
0.379535 25
0.40678 36
0.434025 61
0.46127 110
0.488515 116
0.51576 44
0.543005 33
0.57025 21
0.597495 11
0.62474 5
0.651985 2
0.67923 4
0.706475 5
0.73372 1
0.760965 0
0.78821 0
0.815455 0
0.8427 1

   median Throughput : 6479.65 KB/s   overall Throughput : 6461.17 KB/s

