TCP Ping trying to connect to server localhost (127.0.0.1) on port 1492
 ... connected to Pong server: asking for 501 repetitions of 384 bytes TCP messages
 ... Pong server agreed :-)
tcp_ping received 384 bytes back
Round trip time was 0.3645 milliseconds in repetition 1
tcp_ping received 384 bytes back
Round trip time was 0.3539 milliseconds in repetition 2
tcp_ping received 384 bytes back
Round trip time was 0.314 milliseconds in repetition 3
tcp_ping received 384 bytes back
Round trip time was 0.3944 milliseconds in repetition 4
tcp_ping received 384 bytes back
Round trip time was 0.404 milliseconds in repetition 5
tcp_ping received 384 bytes back
Round trip time was 0.3825 milliseconds in repetition 6
tcp_ping received 384 bytes back
Round trip time was 0.4063 milliseconds in repetition 7
tcp_ping received 384 bytes back
Round trip time was 0.401 milliseconds in repetition 8
tcp_ping received 384 bytes back
Round trip time was 0.4235 milliseconds in repetition 9
tcp_ping received 384 bytes back
Round trip time was 0.4292 milliseconds in repetition 10
tcp_ping received 384 bytes back
Round trip time was 0.4301 milliseconds in repetition 11
tcp_ping received 384 bytes back
Round trip time was 0.3693 milliseconds in repetition 12
tcp_ping received 384 bytes back
Round trip time was 0.4168 milliseconds in repetition 13
tcp_ping received 384 bytes back
Round trip time was 0.4173 milliseconds in repetition 14
tcp_ping received 384 bytes back
Round trip time was 0.3518 milliseconds in repetition 15
tcp_ping received 384 bytes back
Round trip time was 0.3884 milliseconds in repetition 16
tcp_ping received 384 bytes back
Round trip time was 0.5707 milliseconds in repetition 17
tcp_ping received 384 bytes back
Round trip time was 0.4238 milliseconds in repetition 18
tcp_ping received 384 bytes back
Round trip time was 0.4211 milliseconds in repetition 19
tcp_ping received 384 bytes back
Round trip time was 0.4278 milliseconds in repetition 20
tcp_ping received 384 bytes back
Round trip time was 0.4057 milliseconds in repetition 21
tcp_ping received 384 bytes back
Round trip time was 0.4614 milliseconds in repetition 22
tcp_ping received 384 bytes back
Round trip time was 0.4439 milliseconds in repetition 23
tcp_ping received 384 bytes back
Round trip time was 0.4084 milliseconds in repetition 24
tcp_ping received 384 bytes back
Round trip time was 0.3973 milliseconds in repetition 25
tcp_ping received 384 bytes back
Round trip time was 0.4093 milliseconds in repetition 26
tcp_ping received 384 bytes back
Round trip time was 0.4076 milliseconds in repetition 27
tcp_ping received 384 bytes back
Round trip time was 0.4271 milliseconds in repetition 28
tcp_ping received 384 bytes back
Round trip time was 0.4169 milliseconds in repetition 29
tcp_ping received 384 bytes back
Round trip time was 0.4142 milliseconds in repetition 30
tcp_ping received 384 bytes back
Round trip time was 0.3929 milliseconds in repetition 31
tcp_ping received 384 bytes back
Round trip time was 0.3939 milliseconds in repetition 32
tcp_ping received 384 bytes back
Round trip time was 0.4145 milliseconds in repetition 33
tcp_ping received 384 bytes back
Round trip time was 0.4736 milliseconds in repetition 34
tcp_ping received 384 bytes back
Round trip time was 0.4494 milliseconds in repetition 35
tcp_ping received 384 bytes back
Round trip time was 0.4042 milliseconds in repetition 36
tcp_ping received 384 bytes back
Round trip time was 0.4087 milliseconds in repetition 37
tcp_ping received 384 bytes back
Round trip time was 0.3775 milliseconds in repetition 38
tcp_ping received 384 bytes back
Round trip time was 0.4156 milliseconds in repetition 39
tcp_ping received 384 bytes back
Round trip time was 0.3669 milliseconds in repetition 40
tcp_ping received 384 bytes back
Round trip time was 0.4377 milliseconds in repetition 41
tcp_ping received 384 bytes back
Round trip time was 0.3687 milliseconds in repetition 42
tcp_ping received 384 bytes back
Round trip time was 0.3745 milliseconds in repetition 43
tcp_ping received 384 bytes back
Round trip time was 0.3339 milliseconds in repetition 44
tcp_ping received 384 bytes back
Round trip time was 0.4143 milliseconds in repetition 45
tcp_ping received 384 bytes back
Round trip time was 0.4739 milliseconds in repetition 46
tcp_ping received 384 bytes back
Round trip time was 0.4155 milliseconds in repetition 47
tcp_ping received 384 bytes back
Round trip time was 0.5891 milliseconds in repetition 48
tcp_ping received 384 bytes back
Round trip time was 0.3969 milliseconds in repetition 49
tcp_ping received 384 bytes back
Round trip time was 0.4372 milliseconds in repetition 50
tcp_ping received 384 bytes back
Round trip time was 0.4406 milliseconds in repetition 51
tcp_ping received 384 bytes back
Round trip time was 0.3515 milliseconds in repetition 52
tcp_ping received 384 bytes back
Round trip time was 0.3482 milliseconds in repetition 53
tcp_ping received 384 bytes back
Round trip time was 0.4435 milliseconds in repetition 54
tcp_ping received 384 bytes back
Round trip time was 0.4091 milliseconds in repetition 55
tcp_ping received 384 bytes back
Round trip time was 0.4094 milliseconds in repetition 56
tcp_ping received 384 bytes back
Round trip time was 0.392 milliseconds in repetition 57
tcp_ping received 384 bytes back
Round trip time was 0.4726 milliseconds in repetition 58
tcp_ping received 384 bytes back
Round trip time was 0.401 milliseconds in repetition 59
tcp_ping received 384 bytes back
Round trip time was 0.4001 milliseconds in repetition 60
tcp_ping received 384 bytes back
Round trip time was 0.4574 milliseconds in repetition 61
tcp_ping received 384 bytes back
Round trip time was 0.4182 milliseconds in repetition 62
tcp_ping received 384 bytes back
Round trip time was 0.4047 milliseconds in repetition 63
tcp_ping received 384 bytes back
Round trip time was 0.3865 milliseconds in repetition 64
tcp_ping received 384 bytes back
Round trip time was 0.4022 milliseconds in repetition 65
tcp_ping received 384 bytes back
Round trip time was 0.3983 milliseconds in repetition 66
tcp_ping received 384 bytes back
Round trip time was 0.3859 milliseconds in repetition 67
tcp_ping received 384 bytes back
Round trip time was 0.418 milliseconds in repetition 68
tcp_ping received 384 bytes back
Round trip time was 0.5262 milliseconds in repetition 69
tcp_ping received 384 bytes back
Round trip time was 0.312 milliseconds in repetition 70
tcp_ping received 384 bytes back
Round trip time was 0.3875 milliseconds in repetition 71
tcp_ping received 384 bytes back
Round trip time was 0.4 milliseconds in repetition 72
tcp_ping received 384 bytes back
Round trip time was 0.3691 milliseconds in repetition 73
tcp_ping received 384 bytes back
Round trip time was 0.3438 milliseconds in repetition 74
tcp_ping received 384 bytes back
Round trip time was 0.4136 milliseconds in repetition 75
tcp_ping received 384 bytes back
Round trip time was 0.3534 milliseconds in repetition 76
tcp_ping received 384 bytes back
Round trip time was 0.3118 milliseconds in repetition 77
tcp_ping received 384 bytes back
Round trip time was 0.405 milliseconds in repetition 78
tcp_ping received 384 bytes back
Round trip time was 0.3356 milliseconds in repetition 79
tcp_ping received 384 bytes back
Round trip time was 0.3606 milliseconds in repetition 80
tcp_ping received 384 bytes back
Round trip time was 0.4533 milliseconds in repetition 81
tcp_ping received 384 bytes back
Round trip time was 0.403 milliseconds in repetition 82
tcp_ping received 384 bytes back
Round trip time was 0.3457 milliseconds in repetition 83
tcp_ping received 384 bytes back
Round trip time was 0.4084 milliseconds in repetition 84
tcp_ping received 384 bytes back
Round trip time was 0.415 milliseconds in repetition 85
tcp_ping received 384 bytes back
Round trip time was 0.3865 milliseconds in repetition 86
tcp_ping received 384 bytes back
Round trip time was 0.3988 milliseconds in repetition 87
tcp_ping received 384 bytes back
Round trip time was 0.3937 milliseconds in repetition 88
tcp_ping received 384 bytes back
Round trip time was 0.3815 milliseconds in repetition 89
tcp_ping received 384 bytes back
Round trip time was 0.393 milliseconds in repetition 90
tcp_ping received 384 bytes back
Round trip time was 0.4337 milliseconds in repetition 91
tcp_ping received 384 bytes back
Round trip time was 0.3996 milliseconds in repetition 92
tcp_ping received 384 bytes back
Round trip time was 0.3855 milliseconds in repetition 93
tcp_ping received 384 bytes back
Round trip time was 0.3986 milliseconds in repetition 94
tcp_ping received 384 bytes back
Round trip time was 0.3938 milliseconds in repetition 95
tcp_ping received 384 bytes back
Round trip time was 0.4114 milliseconds in repetition 96
tcp_ping received 384 bytes back
Round trip time was 0.4208 milliseconds in repetition 97
tcp_ping received 384 bytes back
Round trip time was 0.4521 milliseconds in repetition 98
tcp_ping received 384 bytes back
Round trip time was 0.4014 milliseconds in repetition 99
tcp_ping received 384 bytes back
Round trip time was 0.3558 milliseconds in repetition 100
tcp_ping received 384 bytes back
Round trip time was 0.365 milliseconds in repetition 101
tcp_ping received 384 bytes back
Round trip time was 0.5832 milliseconds in repetition 102
tcp_ping received 384 bytes back
Round trip time was 0.4064 milliseconds in repetition 103
tcp_ping received 384 bytes back
Round trip time was 0.4207 milliseconds in repetition 104
tcp_ping received 384 bytes back
Round trip time was 0.4142 milliseconds in repetition 105
tcp_ping received 384 bytes back
Round trip time was 0.4061 milliseconds in repetition 106
tcp_ping received 384 bytes back
Round trip time was 0.4059 milliseconds in repetition 107
tcp_ping received 384 bytes back
Round trip time was 0.4378 milliseconds in repetition 108
tcp_ping received 384 bytes back
Round trip time was 0.4091 milliseconds in repetition 109
tcp_ping received 384 bytes back
Round trip time was 0.4032 milliseconds in repetition 110
tcp_ping received 384 bytes back
Round trip time was 0.4488 milliseconds in repetition 111
tcp_ping received 384 bytes back
Round trip time was 0.4074 milliseconds in repetition 112
tcp_ping received 384 bytes back
Round trip time was 0.4473 milliseconds in repetition 113
tcp_ping received 384 bytes back
Round trip time was 0.4141 milliseconds in repetition 114
tcp_ping received 384 bytes back
Round trip time was 0.3916 milliseconds in repetition 115
tcp_ping received 384 bytes back
Round trip time was 0.4049 milliseconds in repetition 116
tcp_ping received 384 bytes back
Round trip time was 0.4199 milliseconds in repetition 117
tcp_ping received 384 bytes back
Round trip time was 0.3906 milliseconds in repetition 118
tcp_ping received 384 bytes back
Round trip time was 0.4258 milliseconds in repetition 119
tcp_ping received 384 bytes back
Round trip time was 0.3936 milliseconds in repetition 120
tcp_ping received 384 bytes back
Round trip time was 0.4012 milliseconds in repetition 121
tcp_ping received 384 bytes back
Round trip time was 0.4127 milliseconds in repetition 122
tcp_ping received 384 bytes back
Round trip time was 0.3925 milliseconds in repetition 123
tcp_ping received 384 bytes back
Round trip time was 0.3999 milliseconds in repetition 124
tcp_ping received 384 bytes back
Round trip time was 0.4089 milliseconds in repetition 125
tcp_ping received 384 bytes back
Round trip time was 0.3908 milliseconds in repetition 126
tcp_ping received 384 bytes back
Round trip time was 0.4253 milliseconds in repetition 127
tcp_ping received 384 bytes back
Round trip time was 0.4368 milliseconds in repetition 128
tcp_ping received 384 bytes back
Round trip time was 0.355 milliseconds in repetition 129
tcp_ping received 384 bytes back
Round trip time was 0.4298 milliseconds in repetition 130
tcp_ping received 384 bytes back
Round trip time was 0.4053 milliseconds in repetition 131
tcp_ping received 384 bytes back
Round trip time was 0.4164 milliseconds in repetition 132
tcp_ping received 384 bytes back
Round trip time was 0.4064 milliseconds in repetition 133
tcp_ping received 384 bytes back
Round trip time was 0.3957 milliseconds in repetition 134
tcp_ping received 384 bytes back
Round trip time was 0.4536 milliseconds in repetition 135
tcp_ping received 384 bytes back
Round trip time was 0.466 milliseconds in repetition 136
tcp_ping received 384 bytes back
Round trip time was 0.4678 milliseconds in repetition 137
tcp_ping received 384 bytes back
Round trip time was 0.3683 milliseconds in repetition 138
tcp_ping received 384 bytes back
Round trip time was 0.3983 milliseconds in repetition 139
tcp_ping received 384 bytes back
Round trip time was 0.4176 milliseconds in repetition 140
tcp_ping received 384 bytes back
Round trip time was 0.3401 milliseconds in repetition 141
tcp_ping received 384 bytes back
Round trip time was 0.4285 milliseconds in repetition 142
tcp_ping received 384 bytes back
Round trip time was 0.3938 milliseconds in repetition 143
tcp_ping received 384 bytes back
Round trip time was 0.3929 milliseconds in repetition 144
tcp_ping received 384 bytes back
Round trip time was 0.4304 milliseconds in repetition 145
tcp_ping received 384 bytes back
Round trip time was 0.4105 milliseconds in repetition 146
tcp_ping received 384 bytes back
Round trip time was 0.4453 milliseconds in repetition 147
tcp_ping received 384 bytes back
Round trip time was 0.4036 milliseconds in repetition 148
tcp_ping received 384 bytes back
Round trip time was 0.4038 milliseconds in repetition 149
tcp_ping received 384 bytes back
Round trip time was 0.432 milliseconds in repetition 150
tcp_ping received 384 bytes back
Round trip time was 0.4045 milliseconds in repetition 151
tcp_ping received 384 bytes back
Round trip time was 0.423 milliseconds in repetition 152
tcp_ping received 384 bytes back
Round trip time was 0.4221 milliseconds in repetition 153
tcp_ping received 384 bytes back
Round trip time was 0.4181 milliseconds in repetition 154
tcp_ping received 384 bytes back
Round trip time was 0.4135 milliseconds in repetition 155
tcp_ping received 384 bytes back
Round trip time was 0.4305 milliseconds in repetition 156
tcp_ping received 384 bytes back
Round trip time was 0.4116 milliseconds in repetition 157
tcp_ping received 384 bytes back
Round trip time was 0.4625 milliseconds in repetition 158
tcp_ping received 384 bytes back
Round trip time was 0.4112 milliseconds in repetition 159
tcp_ping received 384 bytes back
Round trip time was 0.3973 milliseconds in repetition 160
tcp_ping received 384 bytes back
Round trip time was 0.4056 milliseconds in repetition 161
tcp_ping received 384 bytes back
Round trip time was 0.4116 milliseconds in repetition 162
tcp_ping received 384 bytes back
Round trip time was 0.3992 milliseconds in repetition 163
tcp_ping received 384 bytes back
Round trip time was 0.3879 milliseconds in repetition 164
tcp_ping received 384 bytes back
Round trip time was 0.4216 milliseconds in repetition 165
tcp_ping received 384 bytes back
Round trip time was 0.5653 milliseconds in repetition 166
tcp_ping received 384 bytes back
Round trip time was 0.4117 milliseconds in repetition 167
tcp_ping received 384 bytes back
Round trip time was 0.6067 milliseconds in repetition 168
tcp_ping received 384 bytes back
Round trip time was 0.4175 milliseconds in repetition 169
tcp_ping received 384 bytes back
Round trip time was 0.4735 milliseconds in repetition 170
tcp_ping received 384 bytes back
Round trip time was 0.413 milliseconds in repetition 171
tcp_ping received 384 bytes back
Round trip time was 0.397 milliseconds in repetition 172
tcp_ping received 384 bytes back
Round trip time was 0.3854 milliseconds in repetition 173
tcp_ping received 384 bytes back
Round trip time was 0.3946 milliseconds in repetition 174
tcp_ping received 384 bytes back
Round trip time was 0.398 milliseconds in repetition 175
tcp_ping received 384 bytes back
Round trip time was 0.3936 milliseconds in repetition 176
tcp_ping received 384 bytes back
Round trip time was 0.4152 milliseconds in repetition 177
tcp_ping received 384 bytes back
Round trip time was 0.4056 milliseconds in repetition 178
tcp_ping received 384 bytes back
Round trip time was 0.3426 milliseconds in repetition 179
tcp_ping received 384 bytes back
Round trip time was 0.3527 milliseconds in repetition 180
tcp_ping received 384 bytes back
Round trip time was 0.3963 milliseconds in repetition 181
tcp_ping received 384 bytes back
Round trip time was 0.3948 milliseconds in repetition 182
tcp_ping received 384 bytes back
Round trip time was 0.4149 milliseconds in repetition 183
tcp_ping received 384 bytes back
Round trip time was 0.3974 milliseconds in repetition 184
tcp_ping received 384 bytes back
Round trip time was 0.4207 milliseconds in repetition 185
tcp_ping received 384 bytes back
Round trip time was 0.3988 milliseconds in repetition 186
tcp_ping received 384 bytes back
Round trip time was 0.4083 milliseconds in repetition 187
tcp_ping received 384 bytes back
Round trip time was 0.3826 milliseconds in repetition 188
tcp_ping received 384 bytes back
Round trip time was 0.396 milliseconds in repetition 189
tcp_ping received 384 bytes back
Round trip time was 0.4198 milliseconds in repetition 190
tcp_ping received 384 bytes back
Round trip time was 0.4029 milliseconds in repetition 191
tcp_ping received 384 bytes back
Round trip time was 0.4282 milliseconds in repetition 192
tcp_ping received 384 bytes back
Round trip time was 0.4188 milliseconds in repetition 193
tcp_ping received 384 bytes back
Round trip time was 0.3985 milliseconds in repetition 194
tcp_ping received 384 bytes back
Round trip time was 0.4057 milliseconds in repetition 195
tcp_ping received 384 bytes back
Round trip time was 0.3924 milliseconds in repetition 196
tcp_ping received 384 bytes back
Round trip time was 0.408 milliseconds in repetition 197
tcp_ping received 384 bytes back
Round trip time was 0.4089 milliseconds in repetition 198
tcp_ping received 384 bytes back
Round trip time was 0.4029 milliseconds in repetition 199
tcp_ping received 384 bytes back
Round trip time was 0.3857 milliseconds in repetition 200
tcp_ping received 384 bytes back
Round trip time was 0.398 milliseconds in repetition 201
tcp_ping received 384 bytes back
Round trip time was 0.393 milliseconds in repetition 202
tcp_ping received 384 bytes back
Round trip time was 0.3814 milliseconds in repetition 203
tcp_ping received 384 bytes back
Round trip time was 0.4162 milliseconds in repetition 204
tcp_ping received 384 bytes back
Round trip time was 0.3984 milliseconds in repetition 205
tcp_ping received 384 bytes back
Round trip time was 0.4103 milliseconds in repetition 206
tcp_ping received 384 bytes back
Round trip time was 0.4249 milliseconds in repetition 207
tcp_ping received 384 bytes back
Round trip time was 0.3728 milliseconds in repetition 208
tcp_ping received 384 bytes back
Round trip time was 0.4388 milliseconds in repetition 209
tcp_ping received 384 bytes back
Round trip time was 0.4415 milliseconds in repetition 210
tcp_ping received 384 bytes back
Round trip time was 0.3946 milliseconds in repetition 211
tcp_ping received 384 bytes back
Round trip time was 0.3266 milliseconds in repetition 212
tcp_ping received 384 bytes back
Round trip time was 0.5252 milliseconds in repetition 213
tcp_ping received 384 bytes back
Round trip time was 0.3389 milliseconds in repetition 214
tcp_ping received 384 bytes back
Round trip time was 0.3741 milliseconds in repetition 215
tcp_ping received 384 bytes back
Round trip time was 0.3464 milliseconds in repetition 216
tcp_ping received 384 bytes back
Round trip time was 0.448 milliseconds in repetition 217
tcp_ping received 384 bytes back
Round trip time was 0.3576 milliseconds in repetition 218
tcp_ping received 384 bytes back
Round trip time was 0.3041 milliseconds in repetition 219
tcp_ping received 384 bytes back
Round trip time was 0.3109 milliseconds in repetition 220
tcp_ping received 384 bytes back
Round trip time was 0.3003 milliseconds in repetition 221
tcp_ping received 384 bytes back
Round trip time was 0.4058 milliseconds in repetition 222
tcp_ping received 384 bytes back
Round trip time was 0.4356 milliseconds in repetition 223
tcp_ping received 384 bytes back
Round trip time was 0.4038 milliseconds in repetition 224
tcp_ping received 384 bytes back
Round trip time was 0.3971 milliseconds in repetition 225
tcp_ping received 384 bytes back
Round trip time was 0.3924 milliseconds in repetition 226
tcp_ping received 384 bytes back
Round trip time was 0.4023 milliseconds in repetition 227
tcp_ping received 384 bytes back
Round trip time was 0.4193 milliseconds in repetition 228
tcp_ping received 384 bytes back
Round trip time was 0.3971 milliseconds in repetition 229
tcp_ping received 384 bytes back
Round trip time was 0.4089 milliseconds in repetition 230
tcp_ping received 384 bytes back
Round trip time was 0.4221 milliseconds in repetition 231
tcp_ping received 384 bytes back
Round trip time was 0.3539 milliseconds in repetition 232
tcp_ping received 384 bytes back
Round trip time was 0.4924 milliseconds in repetition 233
tcp_ping received 384 bytes back
Round trip time was 0.4231 milliseconds in repetition 234
tcp_ping received 384 bytes back
Round trip time was 0.4121 milliseconds in repetition 235
tcp_ping received 384 bytes back
Round trip time was 0.39 milliseconds in repetition 236
tcp_ping received 384 bytes back
Round trip time was 0.4445 milliseconds in repetition 237
tcp_ping received 384 bytes back
Round trip time was 0.3854 milliseconds in repetition 238
tcp_ping received 384 bytes back
Round trip time was 0.3878 milliseconds in repetition 239
tcp_ping received 384 bytes back
Round trip time was 0.3859 milliseconds in repetition 240
tcp_ping received 384 bytes back
Round trip time was 0.4285 milliseconds in repetition 241
tcp_ping received 384 bytes back
Round trip time was 0.3821 milliseconds in repetition 242
tcp_ping received 384 bytes back
Round trip time was 0.3883 milliseconds in repetition 243
tcp_ping received 384 bytes back
Round trip time was 0.3807 milliseconds in repetition 244
tcp_ping received 384 bytes back
Round trip time was 0.3784 milliseconds in repetition 245
tcp_ping received 384 bytes back
Round trip time was 0.3858 milliseconds in repetition 246
tcp_ping received 384 bytes back
Round trip time was 0.3834 milliseconds in repetition 247
tcp_ping received 384 bytes back
Round trip time was 0.389 milliseconds in repetition 248
tcp_ping received 384 bytes back
Round trip time was 0.4432 milliseconds in repetition 249
tcp_ping received 384 bytes back
Round trip time was 0.4436 milliseconds in repetition 250
tcp_ping received 384 bytes back
Round trip time was 0.368 milliseconds in repetition 251
tcp_ping received 384 bytes back
Round trip time was 0.385 milliseconds in repetition 252
tcp_ping received 384 bytes back
Round trip time was 0.4533 milliseconds in repetition 253
tcp_ping received 384 bytes back
Round trip time was 0.4098 milliseconds in repetition 254
tcp_ping received 384 bytes back
Round trip time was 0.3904 milliseconds in repetition 255
tcp_ping received 384 bytes back
Round trip time was 0.3767 milliseconds in repetition 256
tcp_ping received 384 bytes back
Round trip time was 0.397 milliseconds in repetition 257
tcp_ping received 384 bytes back
Round trip time was 0.377 milliseconds in repetition 258
tcp_ping received 384 bytes back
Round trip time was 0.3773 milliseconds in repetition 259
tcp_ping received 384 bytes back
Round trip time was 0.3805 milliseconds in repetition 260
tcp_ping received 384 bytes back
Round trip time was 0.3762 milliseconds in repetition 261
tcp_ping received 384 bytes back
Round trip time was 0.4111 milliseconds in repetition 262
tcp_ping received 384 bytes back
Round trip time was 0.3916 milliseconds in repetition 263
tcp_ping received 384 bytes back
Round trip time was 0.3775 milliseconds in repetition 264
tcp_ping received 384 bytes back
Round trip time was 0.3804 milliseconds in repetition 265
tcp_ping received 384 bytes back
Round trip time was 0.4034 milliseconds in repetition 266
tcp_ping received 384 bytes back
Round trip time was 0.3904 milliseconds in repetition 267
tcp_ping received 384 bytes back
Round trip time was 0.3843 milliseconds in repetition 268
tcp_ping received 384 bytes back
Round trip time was 0.4049 milliseconds in repetition 269
tcp_ping received 384 bytes back
Round trip time was 0.3971 milliseconds in repetition 270
tcp_ping received 384 bytes back
Round trip time was 0.4176 milliseconds in repetition 271
tcp_ping received 384 bytes back
Round trip time was 0.3475 milliseconds in repetition 272
tcp_ping received 384 bytes back
Round trip time was 0.3864 milliseconds in repetition 273
tcp_ping received 384 bytes back
Round trip time was 0.4415 milliseconds in repetition 274
tcp_ping received 384 bytes back
Round trip time was 0.4103 milliseconds in repetition 275
tcp_ping received 384 bytes back
Round trip time was 0.3988 milliseconds in repetition 276
tcp_ping received 384 bytes back
Round trip time was 0.4247 milliseconds in repetition 277
tcp_ping received 384 bytes back
Round trip time was 0.3905 milliseconds in repetition 278
tcp_ping received 384 bytes back
Round trip time was 0.3852 milliseconds in repetition 279
tcp_ping received 384 bytes back
Round trip time was 0.4131 milliseconds in repetition 280
tcp_ping received 384 bytes back
Round trip time was 0.3857 milliseconds in repetition 281
tcp_ping received 384 bytes back
Round trip time was 0.4177 milliseconds in repetition 282
tcp_ping received 384 bytes back
Round trip time was 0.3849 milliseconds in repetition 283
tcp_ping received 384 bytes back
Round trip time was 0.3835 milliseconds in repetition 284
tcp_ping received 384 bytes back
Round trip time was 0.4064 milliseconds in repetition 285
tcp_ping received 384 bytes back
Round trip time was 0.4125 milliseconds in repetition 286
tcp_ping received 384 bytes back
Round trip time was 0.384 milliseconds in repetition 287
tcp_ping received 384 bytes back
Round trip time was 0.392 milliseconds in repetition 288
tcp_ping received 384 bytes back
Round trip time was 0.3904 milliseconds in repetition 289
tcp_ping received 384 bytes back
Round trip time was 0.4082 milliseconds in repetition 290
tcp_ping received 384 bytes back
Round trip time was 0.3872 milliseconds in repetition 291
tcp_ping received 384 bytes back
Round trip time was 0.3998 milliseconds in repetition 292
tcp_ping received 384 bytes back
Round trip time was 0.4066 milliseconds in repetition 293
tcp_ping received 384 bytes back
Round trip time was 0.3922 milliseconds in repetition 294
tcp_ping received 384 bytes back
Round trip time was 0.3909 milliseconds in repetition 295
tcp_ping received 384 bytes back
Round trip time was 0.4068 milliseconds in repetition 296
tcp_ping received 384 bytes back
Round trip time was 0.3875 milliseconds in repetition 297
tcp_ping received 384 bytes back
Round trip time was 0.3955 milliseconds in repetition 298
tcp_ping received 384 bytes back
Round trip time was 0.4139 milliseconds in repetition 299
tcp_ping received 384 bytes back
Round trip time was 0.4139 milliseconds in repetition 300
tcp_ping received 384 bytes back
Round trip time was 0.3765 milliseconds in repetition 301
tcp_ping received 384 bytes back
Round trip time was 0.4005 milliseconds in repetition 302
tcp_ping received 384 bytes back
Round trip time was 0.2906 milliseconds in repetition 303
tcp_ping received 384 bytes back
Round trip time was 0.3925 milliseconds in repetition 304
tcp_ping received 384 bytes back
Round trip time was 0.4248 milliseconds in repetition 305
tcp_ping received 384 bytes back
Round trip time was 0.3935 milliseconds in repetition 306
tcp_ping received 384 bytes back
Round trip time was 0.3938 milliseconds in repetition 307
tcp_ping received 384 bytes back
Round trip time was 0.4192 milliseconds in repetition 308
tcp_ping received 384 bytes back
Round trip time was 0.4297 milliseconds in repetition 309
tcp_ping received 384 bytes back
Round trip time was 0.4208 milliseconds in repetition 310
tcp_ping received 384 bytes back
Round trip time was 0.4335 milliseconds in repetition 311
tcp_ping received 384 bytes back
Round trip time was 0.4124 milliseconds in repetition 312
tcp_ping received 384 bytes back
Round trip time was 0.4067 milliseconds in repetition 313
tcp_ping received 384 bytes back
Round trip time was 0.4105 milliseconds in repetition 314
tcp_ping received 384 bytes back
Round trip time was 0.4063 milliseconds in repetition 315
tcp_ping received 384 bytes back
Round trip time was 0.4193 milliseconds in repetition 316
tcp_ping received 384 bytes back
Round trip time was 0.4013 milliseconds in repetition 317
tcp_ping received 384 bytes back
Round trip time was 0.3868 milliseconds in repetition 318
tcp_ping received 384 bytes back
Round trip time was 0.3976 milliseconds in repetition 319
tcp_ping received 384 bytes back
Round trip time was 0.4017 milliseconds in repetition 320
tcp_ping received 384 bytes back
Round trip time was 0.278 milliseconds in repetition 321
tcp_ping received 384 bytes back
Round trip time was 0.3995 milliseconds in repetition 322
tcp_ping received 384 bytes back
Round trip time was 0.3862 milliseconds in repetition 323
tcp_ping received 384 bytes back
Round trip time was 0.3981 milliseconds in repetition 324
tcp_ping received 384 bytes back
Round trip time was 0.403 milliseconds in repetition 325
tcp_ping received 384 bytes back
Round trip time was 0.3885 milliseconds in repetition 326
tcp_ping received 384 bytes back
Round trip time was 0.4133 milliseconds in repetition 327
tcp_ping received 384 bytes back
Round trip time was 0.4016 milliseconds in repetition 328
tcp_ping received 384 bytes back
Round trip time was 0.4082 milliseconds in repetition 329
tcp_ping received 384 bytes back
Round trip time was 0.4548 milliseconds in repetition 330
tcp_ping received 384 bytes back
Round trip time was 0.419 milliseconds in repetition 331
tcp_ping received 384 bytes back
Round trip time was 0.4015 milliseconds in repetition 332
tcp_ping received 384 bytes back
Round trip time was 0.4131 milliseconds in repetition 333
tcp_ping received 384 bytes back
Round trip time was 0.428 milliseconds in repetition 334
tcp_ping received 384 bytes back
Round trip time was 0.3789 milliseconds in repetition 335
tcp_ping received 384 bytes back
Round trip time was 0.3272 milliseconds in repetition 336
tcp_ping received 384 bytes back
Round trip time was 0.3851 milliseconds in repetition 337
tcp_ping received 384 bytes back
Round trip time was 0.4884 milliseconds in repetition 338
tcp_ping received 384 bytes back
Round trip time was 0.3919 milliseconds in repetition 339
tcp_ping received 384 bytes back
Round trip time was 0.4066 milliseconds in repetition 340
tcp_ping received 384 bytes back
Round trip time was 0.4002 milliseconds in repetition 341
tcp_ping received 384 bytes back
Round trip time was 0.3896 milliseconds in repetition 342
tcp_ping received 384 bytes back
Round trip time was 0.4153 milliseconds in repetition 343
tcp_ping received 384 bytes back
Round trip time was 0.4355 milliseconds in repetition 344
tcp_ping received 384 bytes back
Round trip time was 0.3997 milliseconds in repetition 345
tcp_ping received 384 bytes back
Round trip time was 0.3965 milliseconds in repetition 346
tcp_ping received 384 bytes back
Round trip time was 0.3888 milliseconds in repetition 347
tcp_ping received 384 bytes back
Round trip time was 0.4102 milliseconds in repetition 348
tcp_ping received 384 bytes back
Round trip time was 0.4102 milliseconds in repetition 349
tcp_ping received 384 bytes back
Round trip time was 0.4188 milliseconds in repetition 350
tcp_ping received 384 bytes back
Round trip time was 0.393 milliseconds in repetition 351
tcp_ping received 384 bytes back
Round trip time was 0.4033 milliseconds in repetition 352
tcp_ping received 384 bytes back
Round trip time was 0.4194 milliseconds in repetition 353
tcp_ping received 384 bytes back
Round trip time was 0.3971 milliseconds in repetition 354
tcp_ping received 384 bytes back
Round trip time was 0.4012 milliseconds in repetition 355
tcp_ping received 384 bytes back
Round trip time was 0.4166 milliseconds in repetition 356
tcp_ping received 384 bytes back
Round trip time was 0.3996 milliseconds in repetition 357
tcp_ping received 384 bytes back
Round trip time was 0.4087 milliseconds in repetition 358
tcp_ping received 384 bytes back
Round trip time was 0.4407 milliseconds in repetition 359
tcp_ping received 384 bytes back
Round trip time was 0.4488 milliseconds in repetition 360
tcp_ping received 384 bytes back
Round trip time was 0.4291 milliseconds in repetition 361
tcp_ping received 384 bytes back
Round trip time was 0.37 milliseconds in repetition 362
tcp_ping received 384 bytes back
Round trip time was 0.4143 milliseconds in repetition 363
tcp_ping received 384 bytes back
Round trip time was 0.426 milliseconds in repetition 364
tcp_ping received 384 bytes back
Round trip time was 0.4155 milliseconds in repetition 365
tcp_ping received 384 bytes back
Round trip time was 0.4019 milliseconds in repetition 366
tcp_ping received 384 bytes back
Round trip time was 0.4244 milliseconds in repetition 367
tcp_ping received 384 bytes back
Round trip time was 0.3921 milliseconds in repetition 368
tcp_ping received 384 bytes back
Round trip time was 0.3852 milliseconds in repetition 369
tcp_ping received 384 bytes back
Round trip time was 0.4075 milliseconds in repetition 370
tcp_ping received 384 bytes back
Round trip time was 0.3865 milliseconds in repetition 371
tcp_ping received 384 bytes back
Round trip time was 0.4248 milliseconds in repetition 372
tcp_ping received 384 bytes back
Round trip time was 0.3864 milliseconds in repetition 373
tcp_ping received 384 bytes back
Round trip time was 0.3979 milliseconds in repetition 374
tcp_ping received 384 bytes back
Round trip time was 0.4066 milliseconds in repetition 375
tcp_ping received 384 bytes back
Round trip time was 0.3855 milliseconds in repetition 376
tcp_ping received 384 bytes back
Round trip time was 0.3871 milliseconds in repetition 377
tcp_ping received 384 bytes back
Round trip time was 0.5074 milliseconds in repetition 378
tcp_ping received 384 bytes back
Round trip time was 0.3701 milliseconds in repetition 379
tcp_ping received 384 bytes back
Round trip time was 0.4455 milliseconds in repetition 380
tcp_ping received 384 bytes back
Round trip time was 0.4156 milliseconds in repetition 381
tcp_ping received 384 bytes back
Round trip time was 0.4036 milliseconds in repetition 382
tcp_ping received 384 bytes back
Round trip time was 0.3993 milliseconds in repetition 383
tcp_ping received 384 bytes back
Round trip time was 2.3197 milliseconds in repetition 384
tcp_ping received 384 bytes back
Round trip time was 0.3962 milliseconds in repetition 385
tcp_ping received 384 bytes back
Round trip time was 0.3592 milliseconds in repetition 386
tcp_ping received 384 bytes back
Round trip time was 0.4361 milliseconds in repetition 387
tcp_ping received 384 bytes back
Round trip time was 0.3951 milliseconds in repetition 388
tcp_ping received 384 bytes back
Round trip time was 0.3446 milliseconds in repetition 389
tcp_ping received 384 bytes back
Round trip time was 0.3782 milliseconds in repetition 390
tcp_ping received 384 bytes back
Round trip time was 0.4335 milliseconds in repetition 391
tcp_ping received 384 bytes back
Round trip time was 0.4072 milliseconds in repetition 392
tcp_ping received 384 bytes back
Round trip time was 0.3835 milliseconds in repetition 393
tcp_ping received 384 bytes back
Round trip time was 0.4348 milliseconds in repetition 394
tcp_ping received 384 bytes back
Round trip time was 0.397 milliseconds in repetition 395
tcp_ping received 384 bytes back
Round trip time was 0.3871 milliseconds in repetition 396
tcp_ping received 384 bytes back
Round trip time was 0.4014 milliseconds in repetition 397
tcp_ping received 384 bytes back
Round trip time was 0.4011 milliseconds in repetition 398
tcp_ping received 384 bytes back
Round trip time was 0.3867 milliseconds in repetition 399
tcp_ping received 384 bytes back
Round trip time was 0.3994 milliseconds in repetition 400
tcp_ping received 384 bytes back
Round trip time was 0.4057 milliseconds in repetition 401
tcp_ping received 384 bytes back
Round trip time was 0.3986 milliseconds in repetition 402
tcp_ping received 384 bytes back
Round trip time was 0.3926 milliseconds in repetition 403
tcp_ping received 384 bytes back
Round trip time was 0.2839 milliseconds in repetition 404
tcp_ping received 384 bytes back
Round trip time was 0.3957 milliseconds in repetition 405
tcp_ping received 384 bytes back
Round trip time was 0.4052 milliseconds in repetition 406
tcp_ping received 384 bytes back
Round trip time was 0.3814 milliseconds in repetition 407
tcp_ping received 384 bytes back
Round trip time was 0.4151 milliseconds in repetition 408
tcp_ping received 384 bytes back
Round trip time was 0.4033 milliseconds in repetition 409
tcp_ping received 384 bytes back
Round trip time was 0.382 milliseconds in repetition 410
tcp_ping received 384 bytes back
Round trip time was 0.3954 milliseconds in repetition 411
tcp_ping received 384 bytes back
Round trip time was 0.3843 milliseconds in repetition 412
tcp_ping received 384 bytes back
Round trip time was 0.4091 milliseconds in repetition 413
tcp_ping received 384 bytes back
Round trip time was 0.3989 milliseconds in repetition 414
tcp_ping received 384 bytes back
Round trip time was 0.387 milliseconds in repetition 415
tcp_ping received 384 bytes back
Round trip time was 0.3932 milliseconds in repetition 416
tcp_ping received 384 bytes back
Round trip time was 0.4049 milliseconds in repetition 417
tcp_ping received 384 bytes back
Round trip time was 0.4396 milliseconds in repetition 418
tcp_ping received 384 bytes back
Round trip time was 0.3505 milliseconds in repetition 419
tcp_ping received 384 bytes back
Round trip time was 0.3842 milliseconds in repetition 420
tcp_ping received 384 bytes back
Round trip time was 0.3977 milliseconds in repetition 421
tcp_ping received 384 bytes back
Round trip time was 0.4231 milliseconds in repetition 422
tcp_ping received 384 bytes back
Round trip time was 0.4238 milliseconds in repetition 423
tcp_ping received 384 bytes back
Round trip time was 0.4005 milliseconds in repetition 424
tcp_ping received 384 bytes back
Round trip time was 0.3978 milliseconds in repetition 425
tcp_ping received 384 bytes back
Round trip time was 0.4179 milliseconds in repetition 426
tcp_ping received 384 bytes back
Round trip time was 0.3978 milliseconds in repetition 427
tcp_ping received 384 bytes back
Round trip time was 0.4011 milliseconds in repetition 428
tcp_ping received 384 bytes back
Round trip time was 0.4027 milliseconds in repetition 429
tcp_ping received 384 bytes back
Round trip time was 0.397 milliseconds in repetition 430
tcp_ping received 384 bytes back
Round trip time was 0.4181 milliseconds in repetition 431
tcp_ping received 384 bytes back
Round trip time was 0.3979 milliseconds in repetition 432
tcp_ping received 384 bytes back
Round trip time was 0.4458 milliseconds in repetition 433
tcp_ping received 384 bytes back
Round trip time was 0.3954 milliseconds in repetition 434
tcp_ping received 384 bytes back
Round trip time was 0.3837 milliseconds in repetition 435
tcp_ping received 384 bytes back
Round trip time was 0.4042 milliseconds in repetition 436
tcp_ping received 384 bytes back
Round trip time was 0.3988 milliseconds in repetition 437
tcp_ping received 384 bytes back
Round trip time was 0.3895 milliseconds in repetition 438
tcp_ping received 384 bytes back
Round trip time was 0.4713 milliseconds in repetition 439
tcp_ping received 384 bytes back
Round trip time was 0.4167 milliseconds in repetition 440
tcp_ping received 384 bytes back
Round trip time was 0.3829 milliseconds in repetition 441
tcp_ping received 384 bytes back
Round trip time was 0.4038 milliseconds in repetition 442
tcp_ping received 384 bytes back
Round trip time was 0.394 milliseconds in repetition 443
tcp_ping received 384 bytes back
Round trip time was 0.422 milliseconds in repetition 444
tcp_ping received 384 bytes back
Round trip time was 0.3887 milliseconds in repetition 445
tcp_ping received 384 bytes back
Round trip time was 0.3939 milliseconds in repetition 446
tcp_ping received 384 bytes back
Round trip time was 0.392 milliseconds in repetition 447
tcp_ping received 384 bytes back
Round trip time was 0.3941 milliseconds in repetition 448
tcp_ping received 384 bytes back
Round trip time was 0.3355 milliseconds in repetition 449
tcp_ping received 384 bytes back
Round trip time was 0.421 milliseconds in repetition 450
tcp_ping received 384 bytes back
Round trip time was 0.3999 milliseconds in repetition 451
tcp_ping received 384 bytes back
Round trip time was 0.4046 milliseconds in repetition 452
tcp_ping received 384 bytes back
Round trip time was 0.4044 milliseconds in repetition 453
tcp_ping received 384 bytes back
Round trip time was 0.4059 milliseconds in repetition 454
tcp_ping received 384 bytes back
Round trip time was 0.406 milliseconds in repetition 455
tcp_ping received 384 bytes back
Round trip time was 0.4192 milliseconds in repetition 456
tcp_ping received 384 bytes back
Round trip time was 0.4458 milliseconds in repetition 457
tcp_ping received 384 bytes back
Round trip time was 0.4109 milliseconds in repetition 458
tcp_ping received 384 bytes back
Round trip time was 0.4142 milliseconds in repetition 459
tcp_ping received 384 bytes back
Round trip time was 0.3967 milliseconds in repetition 460
tcp_ping received 384 bytes back
Round trip time was 0.3898 milliseconds in repetition 461
tcp_ping received 384 bytes back
Round trip time was 0.4164 milliseconds in repetition 462
tcp_ping received 384 bytes back
Round trip time was 0.4149 milliseconds in repetition 463
tcp_ping received 384 bytes back
Round trip time was 0.3987 milliseconds in repetition 464
tcp_ping received 384 bytes back
Round trip time was 0.4023 milliseconds in repetition 465
tcp_ping received 384 bytes back
Round trip time was 0.4045 milliseconds in repetition 466
tcp_ping received 384 bytes back
Round trip time was 0.407 milliseconds in repetition 467
tcp_ping received 384 bytes back
Round trip time was 0.4062 milliseconds in repetition 468
tcp_ping received 384 bytes back
Round trip time was 0.3978 milliseconds in repetition 469
tcp_ping received 384 bytes back
Round trip time was 0.4083 milliseconds in repetition 470
tcp_ping received 384 bytes back
Round trip time was 0.4011 milliseconds in repetition 471
tcp_ping received 384 bytes back
Round trip time was 0.4061 milliseconds in repetition 472
tcp_ping received 384 bytes back
Round trip time was 0.3954 milliseconds in repetition 473
tcp_ping received 384 bytes back
Round trip time was 0.5115 milliseconds in repetition 474
tcp_ping received 384 bytes back
Round trip time was 0.412 milliseconds in repetition 475
tcp_ping received 384 bytes back
Round trip time was 0.4027 milliseconds in repetition 476
tcp_ping received 384 bytes back
Round trip time was 0.4568 milliseconds in repetition 477
tcp_ping received 384 bytes back
Round trip time was 0.4044 milliseconds in repetition 478
tcp_ping received 384 bytes back
Round trip time was 0.3927 milliseconds in repetition 479
tcp_ping received 384 bytes back
Round trip time was 0.3978 milliseconds in repetition 480
tcp_ping received 384 bytes back
Round trip time was 0.3994 milliseconds in repetition 481
tcp_ping received 384 bytes back
Round trip time was 0.4249 milliseconds in repetition 482
tcp_ping received 384 bytes back
Round trip time was 0.4128 milliseconds in repetition 483
tcp_ping received 384 bytes back
Round trip time was 0.3494 milliseconds in repetition 484
tcp_ping received 384 bytes back
Round trip time was 0.3929 milliseconds in repetition 485
tcp_ping received 384 bytes back
Round trip time was 0.4303 milliseconds in repetition 486
tcp_ping received 384 bytes back
Round trip time was 0.3942 milliseconds in repetition 487
tcp_ping received 384 bytes back
Round trip time was 0.4078 milliseconds in repetition 488
tcp_ping received 384 bytes back
Round trip time was 0.3995 milliseconds in repetition 489
tcp_ping received 384 bytes back
Round trip time was 0.4606 milliseconds in repetition 490
tcp_ping received 384 bytes back
Round trip time was 0.3993 milliseconds in repetition 491
tcp_ping received 384 bytes back
Round trip time was 0.399 milliseconds in repetition 492
tcp_ping received 384 bytes back
Round trip time was 0.3967 milliseconds in repetition 493
tcp_ping received 384 bytes back
Round trip time was 0.3993 milliseconds in repetition 494
tcp_ping received 384 bytes back
Round trip time was 0.4132 milliseconds in repetition 495
tcp_ping received 384 bytes back
Round trip time was 0.4639 milliseconds in repetition 496
tcp_ping received 384 bytes back
Round trip time was 0.4025 milliseconds in repetition 497
tcp_ping received 384 bytes back
Round trip time was 0.3864 milliseconds in repetition 498
tcp_ping received 384 bytes back
Round trip time was 0.4065 milliseconds in repetition 499
tcp_ping received 384 bytes back
Round trip time was 0.4176 milliseconds in repetition 500
tcp_ping received 384 bytes back
Round trip time was 0.4253 milliseconds in repetition 501

 ... clock resolution was 1e-06
TCP Ping:  Statistics over 501 repetitions of 384 byte messages

RTT : percentile 10: 0.3765, median: 0.4027, percentile 90: 0.4378, average: 0.408465, variance: 0.00852881

RTT histogram:
0.277999 11
0.380085 428
0.48217 56
0.584255 5
0.68634 0
0.788425 0
0.89051 0
0.992595 0
1.09468 0
1.19676 0
1.29885 0
1.40094 0
1.50302 0
1.60511 0
1.70719 0
1.80928 0
1.91136 0
2.01345 0
2.11553 0
2.21762 0
2.3197 1

   median Throughput : 1907.13 KB/s   overall Throughput : 1880.21 KB/s

