TCP Ping trying to connect to server localhost (127.0.0.1) on port 1491
 ... connected to Pong server: asking for 501 repetitions of 32768 bytes TCP messages
 ... Pong server agreed :-)
tcp_ping received 32768 bytes back
Round trip time was 0.6181 milliseconds in repetition 1
tcp_ping received 32768 bytes back
Round trip time was 0.6241 milliseconds in repetition 2
tcp_ping received 32768 bytes back
Round trip time was 0.6342 milliseconds in repetition 3
tcp_ping received 32768 bytes back
Round trip time was 0.7025 milliseconds in repetition 4
tcp_ping received 32768 bytes back
Round trip time was 0.8831 milliseconds in repetition 5
tcp_ping received 32768 bytes back
Round trip time was 0.6419 milliseconds in repetition 6
tcp_ping received 32768 bytes back
Round trip time was 0.6534 milliseconds in repetition 7
tcp_ping received 32768 bytes back
Round trip time was 0.7908 milliseconds in repetition 8
tcp_ping received 32768 bytes back
Round trip time was 0.6386 milliseconds in repetition 9
tcp_ping received 32768 bytes back
Round trip time was 0.6291 milliseconds in repetition 10
tcp_ping received 32768 bytes back
Round trip time was 0.8556 milliseconds in repetition 11
tcp_ping received 32768 bytes back
Round trip time was 0.675 milliseconds in repetition 12
tcp_ping received 32768 bytes back
Round trip time was 0.6343 milliseconds in repetition 13
tcp_ping received 32768 bytes back
Round trip time was 0.7457 milliseconds in repetition 14
tcp_ping received 32768 bytes back
Round trip time was 0.6489 milliseconds in repetition 15
tcp_ping received 32768 bytes back
Round trip time was 0.6278 milliseconds in repetition 16
tcp_ping received 32768 bytes back
Round trip time was 0.6726 milliseconds in repetition 17
tcp_ping received 32768 bytes back
Round trip time was 0.5993 milliseconds in repetition 18
tcp_ping received 32768 bytes back
Round trip time was 0.7455 milliseconds in repetition 19
tcp_ping received 32768 bytes back
Round trip time was 0.6134 milliseconds in repetition 20
tcp_ping received 32768 bytes back
Round trip time was 0.7454 milliseconds in repetition 21
tcp_ping received 32768 bytes back
Round trip time was 0.5958 milliseconds in repetition 22
tcp_ping received 32768 bytes back
Round trip time was 0.6064 milliseconds in repetition 23
tcp_ping received 32768 bytes back
Round trip time was 0.6845 milliseconds in repetition 24
tcp_ping received 32768 bytes back
Round trip time was 0.6587 milliseconds in repetition 25
tcp_ping received 32768 bytes back
Round trip time was 0.6374 milliseconds in repetition 26
tcp_ping received 32768 bytes back
Round trip time was 0.728 milliseconds in repetition 27
tcp_ping received 32768 bytes back
Round trip time was 0.7125 milliseconds in repetition 28
tcp_ping received 32768 bytes back
Round trip time was 0.6794 milliseconds in repetition 29
tcp_ping received 32768 bytes back
Round trip time was 0.5776 milliseconds in repetition 30
tcp_ping received 32768 bytes back
Round trip time was 0.7981 milliseconds in repetition 31
tcp_ping received 32768 bytes back
Round trip time was 0.7088 milliseconds in repetition 32
tcp_ping received 32768 bytes back
Round trip time was 0.6757 milliseconds in repetition 33
tcp_ping received 32768 bytes back
Round trip time was 0.6833 milliseconds in repetition 34
tcp_ping received 32768 bytes back
Round trip time was 0.6519 milliseconds in repetition 35
tcp_ping received 32768 bytes back
Round trip time was 0.6418 milliseconds in repetition 36
tcp_ping received 32768 bytes back
Round trip time was 0.6487 milliseconds in repetition 37
tcp_ping received 32768 bytes back
Round trip time was 0.6542 milliseconds in repetition 38
tcp_ping received 32768 bytes back
Round trip time was 0.6354 milliseconds in repetition 39
tcp_ping received 32768 bytes back
Round trip time was 0.7731 milliseconds in repetition 40
tcp_ping received 32768 bytes back
Round trip time was 0.6513 milliseconds in repetition 41
tcp_ping received 32768 bytes back
Round trip time was 0.6429 milliseconds in repetition 42
tcp_ping received 32768 bytes back
Round trip time was 0.5894 milliseconds in repetition 43
tcp_ping received 32768 bytes back
Round trip time was 0.662 milliseconds in repetition 44
tcp_ping received 32768 bytes back
Round trip time was 0.7 milliseconds in repetition 45
tcp_ping received 32768 bytes back
Round trip time was 0.6494 milliseconds in repetition 46
tcp_ping received 32768 bytes back
Round trip time was 0.6388 milliseconds in repetition 47
tcp_ping received 32768 bytes back
Round trip time was 0.6991 milliseconds in repetition 48
tcp_ping received 32768 bytes back
Round trip time was 0.6807 milliseconds in repetition 49
tcp_ping received 32768 bytes back
Round trip time was 0.8223 milliseconds in repetition 50
tcp_ping received 32768 bytes back
Round trip time was 1.1546 milliseconds in repetition 51
tcp_ping received 32768 bytes back
Round trip time was 1.0666 milliseconds in repetition 52
tcp_ping received 32768 bytes back
Round trip time was 0.6658 milliseconds in repetition 53
tcp_ping received 32768 bytes back
Round trip time was 0.6304 milliseconds in repetition 54
tcp_ping received 32768 bytes back
Round trip time was 0.7932 milliseconds in repetition 55
tcp_ping received 32768 bytes back
Round trip time was 0.5962 milliseconds in repetition 56
tcp_ping received 32768 bytes back
Round trip time was 0.6403 milliseconds in repetition 57
tcp_ping received 32768 bytes back
Round trip time was 0.7884 milliseconds in repetition 58
tcp_ping received 32768 bytes back
Round trip time was 0.8356 milliseconds in repetition 59
tcp_ping received 32768 bytes back
Round trip time was 0.6528 milliseconds in repetition 60
tcp_ping received 32768 bytes back
Round trip time was 0.788 milliseconds in repetition 61
tcp_ping received 32768 bytes back
Round trip time was 0.6937 milliseconds in repetition 62
tcp_ping received 32768 bytes back
Round trip time was 0.7385 milliseconds in repetition 63
tcp_ping received 32768 bytes back
Round trip time was 0.6437 milliseconds in repetition 64
tcp_ping received 32768 bytes back
Round trip time was 0.6616 milliseconds in repetition 65
tcp_ping received 32768 bytes back
Round trip time was 0.6771 milliseconds in repetition 66
tcp_ping received 32768 bytes back
Round trip time was 0.6483 milliseconds in repetition 67
tcp_ping received 32768 bytes back
Round trip time was 0.7678 milliseconds in repetition 68
tcp_ping received 32768 bytes back
Round trip time was 0.7159 milliseconds in repetition 69
tcp_ping received 32768 bytes back
Round trip time was 0.6487 milliseconds in repetition 70
tcp_ping received 32768 bytes back
Round trip time was 0.6112 milliseconds in repetition 71
tcp_ping received 32768 bytes back
Round trip time was 0.813 milliseconds in repetition 72
tcp_ping received 32768 bytes back
Round trip time was 0.6763 milliseconds in repetition 73
tcp_ping received 32768 bytes back
Round trip time was 0.6968 milliseconds in repetition 74
tcp_ping received 32768 bytes back
Round trip time was 0.5273 milliseconds in repetition 75
tcp_ping received 32768 bytes back
Round trip time was 0.6691 milliseconds in repetition 76
tcp_ping received 32768 bytes back
Round trip time was 0.7006 milliseconds in repetition 77
tcp_ping received 32768 bytes back
Round trip time was 0.6507 milliseconds in repetition 78
tcp_ping received 32768 bytes back
Round trip time was 0.6291 milliseconds in repetition 79
tcp_ping received 32768 bytes back
Round trip time was 0.6008 milliseconds in repetition 80
tcp_ping received 32768 bytes back
Round trip time was 0.6814 milliseconds in repetition 81
tcp_ping received 32768 bytes back
Round trip time was 0.6356 milliseconds in repetition 82
tcp_ping received 32768 bytes back
Round trip time was 0.5925 milliseconds in repetition 83
tcp_ping received 32768 bytes back
Round trip time was 0.7715 milliseconds in repetition 84
tcp_ping received 32768 bytes back
Round trip time was 0.6526 milliseconds in repetition 85
tcp_ping received 32768 bytes back
Round trip time was 0.7124 milliseconds in repetition 86
tcp_ping received 32768 bytes back
Round trip time was 0.7 milliseconds in repetition 87
tcp_ping received 32768 bytes back
Round trip time was 0.6756 milliseconds in repetition 88
tcp_ping received 32768 bytes back
Round trip time was 0.7356 milliseconds in repetition 89
tcp_ping received 32768 bytes back
Round trip time was 0.9193 milliseconds in repetition 90
tcp_ping received 32768 bytes back
Round trip time was 0.9378 milliseconds in repetition 91
tcp_ping received 32768 bytes back
Round trip time was 1.2833 milliseconds in repetition 92
tcp_ping received 32768 bytes back
Round trip time was 0.8134 milliseconds in repetition 93
tcp_ping received 32768 bytes back
Round trip time was 0.7998 milliseconds in repetition 94
tcp_ping received 32768 bytes back
Round trip time was 0.7415 milliseconds in repetition 95
tcp_ping received 32768 bytes back
Round trip time was 0.9681 milliseconds in repetition 96
tcp_ping received 32768 bytes back
Round trip time was 1.1875 milliseconds in repetition 97
tcp_ping received 32768 bytes back
Round trip time was 0.8988 milliseconds in repetition 98
tcp_ping received 32768 bytes back
Round trip time was 0.9011 milliseconds in repetition 99
tcp_ping received 32768 bytes back
Round trip time was 0.8997 milliseconds in repetition 100
tcp_ping received 32768 bytes back
Round trip time was 1.0777 milliseconds in repetition 101
tcp_ping received 32768 bytes back
Round trip time was 0.8527 milliseconds in repetition 102
tcp_ping received 32768 bytes back
Round trip time was 0.8842 milliseconds in repetition 103
tcp_ping received 32768 bytes back
Round trip time was 0.931 milliseconds in repetition 104
tcp_ping received 32768 bytes back
Round trip time was 0.8689 milliseconds in repetition 105
tcp_ping received 32768 bytes back
Round trip time was 0.8821 milliseconds in repetition 106
tcp_ping received 32768 bytes back
Round trip time was 1.1036 milliseconds in repetition 107
tcp_ping received 32768 bytes back
Round trip time was 0.8494 milliseconds in repetition 108
tcp_ping received 32768 bytes back
Round trip time was 0.9275 milliseconds in repetition 109
tcp_ping received 32768 bytes back
Round trip time was 0.8806 milliseconds in repetition 110
tcp_ping received 32768 bytes back
Round trip time was 0.8656 milliseconds in repetition 111
tcp_ping received 32768 bytes back
Round trip time was 0.8812 milliseconds in repetition 112
tcp_ping received 32768 bytes back
Round trip time was 0.8659 milliseconds in repetition 113
tcp_ping received 32768 bytes back
Round trip time was 0.9376 milliseconds in repetition 114
tcp_ping received 32768 bytes back
Round trip time was 0.8775 milliseconds in repetition 115
tcp_ping received 32768 bytes back
Round trip time was 0.8688 milliseconds in repetition 116
tcp_ping received 32768 bytes back
Round trip time was 0.849 milliseconds in repetition 117
tcp_ping received 32768 bytes back
Round trip time was 0.7965 milliseconds in repetition 118
tcp_ping received 32768 bytes back
Round trip time was 1.0772 milliseconds in repetition 119
tcp_ping received 32768 bytes back
Round trip time was 1.2346 milliseconds in repetition 120
tcp_ping received 32768 bytes back
Round trip time was 1.0533 milliseconds in repetition 121
tcp_ping received 32768 bytes back
Round trip time was 1.1623 milliseconds in repetition 122
tcp_ping received 32768 bytes back
Round trip time was 0.788 milliseconds in repetition 123
tcp_ping received 32768 bytes back
Round trip time was 0.9871 milliseconds in repetition 124
tcp_ping received 32768 bytes back
Round trip time was 0.802 milliseconds in repetition 125
tcp_ping received 32768 bytes back
Round trip time was 0.7867 milliseconds in repetition 126
tcp_ping received 32768 bytes back
Round trip time was 0.7748 milliseconds in repetition 127
tcp_ping received 32768 bytes back
Round trip time was 0.8219 milliseconds in repetition 128
tcp_ping received 32768 bytes back
Round trip time was 0.8059 milliseconds in repetition 129
tcp_ping received 32768 bytes back
Round trip time was 0.9781 milliseconds in repetition 130
tcp_ping received 32768 bytes back
Round trip time was 0.8344 milliseconds in repetition 131
tcp_ping received 32768 bytes back
Round trip time was 0.8773 milliseconds in repetition 132
tcp_ping received 32768 bytes back
Round trip time was 1.074 milliseconds in repetition 133
tcp_ping received 32768 bytes back
Round trip time was 1.0836 milliseconds in repetition 134
tcp_ping received 32768 bytes back
Round trip time was 1.0505 milliseconds in repetition 135
tcp_ping received 32768 bytes back
Round trip time was 1.1682 milliseconds in repetition 136
tcp_ping received 32768 bytes back
Round trip time was 1.042 milliseconds in repetition 137
tcp_ping received 32768 bytes back
Round trip time was 1.1048 milliseconds in repetition 138
tcp_ping received 32768 bytes back
Round trip time was 1.1079 milliseconds in repetition 139
tcp_ping received 32768 bytes back
Round trip time was 1.1081 milliseconds in repetition 140
tcp_ping received 32768 bytes back
Round trip time was 1.0156 milliseconds in repetition 141
tcp_ping received 32768 bytes back
Round trip time was 1.0721 milliseconds in repetition 142
tcp_ping received 32768 bytes back
Round trip time was 0.8927 milliseconds in repetition 143
tcp_ping received 32768 bytes back
Round trip time was 0.9112 milliseconds in repetition 144
tcp_ping received 32768 bytes back
Round trip time was 0.8466 milliseconds in repetition 145
tcp_ping received 32768 bytes back
Round trip time was 0.9913 milliseconds in repetition 146
tcp_ping received 32768 bytes back
Round trip time was 0.8832 milliseconds in repetition 147
tcp_ping received 32768 bytes back
Round trip time was 1.1426 milliseconds in repetition 148
tcp_ping received 32768 bytes back
Round trip time was 1.1891 milliseconds in repetition 149
tcp_ping received 32768 bytes back
Round trip time was 0.8913 milliseconds in repetition 150
tcp_ping received 32768 bytes back
Round trip time was 0.8623 milliseconds in repetition 151
tcp_ping received 32768 bytes back
Round trip time was 0.7716 milliseconds in repetition 152
tcp_ping received 32768 bytes back
Round trip time was 0.8884 milliseconds in repetition 153
tcp_ping received 32768 bytes back
Round trip time was 0.9408 milliseconds in repetition 154
tcp_ping received 32768 bytes back
Round trip time was 0.8414 milliseconds in repetition 155
tcp_ping received 32768 bytes back
Round trip time was 1.0443 milliseconds in repetition 156
tcp_ping received 32768 bytes back
Round trip time was 0.8833 milliseconds in repetition 157
tcp_ping received 32768 bytes back
Round trip time was 0.8584 milliseconds in repetition 158
tcp_ping received 32768 bytes back
Round trip time was 0.8881 milliseconds in repetition 159
tcp_ping received 32768 bytes back
Round trip time was 0.7745 milliseconds in repetition 160
tcp_ping received 32768 bytes back
Round trip time was 0.9928 milliseconds in repetition 161
tcp_ping received 32768 bytes back
Round trip time was 0.9845 milliseconds in repetition 162
tcp_ping received 32768 bytes back
Round trip time was 1.0753 milliseconds in repetition 163
tcp_ping received 32768 bytes back
Round trip time was 0.9703 milliseconds in repetition 164
tcp_ping received 32768 bytes back
Round trip time was 0.8601 milliseconds in repetition 165
tcp_ping received 32768 bytes back
Round trip time was 0.8602 milliseconds in repetition 166
tcp_ping received 32768 bytes back
Round trip time was 0.8208 milliseconds in repetition 167
tcp_ping received 32768 bytes back
Round trip time was 0.9552 milliseconds in repetition 168
tcp_ping received 32768 bytes back
Round trip time was 0.8659 milliseconds in repetition 169
tcp_ping received 32768 bytes back
Round trip time was 0.8325 milliseconds in repetition 170
tcp_ping received 32768 bytes back
Round trip time was 0.8591 milliseconds in repetition 171
tcp_ping received 32768 bytes back
Round trip time was 0.7726 milliseconds in repetition 172
tcp_ping received 32768 bytes back
Round trip time was 0.7999 milliseconds in repetition 173
tcp_ping received 32768 bytes back
Round trip time was 0.7846 milliseconds in repetition 174
tcp_ping received 32768 bytes back
Round trip time was 0.791 milliseconds in repetition 175
tcp_ping received 32768 bytes back
Round trip time was 0.8138 milliseconds in repetition 176
tcp_ping received 32768 bytes back
Round trip time was 0.7706 milliseconds in repetition 177
tcp_ping received 32768 bytes back
Round trip time was 0.8821 milliseconds in repetition 178
tcp_ping received 32768 bytes back
Round trip time was 0.9082 milliseconds in repetition 179
tcp_ping received 32768 bytes back
Round trip time was 1.0386 milliseconds in repetition 180
tcp_ping received 32768 bytes back
Round trip time was 1.0286 milliseconds in repetition 181
tcp_ping received 32768 bytes back
Round trip time was 0.8144 milliseconds in repetition 182
tcp_ping received 32768 bytes back
Round trip time was 0.7522 milliseconds in repetition 183
tcp_ping received 32768 bytes back
Round trip time was 0.6948 milliseconds in repetition 184
tcp_ping received 32768 bytes back
Round trip time was 0.7929 milliseconds in repetition 185
tcp_ping received 32768 bytes back
Round trip time was 0.7619 milliseconds in repetition 186
tcp_ping received 32768 bytes back
Round trip time was 0.7734 milliseconds in repetition 187
tcp_ping received 32768 bytes back
Round trip time was 0.7758 milliseconds in repetition 188
tcp_ping received 32768 bytes back
Round trip time was 0.7673 milliseconds in repetition 189
tcp_ping received 32768 bytes back
Round trip time was 0.7443 milliseconds in repetition 190
tcp_ping received 32768 bytes back
Round trip time was 0.7309 milliseconds in repetition 191
tcp_ping received 32768 bytes back
Round trip time was 0.7926 milliseconds in repetition 192
tcp_ping received 32768 bytes back
Round trip time was 0.7386 milliseconds in repetition 193
tcp_ping received 32768 bytes back
Round trip time was 0.8334 milliseconds in repetition 194
tcp_ping received 32768 bytes back
Round trip time was 0.7784 milliseconds in repetition 195
tcp_ping received 32768 bytes back
Round trip time was 0.9359 milliseconds in repetition 196
tcp_ping received 32768 bytes back
Round trip time was 0.8257 milliseconds in repetition 197
tcp_ping received 32768 bytes back
Round trip time was 0.7872 milliseconds in repetition 198
tcp_ping received 32768 bytes back
Round trip time was 0.8685 milliseconds in repetition 199
tcp_ping received 32768 bytes back
Round trip time was 0.7443 milliseconds in repetition 200
tcp_ping received 32768 bytes back
Round trip time was 0.7594 milliseconds in repetition 201
tcp_ping received 32768 bytes back
Round trip time was 0.8174 milliseconds in repetition 202
tcp_ping received 32768 bytes back
Round trip time was 0.7742 milliseconds in repetition 203
tcp_ping received 32768 bytes back
Round trip time was 0.783 milliseconds in repetition 204
tcp_ping received 32768 bytes back
Round trip time was 0.6843 milliseconds in repetition 205
tcp_ping received 32768 bytes back
Round trip time was 0.7672 milliseconds in repetition 206
tcp_ping received 32768 bytes back
Round trip time was 0.6402 milliseconds in repetition 207
tcp_ping received 32768 bytes back
Round trip time was 0.7327 milliseconds in repetition 208
tcp_ping received 32768 bytes back
Round trip time was 0.6921 milliseconds in repetition 209
tcp_ping received 32768 bytes back
Round trip time was 0.7096 milliseconds in repetition 210
tcp_ping received 32768 bytes back
Round trip time was 0.5588 milliseconds in repetition 211
tcp_ping received 32768 bytes back
Round trip time was 0.7005 milliseconds in repetition 212
tcp_ping received 32768 bytes back
Round trip time was 1.0454 milliseconds in repetition 213
tcp_ping received 32768 bytes back
Round trip time was 0.7999 milliseconds in repetition 214
tcp_ping received 32768 bytes back
Round trip time was 1.1524 milliseconds in repetition 215
tcp_ping received 32768 bytes back
Round trip time was 0.7318 milliseconds in repetition 216
tcp_ping received 32768 bytes back
Round trip time was 0.6949 milliseconds in repetition 217
tcp_ping received 32768 bytes back
Round trip time was 0.6899 milliseconds in repetition 218
tcp_ping received 32768 bytes back
Round trip time was 0.7096 milliseconds in repetition 219
tcp_ping received 32768 bytes back
Round trip time was 0.6742 milliseconds in repetition 220
tcp_ping received 32768 bytes back
Round trip time was 0.6657 milliseconds in repetition 221
tcp_ping received 32768 bytes back
Round trip time was 0.6909 milliseconds in repetition 222
tcp_ping received 32768 bytes back
Round trip time was 0.6687 milliseconds in repetition 223
tcp_ping received 32768 bytes back
Round trip time was 0.6893 milliseconds in repetition 224
tcp_ping received 32768 bytes back
Round trip time was 0.7054 milliseconds in repetition 225
tcp_ping received 32768 bytes back
Round trip time was 0.6754 milliseconds in repetition 226
tcp_ping received 32768 bytes back
Round trip time was 0.6949 milliseconds in repetition 227
tcp_ping received 32768 bytes back
Round trip time was 0.6862 milliseconds in repetition 228
tcp_ping received 32768 bytes back
Round trip time was 0.7145 milliseconds in repetition 229
tcp_ping received 32768 bytes back
Round trip time was 0.7309 milliseconds in repetition 230
tcp_ping received 32768 bytes back
Round trip time was 0.8559 milliseconds in repetition 231
tcp_ping received 32768 bytes back
Round trip time was 0.7536 milliseconds in repetition 232
tcp_ping received 32768 bytes back
Round trip time was 0.769 milliseconds in repetition 233
tcp_ping received 32768 bytes back
Round trip time was 0.6959 milliseconds in repetition 234
tcp_ping received 32768 bytes back
Round trip time was 0.6872 milliseconds in repetition 235
tcp_ping received 32768 bytes back
Round trip time was 0.6974 milliseconds in repetition 236
tcp_ping received 32768 bytes back
Round trip time was 0.6818 milliseconds in repetition 237
tcp_ping received 32768 bytes back
Round trip time was 0.6883 milliseconds in repetition 238
tcp_ping received 32768 bytes back
Round trip time was 0.7038 milliseconds in repetition 239
tcp_ping received 32768 bytes back
Round trip time was 0.7138 milliseconds in repetition 240
tcp_ping received 32768 bytes back
Round trip time was 0.6354 milliseconds in repetition 241
tcp_ping received 32768 bytes back
Round trip time was 0.637 milliseconds in repetition 242
tcp_ping received 32768 bytes back
Round trip time was 0.6527 milliseconds in repetition 243
tcp_ping received 32768 bytes back
Round trip time was 0.6695 milliseconds in repetition 244
tcp_ping received 32768 bytes back
Round trip time was 0.6588 milliseconds in repetition 245
tcp_ping received 32768 bytes back
Round trip time was 0.6533 milliseconds in repetition 246
tcp_ping received 32768 bytes back
Round trip time was 0.6889 milliseconds in repetition 247
tcp_ping received 32768 bytes back
Round trip time was 0.6379 milliseconds in repetition 248
tcp_ping received 32768 bytes back
Round trip time was 0.7703 milliseconds in repetition 249
tcp_ping received 32768 bytes back
Round trip time was 0.571 milliseconds in repetition 250
tcp_ping received 32768 bytes back
Round trip time was 0.7038 milliseconds in repetition 251
tcp_ping received 32768 bytes back
Round trip time was 0.9236 milliseconds in repetition 252
tcp_ping received 32768 bytes back
Round trip time was 0.703 milliseconds in repetition 253
tcp_ping received 32768 bytes back
Round trip time was 0.6466 milliseconds in repetition 254
tcp_ping received 32768 bytes back
Round trip time was 0.636 milliseconds in repetition 255
tcp_ping received 32768 bytes back
Round trip time was 0.6616 milliseconds in repetition 256
tcp_ping received 32768 bytes back
Round trip time was 0.611 milliseconds in repetition 257
tcp_ping received 32768 bytes back
Round trip time was 0.6128 milliseconds in repetition 258
tcp_ping received 32768 bytes back
Round trip time was 0.5813 milliseconds in repetition 259
tcp_ping received 32768 bytes back
Round trip time was 0.6186 milliseconds in repetition 260
tcp_ping received 32768 bytes back
Round trip time was 0.7748 milliseconds in repetition 261
tcp_ping received 32768 bytes back
Round trip time was 0.621 milliseconds in repetition 262
tcp_ping received 32768 bytes back
Round trip time was 0.6467 milliseconds in repetition 263
tcp_ping received 32768 bytes back
Round trip time was 0.6494 milliseconds in repetition 264
tcp_ping received 32768 bytes back
Round trip time was 0.7004 milliseconds in repetition 265
tcp_ping received 32768 bytes back
Round trip time was 0.6383 milliseconds in repetition 266
tcp_ping received 32768 bytes back
Round trip time was 0.6917 milliseconds in repetition 267
tcp_ping received 32768 bytes back
Round trip time was 0.6228 milliseconds in repetition 268
tcp_ping received 32768 bytes back
Round trip time was 0.6435 milliseconds in repetition 269
tcp_ping received 32768 bytes back
Round trip time was 0.6239 milliseconds in repetition 270
tcp_ping received 32768 bytes back
Round trip time was 0.8243 milliseconds in repetition 271
tcp_ping received 32768 bytes back
Round trip time was 0.7589 milliseconds in repetition 272
tcp_ping received 32768 bytes back
Round trip time was 0.7009 milliseconds in repetition 273
tcp_ping received 32768 bytes back
Round trip time was 0.6988 milliseconds in repetition 274
tcp_ping received 32768 bytes back
Round trip time was 0.7014 milliseconds in repetition 275
tcp_ping received 32768 bytes back
Round trip time was 0.7016 milliseconds in repetition 276
tcp_ping received 32768 bytes back
Round trip time was 0.6837 milliseconds in repetition 277
tcp_ping received 32768 bytes back
Round trip time was 0.6884 milliseconds in repetition 278
tcp_ping received 32768 bytes back
Round trip time was 0.637 milliseconds in repetition 279
tcp_ping received 32768 bytes back
Round trip time was 0.7371 milliseconds in repetition 280
tcp_ping received 32768 bytes back
Round trip time was 0.7485 milliseconds in repetition 281
tcp_ping received 32768 bytes back
Round trip time was 0.6929 milliseconds in repetition 282
tcp_ping received 32768 bytes back
Round trip time was 1.0566 milliseconds in repetition 283
tcp_ping received 32768 bytes back
Round trip time was 0.8502 milliseconds in repetition 284
tcp_ping received 32768 bytes back
Round trip time was 0.6308 milliseconds in repetition 285
tcp_ping received 32768 bytes back
Round trip time was 0.5811 milliseconds in repetition 286
tcp_ping received 32768 bytes back
Round trip time was 0.6306 milliseconds in repetition 287
tcp_ping received 32768 bytes back
Round trip time was 0.6108 milliseconds in repetition 288
tcp_ping received 32768 bytes back
Round trip time was 0.6246 milliseconds in repetition 289
tcp_ping received 32768 bytes back
Round trip time was 0.6132 milliseconds in repetition 290
tcp_ping received 32768 bytes back
Round trip time was 0.6703 milliseconds in repetition 291
tcp_ping received 32768 bytes back
Round trip time was 0.971 milliseconds in repetition 292
tcp_ping received 32768 bytes back
Round trip time was 0.7981 milliseconds in repetition 293
tcp_ping received 32768 bytes back
Round trip time was 0.8087 milliseconds in repetition 294
tcp_ping received 32768 bytes back
Round trip time was 0.6321 milliseconds in repetition 295
tcp_ping received 32768 bytes back
Round trip time was 0.6879 milliseconds in repetition 296
tcp_ping received 32768 bytes back
Round trip time was 0.6934 milliseconds in repetition 297
tcp_ping received 32768 bytes back
Round trip time was 0.6838 milliseconds in repetition 298
tcp_ping received 32768 bytes back
Round trip time was 0.6442 milliseconds in repetition 299
tcp_ping received 32768 bytes back
Round trip time was 0.6648 milliseconds in repetition 300
tcp_ping received 32768 bytes back
Round trip time was 0.8024 milliseconds in repetition 301
tcp_ping received 32768 bytes back
Round trip time was 0.7665 milliseconds in repetition 302
tcp_ping received 32768 bytes back
Round trip time was 0.8174 milliseconds in repetition 303
tcp_ping received 32768 bytes back
Round trip time was 0.6576 milliseconds in repetition 304
tcp_ping received 32768 bytes back
Round trip time was 0.6429 milliseconds in repetition 305
tcp_ping received 32768 bytes back
Round trip time was 0.6103 milliseconds in repetition 306
tcp_ping received 32768 bytes back
Round trip time was 0.6438 milliseconds in repetition 307
tcp_ping received 32768 bytes back
Round trip time was 0.6176 milliseconds in repetition 308
tcp_ping received 32768 bytes back
Round trip time was 0.6518 milliseconds in repetition 309
tcp_ping received 32768 bytes back
Round trip time was 0.6479 milliseconds in repetition 310
tcp_ping received 32768 bytes back
Round trip time was 0.645 milliseconds in repetition 311
tcp_ping received 32768 bytes back
Round trip time was 0.647 milliseconds in repetition 312
tcp_ping received 32768 bytes back
Round trip time was 0.6353 milliseconds in repetition 313
tcp_ping received 32768 bytes back
Round trip time was 0.5927 milliseconds in repetition 314
tcp_ping received 32768 bytes back
Round trip time was 0.7285 milliseconds in repetition 315
tcp_ping received 32768 bytes back
Round trip time was 0.6486 milliseconds in repetition 316
tcp_ping received 32768 bytes back
Round trip time was 0.6315 milliseconds in repetition 317
tcp_ping received 32768 bytes back
Round trip time was 0.6784 milliseconds in repetition 318
tcp_ping received 32768 bytes back
Round trip time was 0.6746 milliseconds in repetition 319
tcp_ping received 32768 bytes back
Round trip time was 0.7822 milliseconds in repetition 320
tcp_ping received 32768 bytes back
Round trip time was 0.5753 milliseconds in repetition 321
tcp_ping received 32768 bytes back
Round trip time was 0.9586 milliseconds in repetition 322
tcp_ping received 32768 bytes back
Round trip time was 0.6654 milliseconds in repetition 323
tcp_ping received 32768 bytes back
Round trip time was 0.7105 milliseconds in repetition 324
tcp_ping received 32768 bytes back
Round trip time was 0.6698 milliseconds in repetition 325
tcp_ping received 32768 bytes back
Round trip time was 0.6342 milliseconds in repetition 326
tcp_ping received 32768 bytes back
Round trip time was 0.754 milliseconds in repetition 327
tcp_ping received 32768 bytes back
Round trip time was 0.6247 milliseconds in repetition 328
tcp_ping received 32768 bytes back
Round trip time was 0.6289 milliseconds in repetition 329
tcp_ping received 32768 bytes back
Round trip time was 0.5857 milliseconds in repetition 330
tcp_ping received 32768 bytes back
Round trip time was 0.7142 milliseconds in repetition 331
tcp_ping received 32768 bytes back
Round trip time was 0.7204 milliseconds in repetition 332
tcp_ping received 32768 bytes back
Round trip time was 0.6509 milliseconds in repetition 333
tcp_ping received 32768 bytes back
Round trip time was 0.6351 milliseconds in repetition 334
tcp_ping received 32768 bytes back
Round trip time was 0.6585 milliseconds in repetition 335
tcp_ping received 32768 bytes back
Round trip time was 0.6271 milliseconds in repetition 336
tcp_ping received 32768 bytes back
Round trip time was 0.6558 milliseconds in repetition 337
tcp_ping received 32768 bytes back
Round trip time was 0.6499 milliseconds in repetition 338
tcp_ping received 32768 bytes back
Round trip time was 0.6998 milliseconds in repetition 339
tcp_ping received 32768 bytes back
Round trip time was 0.6437 milliseconds in repetition 340
tcp_ping received 32768 bytes back
Round trip time was 0.623 milliseconds in repetition 341
tcp_ping received 32768 bytes back
Round trip time was 0.7838 milliseconds in repetition 342
tcp_ping received 32768 bytes back
Round trip time was 0.6586 milliseconds in repetition 343
tcp_ping received 32768 bytes back
Round trip time was 0.6431 milliseconds in repetition 344
tcp_ping received 32768 bytes back
Round trip time was 0.7749 milliseconds in repetition 345
tcp_ping received 32768 bytes back
Round trip time was 0.6423 milliseconds in repetition 346
tcp_ping received 32768 bytes back
Round trip time was 0.6454 milliseconds in repetition 347
tcp_ping received 32768 bytes back
Round trip time was 0.6426 milliseconds in repetition 348
tcp_ping received 32768 bytes back
Round trip time was 0.6125 milliseconds in repetition 349
tcp_ping received 32768 bytes back
Round trip time was 0.6401 milliseconds in repetition 350
tcp_ping received 32768 bytes back
Round trip time was 0.5978 milliseconds in repetition 351
tcp_ping received 32768 bytes back
Round trip time was 0.6402 milliseconds in repetition 352
tcp_ping received 32768 bytes back
Round trip time was 0.6177 milliseconds in repetition 353
tcp_ping received 32768 bytes back
Round trip time was 0.6526 milliseconds in repetition 354
tcp_ping received 32768 bytes back
Round trip time was 0.7446 milliseconds in repetition 355
tcp_ping received 32768 bytes back
Round trip time was 0.6521 milliseconds in repetition 356
tcp_ping received 32768 bytes back
Round trip time was 0.6601 milliseconds in repetition 357
tcp_ping received 32768 bytes back
Round trip time was 0.6523 milliseconds in repetition 358
tcp_ping received 32768 bytes back
Round trip time was 0.652 milliseconds in repetition 359
tcp_ping received 32768 bytes back
Round trip time was 0.6243 milliseconds in repetition 360
tcp_ping received 32768 bytes back
Round trip time was 0.7482 milliseconds in repetition 361
tcp_ping received 32768 bytes back
Round trip time was 0.6573 milliseconds in repetition 362
tcp_ping received 32768 bytes back
Round trip time was 0.7733 milliseconds in repetition 363
tcp_ping received 32768 bytes back
Round trip time was 0.6929 milliseconds in repetition 364
tcp_ping received 32768 bytes back
Round trip time was 0.6601 milliseconds in repetition 365
tcp_ping received 32768 bytes back
Round trip time was 0.6343 milliseconds in repetition 366
tcp_ping received 32768 bytes back
Round trip time was 0.773 milliseconds in repetition 367
tcp_ping received 32768 bytes back
Round trip time was 0.6084 milliseconds in repetition 368
tcp_ping received 32768 bytes back
Round trip time was 0.6268 milliseconds in repetition 369
tcp_ping received 32768 bytes back
Round trip time was 0.6536 milliseconds in repetition 370
tcp_ping received 32768 bytes back
Round trip time was 0.7248 milliseconds in repetition 371
tcp_ping received 32768 bytes back
Round trip time was 0.6339 milliseconds in repetition 372
tcp_ping received 32768 bytes back
Round trip time was 0.6069 milliseconds in repetition 373
tcp_ping received 32768 bytes back
Round trip time was 0.5917 milliseconds in repetition 374
tcp_ping received 32768 bytes back
Round trip time was 0.7125 milliseconds in repetition 375
tcp_ping received 32768 bytes back
Round trip time was 0.6767 milliseconds in repetition 376
tcp_ping received 32768 bytes back
Round trip time was 0.8257 milliseconds in repetition 377
tcp_ping received 32768 bytes back
Round trip time was 0.6941 milliseconds in repetition 378
tcp_ping received 32768 bytes back
Round trip time was 0.6385 milliseconds in repetition 379
tcp_ping received 32768 bytes back
Round trip time was 0.6419 milliseconds in repetition 380
tcp_ping received 32768 bytes back
Round trip time was 0.6663 milliseconds in repetition 381
tcp_ping received 32768 bytes back
Round trip time was 0.7517 milliseconds in repetition 382
tcp_ping received 32768 bytes back
Round trip time was 0.7095 milliseconds in repetition 383
tcp_ping received 32768 bytes back
Round trip time was 0.6426 milliseconds in repetition 384
tcp_ping received 32768 bytes back
Round trip time was 0.6973 milliseconds in repetition 385
tcp_ping received 32768 bytes back
Round trip time was 0.6597 milliseconds in repetition 386
tcp_ping received 32768 bytes back
Round trip time was 0.7349 milliseconds in repetition 387
tcp_ping received 32768 bytes back
Round trip time was 0.6424 milliseconds in repetition 388
tcp_ping received 32768 bytes back
Round trip time was 0.6696 milliseconds in repetition 389
tcp_ping received 32768 bytes back
Round trip time was 0.6241 milliseconds in repetition 390
tcp_ping received 32768 bytes back
Round trip time was 0.6235 milliseconds in repetition 391
tcp_ping received 32768 bytes back
Round trip time was 0.6424 milliseconds in repetition 392
tcp_ping received 32768 bytes back
Round trip time was 0.6404 milliseconds in repetition 393
tcp_ping received 32768 bytes back
Round trip time was 0.6299 milliseconds in repetition 394
tcp_ping received 32768 bytes back
Round trip time was 0.6512 milliseconds in repetition 395
tcp_ping received 32768 bytes back
Round trip time was 0.6647 milliseconds in repetition 396
tcp_ping received 32768 bytes back
Round trip time was 0.7063 milliseconds in repetition 397
tcp_ping received 32768 bytes back
Round trip time was 0.6001 milliseconds in repetition 398
tcp_ping received 32768 bytes back
Round trip time was 0.6165 milliseconds in repetition 399
tcp_ping received 32768 bytes back
Round trip time was 0.7554 milliseconds in repetition 400
tcp_ping received 32768 bytes back
Round trip time was 0.692 milliseconds in repetition 401
tcp_ping received 32768 bytes back
Round trip time was 0.7721 milliseconds in repetition 402
tcp_ping received 32768 bytes back
Round trip time was 0.7073 milliseconds in repetition 403
tcp_ping received 32768 bytes back
Round trip time was 0.7641 milliseconds in repetition 404
tcp_ping received 32768 bytes back
Round trip time was 0.5939 milliseconds in repetition 405
tcp_ping received 32768 bytes back
Round trip time was 0.6214 milliseconds in repetition 406
tcp_ping received 32768 bytes back
Round trip time was 0.6624 milliseconds in repetition 407
tcp_ping received 32768 bytes back
Round trip time was 0.5908 milliseconds in repetition 408
tcp_ping received 32768 bytes back
Round trip time was 0.7186 milliseconds in repetition 409
tcp_ping received 32768 bytes back
Round trip time was 0.6889 milliseconds in repetition 410
tcp_ping received 32768 bytes back
Round trip time was 0.7085 milliseconds in repetition 411
tcp_ping received 32768 bytes back
Round trip time was 0.9049 milliseconds in repetition 412
tcp_ping received 32768 bytes back
Round trip time was 0.733 milliseconds in repetition 413
tcp_ping received 32768 bytes back
Round trip time was 0.8799 milliseconds in repetition 414
tcp_ping received 32768 bytes back
Round trip time was 0.8009 milliseconds in repetition 415
tcp_ping received 32768 bytes back
Round trip time was 0.7732 milliseconds in repetition 416
tcp_ping received 32768 bytes back
Round trip time was 0.7248 milliseconds in repetition 417
tcp_ping received 32768 bytes back
Round trip time was 0.5772 milliseconds in repetition 418
tcp_ping received 32768 bytes back
Round trip time was 0.6834 milliseconds in repetition 419
tcp_ping received 32768 bytes back
Round trip time was 0.6534 milliseconds in repetition 420
tcp_ping received 32768 bytes back
Round trip time was 0.7582 milliseconds in repetition 421
tcp_ping received 32768 bytes back
Round trip time was 0.6247 milliseconds in repetition 422
tcp_ping received 32768 bytes back
Round trip time was 0.5966 milliseconds in repetition 423
tcp_ping received 32768 bytes back
Round trip time was 0.6237 milliseconds in repetition 424
tcp_ping received 32768 bytes back
Round trip time was 0.6953 milliseconds in repetition 425
tcp_ping received 32768 bytes back
Round trip time was 0.644 milliseconds in repetition 426
tcp_ping received 32768 bytes back
Round trip time was 0.6113 milliseconds in repetition 427
tcp_ping received 32768 bytes back
Round trip time was 0.6421 milliseconds in repetition 428
tcp_ping received 32768 bytes back
Round trip time was 0.5913 milliseconds in repetition 429
tcp_ping received 32768 bytes back
Round trip time was 0.6978 milliseconds in repetition 430
tcp_ping received 32768 bytes back
Round trip time was 0.6473 milliseconds in repetition 431
tcp_ping received 32768 bytes back
Round trip time was 0.6372 milliseconds in repetition 432
tcp_ping received 32768 bytes back
Round trip time was 0.5895 milliseconds in repetition 433
tcp_ping received 32768 bytes back
Round trip time was 0.6363 milliseconds in repetition 434
tcp_ping received 32768 bytes back
Round trip time was 0.5919 milliseconds in repetition 435
tcp_ping received 32768 bytes back
Round trip time was 0.7455 milliseconds in repetition 436
tcp_ping received 32768 bytes back
Round trip time was 0.5716 milliseconds in repetition 437
tcp_ping received 32768 bytes back
Round trip time was 0.5952 milliseconds in repetition 438
tcp_ping received 32768 bytes back
Round trip time was 0.8388 milliseconds in repetition 439
tcp_ping received 32768 bytes back
Round trip time was 0.8088 milliseconds in repetition 440
tcp_ping received 32768 bytes back
Round trip time was 0.6097 milliseconds in repetition 441
tcp_ping received 32768 bytes back
Round trip time was 0.6504 milliseconds in repetition 442
tcp_ping received 32768 bytes back
Round trip time was 0.5863 milliseconds in repetition 443
tcp_ping received 32768 bytes back
Round trip time was 0.6036 milliseconds in repetition 444
tcp_ping received 32768 bytes back
Round trip time was 0.7775 milliseconds in repetition 445
tcp_ping received 32768 bytes back
Round trip time was 0.8544 milliseconds in repetition 446
tcp_ping received 32768 bytes back
Round trip time was 0.7677 milliseconds in repetition 447
tcp_ping received 32768 bytes back
Round trip time was 0.6781 milliseconds in repetition 448
tcp_ping received 32768 bytes back
Round trip time was 0.6174 milliseconds in repetition 449
tcp_ping received 32768 bytes back
Round trip time was 0.6581 milliseconds in repetition 450
tcp_ping received 32768 bytes back
Round trip time was 0.6413 milliseconds in repetition 451
tcp_ping received 32768 bytes back
Round trip time was 0.637 milliseconds in repetition 452
tcp_ping received 32768 bytes back
Round trip time was 0.6853 milliseconds in repetition 453
tcp_ping received 32768 bytes back
Round trip time was 0.692 milliseconds in repetition 454
tcp_ping received 32768 bytes back
Round trip time was 0.6534 milliseconds in repetition 455
tcp_ping received 32768 bytes back
Round trip time was 0.8452 milliseconds in repetition 456
tcp_ping received 32768 bytes back
Round trip time was 0.8078 milliseconds in repetition 457
tcp_ping received 32768 bytes back
Round trip time was 0.7166 milliseconds in repetition 458
tcp_ping received 32768 bytes back
Round trip time was 0.6487 milliseconds in repetition 459
tcp_ping received 32768 bytes back
Round trip time was 0.6251 milliseconds in repetition 460
tcp_ping received 32768 bytes back
Round trip time was 0.6471 milliseconds in repetition 461
tcp_ping received 32768 bytes back
Round trip time was 0.6213 milliseconds in repetition 462
tcp_ping received 32768 bytes back
Round trip time was 0.7396 milliseconds in repetition 463
tcp_ping received 32768 bytes back
Round trip time was 0.6579 milliseconds in repetition 464
tcp_ping received 32768 bytes back
Round trip time was 0.6317 milliseconds in repetition 465
tcp_ping received 32768 bytes back
Round trip time was 0.6534 milliseconds in repetition 466
tcp_ping received 32768 bytes back
Round trip time was 0.6348 milliseconds in repetition 467
tcp_ping received 32768 bytes back
Round trip time was 0.6428 milliseconds in repetition 468
tcp_ping received 32768 bytes back
Round trip time was 0.6512 milliseconds in repetition 469
tcp_ping received 32768 bytes back
Round trip time was 0.6426 milliseconds in repetition 470
tcp_ping received 32768 bytes back
Round trip time was 0.6747 milliseconds in repetition 471
tcp_ping received 32768 bytes back
Round trip time was 0.6079 milliseconds in repetition 472
tcp_ping received 32768 bytes back
Round trip time was 0.704 milliseconds in repetition 473
tcp_ping received 32768 bytes back
Round trip time was 0.6387 milliseconds in repetition 474
tcp_ping received 32768 bytes back
Round trip time was 1.9586 milliseconds in repetition 475
tcp_ping received 32768 bytes back
Round trip time was 0.8156 milliseconds in repetition 476
tcp_ping received 32768 bytes back
Round trip time was 0.8019 milliseconds in repetition 477
tcp_ping received 32768 bytes back
Round trip time was 0.6516 milliseconds in repetition 478
tcp_ping received 32768 bytes back
Round trip time was 0.7044 milliseconds in repetition 479
tcp_ping received 32768 bytes back
Round trip time was 0.6183 milliseconds in repetition 480
tcp_ping received 32768 bytes back
Round trip time was 0.5932 milliseconds in repetition 481
tcp_ping received 32768 bytes back
Round trip time was 0.599 milliseconds in repetition 482
tcp_ping received 32768 bytes back
Round trip time was 0.7358 milliseconds in repetition 483
tcp_ping received 32768 bytes back
Round trip time was 0.7252 milliseconds in repetition 484
tcp_ping received 32768 bytes back
Round trip time was 0.6325 milliseconds in repetition 485
tcp_ping received 32768 bytes back
Round trip time was 0.6499 milliseconds in repetition 486
tcp_ping received 32768 bytes back
Round trip time was 0.614 milliseconds in repetition 487
tcp_ping received 32768 bytes back
Round trip time was 0.6452 milliseconds in repetition 488
tcp_ping received 32768 bytes back
Round trip time was 0.7625 milliseconds in repetition 489
tcp_ping received 32768 bytes back
Round trip time was 0.6715 milliseconds in repetition 490
tcp_ping received 32768 bytes back
Round trip time was 0.6431 milliseconds in repetition 491
tcp_ping received 32768 bytes back
Round trip time was 0.6729 milliseconds in repetition 492
tcp_ping received 32768 bytes back
Round trip time was 0.6544 milliseconds in repetition 493
tcp_ping received 32768 bytes back
Round trip time was 0.7832 milliseconds in repetition 494
tcp_ping received 32768 bytes back
Round trip time was 0.7128 milliseconds in repetition 495
tcp_ping received 32768 bytes back
Round trip time was 0.7675 milliseconds in repetition 496
tcp_ping received 32768 bytes back
Round trip time was 0.6897 milliseconds in repetition 497
tcp_ping received 32768 bytes back
Round trip time was 0.7789 milliseconds in repetition 498
tcp_ping received 32768 bytes back
Round trip time was 0.6366 milliseconds in repetition 499
tcp_ping received 32768 bytes back
Round trip time was 0.6561 milliseconds in repetition 500
tcp_ping received 32768 bytes back
Round trip time was 0.718 milliseconds in repetition 501

 ... clock resolution was 1e-06
TCP Ping:  Statistics over 501 repetitions of 32768 byte messages

RTT : percentile 10: 0.6181, median: 0.6937, percentile 90: 0.9049, average: 0.737894, variance: 0.0200233

RTT histogram:
0.5273 2
0.598865 85
0.67043 192
0.741995 83
0.81356 53
0.885125 39
0.95669 16
1.02825 10
1.09982 11
1.17138 7
1.24295 1
1.31452 1
1.38608 0
1.45765 0
1.52921 0
1.60078 0
1.67234 0
1.74391 0
1.81547 0
1.88704 0
1.9586 1

   median Throughput : 94473.1 KB/s   overall Throughput : 88814.9 KB/s

