TCP Ping trying to connect to server localhost (127.0.0.1) on port 1491
 ... connected to Pong server: asking for 501 repetitions of 524288 bytes TCP messages
 ... Pong server agreed :-)
tcp_ping received 524288 bytes back
Round trip time was 2.5302 milliseconds in repetition 1
tcp_ping received 524288 bytes back
Round trip time was 1.66514 milliseconds in repetition 2
tcp_ping received 524288 bytes back
Round trip time was 1.99593 milliseconds in repetition 3
tcp_ping received 524288 bytes back
Round trip time was 1.8387 milliseconds in repetition 4
tcp_ping received 524288 bytes back
Round trip time was 1.65162 milliseconds in repetition 5
tcp_ping received 524288 bytes back
Round trip time was 1.64118 milliseconds in repetition 6
tcp_ping received 524288 bytes back
Round trip time was 1.62456 milliseconds in repetition 7
tcp_ping received 524288 bytes back
Round trip time was 1.61994 milliseconds in repetition 8
tcp_ping received 524288 bytes back
Round trip time was 1.61925 milliseconds in repetition 9
tcp_ping received 524288 bytes back
Round trip time was 2.6532 milliseconds in repetition 10
tcp_ping received 524288 bytes back
Round trip time was 2.59961 milliseconds in repetition 11
tcp_ping received 524288 bytes back
Round trip time was 2.65557 milliseconds in repetition 12
tcp_ping received 524288 bytes back
Round trip time was 2.13497 milliseconds in repetition 13
tcp_ping received 524288 bytes back
Round trip time was 2.00728 milliseconds in repetition 14
tcp_ping received 524288 bytes back
Round trip time was 2.35627 milliseconds in repetition 15
tcp_ping received 524288 bytes back
Round trip time was 6.40503 milliseconds in repetition 16
tcp_ping received 524288 bytes back
Round trip time was 2.07257 milliseconds in repetition 17
tcp_ping received 524288 bytes back
Round trip time was 1.75351 milliseconds in repetition 18
tcp_ping received 524288 bytes back
Round trip time was 2.13208 milliseconds in repetition 19
tcp_ping received 524288 bytes back
Round trip time was 1.81989 milliseconds in repetition 20
tcp_ping received 524288 bytes back
Round trip time was 1.92352 milliseconds in repetition 21
tcp_ping received 524288 bytes back
Round trip time was 1.79384 milliseconds in repetition 22
tcp_ping received 524288 bytes back
Round trip time was 1.87025 milliseconds in repetition 23
tcp_ping received 524288 bytes back
Round trip time was 1.70571 milliseconds in repetition 24
tcp_ping received 524288 bytes back
Round trip time was 1.82624 milliseconds in repetition 25
tcp_ping received 524288 bytes back
Round trip time was 1.85912 milliseconds in repetition 26
tcp_ping received 524288 bytes back
Round trip time was 1.83299 milliseconds in repetition 27
tcp_ping received 524288 bytes back
Round trip time was 1.77245 milliseconds in repetition 28
tcp_ping received 524288 bytes back
Round trip time was 1.77008 milliseconds in repetition 29
tcp_ping received 524288 bytes back
Round trip time was 1.87457 milliseconds in repetition 30
tcp_ping received 524288 bytes back
Round trip time was 1.64627 milliseconds in repetition 31
tcp_ping received 524288 bytes back
Round trip time was 1.77901 milliseconds in repetition 32
tcp_ping received 524288 bytes back
Round trip time was 1.66223 milliseconds in repetition 33
tcp_ping received 524288 bytes back
Round trip time was 1.66382 milliseconds in repetition 34
tcp_ping received 524288 bytes back
Round trip time was 1.71224 milliseconds in repetition 35
tcp_ping received 524288 bytes back
Round trip time was 2.14572 milliseconds in repetition 36
tcp_ping received 524288 bytes back
Round trip time was 1.65366 milliseconds in repetition 37
tcp_ping received 524288 bytes back
Round trip time was 2.07141 milliseconds in repetition 38
tcp_ping received 524288 bytes back
Round trip time was 1.93464 milliseconds in repetition 39
tcp_ping received 524288 bytes back
Round trip time was 1.78878 milliseconds in repetition 40
tcp_ping received 524288 bytes back
Round trip time was 1.80454 milliseconds in repetition 41
tcp_ping received 524288 bytes back
Round trip time was 1.62617 milliseconds in repetition 42
tcp_ping received 524288 bytes back
Round trip time was 1.79119 milliseconds in repetition 43
tcp_ping received 524288 bytes back
Round trip time was 1.78479 milliseconds in repetition 44
tcp_ping received 524288 bytes back
Round trip time was 1.80539 milliseconds in repetition 45
tcp_ping received 524288 bytes back
Round trip time was 1.66627 milliseconds in repetition 46
tcp_ping received 524288 bytes back
Round trip time was 1.628 milliseconds in repetition 47
tcp_ping received 524288 bytes back
Round trip time was 1.85369 milliseconds in repetition 48
tcp_ping received 524288 bytes back
Round trip time was 1.65485 milliseconds in repetition 49
tcp_ping received 524288 bytes back
Round trip time was 1.76883 milliseconds in repetition 50
tcp_ping received 524288 bytes back
Round trip time was 1.64064 milliseconds in repetition 51
tcp_ping received 524288 bytes back
Round trip time was 1.86942 milliseconds in repetition 52
tcp_ping received 524288 bytes back
Round trip time was 1.63558 milliseconds in repetition 53
tcp_ping received 524288 bytes back
Round trip time was 1.66102 milliseconds in repetition 54
tcp_ping received 524288 bytes back
Round trip time was 1.86398 milliseconds in repetition 55
tcp_ping received 524288 bytes back
Round trip time was 1.77712 milliseconds in repetition 56
tcp_ping received 524288 bytes back
Round trip time was 1.811 milliseconds in repetition 57
tcp_ping received 524288 bytes back
Round trip time was 1.66943 milliseconds in repetition 58
tcp_ping received 524288 bytes back
Round trip time was 1.69145 milliseconds in repetition 59
tcp_ping received 524288 bytes back
Round trip time was 1.69625 milliseconds in repetition 60
tcp_ping received 524288 bytes back
Round trip time was 1.90416 milliseconds in repetition 61
tcp_ping received 524288 bytes back
Round trip time was 1.67158 milliseconds in repetition 62
tcp_ping received 524288 bytes back
Round trip time was 1.65635 milliseconds in repetition 63
tcp_ping received 524288 bytes back
Round trip time was 1.7776 milliseconds in repetition 64
tcp_ping received 524288 bytes back
Round trip time was 1.65525 milliseconds in repetition 65
tcp_ping received 524288 bytes back
Round trip time was 1.74579 milliseconds in repetition 66
tcp_ping received 524288 bytes back
Round trip time was 1.65519 milliseconds in repetition 67
tcp_ping received 524288 bytes back
Round trip time was 1.85931 milliseconds in repetition 68
tcp_ping received 524288 bytes back
Round trip time was 1.65095 milliseconds in repetition 69
tcp_ping received 524288 bytes back
Round trip time was 1.65138 milliseconds in repetition 70
tcp_ping received 524288 bytes back
Round trip time was 1.80604 milliseconds in repetition 71
tcp_ping received 524288 bytes back
Round trip time was 1.727 milliseconds in repetition 72
tcp_ping received 524288 bytes back
Round trip time was 1.7449 milliseconds in repetition 73
tcp_ping received 524288 bytes back
Round trip time was 1.6531 milliseconds in repetition 74
tcp_ping received 524288 bytes back
Round trip time was 1.74516 milliseconds in repetition 75
tcp_ping received 524288 bytes back
Round trip time was 1.7997 milliseconds in repetition 76
tcp_ping received 524288 bytes back
Round trip time was 1.78522 milliseconds in repetition 77
tcp_ping received 524288 bytes back
Round trip time was 1.67247 milliseconds in repetition 78
tcp_ping received 524288 bytes back
Round trip time was 1.61268 milliseconds in repetition 79
tcp_ping received 524288 bytes back
Round trip time was 1.79126 milliseconds in repetition 80
tcp_ping received 524288 bytes back
Round trip time was 1.90053 milliseconds in repetition 81
tcp_ping received 524288 bytes back
Round trip time was 1.89044 milliseconds in repetition 82
tcp_ping received 524288 bytes back
Round trip time was 1.77846 milliseconds in repetition 83
tcp_ping received 524288 bytes back
Round trip time was 1.86718 milliseconds in repetition 84
tcp_ping received 524288 bytes back
Round trip time was 1.66165 milliseconds in repetition 85
tcp_ping received 524288 bytes back
Round trip time was 1.69232 milliseconds in repetition 86
tcp_ping received 524288 bytes back
Round trip time was 1.73634 milliseconds in repetition 87
tcp_ping received 524288 bytes back
Round trip time was 1.72982 milliseconds in repetition 88
tcp_ping received 524288 bytes back
Round trip time was 1.78205 milliseconds in repetition 89
tcp_ping received 524288 bytes back
Round trip time was 1.74186 milliseconds in repetition 90
tcp_ping received 524288 bytes back
Round trip time was 1.73968 milliseconds in repetition 91
tcp_ping received 524288 bytes back
Round trip time was 1.72663 milliseconds in repetition 92
tcp_ping received 524288 bytes back
Round trip time was 1.76359 milliseconds in repetition 93
tcp_ping received 524288 bytes back
Round trip time was 1.64982 milliseconds in repetition 94
tcp_ping received 524288 bytes back
Round trip time was 1.78469 milliseconds in repetition 95
tcp_ping received 524288 bytes back
Round trip time was 1.62221 milliseconds in repetition 96
tcp_ping received 524288 bytes back
Round trip time was 1.64821 milliseconds in repetition 97
tcp_ping received 524288 bytes back
Round trip time was 1.7665 milliseconds in repetition 98
tcp_ping received 524288 bytes back
Round trip time was 1.64936 milliseconds in repetition 99
tcp_ping received 524288 bytes back
Round trip time was 1.72185 milliseconds in repetition 100
tcp_ping received 524288 bytes back
Round trip time was 1.77962 milliseconds in repetition 101
tcp_ping received 524288 bytes back
Round trip time was 1.80761 milliseconds in repetition 102
tcp_ping received 524288 bytes back
Round trip time was 1.78868 milliseconds in repetition 103
tcp_ping received 524288 bytes back
Round trip time was 1.75344 milliseconds in repetition 104
tcp_ping received 524288 bytes back
Round trip time was 1.83259 milliseconds in repetition 105
tcp_ping received 524288 bytes back
Round trip time was 1.64012 milliseconds in repetition 106
tcp_ping received 524288 bytes back
Round trip time was 1.87319 milliseconds in repetition 107
tcp_ping received 524288 bytes back
Round trip time was 1.70864 milliseconds in repetition 108
tcp_ping received 524288 bytes back
Round trip time was 1.82025 milliseconds in repetition 109
tcp_ping received 524288 bytes back
Round trip time was 1.63712 milliseconds in repetition 110
tcp_ping received 524288 bytes back
Round trip time was 1.64834 milliseconds in repetition 111
tcp_ping received 524288 bytes back
Round trip time was 1.8063 milliseconds in repetition 112
tcp_ping received 524288 bytes back
Round trip time was 1.6701 milliseconds in repetition 113
tcp_ping received 524288 bytes back
Round trip time was 1.7899 milliseconds in repetition 114
tcp_ping received 524288 bytes back
Round trip time was 1.61703 milliseconds in repetition 115
tcp_ping received 524288 bytes back
Round trip time was 1.77294 milliseconds in repetition 116
tcp_ping received 524288 bytes back
Round trip time was 1.64929 milliseconds in repetition 117
tcp_ping received 524288 bytes back
Round trip time was 1.61156 milliseconds in repetition 118
tcp_ping received 524288 bytes back
Round trip time was 1.75898 milliseconds in repetition 119
tcp_ping received 524288 bytes back
Round trip time was 1.66818 milliseconds in repetition 120
tcp_ping received 524288 bytes back
Round trip time was 1.70077 milliseconds in repetition 121
tcp_ping received 524288 bytes back
Round trip time was 1.64866 milliseconds in repetition 122
tcp_ping received 524288 bytes back
Round trip time was 1.61049 milliseconds in repetition 123
tcp_ping received 524288 bytes back
Round trip time was 1.72596 milliseconds in repetition 124
tcp_ping received 524288 bytes back
Round trip time was 1.71358 milliseconds in repetition 125
tcp_ping received 524288 bytes back
Round trip time was 1.77749 milliseconds in repetition 126
tcp_ping received 524288 bytes back
Round trip time was 1.61702 milliseconds in repetition 127
tcp_ping received 524288 bytes back
Round trip time was 1.75936 milliseconds in repetition 128
tcp_ping received 524288 bytes back
Round trip time was 1.61712 milliseconds in repetition 129
tcp_ping received 524288 bytes back
Round trip time was 1.75962 milliseconds in repetition 130
tcp_ping received 524288 bytes back
Round trip time was 1.74938 milliseconds in repetition 131
tcp_ping received 524288 bytes back
Round trip time was 1.64928 milliseconds in repetition 132
tcp_ping received 524288 bytes back
Round trip time was 1.82188 milliseconds in repetition 133
tcp_ping received 524288 bytes back
Round trip time was 1.72444 milliseconds in repetition 134
tcp_ping received 524288 bytes back
Round trip time was 1.64123 milliseconds in repetition 135
tcp_ping received 524288 bytes back
Round trip time was 1.76925 milliseconds in repetition 136
tcp_ping received 524288 bytes back
Round trip time was 1.76297 milliseconds in repetition 137
tcp_ping received 524288 bytes back
Round trip time was 1.63591 milliseconds in repetition 138
tcp_ping received 524288 bytes back
Round trip time was 1.82812 milliseconds in repetition 139
tcp_ping received 524288 bytes back
Round trip time was 1.87814 milliseconds in repetition 140
tcp_ping received 524288 bytes back
Round trip time was 1.62383 milliseconds in repetition 141
tcp_ping received 524288 bytes back
Round trip time was 1.78191 milliseconds in repetition 142
tcp_ping received 524288 bytes back
Round trip time was 1.6521 milliseconds in repetition 143
tcp_ping received 524288 bytes back
Round trip time was 1.80143 milliseconds in repetition 144
tcp_ping received 524288 bytes back
Round trip time was 1.61729 milliseconds in repetition 145
tcp_ping received 524288 bytes back
Round trip time was 1.70673 milliseconds in repetition 146
tcp_ping received 524288 bytes back
Round trip time was 1.7619 milliseconds in repetition 147
tcp_ping received 524288 bytes back
Round trip time was 1.7379 milliseconds in repetition 148
tcp_ping received 524288 bytes back
Round trip time was 1.93329 milliseconds in repetition 149
tcp_ping received 524288 bytes back
Round trip time was 1.64333 milliseconds in repetition 150
tcp_ping received 524288 bytes back
Round trip time was 1.66701 milliseconds in repetition 151
tcp_ping received 524288 bytes back
Round trip time was 1.73037 milliseconds in repetition 152
tcp_ping received 524288 bytes back
Round trip time was 1.87036 milliseconds in repetition 153
tcp_ping received 524288 bytes back
Round trip time was 1.74118 milliseconds in repetition 154
tcp_ping received 524288 bytes back
Round trip time was 1.63291 milliseconds in repetition 155
tcp_ping received 524288 bytes back
Round trip time was 1.79619 milliseconds in repetition 156
tcp_ping received 524288 bytes back
Round trip time was 1.66986 milliseconds in repetition 157
tcp_ping received 524288 bytes back
Round trip time was 1.72658 milliseconds in repetition 158
tcp_ping received 524288 bytes back
Round trip time was 1.64993 milliseconds in repetition 159
tcp_ping received 524288 bytes back
Round trip time was 1.73498 milliseconds in repetition 160
tcp_ping received 524288 bytes back
Round trip time was 1.7717 milliseconds in repetition 161
tcp_ping received 524288 bytes back
Round trip time was 1.7814 milliseconds in repetition 162
tcp_ping received 524288 bytes back
Round trip time was 1.80058 milliseconds in repetition 163
tcp_ping received 524288 bytes back
Round trip time was 1.75862 milliseconds in repetition 164
tcp_ping received 524288 bytes back
Round trip time was 1.61672 milliseconds in repetition 165
tcp_ping received 524288 bytes back
Round trip time was 1.72983 milliseconds in repetition 166
tcp_ping received 524288 bytes back
Round trip time was 1.81617 milliseconds in repetition 167
tcp_ping received 524288 bytes back
Round trip time was 1.65337 milliseconds in repetition 168
tcp_ping received 524288 bytes back
Round trip time was 1.76791 milliseconds in repetition 169
tcp_ping received 524288 bytes back
Round trip time was 1.7649 milliseconds in repetition 170
tcp_ping received 524288 bytes back
Round trip time was 1.66907 milliseconds in repetition 171
tcp_ping received 524288 bytes back
Round trip time was 1.77889 milliseconds in repetition 172
tcp_ping received 524288 bytes back
Round trip time was 1.65714 milliseconds in repetition 173
tcp_ping received 524288 bytes back
Round trip time was 1.73038 milliseconds in repetition 174
tcp_ping received 524288 bytes back
Round trip time was 1.6346 milliseconds in repetition 175
tcp_ping received 524288 bytes back
Round trip time was 1.77659 milliseconds in repetition 176
tcp_ping received 524288 bytes back
Round trip time was 1.7546 milliseconds in repetition 177
tcp_ping received 524288 bytes back
Round trip time was 1.61646 milliseconds in repetition 178
tcp_ping received 524288 bytes back
Round trip time was 1.87594 milliseconds in repetition 179
tcp_ping received 524288 bytes back
Round trip time was 1.65379 milliseconds in repetition 180
tcp_ping received 524288 bytes back
Round trip time was 1.79195 milliseconds in repetition 181
tcp_ping received 524288 bytes back
Round trip time was 1.58294 milliseconds in repetition 182
tcp_ping received 524288 bytes back
Round trip time was 1.6544 milliseconds in repetition 183
tcp_ping received 524288 bytes back
Round trip time was 1.75934 milliseconds in repetition 184
tcp_ping received 524288 bytes back
Round trip time was 1.77896 milliseconds in repetition 185
tcp_ping received 524288 bytes back
Round trip time was 1.74128 milliseconds in repetition 186
tcp_ping received 524288 bytes back
Round trip time was 1.74494 milliseconds in repetition 187
tcp_ping received 524288 bytes back
Round trip time was 1.79074 milliseconds in repetition 188
tcp_ping received 524288 bytes back
Round trip time was 1.64889 milliseconds in repetition 189
tcp_ping received 524288 bytes back
Round trip time was 1.83611 milliseconds in repetition 190
tcp_ping received 524288 bytes back
Round trip time was 1.63184 milliseconds in repetition 191
tcp_ping received 524288 bytes back
Round trip time was 1.66863 milliseconds in repetition 192
tcp_ping received 524288 bytes back
Round trip time was 1.76098 milliseconds in repetition 193
tcp_ping received 524288 bytes back
Round trip time was 1.73376 milliseconds in repetition 194
tcp_ping received 524288 bytes back
Round trip time was 1.72907 milliseconds in repetition 195
tcp_ping received 524288 bytes back
Round trip time was 1.61646 milliseconds in repetition 196
tcp_ping received 524288 bytes back
Round trip time was 1.75708 milliseconds in repetition 197
tcp_ping received 524288 bytes back
Round trip time was 1.62129 milliseconds in repetition 198
tcp_ping received 524288 bytes back
Round trip time was 1.61095 milliseconds in repetition 199
tcp_ping received 524288 bytes back
Round trip time was 1.86723 milliseconds in repetition 200
tcp_ping received 524288 bytes back
Round trip time was 1.66861 milliseconds in repetition 201
tcp_ping received 524288 bytes back
Round trip time was 1.75771 milliseconds in repetition 202
tcp_ping received 524288 bytes back
Round trip time was 1.58572 milliseconds in repetition 203
tcp_ping received 524288 bytes back
Round trip time was 1.69983 milliseconds in repetition 204
tcp_ping received 524288 bytes back
Round trip time was 1.72442 milliseconds in repetition 205
tcp_ping received 524288 bytes back
Round trip time was 1.64764 milliseconds in repetition 206
tcp_ping received 524288 bytes back
Round trip time was 1.74716 milliseconds in repetition 207
tcp_ping received 524288 bytes back
Round trip time was 1.7481 milliseconds in repetition 208
tcp_ping received 524288 bytes back
Round trip time was 1.94072 milliseconds in repetition 209
tcp_ping received 524288 bytes back
Round trip time was 1.61846 milliseconds in repetition 210
tcp_ping received 524288 bytes back
Round trip time was 1.92588 milliseconds in repetition 211
tcp_ping received 524288 bytes back
Round trip time was 1.70768 milliseconds in repetition 212
tcp_ping received 524288 bytes back
Round trip time was 1.75761 milliseconds in repetition 213
tcp_ping received 524288 bytes back
Round trip time was 1.7341 milliseconds in repetition 214
tcp_ping received 524288 bytes back
Round trip time was 1.65112 milliseconds in repetition 215
tcp_ping received 524288 bytes back
Round trip time was 1.61227 milliseconds in repetition 216
tcp_ping received 524288 bytes back
Round trip time was 1.80544 milliseconds in repetition 217
tcp_ping received 524288 bytes back
Round trip time was 1.77698 milliseconds in repetition 218
tcp_ping received 524288 bytes back
Round trip time was 1.64915 milliseconds in repetition 219
tcp_ping received 524288 bytes back
Round trip time was 1.76117 milliseconds in repetition 220
tcp_ping received 524288 bytes back
Round trip time was 1.73238 milliseconds in repetition 221
tcp_ping received 524288 bytes back
Round trip time was 1.61848 milliseconds in repetition 222
tcp_ping received 524288 bytes back
Round trip time was 1.76152 milliseconds in repetition 223
tcp_ping received 524288 bytes back
Round trip time was 1.75899 milliseconds in repetition 224
tcp_ping received 524288 bytes back
Round trip time was 1.58769 milliseconds in repetition 225
tcp_ping received 524288 bytes back
Round trip time was 1.77211 milliseconds in repetition 226
tcp_ping received 524288 bytes back
Round trip time was 1.65892 milliseconds in repetition 227
tcp_ping received 524288 bytes back
Round trip time was 1.77233 milliseconds in repetition 228
tcp_ping received 524288 bytes back
Round trip time was 1.61938 milliseconds in repetition 229
tcp_ping received 524288 bytes back
Round trip time was 1.79411 milliseconds in repetition 230
tcp_ping received 524288 bytes back
Round trip time was 1.65086 milliseconds in repetition 231
tcp_ping received 524288 bytes back
Round trip time was 1.78532 milliseconds in repetition 232
tcp_ping received 524288 bytes back
Round trip time was 1.62147 milliseconds in repetition 233
tcp_ping received 524288 bytes back
Round trip time was 1.64799 milliseconds in repetition 234
tcp_ping received 524288 bytes back
Round trip time was 1.76273 milliseconds in repetition 235
tcp_ping received 524288 bytes back
Round trip time was 1.78842 milliseconds in repetition 236
tcp_ping received 524288 bytes back
Round trip time was 1.78003 milliseconds in repetition 237
tcp_ping received 524288 bytes back
Round trip time was 1.63679 milliseconds in repetition 238
tcp_ping received 524288 bytes back
Round trip time was 1.86351 milliseconds in repetition 239
tcp_ping received 524288 bytes back
Round trip time was 1.65068 milliseconds in repetition 240
tcp_ping received 524288 bytes back
Round trip time was 1.92983 milliseconds in repetition 241
tcp_ping received 524288 bytes back
Round trip time was 1.60031 milliseconds in repetition 242
tcp_ping received 524288 bytes back
Round trip time was 1.65255 milliseconds in repetition 243
tcp_ping received 524288 bytes back
Round trip time was 1.76833 milliseconds in repetition 244
tcp_ping received 524288 bytes back
Round trip time was 1.72646 milliseconds in repetition 245
tcp_ping received 524288 bytes back
Round trip time was 1.84501 milliseconds in repetition 246
tcp_ping received 524288 bytes back
Round trip time was 1.6206 milliseconds in repetition 247
tcp_ping received 524288 bytes back
Round trip time was 1.76009 milliseconds in repetition 248
tcp_ping received 524288 bytes back
Round trip time was 1.83169 milliseconds in repetition 249
tcp_ping received 524288 bytes back
Round trip time was 1.76876 milliseconds in repetition 250
tcp_ping received 524288 bytes back
Round trip time was 1.76799 milliseconds in repetition 251
tcp_ping received 524288 bytes back
Round trip time was 1.62083 milliseconds in repetition 252
tcp_ping received 524288 bytes back
Round trip time was 1.76035 milliseconds in repetition 253
tcp_ping received 524288 bytes back
Round trip time was 1.61544 milliseconds in repetition 254
tcp_ping received 524288 bytes back
Round trip time was 1.63307 milliseconds in repetition 255
tcp_ping received 524288 bytes back
Round trip time was 1.73095 milliseconds in repetition 256
tcp_ping received 524288 bytes back
Round trip time was 1.65065 milliseconds in repetition 257
tcp_ping received 524288 bytes back
Round trip time was 1.69267 milliseconds in repetition 258
tcp_ping received 524288 bytes back
Round trip time was 1.61679 milliseconds in repetition 259
tcp_ping received 524288 bytes back
Round trip time was 1.77233 milliseconds in repetition 260
tcp_ping received 524288 bytes back
Round trip time was 1.61655 milliseconds in repetition 261
tcp_ping received 524288 bytes back
Round trip time was 1.75693 milliseconds in repetition 262
tcp_ping received 524288 bytes back
Round trip time was 1.73338 milliseconds in repetition 263
tcp_ping received 524288 bytes back
Round trip time was 1.63846 milliseconds in repetition 264
tcp_ping received 524288 bytes back
Round trip time was 1.73789 milliseconds in repetition 265
tcp_ping received 524288 bytes back
Round trip time was 1.58229 milliseconds in repetition 266
tcp_ping received 524288 bytes back
Round trip time was 1.78819 milliseconds in repetition 267
tcp_ping received 524288 bytes back
Round trip time was 1.76347 milliseconds in repetition 268
tcp_ping received 524288 bytes back
Round trip time was 1.80536 milliseconds in repetition 269
tcp_ping received 524288 bytes back
Round trip time was 1.63277 milliseconds in repetition 270
tcp_ping received 524288 bytes back
Round trip time was 1.74152 milliseconds in repetition 271
tcp_ping received 524288 bytes back
Round trip time was 1.73193 milliseconds in repetition 272
tcp_ping received 524288 bytes back
Round trip time was 1.61689 milliseconds in repetition 273
tcp_ping received 524288 bytes back
Round trip time was 1.77604 milliseconds in repetition 274
tcp_ping received 524288 bytes back
Round trip time was 1.66692 milliseconds in repetition 275
tcp_ping received 524288 bytes back
Round trip time was 1.61298 milliseconds in repetition 276
tcp_ping received 524288 bytes back
Round trip time was 1.75797 milliseconds in repetition 277
tcp_ping received 524288 bytes back
Round trip time was 1.72487 milliseconds in repetition 278
tcp_ping received 524288 bytes back
Round trip time was 1.81495 milliseconds in repetition 279
tcp_ping received 524288 bytes back
Round trip time was 1.61707 milliseconds in repetition 280
tcp_ping received 524288 bytes back
Round trip time was 1.76617 milliseconds in repetition 281
tcp_ping received 524288 bytes back
Round trip time was 1.68446 milliseconds in repetition 282
tcp_ping received 524288 bytes back
Round trip time was 1.7649 milliseconds in repetition 283
tcp_ping received 524288 bytes back
Round trip time was 1.59169 milliseconds in repetition 284
tcp_ping received 524288 bytes back
Round trip time was 1.64926 milliseconds in repetition 285
tcp_ping received 524288 bytes back
Round trip time was 1.72655 milliseconds in repetition 286
tcp_ping received 524288 bytes back
Round trip time was 1.66695 milliseconds in repetition 287
tcp_ping received 524288 bytes back
Round trip time was 1.73219 milliseconds in repetition 288
tcp_ping received 524288 bytes back
Round trip time was 1.61418 milliseconds in repetition 289
tcp_ping received 524288 bytes back
Round trip time was 1.64886 milliseconds in repetition 290
tcp_ping received 524288 bytes back
Round trip time was 1.80372 milliseconds in repetition 291
tcp_ping received 524288 bytes back
Round trip time was 1.61692 milliseconds in repetition 292
tcp_ping received 524288 bytes back
Round trip time was 1.78669 milliseconds in repetition 293
tcp_ping received 524288 bytes back
Round trip time was 1.76375 milliseconds in repetition 294
tcp_ping received 524288 bytes back
Round trip time was 1.76229 milliseconds in repetition 295
tcp_ping received 524288 bytes back
Round trip time was 1.58532 milliseconds in repetition 296
tcp_ping received 524288 bytes back
Round trip time was 1.6566 milliseconds in repetition 297
tcp_ping received 524288 bytes back
Round trip time was 1.73815 milliseconds in repetition 298
tcp_ping received 524288 bytes back
Round trip time was 1.6682 milliseconds in repetition 299
tcp_ping received 524288 bytes back
Round trip time was 1.74169 milliseconds in repetition 300
tcp_ping received 524288 bytes back
Round trip time was 1.77176 milliseconds in repetition 301
tcp_ping received 524288 bytes back
Round trip time was 1.67627 milliseconds in repetition 302
tcp_ping received 524288 bytes back
Round trip time was 1.73036 milliseconds in repetition 303
tcp_ping received 524288 bytes back
Round trip time was 1.59052 milliseconds in repetition 304
tcp_ping received 524288 bytes back
Round trip time was 1.76675 milliseconds in repetition 305
tcp_ping received 524288 bytes back
Round trip time was 1.75916 milliseconds in repetition 306
tcp_ping received 524288 bytes back
Round trip time was 1.76701 milliseconds in repetition 307
tcp_ping received 524288 bytes back
Round trip time was 1.61651 milliseconds in repetition 308
tcp_ping received 524288 bytes back
Round trip time was 1.76156 milliseconds in repetition 309
tcp_ping received 524288 bytes back
Round trip time was 1.61653 milliseconds in repetition 310
tcp_ping received 524288 bytes back
Round trip time was 1.64217 milliseconds in repetition 311
tcp_ping received 524288 bytes back
Round trip time was 1.75574 milliseconds in repetition 312
tcp_ping received 524288 bytes back
Round trip time was 1.62087 milliseconds in repetition 313
tcp_ping received 524288 bytes back
Round trip time was 1.85555 milliseconds in repetition 314
tcp_ping received 524288 bytes back
Round trip time was 1.61399 milliseconds in repetition 315
tcp_ping received 524288 bytes back
Round trip time was 1.7329 milliseconds in repetition 316
tcp_ping received 524288 bytes back
Round trip time was 1.80265 milliseconds in repetition 317
tcp_ping received 524288 bytes back
Round trip time was 1.76494 milliseconds in repetition 318
tcp_ping received 524288 bytes back
Round trip time was 1.8121 milliseconds in repetition 319
tcp_ping received 524288 bytes back
Round trip time was 1.65128 milliseconds in repetition 320
tcp_ping received 524288 bytes back
Round trip time was 1.74417 milliseconds in repetition 321
tcp_ping received 524288 bytes back
Round trip time was 1.62038 milliseconds in repetition 322
tcp_ping received 524288 bytes back
Round trip time was 1.76418 milliseconds in repetition 323
tcp_ping received 524288 bytes back
Round trip time was 1.63516 milliseconds in repetition 324
tcp_ping received 524288 bytes back
Round trip time was 1.74047 milliseconds in repetition 325
tcp_ping received 524288 bytes back
Round trip time was 1.73072 milliseconds in repetition 326
tcp_ping received 524288 bytes back
Round trip time was 1.65025 milliseconds in repetition 327
tcp_ping received 524288 bytes back
Round trip time was 1.7344 milliseconds in repetition 328
tcp_ping received 524288 bytes back
Round trip time was 1.72546 milliseconds in repetition 329
tcp_ping received 524288 bytes back
Round trip time was 1.7678 milliseconds in repetition 330
tcp_ping received 524288 bytes back
Round trip time was 1.65122 milliseconds in repetition 331
tcp_ping received 524288 bytes back
Round trip time was 1.64199 milliseconds in repetition 332
tcp_ping received 524288 bytes back
Round trip time was 1.83052 milliseconds in repetition 333
tcp_ping received 524288 bytes back
Round trip time was 1.62603 milliseconds in repetition 334
tcp_ping received 524288 bytes back
Round trip time was 1.97384 milliseconds in repetition 335
tcp_ping received 524288 bytes back
Round trip time was 1.64972 milliseconds in repetition 336
tcp_ping received 524288 bytes back
Round trip time was 1.87037 milliseconds in repetition 337
tcp_ping received 524288 bytes back
Round trip time was 1.68769 milliseconds in repetition 338
tcp_ping received 524288 bytes back
Round trip time was 1.63314 milliseconds in repetition 339
tcp_ping received 524288 bytes back
Round trip time was 1.73644 milliseconds in repetition 340
tcp_ping received 524288 bytes back
Round trip time was 1.64899 milliseconds in repetition 341
tcp_ping received 524288 bytes back
Round trip time was 1.7596 milliseconds in repetition 342
tcp_ping received 524288 bytes back
Round trip time was 1.61944 milliseconds in repetition 343
tcp_ping received 524288 bytes back
Round trip time was 1.64789 milliseconds in repetition 344
tcp_ping received 524288 bytes back
Round trip time was 1.72513 milliseconds in repetition 345
tcp_ping received 524288 bytes back
Round trip time was 1.63047 milliseconds in repetition 346
tcp_ping received 524288 bytes back
Round trip time was 1.81209 milliseconds in repetition 347
tcp_ping received 524288 bytes back
Round trip time was 1.72443 milliseconds in repetition 348
tcp_ping received 524288 bytes back
Round trip time was 1.77975 milliseconds in repetition 349
tcp_ping received 524288 bytes back
Round trip time was 1.69464 milliseconds in repetition 350
tcp_ping received 524288 bytes back
Round trip time was 1.72275 milliseconds in repetition 351
tcp_ping received 524288 bytes back
Round trip time was 1.65113 milliseconds in repetition 352
tcp_ping received 524288 bytes back
Round trip time was 1.75846 milliseconds in repetition 353
tcp_ping received 524288 bytes back
Round trip time was 1.72734 milliseconds in repetition 354
tcp_ping received 524288 bytes back
Round trip time was 1.61518 milliseconds in repetition 355
tcp_ping received 524288 bytes back
Round trip time was 1.86674 milliseconds in repetition 356
tcp_ping received 524288 bytes back
Round trip time was 1.65199 milliseconds in repetition 357
tcp_ping received 524288 bytes back
Round trip time was 1.77618 milliseconds in repetition 358
tcp_ping received 524288 bytes back
Round trip time was 1.61584 milliseconds in repetition 359
tcp_ping received 524288 bytes back
Round trip time was 1.75447 milliseconds in repetition 360
tcp_ping received 524288 bytes back
Round trip time was 1.77319 milliseconds in repetition 361
tcp_ping received 524288 bytes back
Round trip time was 1.64894 milliseconds in repetition 362
tcp_ping received 524288 bytes back
Round trip time was 1.76452 milliseconds in repetition 363
tcp_ping received 524288 bytes back
Round trip time was 1.7322 milliseconds in repetition 364
tcp_ping received 524288 bytes back
Round trip time was 1.76339 milliseconds in repetition 365
tcp_ping received 524288 bytes back
Round trip time was 1.63449 milliseconds in repetition 366
tcp_ping received 524288 bytes back
Round trip time was 1.8423 milliseconds in repetition 367
tcp_ping received 524288 bytes back
Round trip time was 1.63541 milliseconds in repetition 368
tcp_ping received 524288 bytes back
Round trip time was 1.76512 milliseconds in repetition 369
tcp_ping received 524288 bytes back
Round trip time was 1.76051 milliseconds in repetition 370
tcp_ping received 524288 bytes back
Round trip time was 1.6152 milliseconds in repetition 371
tcp_ping received 524288 bytes back
Round trip time was 1.82987 milliseconds in repetition 372
tcp_ping received 524288 bytes back
Round trip time was 1.64853 milliseconds in repetition 373
tcp_ping received 524288 bytes back
Round trip time was 1.72704 milliseconds in repetition 374
tcp_ping received 524288 bytes back
Round trip time was 1.7329 milliseconds in repetition 375
tcp_ping received 524288 bytes back
Round trip time was 1.61574 milliseconds in repetition 376
tcp_ping received 524288 bytes back
Round trip time was 1.77104 milliseconds in repetition 377
tcp_ping received 524288 bytes back
Round trip time was 1.72227 milliseconds in repetition 378
tcp_ping received 524288 bytes back
Round trip time was 1.76942 milliseconds in repetition 379
tcp_ping received 524288 bytes back
Round trip time was 1.61612 milliseconds in repetition 380
tcp_ping received 524288 bytes back
Round trip time was 1.87347 milliseconds in repetition 381
tcp_ping received 524288 bytes back
Round trip time was 1.62001 milliseconds in repetition 382
tcp_ping received 524288 bytes back
Round trip time was 1.7563 milliseconds in repetition 383
tcp_ping received 524288 bytes back
Round trip time was 1.76164 milliseconds in repetition 384
tcp_ping received 524288 bytes back
Round trip time was 1.64738 milliseconds in repetition 385
tcp_ping received 524288 bytes back
Round trip time was 1.79278 milliseconds in repetition 386
tcp_ping received 524288 bytes back
Round trip time was 1.62341 milliseconds in repetition 387
tcp_ping received 524288 bytes back
Round trip time was 1.64762 milliseconds in repetition 388
tcp_ping received 524288 bytes back
Round trip time was 1.73009 milliseconds in repetition 389
tcp_ping received 524288 bytes back
Round trip time was 1.61687 milliseconds in repetition 390
tcp_ping received 524288 bytes back
Round trip time was 1.75723 milliseconds in repetition 391
tcp_ping received 524288 bytes back
Round trip time was 1.73522 milliseconds in repetition 392
tcp_ping received 524288 bytes back
Round trip time was 1.76664 milliseconds in repetition 393
tcp_ping received 524288 bytes back
Round trip time was 1.61926 milliseconds in repetition 394
tcp_ping received 524288 bytes back
Round trip time was 1.7772 milliseconds in repetition 395
tcp_ping received 524288 bytes back
Round trip time was 1.76058 milliseconds in repetition 396
tcp_ping received 524288 bytes back
Round trip time was 1.76537 milliseconds in repetition 397
tcp_ping received 524288 bytes back
Round trip time was 1.76943 milliseconds in repetition 398
tcp_ping received 524288 bytes back
Round trip time was 1.61993 milliseconds in repetition 399
tcp_ping received 524288 bytes back
Round trip time was 1.86763 milliseconds in repetition 400
tcp_ping received 524288 bytes back
Round trip time was 1.70301 milliseconds in repetition 401
tcp_ping received 524288 bytes back
Round trip time was 1.85622 milliseconds in repetition 402
tcp_ping received 524288 bytes back
Round trip time was 1.64948 milliseconds in repetition 403
tcp_ping received 524288 bytes back
Round trip time was 1.7564 milliseconds in repetition 404
tcp_ping received 524288 bytes back
Round trip time was 1.73692 milliseconds in repetition 405
tcp_ping received 524288 bytes back
Round trip time was 1.77653 milliseconds in repetition 406
tcp_ping received 524288 bytes back
Round trip time was 1.76321 milliseconds in repetition 407
tcp_ping received 524288 bytes back
Round trip time was 1.75916 milliseconds in repetition 408
tcp_ping received 524288 bytes back
Round trip time was 1.61658 milliseconds in repetition 409
tcp_ping received 524288 bytes back
Round trip time was 1.72351 milliseconds in repetition 410
tcp_ping received 524288 bytes back
Round trip time was 1.76412 milliseconds in repetition 411
tcp_ping received 524288 bytes back
Round trip time was 1.7544 milliseconds in repetition 412
tcp_ping received 524288 bytes back
Round trip time was 1.62112 milliseconds in repetition 413
tcp_ping received 524288 bytes back
Round trip time was 1.73711 milliseconds in repetition 414
tcp_ping received 524288 bytes back
Round trip time was 1.65044 milliseconds in repetition 415
tcp_ping received 524288 bytes back
Round trip time was 1.72628 milliseconds in repetition 416
tcp_ping received 524288 bytes back
Round trip time was 1.61986 milliseconds in repetition 417
tcp_ping received 524288 bytes back
Round trip time was 1.75933 milliseconds in repetition 418
tcp_ping received 524288 bytes back
Round trip time was 1.6487 milliseconds in repetition 419
tcp_ping received 524288 bytes back
Round trip time was 1.6111 milliseconds in repetition 420
tcp_ping received 524288 bytes back
Round trip time was 1.85879 milliseconds in repetition 421
tcp_ping received 524288 bytes back
Round trip time was 1.69642 milliseconds in repetition 422
tcp_ping received 524288 bytes back
Round trip time was 1.78536 milliseconds in repetition 423
tcp_ping received 524288 bytes back
Round trip time was 1.64931 milliseconds in repetition 424
tcp_ping received 524288 bytes back
Round trip time was 1.61374 milliseconds in repetition 425
tcp_ping received 524288 bytes back
Round trip time was 1.73844 milliseconds in repetition 426
tcp_ping received 524288 bytes back
Round trip time was 1.65399 milliseconds in repetition 427
tcp_ping received 524288 bytes back
Round trip time was 1.81396 milliseconds in repetition 428
tcp_ping received 524288 bytes back
Round trip time was 1.73059 milliseconds in repetition 429
tcp_ping received 524288 bytes back
Round trip time was 1.7712 milliseconds in repetition 430
tcp_ping received 524288 bytes back
Round trip time was 1.65461 milliseconds in repetition 431
tcp_ping received 524288 bytes back
Round trip time was 1.85027 milliseconds in repetition 432
tcp_ping received 524288 bytes back
Round trip time was 1.63269 milliseconds in repetition 433
tcp_ping received 524288 bytes back
Round trip time was 1.76117 milliseconds in repetition 434
tcp_ping received 524288 bytes back
Round trip time was 1.76501 milliseconds in repetition 435
tcp_ping received 524288 bytes back
Round trip time was 1.65771 milliseconds in repetition 436
tcp_ping received 524288 bytes back
Round trip time was 1.74824 milliseconds in repetition 437
tcp_ping received 524288 bytes back
Round trip time was 1.6158 milliseconds in repetition 438
tcp_ping received 524288 bytes back
Round trip time was 1.78608 milliseconds in repetition 439
tcp_ping received 524288 bytes back
Round trip time was 1.64831 milliseconds in repetition 440
tcp_ping received 524288 bytes back
Round trip time was 1.61065 milliseconds in repetition 441
tcp_ping received 524288 bytes back
Round trip time was 1.73993 milliseconds in repetition 442
tcp_ping received 524288 bytes back
Round trip time was 1.65222 milliseconds in repetition 443
tcp_ping received 524288 bytes back
Round trip time was 1.76056 milliseconds in repetition 444
tcp_ping received 524288 bytes back
Round trip time was 1.61457 milliseconds in repetition 445
tcp_ping received 524288 bytes back
Round trip time was 1.76862 milliseconds in repetition 446
tcp_ping received 524288 bytes back
Round trip time was 1.81316 milliseconds in repetition 447
tcp_ping received 524288 bytes back
Round trip time was 1.81033 milliseconds in repetition 448
tcp_ping received 524288 bytes back
Round trip time was 1.80309 milliseconds in repetition 449
tcp_ping received 524288 bytes back
Round trip time was 1.6358 milliseconds in repetition 450
tcp_ping received 524288 bytes back
Round trip time was 1.73778 milliseconds in repetition 451
tcp_ping received 524288 bytes back
Round trip time was 1.64784 milliseconds in repetition 452
tcp_ping received 524288 bytes back
Round trip time was 1.84027 milliseconds in repetition 453
tcp_ping received 524288 bytes back
Round trip time was 1.61987 milliseconds in repetition 454
tcp_ping received 524288 bytes back
Round trip time was 1.71564 milliseconds in repetition 455
tcp_ping received 524288 bytes back
Round trip time was 1.80587 milliseconds in repetition 456
tcp_ping received 524288 bytes back
Round trip time was 1.61724 milliseconds in repetition 457
tcp_ping received 524288 bytes back
Round trip time was 1.77926 milliseconds in repetition 458
tcp_ping received 524288 bytes back
Round trip time was 1.7259 milliseconds in repetition 459
tcp_ping received 524288 bytes back
Round trip time was 1.76861 milliseconds in repetition 460
tcp_ping received 524288 bytes back
Round trip time was 1.66934 milliseconds in repetition 461
tcp_ping received 524288 bytes back
Round trip time was 1.82618 milliseconds in repetition 462
tcp_ping received 524288 bytes back
Round trip time was 1.89094 milliseconds in repetition 463
tcp_ping received 524288 bytes back
Round trip time was 2.01467 milliseconds in repetition 464
tcp_ping received 524288 bytes back
Round trip time was 1.98971 milliseconds in repetition 465
tcp_ping received 524288 bytes back
Round trip time was 2.0259 milliseconds in repetition 466
tcp_ping received 524288 bytes back
Round trip time was 1.93978 milliseconds in repetition 467
tcp_ping received 524288 bytes back
Round trip time was 2.05984 milliseconds in repetition 468
tcp_ping received 524288 bytes back
Round trip time was 1.94806 milliseconds in repetition 469
tcp_ping received 524288 bytes back
Round trip time was 2.0183 milliseconds in repetition 470
tcp_ping received 524288 bytes back
Round trip time was 1.92964 milliseconds in repetition 471
tcp_ping received 524288 bytes back
Round trip time was 1.9958 milliseconds in repetition 472
tcp_ping received 524288 bytes back
Round trip time was 1.93473 milliseconds in repetition 473
tcp_ping received 524288 bytes back
Round trip time was 1.94463 milliseconds in repetition 474
tcp_ping received 524288 bytes back
Round trip time was 2.03063 milliseconds in repetition 475
tcp_ping received 524288 bytes back
Round trip time was 1.96412 milliseconds in repetition 476
tcp_ping received 524288 bytes back
Round trip time was 1.98767 milliseconds in repetition 477
tcp_ping received 524288 bytes back
Round trip time was 2.00703 milliseconds in repetition 478
tcp_ping received 524288 bytes back
Round trip time was 2.0059 milliseconds in repetition 479
tcp_ping received 524288 bytes back
Round trip time was 1.99348 milliseconds in repetition 480
tcp_ping received 524288 bytes back
Round trip time was 1.99225 milliseconds in repetition 481
tcp_ping received 524288 bytes back
Round trip time was 2.03498 milliseconds in repetition 482
tcp_ping received 524288 bytes back
Round trip time was 1.94765 milliseconds in repetition 483
tcp_ping received 524288 bytes back
Round trip time was 2.03341 milliseconds in repetition 484
tcp_ping received 524288 bytes back
Round trip time was 1.96857 milliseconds in repetition 485
tcp_ping received 524288 bytes back
Round trip time was 1.97048 milliseconds in repetition 486
tcp_ping received 524288 bytes back
Round trip time was 2.02439 milliseconds in repetition 487
tcp_ping received 524288 bytes back
Round trip time was 1.96908 milliseconds in repetition 488
tcp_ping received 524288 bytes back
Round trip time was 1.91008 milliseconds in repetition 489
tcp_ping received 524288 bytes back
Round trip time was 1.99603 milliseconds in repetition 490
tcp_ping received 524288 bytes back
Round trip time was 1.95384 milliseconds in repetition 491
tcp_ping received 524288 bytes back
Round trip time was 2.00474 milliseconds in repetition 492
tcp_ping received 524288 bytes back
Round trip time was 1.95647 milliseconds in repetition 493
tcp_ping received 524288 bytes back
Round trip time was 1.91849 milliseconds in repetition 494
tcp_ping received 524288 bytes back
Round trip time was 1.99717 milliseconds in repetition 495
tcp_ping received 524288 bytes back
Round trip time was 1.88858 milliseconds in repetition 496
tcp_ping received 524288 bytes back
Round trip time was 2.03691 milliseconds in repetition 497
tcp_ping received 524288 bytes back
Round trip time was 1.94626 milliseconds in repetition 498
tcp_ping received 524288 bytes back
Round trip time was 2.04044 milliseconds in repetition 499
tcp_ping received 524288 bytes back
Round trip time was 1.99598 milliseconds in repetition 500
tcp_ping received 524288 bytes back
Round trip time was 2.00905 milliseconds in repetition 501

 ... clock resolution was 1e-06
TCP Ping:  Statistics over 501 repetitions of 524288 byte messages

RTT : percentile 10: 1.61986, median: 1.7449, percentile 90: 1.93329, average: 1.76555, variance: 0.0620883

RTT histogram:
1.58229 182
1.82342 273
2.06456 40
2.3057 1
2.54684 4
2.78797 0
3.02911 0
3.27025 0
3.51138 0
3.75252 0
3.99366 0
4.2348 0
4.47593 0
4.71707 0
4.95821 0
5.19934 0
5.44048 0
5.68162 0
5.92275 0
6.16389 0
6.40503 1

   median Throughput : 600938 KB/s   overall Throughput : 593911 KB/s

