TCP Ping trying to connect to server localhost (127.0.0.1) on port 1491
 ... connected to Pong server: asking for 501 repetitions of 64 bytes TCP messages
 ... Pong server agreed :-)
tcp_ping received 64 bytes back
Round trip time was 0.075209 milliseconds in repetition 1
tcp_ping received 64 bytes back
Round trip time was 0.020484 milliseconds in repetition 2
tcp_ping received 64 bytes back
Round trip time was 0.017784 milliseconds in repetition 3
tcp_ping received 64 bytes back
Round trip time was 0.017697 milliseconds in repetition 4
tcp_ping received 64 bytes back
Round trip time was 0.017358 milliseconds in repetition 5
tcp_ping received 64 bytes back
Round trip time was 0.017463 milliseconds in repetition 6
tcp_ping received 64 bytes back
Round trip time was 0.017167 milliseconds in repetition 7
tcp_ping received 64 bytes back
Round trip time was 0.017487 milliseconds in repetition 8
tcp_ping received 64 bytes back
Round trip time was 0.01727 milliseconds in repetition 9
tcp_ping received 64 bytes back
Round trip time was 0.017421 milliseconds in repetition 10
tcp_ping received 64 bytes back
Round trip time was 0.017803 milliseconds in repetition 11
tcp_ping received 64 bytes back
Round trip time was 0.017757 milliseconds in repetition 12
tcp_ping received 64 bytes back
Round trip time was 0.017328 milliseconds in repetition 13
tcp_ping received 64 bytes back
Round trip time was 0.017512 milliseconds in repetition 14
tcp_ping received 64 bytes back
Round trip time was 0.017154 milliseconds in repetition 15
tcp_ping received 64 bytes back
Round trip time was 0.017389 milliseconds in repetition 16
tcp_ping received 64 bytes back
Round trip time was 0.016904 milliseconds in repetition 17
tcp_ping received 64 bytes back
Round trip time was 0.01727 milliseconds in repetition 18
tcp_ping received 64 bytes back
Round trip time was 0.01689 milliseconds in repetition 19
tcp_ping received 64 bytes back
Round trip time was 0.017522 milliseconds in repetition 20
tcp_ping received 64 bytes back
Round trip time was 0.017029 milliseconds in repetition 21
tcp_ping received 64 bytes back
Round trip time was 0.017141 milliseconds in repetition 22
tcp_ping received 64 bytes back
Round trip time was 0.016807 milliseconds in repetition 23
tcp_ping received 64 bytes back
Round trip time was 0.017194 milliseconds in repetition 24
tcp_ping received 64 bytes back
Round trip time was 0.017027 milliseconds in repetition 25
tcp_ping received 64 bytes back
Round trip time was 0.017348 milliseconds in repetition 26
tcp_ping received 64 bytes back
Round trip time was 0.016932 milliseconds in repetition 27
tcp_ping received 64 bytes back
Round trip time was 0.017301 milliseconds in repetition 28
tcp_ping received 64 bytes back
Round trip time was 0.016973 milliseconds in repetition 29
tcp_ping received 64 bytes back
Round trip time was 0.017245 milliseconds in repetition 30
tcp_ping received 64 bytes back
Round trip time was 0.051347 milliseconds in repetition 31
tcp_ping received 64 bytes back
Round trip time was 0.03434 milliseconds in repetition 32
tcp_ping received 64 bytes back
Round trip time was 0.315141 milliseconds in repetition 33
tcp_ping received 64 bytes back
Round trip time was 0.03185 milliseconds in repetition 34
tcp_ping received 64 bytes back
Round trip time was 0.018418 milliseconds in repetition 35
tcp_ping received 64 bytes back
Round trip time was 0.017125 milliseconds in repetition 36
tcp_ping received 64 bytes back
Round trip time was 0.017949 milliseconds in repetition 37
tcp_ping received 64 bytes back
Round trip time was 0.017436 milliseconds in repetition 38
tcp_ping received 64 bytes back
Round trip time was 0.017586 milliseconds in repetition 39
tcp_ping received 64 bytes back
Round trip time was 0.016874 milliseconds in repetition 40
tcp_ping received 64 bytes back
Round trip time was 0.01767 milliseconds in repetition 41
tcp_ping received 64 bytes back
Round trip time was 0.017451 milliseconds in repetition 42
tcp_ping received 64 bytes back
Round trip time was 0.017477 milliseconds in repetition 43
tcp_ping received 64 bytes back
Round trip time was 0.01785 milliseconds in repetition 44
tcp_ping received 64 bytes back
Round trip time was 0.025044 milliseconds in repetition 45
tcp_ping received 64 bytes back
Round trip time was 0.017719 milliseconds in repetition 46
tcp_ping received 64 bytes back
Round trip time was 0.017337 milliseconds in repetition 47
tcp_ping received 64 bytes back
Round trip time was 0.017207 milliseconds in repetition 48
tcp_ping received 64 bytes back
Round trip time was 0.017622 milliseconds in repetition 49
tcp_ping received 64 bytes back
Round trip time was 0.01714 milliseconds in repetition 50
tcp_ping received 64 bytes back
Round trip time was 0.017505 milliseconds in repetition 51
tcp_ping received 64 bytes back
Round trip time was 0.017249 milliseconds in repetition 52
tcp_ping received 64 bytes back
Round trip time was 0.017586 milliseconds in repetition 53
tcp_ping received 64 bytes back
Round trip time was 0.016877 milliseconds in repetition 54
tcp_ping received 64 bytes back
Round trip time was 0.017688 milliseconds in repetition 55
tcp_ping received 64 bytes back
Round trip time was 0.017326 milliseconds in repetition 56
tcp_ping received 64 bytes back
Round trip time was 0.017637 milliseconds in repetition 57
tcp_ping received 64 bytes back
Round trip time was 0.017063 milliseconds in repetition 58
tcp_ping received 64 bytes back
Round trip time was 0.017717 milliseconds in repetition 59
tcp_ping received 64 bytes back
Round trip time was 0.017005 milliseconds in repetition 60
tcp_ping received 64 bytes back
Round trip time was 0.017568 milliseconds in repetition 61
tcp_ping received 64 bytes back
Round trip time was 0.017449 milliseconds in repetition 62
tcp_ping received 64 bytes back
Round trip time was 0.017616 milliseconds in repetition 63
tcp_ping received 64 bytes back
Round trip time was 0.017251 milliseconds in repetition 64
tcp_ping received 64 bytes back
Round trip time was 0.017816 milliseconds in repetition 65
tcp_ping received 64 bytes back
Round trip time was 0.017692 milliseconds in repetition 66
tcp_ping received 64 bytes back
Round trip time was 0.180396 milliseconds in repetition 67
tcp_ping received 64 bytes back
Round trip time was 0.018409 milliseconds in repetition 68
tcp_ping received 64 bytes back
Round trip time was 0.020553 milliseconds in repetition 69
tcp_ping received 64 bytes back
Round trip time was 0.027029 milliseconds in repetition 70
tcp_ping received 64 bytes back
Round trip time was 0.018318 milliseconds in repetition 71
tcp_ping received 64 bytes back
Round trip time was 0.017147 milliseconds in repetition 72
tcp_ping received 64 bytes back
Round trip time was 0.018069 milliseconds in repetition 73
tcp_ping received 64 bytes back
Round trip time was 0.018283 milliseconds in repetition 74
tcp_ping received 64 bytes back
Round trip time was 0.102252 milliseconds in repetition 75
tcp_ping received 64 bytes back
Round trip time was 0.026702 milliseconds in repetition 76
tcp_ping received 64 bytes back
Round trip time was 0.018735 milliseconds in repetition 77
tcp_ping received 64 bytes back
Round trip time was 0.017213 milliseconds in repetition 78
tcp_ping received 64 bytes back
Round trip time was 0.019005 milliseconds in repetition 79
tcp_ping received 64 bytes back
Round trip time was 0.0172 milliseconds in repetition 80
tcp_ping received 64 bytes back
Round trip time was 0.017786 milliseconds in repetition 81
tcp_ping received 64 bytes back
Round trip time was 0.016932 milliseconds in repetition 82
tcp_ping received 64 bytes back
Round trip time was 0.017802 milliseconds in repetition 83
tcp_ping received 64 bytes back
Round trip time was 0.016938 milliseconds in repetition 84
tcp_ping received 64 bytes back
Round trip time was 0.017853 milliseconds in repetition 85
tcp_ping received 64 bytes back
Round trip time was 0.016843 milliseconds in repetition 86
tcp_ping received 64 bytes back
Round trip time was 0.017902 milliseconds in repetition 87
tcp_ping received 64 bytes back
Round trip time was 0.016951 milliseconds in repetition 88
tcp_ping received 64 bytes back
Round trip time was 0.017921 milliseconds in repetition 89
tcp_ping received 64 bytes back
Round trip time was 0.023075 milliseconds in repetition 90
tcp_ping received 64 bytes back
Round trip time was 0.018213 milliseconds in repetition 91
tcp_ping received 64 bytes back
Round trip time was 0.017061 milliseconds in repetition 92
tcp_ping received 64 bytes back
Round trip time was 0.018036 milliseconds in repetition 93
tcp_ping received 64 bytes back
Round trip time was 0.017463 milliseconds in repetition 94
tcp_ping received 64 bytes back
Round trip time was 0.017807 milliseconds in repetition 95
tcp_ping received 64 bytes back
Round trip time was 0.017225 milliseconds in repetition 96
tcp_ping received 64 bytes back
Round trip time was 0.017763 milliseconds in repetition 97
tcp_ping received 64 bytes back
Round trip time was 0.01705 milliseconds in repetition 98
tcp_ping received 64 bytes back
Round trip time was 0.017921 milliseconds in repetition 99
tcp_ping received 64 bytes back
Round trip time was 0.017512 milliseconds in repetition 100
tcp_ping received 64 bytes back
Round trip time was 0.017761 milliseconds in repetition 101
tcp_ping received 64 bytes back
Round trip time was 0.017067 milliseconds in repetition 102
tcp_ping received 64 bytes back
Round trip time was 0.01782 milliseconds in repetition 103
tcp_ping received 64 bytes back
Round trip time was 0.017454 milliseconds in repetition 104
tcp_ping received 64 bytes back
Round trip time was 0.017876 milliseconds in repetition 105
tcp_ping received 64 bytes back
Round trip time was 0.017155 milliseconds in repetition 106
tcp_ping received 64 bytes back
Round trip time was 0.017883 milliseconds in repetition 107
tcp_ping received 64 bytes back
Round trip time was 0.017468 milliseconds in repetition 108
tcp_ping received 64 bytes back
Round trip time was 0.017862 milliseconds in repetition 109
tcp_ping received 64 bytes back
Round trip time was 0.017268 milliseconds in repetition 110
tcp_ping received 64 bytes back
Round trip time was 0.017952 milliseconds in repetition 111
tcp_ping received 64 bytes back
Round trip time was 0.017232 milliseconds in repetition 112
tcp_ping received 64 bytes back
Round trip time was 0.019045 milliseconds in repetition 113
tcp_ping received 64 bytes back
Round trip time was 0.02681 milliseconds in repetition 114
tcp_ping received 64 bytes back
Round trip time was 0.0232 milliseconds in repetition 115
tcp_ping received 64 bytes back
Round trip time was 0.07249 milliseconds in repetition 116
tcp_ping received 64 bytes back
Round trip time was 0.020603 milliseconds in repetition 117
tcp_ping received 64 bytes back
Round trip time was 0.018614 milliseconds in repetition 118
tcp_ping received 64 bytes back
Round trip time was 0.019137 milliseconds in repetition 119
tcp_ping received 64 bytes back
Round trip time was 0.029014 milliseconds in repetition 120
tcp_ping received 64 bytes back
Round trip time was 0.018326 milliseconds in repetition 121
tcp_ping received 64 bytes back
Round trip time was 0.018208 milliseconds in repetition 122
tcp_ping received 64 bytes back
Round trip time was 0.018119 milliseconds in repetition 123
tcp_ping received 64 bytes back
Round trip time was 0.017838 milliseconds in repetition 124
tcp_ping received 64 bytes back
Round trip time was 0.017097 milliseconds in repetition 125
tcp_ping received 64 bytes back
Round trip time was 0.018006 milliseconds in repetition 126
tcp_ping received 64 bytes back
Round trip time was 0.017386 milliseconds in repetition 127
tcp_ping received 64 bytes back
Round trip time was 0.017805 milliseconds in repetition 128
tcp_ping received 64 bytes back
Round trip time was 0.017 milliseconds in repetition 129
tcp_ping received 64 bytes back
Round trip time was 0.017772 milliseconds in repetition 130
tcp_ping received 64 bytes back
Round trip time was 0.017488 milliseconds in repetition 131
tcp_ping received 64 bytes back
Round trip time was 0.01754 milliseconds in repetition 132
tcp_ping received 64 bytes back
Round trip time was 0.016823 milliseconds in repetition 133
tcp_ping received 64 bytes back
Round trip time was 0.023316 milliseconds in repetition 134
tcp_ping received 64 bytes back
Round trip time was 0.017977 milliseconds in repetition 135
tcp_ping received 64 bytes back
Round trip time was 0.017812 milliseconds in repetition 136
tcp_ping received 64 bytes back
Round trip time was 0.017312 milliseconds in repetition 137
tcp_ping received 64 bytes back
Round trip time was 0.01773 milliseconds in repetition 138
tcp_ping received 64 bytes back
Round trip time was 0.017152 milliseconds in repetition 139
tcp_ping received 64 bytes back
Round trip time was 0.017742 milliseconds in repetition 140
tcp_ping received 64 bytes back
Round trip time was 0.017403 milliseconds in repetition 141
tcp_ping received 64 bytes back
Round trip time was 0.017714 milliseconds in repetition 142
tcp_ping received 64 bytes back
Round trip time was 0.017069 milliseconds in repetition 143
tcp_ping received 64 bytes back
Round trip time was 0.017841 milliseconds in repetition 144
tcp_ping received 64 bytes back
Round trip time was 8.61828 milliseconds in repetition 145
tcp_ping received 64 bytes back
Round trip time was 0.10765 milliseconds in repetition 146
tcp_ping received 64 bytes back
Round trip time was 0.019175 milliseconds in repetition 147
tcp_ping received 64 bytes back
Round trip time was 0.018111 milliseconds in repetition 148
tcp_ping received 64 bytes back
Round trip time was 0.354159 milliseconds in repetition 149
tcp_ping received 64 bytes back
Round trip time was 0.037294 milliseconds in repetition 150
tcp_ping received 64 bytes back
Round trip time was 0.01844 milliseconds in repetition 151
tcp_ping received 64 bytes back
Round trip time was 0.017792 milliseconds in repetition 152
tcp_ping received 64 bytes back
Round trip time was 0.017399 milliseconds in repetition 153
tcp_ping received 64 bytes back
Round trip time was 0.017601 milliseconds in repetition 154
tcp_ping received 64 bytes back
Round trip time was 0.017152 milliseconds in repetition 155
tcp_ping received 64 bytes back
Round trip time was 0.017691 milliseconds in repetition 156
tcp_ping received 64 bytes back
Round trip time was 0.01754 milliseconds in repetition 157
tcp_ping received 64 bytes back
Round trip time was 0.171509 milliseconds in repetition 158
tcp_ping received 64 bytes back
Round trip time was 0.018836 milliseconds in repetition 159
tcp_ping received 64 bytes back
Round trip time was 0.018283 milliseconds in repetition 160
tcp_ping received 64 bytes back
Round trip time was 0.051064 milliseconds in repetition 161
tcp_ping received 64 bytes back
Round trip time was 0.020825 milliseconds in repetition 162
tcp_ping received 64 bytes back
Round trip time was 0.018089 milliseconds in repetition 163
tcp_ping received 64 bytes back
Round trip time was 0.01762 milliseconds in repetition 164
tcp_ping received 64 bytes back
Round trip time was 0.018035 milliseconds in repetition 165
tcp_ping received 64 bytes back
Round trip time was 0.017341 milliseconds in repetition 166
tcp_ping received 64 bytes back
Round trip time was 0.017903 milliseconds in repetition 167
tcp_ping received 64 bytes back
Round trip time was 0.017338 milliseconds in repetition 168
tcp_ping received 64 bytes back
Round trip time was 0.018037 milliseconds in repetition 169
tcp_ping received 64 bytes back
Round trip time was 0.01742 milliseconds in repetition 170
tcp_ping received 64 bytes back
Round trip time was 0.017843 milliseconds in repetition 171
tcp_ping received 64 bytes back
Round trip time was 0.017413 milliseconds in repetition 172
tcp_ping received 64 bytes back
Round trip time was 0.017696 milliseconds in repetition 173
tcp_ping received 64 bytes back
Round trip time was 0.017303 milliseconds in repetition 174
tcp_ping received 64 bytes back
Round trip time was 0.018068 milliseconds in repetition 175
tcp_ping received 64 bytes back
Round trip time was 0.01758 milliseconds in repetition 176
tcp_ping received 64 bytes back
Round trip time was 0.01785 milliseconds in repetition 177
tcp_ping received 64 bytes back
Round trip time was 0.017042 milliseconds in repetition 178
tcp_ping received 64 bytes back
Round trip time was 0.024564 milliseconds in repetition 179
tcp_ping received 64 bytes back
Round trip time was 0.018075 milliseconds in repetition 180
tcp_ping received 64 bytes back
Round trip time was 0.017624 milliseconds in repetition 181
tcp_ping received 64 bytes back
Round trip time was 0.016924 milliseconds in repetition 182
tcp_ping received 64 bytes back
Round trip time was 0.01786 milliseconds in repetition 183
tcp_ping received 64 bytes back
Round trip time was 0.017403 milliseconds in repetition 184
tcp_ping received 64 bytes back
Round trip time was 0.01748 milliseconds in repetition 185
tcp_ping received 64 bytes back
Round trip time was 0.017123 milliseconds in repetition 186
tcp_ping received 64 bytes back
Round trip time was 0.017404 milliseconds in repetition 187
tcp_ping received 64 bytes back
Round trip time was 0.017131 milliseconds in repetition 188
tcp_ping received 64 bytes back
Round trip time was 0.017607 milliseconds in repetition 189
tcp_ping received 64 bytes back
Round trip time was 0.017213 milliseconds in repetition 190
tcp_ping received 64 bytes back
Round trip time was 0.017438 milliseconds in repetition 191
tcp_ping received 64 bytes back
Round trip time was 0.017158 milliseconds in repetition 192
tcp_ping received 64 bytes back
Round trip time was 0.017453 milliseconds in repetition 193
tcp_ping received 64 bytes back
Round trip time was 0.017354 milliseconds in repetition 194
tcp_ping received 64 bytes back
Round trip time was 0.017453 milliseconds in repetition 195
tcp_ping received 64 bytes back
Round trip time was 0.017084 milliseconds in repetition 196
tcp_ping received 64 bytes back
Round trip time was 0.017552 milliseconds in repetition 197
tcp_ping received 64 bytes back
Round trip time was 0.017245 milliseconds in repetition 198
tcp_ping received 64 bytes back
Round trip time was 0.017376 milliseconds in repetition 199
tcp_ping received 64 bytes back
Round trip time was 0.01682 milliseconds in repetition 200
tcp_ping received 64 bytes back
Round trip time was 0.017529 milliseconds in repetition 201
tcp_ping received 64 bytes back
Round trip time was 0.017208 milliseconds in repetition 202
tcp_ping received 64 bytes back
Round trip time was 0.017547 milliseconds in repetition 203
tcp_ping received 64 bytes back
Round trip time was 0.016986 milliseconds in repetition 204
tcp_ping received 64 bytes back
Round trip time was 0.035 milliseconds in repetition 205
tcp_ping received 64 bytes back
Round trip time was 0.018883 milliseconds in repetition 206
tcp_ping received 64 bytes back
Round trip time was 0.017858 milliseconds in repetition 207
tcp_ping received 64 bytes back
Round trip time was 0.01724 milliseconds in repetition 208
tcp_ping received 64 bytes back
Round trip time was 0.01782 milliseconds in repetition 209
tcp_ping received 64 bytes back
Round trip time was 0.017574 milliseconds in repetition 210
tcp_ping received 64 bytes back
Round trip time was 0.017719 milliseconds in repetition 211
tcp_ping received 64 bytes back
Round trip time was 0.017145 milliseconds in repetition 212
tcp_ping received 64 bytes back
Round trip time was 0.017773 milliseconds in repetition 213
tcp_ping received 64 bytes back
Round trip time was 0.017192 milliseconds in repetition 214
tcp_ping received 64 bytes back
Round trip time was 0.017778 milliseconds in repetition 215
tcp_ping received 64 bytes back
Round trip time was 0.01739 milliseconds in repetition 216
tcp_ping received 64 bytes back
Round trip time was 0.017827 milliseconds in repetition 217
tcp_ping received 64 bytes back
Round trip time was 0.017059 milliseconds in repetition 218
tcp_ping received 64 bytes back
Round trip time was 0.017532 milliseconds in repetition 219
tcp_ping received 64 bytes back
Round trip time was 0.01719 milliseconds in repetition 220
tcp_ping received 64 bytes back
Round trip time was 0.017684 milliseconds in repetition 221
tcp_ping received 64 bytes back
Round trip time was 0.01697 milliseconds in repetition 222
tcp_ping received 64 bytes back
Round trip time was 0.017755 milliseconds in repetition 223
tcp_ping received 64 bytes back
Round trip time was 0.022543 milliseconds in repetition 224
tcp_ping received 64 bytes back
Round trip time was 0.01825 milliseconds in repetition 225
tcp_ping received 64 bytes back
Round trip time was 0.017284 milliseconds in repetition 226
tcp_ping received 64 bytes back
Round trip time was 0.017684 milliseconds in repetition 227
tcp_ping received 64 bytes back
Round trip time was 0.017222 milliseconds in repetition 228
tcp_ping received 64 bytes back
Round trip time was 0.017535 milliseconds in repetition 229
tcp_ping received 64 bytes back
Round trip time was 0.017326 milliseconds in repetition 230
tcp_ping received 64 bytes back
Round trip time was 0.017544 milliseconds in repetition 231
tcp_ping received 64 bytes back
Round trip time was 0.016969 milliseconds in repetition 232
tcp_ping received 64 bytes back
Round trip time was 0.017522 milliseconds in repetition 233
tcp_ping received 64 bytes back
Round trip time was 0.01731 milliseconds in repetition 234
tcp_ping received 64 bytes back
Round trip time was 0.017677 milliseconds in repetition 235
tcp_ping received 64 bytes back
Round trip time was 0.017063 milliseconds in repetition 236
tcp_ping received 64 bytes back
Round trip time was 0.017517 milliseconds in repetition 237
tcp_ping received 64 bytes back
Round trip time was 0.017106 milliseconds in repetition 238
tcp_ping received 64 bytes back
Round trip time was 0.017592 milliseconds in repetition 239
tcp_ping received 64 bytes back
Round trip time was 0.017033 milliseconds in repetition 240
tcp_ping received 64 bytes back
Round trip time was 0.017714 milliseconds in repetition 241
tcp_ping received 64 bytes back
Round trip time was 0.017212 milliseconds in repetition 242
tcp_ping received 64 bytes back
Round trip time was 0.017657 milliseconds in repetition 243
tcp_ping received 64 bytes back
Round trip time was 0.017233 milliseconds in repetition 244
tcp_ping received 64 bytes back
Round trip time was 0.01758 milliseconds in repetition 245
tcp_ping received 64 bytes back
Round trip time was 0.017165 milliseconds in repetition 246
tcp_ping received 64 bytes back
Round trip time was 0.01767 milliseconds in repetition 247
tcp_ping received 64 bytes back
Round trip time was 0.017344 milliseconds in repetition 248
tcp_ping received 64 bytes back
Round trip time was 0.034165 milliseconds in repetition 249
tcp_ping received 64 bytes back
Round trip time was 0.018207 milliseconds in repetition 250
tcp_ping received 64 bytes back
Round trip time was 0.018275 milliseconds in repetition 251
tcp_ping received 64 bytes back
Round trip time was 0.017517 milliseconds in repetition 252
tcp_ping received 64 bytes back
Round trip time was 0.017716 milliseconds in repetition 253
tcp_ping received 64 bytes back
Round trip time was 0.017364 milliseconds in repetition 254
tcp_ping received 64 bytes back
Round trip time was 0.017648 milliseconds in repetition 255
tcp_ping received 64 bytes back
Round trip time was 0.017107 milliseconds in repetition 256
tcp_ping received 64 bytes back
Round trip time was 0.017924 milliseconds in repetition 257
tcp_ping received 64 bytes back
Round trip time was 0.017472 milliseconds in repetition 258
tcp_ping received 64 bytes back
Round trip time was 0.017902 milliseconds in repetition 259
tcp_ping received 64 bytes back
Round trip time was 0.016968 milliseconds in repetition 260
tcp_ping received 64 bytes back
Round trip time was 0.01778 milliseconds in repetition 261
tcp_ping received 64 bytes back
Round trip time was 0.017545 milliseconds in repetition 262
tcp_ping received 64 bytes back
Round trip time was 0.017713 milliseconds in repetition 263
tcp_ping received 64 bytes back
Round trip time was 0.017076 milliseconds in repetition 264
tcp_ping received 64 bytes back
Round trip time was 0.017954 milliseconds in repetition 265
tcp_ping received 64 bytes back
Round trip time was 0.017668 milliseconds in repetition 266
tcp_ping received 64 bytes back
Round trip time was 0.017765 milliseconds in repetition 267
tcp_ping received 64 bytes back
Round trip time was 0.022858 milliseconds in repetition 268
tcp_ping received 64 bytes back
Round trip time was 0.018106 milliseconds in repetition 269
tcp_ping received 64 bytes back
Round trip time was 0.017694 milliseconds in repetition 270
tcp_ping received 64 bytes back
Round trip time was 0.01797 milliseconds in repetition 271
tcp_ping received 64 bytes back
Round trip time was 0.01837 milliseconds in repetition 272
tcp_ping received 64 bytes back
Round trip time was 0.017916 milliseconds in repetition 273
tcp_ping received 64 bytes back
Round trip time was 0.017466 milliseconds in repetition 274
tcp_ping received 64 bytes back
Round trip time was 0.018278 milliseconds in repetition 275
tcp_ping received 64 bytes back
Round trip time was 0.017568 milliseconds in repetition 276
tcp_ping received 64 bytes back
Round trip time was 0.017885 milliseconds in repetition 277
tcp_ping received 64 bytes back
Round trip time was 0.017005 milliseconds in repetition 278
tcp_ping received 64 bytes back
Round trip time was 0.018111 milliseconds in repetition 279
tcp_ping received 64 bytes back
Round trip time was 0.017942 milliseconds in repetition 280
tcp_ping received 64 bytes back
Round trip time was 0.017807 milliseconds in repetition 281
tcp_ping received 64 bytes back
Round trip time was 0.017292 milliseconds in repetition 282
tcp_ping received 64 bytes back
Round trip time was 0.017717 milliseconds in repetition 283
tcp_ping received 64 bytes back
Round trip time was 0.017445 milliseconds in repetition 284
tcp_ping received 64 bytes back
Round trip time was 0.018025 milliseconds in repetition 285
tcp_ping received 64 bytes back
Round trip time was 0.017193 milliseconds in repetition 286
tcp_ping received 64 bytes back
Round trip time was 0.017797 milliseconds in repetition 287
tcp_ping received 64 bytes back
Round trip time was 0.017314 milliseconds in repetition 288
tcp_ping received 64 bytes back
Round trip time was 0.017805 milliseconds in repetition 289
tcp_ping received 64 bytes back
Round trip time was 0.017291 milliseconds in repetition 290
tcp_ping received 64 bytes back
Round trip time was 0.017754 milliseconds in repetition 291
tcp_ping received 64 bytes back
Round trip time was 0.017805 milliseconds in repetition 292
tcp_ping received 64 bytes back
Round trip time was 0.067953 milliseconds in repetition 293
tcp_ping received 64 bytes back
Round trip time was 0.021176 milliseconds in repetition 294
tcp_ping received 64 bytes back
Round trip time was 0.018614 milliseconds in repetition 295
tcp_ping received 64 bytes back
Round trip time was 0.017179 milliseconds in repetition 296
tcp_ping received 64 bytes back
Round trip time was 0.018128 milliseconds in repetition 297
tcp_ping received 64 bytes back
Round trip time was 0.017705 milliseconds in repetition 298
tcp_ping received 64 bytes back
Round trip time was 0.017797 milliseconds in repetition 299
tcp_ping received 64 bytes back
Round trip time was 0.017142 milliseconds in repetition 300
tcp_ping received 64 bytes back
Round trip time was 0.018031 milliseconds in repetition 301
tcp_ping received 64 bytes back
Round trip time was 0.017524 milliseconds in repetition 302
tcp_ping received 64 bytes back
Round trip time was 0.01783 milliseconds in repetition 303
tcp_ping received 64 bytes back
Round trip time was 0.017022 milliseconds in repetition 304
tcp_ping received 64 bytes back
Round trip time was 0.018056 milliseconds in repetition 305
tcp_ping received 64 bytes back
Round trip time was 0.017786 milliseconds in repetition 306
tcp_ping received 64 bytes back
Round trip time was 0.017847 milliseconds in repetition 307
tcp_ping received 64 bytes back
Round trip time was 0.017058 milliseconds in repetition 308
tcp_ping received 64 bytes back
Round trip time was 0.017982 milliseconds in repetition 309
tcp_ping received 64 bytes back
Round trip time was 0.017172 milliseconds in repetition 310
tcp_ping received 64 bytes back
Round trip time was 0.017693 milliseconds in repetition 311
tcp_ping received 64 bytes back
Round trip time was 0.017377 milliseconds in repetition 312
tcp_ping received 64 bytes back
Round trip time was 0.02309 milliseconds in repetition 313
tcp_ping received 64 bytes back
Round trip time was 0.018045 milliseconds in repetition 314
tcp_ping received 64 bytes back
Round trip time was 0.017719 milliseconds in repetition 315
tcp_ping received 64 bytes back
Round trip time was 0.017166 milliseconds in repetition 316
tcp_ping received 64 bytes back
Round trip time was 0.018259 milliseconds in repetition 317
tcp_ping received 64 bytes back
Round trip time was 0.017312 milliseconds in repetition 318
tcp_ping received 64 bytes back
Round trip time was 0.018425 milliseconds in repetition 319
tcp_ping received 64 bytes back
Round trip time was 0.017319 milliseconds in repetition 320
tcp_ping received 64 bytes back
Round trip time was 0.017834 milliseconds in repetition 321
tcp_ping received 64 bytes back
Round trip time was 0.01743 milliseconds in repetition 322
tcp_ping received 64 bytes back
Round trip time was 0.017688 milliseconds in repetition 323
tcp_ping received 64 bytes back
Round trip time was 0.017297 milliseconds in repetition 324
tcp_ping received 64 bytes back
Round trip time was 0.018289 milliseconds in repetition 325
tcp_ping received 64 bytes back
Round trip time was 0.017475 milliseconds in repetition 326
tcp_ping received 64 bytes back
Round trip time was 0.017678 milliseconds in repetition 327
tcp_ping received 64 bytes back
Round trip time was 0.017397 milliseconds in repetition 328
tcp_ping received 64 bytes back
Round trip time was 0.018011 milliseconds in repetition 329
tcp_ping received 64 bytes back
Round trip time was 0.01742 milliseconds in repetition 330
tcp_ping received 64 bytes back
Round trip time was 0.017836 milliseconds in repetition 331
tcp_ping received 64 bytes back
Round trip time was 0.01731 milliseconds in repetition 332
tcp_ping received 64 bytes back
Round trip time was 0.01838 milliseconds in repetition 333
tcp_ping received 64 bytes back
Round trip time was 0.017438 milliseconds in repetition 334
tcp_ping received 64 bytes back
Round trip time was 0.017663 milliseconds in repetition 335
tcp_ping received 64 bytes back
Round trip time was 0.048489 milliseconds in repetition 336
tcp_ping received 64 bytes back
Round trip time was 0.025991 milliseconds in repetition 337
tcp_ping received 64 bytes back
Round trip time was 0.018773 milliseconds in repetition 338
tcp_ping received 64 bytes back
Round trip time was 0.017449 milliseconds in repetition 339
tcp_ping received 64 bytes back
Round trip time was 0.018176 milliseconds in repetition 340
tcp_ping received 64 bytes back
Round trip time was 0.017799 milliseconds in repetition 341
tcp_ping received 64 bytes back
Round trip time was 0.01818 milliseconds in repetition 342
tcp_ping received 64 bytes back
Round trip time was 0.017263 milliseconds in repetition 343
tcp_ping received 64 bytes back
Round trip time was 0.018153 milliseconds in repetition 344
tcp_ping received 64 bytes back
Round trip time was 0.018118 milliseconds in repetition 345
tcp_ping received 64 bytes back
Round trip time was 0.018679 milliseconds in repetition 346
tcp_ping received 64 bytes back
Round trip time was 0.017832 milliseconds in repetition 347
tcp_ping received 64 bytes back
Round trip time was 0.018322 milliseconds in repetition 348
tcp_ping received 64 bytes back
Round trip time was 0.017471 milliseconds in repetition 349
tcp_ping received 64 bytes back
Round trip time was 0.018172 milliseconds in repetition 350
tcp_ping received 64 bytes back
Round trip time was 0.016999 milliseconds in repetition 351
tcp_ping received 64 bytes back
Round trip time was 0.018138 milliseconds in repetition 352
tcp_ping received 64 bytes back
Round trip time was 0.017472 milliseconds in repetition 353
tcp_ping received 64 bytes back
Round trip time was 0.01811 milliseconds in repetition 354
tcp_ping received 64 bytes back
Round trip time was 0.016881 milliseconds in repetition 355
tcp_ping received 64 bytes back
Round trip time was 0.018197 milliseconds in repetition 356
tcp_ping received 64 bytes back
Round trip time was 0.022067 milliseconds in repetition 357
tcp_ping received 64 bytes back
Round trip time was 0.018235 milliseconds in repetition 358
tcp_ping received 64 bytes back
Round trip time was 0.017309 milliseconds in repetition 359
tcp_ping received 64 bytes back
Round trip time was 0.018222 milliseconds in repetition 360
tcp_ping received 64 bytes back
Round trip time was 0.017679 milliseconds in repetition 361
tcp_ping received 64 bytes back
Round trip time was 0.017629 milliseconds in repetition 362
tcp_ping received 64 bytes back
Round trip time was 0.016889 milliseconds in repetition 363
tcp_ping received 64 bytes back
Round trip time was 0.017924 milliseconds in repetition 364
tcp_ping received 64 bytes back
Round trip time was 0.017285 milliseconds in repetition 365
tcp_ping received 64 bytes back
Round trip time was 0.018233 milliseconds in repetition 366
tcp_ping received 64 bytes back
Round trip time was 0.017465 milliseconds in repetition 367
tcp_ping received 64 bytes back
Round trip time was 0.018168 milliseconds in repetition 368
tcp_ping received 64 bytes back
Round trip time was 0.01698 milliseconds in repetition 369
tcp_ping received 64 bytes back
Round trip time was 0.017786 milliseconds in repetition 370
tcp_ping received 64 bytes back
Round trip time was 0.01714 milliseconds in repetition 371
tcp_ping received 64 bytes back
Round trip time was 0.018304 milliseconds in repetition 372
tcp_ping received 64 bytes back
Round trip time was 0.017121 milliseconds in repetition 373
tcp_ping received 64 bytes back
Round trip time was 0.017743 milliseconds in repetition 374
tcp_ping received 64 bytes back
Round trip time was 0.017387 milliseconds in repetition 375
tcp_ping received 64 bytes back
Round trip time was 0.017936 milliseconds in repetition 376
tcp_ping received 64 bytes back
Round trip time was 0.017108 milliseconds in repetition 377
tcp_ping received 64 bytes back
Round trip time was 0.017822 milliseconds in repetition 378
tcp_ping received 64 bytes back
Round trip time was 0.017309 milliseconds in repetition 379
tcp_ping received 64 bytes back
Round trip time was 0.060814 milliseconds in repetition 380
tcp_ping received 64 bytes back
Round trip time was 0.023461 milliseconds in repetition 381
tcp_ping received 64 bytes back
Round trip time was 0.019104 milliseconds in repetition 382
tcp_ping received 64 bytes back
Round trip time was 0.017981 milliseconds in repetition 383
tcp_ping received 64 bytes back
Round trip time was 0.018504 milliseconds in repetition 384
tcp_ping received 64 bytes back
Round trip time was 0.017929 milliseconds in repetition 385
tcp_ping received 64 bytes back
Round trip time was 0.018441 milliseconds in repetition 386
tcp_ping received 64 bytes back
Round trip time was 0.017394 milliseconds in repetition 387
tcp_ping received 64 bytes back
Round trip time was 0.018059 milliseconds in repetition 388
tcp_ping received 64 bytes back
Round trip time was 0.017257 milliseconds in repetition 389
tcp_ping received 64 bytes back
Round trip time was 0.017966 milliseconds in repetition 390
tcp_ping received 64 bytes back
Round trip time was 0.017078 milliseconds in repetition 391
tcp_ping received 64 bytes back
Round trip time was 0.017749 milliseconds in repetition 392
tcp_ping received 64 bytes back
Round trip time was 0.017182 milliseconds in repetition 393
tcp_ping received 64 bytes back
Round trip time was 0.017713 milliseconds in repetition 394
tcp_ping received 64 bytes back
Round trip time was 0.017209 milliseconds in repetition 395
tcp_ping received 64 bytes back
Round trip time was 0.017956 milliseconds in repetition 396
tcp_ping received 64 bytes back
Round trip time was 0.017038 milliseconds in repetition 397
tcp_ping received 64 bytes back
Round trip time was 0.017965 milliseconds in repetition 398
tcp_ping received 64 bytes back
Round trip time was 0.017419 milliseconds in repetition 399
tcp_ping received 64 bytes back
Round trip time was 0.017783 milliseconds in repetition 400
tcp_ping received 64 bytes back
Round trip time was 0.017142 milliseconds in repetition 401
tcp_ping received 64 bytes back
Round trip time was 0.022006 milliseconds in repetition 402
tcp_ping received 64 bytes back
Round trip time was 0.017853 milliseconds in repetition 403
tcp_ping received 64 bytes back
Round trip time was 0.017463 milliseconds in repetition 404
tcp_ping received 64 bytes back
Round trip time was 0.016922 milliseconds in repetition 405
tcp_ping received 64 bytes back
Round trip time was 0.017589 milliseconds in repetition 406
tcp_ping received 64 bytes back
Round trip time was 0.01707 milliseconds in repetition 407
tcp_ping received 64 bytes back
Round trip time was 0.017564 milliseconds in repetition 408
tcp_ping received 64 bytes back
Round trip time was 0.017087 milliseconds in repetition 409
tcp_ping received 64 bytes back
Round trip time was 0.017495 milliseconds in repetition 410
tcp_ping received 64 bytes back
Round trip time was 0.017029 milliseconds in repetition 411
tcp_ping received 64 bytes back
Round trip time was 0.017304 milliseconds in repetition 412
tcp_ping received 64 bytes back
Round trip time was 0.017167 milliseconds in repetition 413
tcp_ping received 64 bytes back
Round trip time was 0.018114 milliseconds in repetition 414
tcp_ping received 64 bytes back
Round trip time was 0.017317 milliseconds in repetition 415
tcp_ping received 64 bytes back
Round trip time was 0.017365 milliseconds in repetition 416
tcp_ping received 64 bytes back
Round trip time was 0.01704 milliseconds in repetition 417
tcp_ping received 64 bytes back
Round trip time was 0.017501 milliseconds in repetition 418
tcp_ping received 64 bytes back
Round trip time was 0.017219 milliseconds in repetition 419
tcp_ping received 64 bytes back
Round trip time was 0.017629 milliseconds in repetition 420
tcp_ping received 64 bytes back
Round trip time was 0.01709 milliseconds in repetition 421
tcp_ping received 64 bytes back
Round trip time was 0.017569 milliseconds in repetition 422
tcp_ping received 64 bytes back
Round trip time was 0.017298 milliseconds in repetition 423
tcp_ping received 64 bytes back
Round trip time was 0.030244 milliseconds in repetition 424
tcp_ping received 64 bytes back
Round trip time was 0.021575 milliseconds in repetition 425
tcp_ping received 64 bytes back
Round trip time was 0.018579 milliseconds in repetition 426
tcp_ping received 64 bytes back
Round trip time was 0.017334 milliseconds in repetition 427
tcp_ping received 64 bytes back
Round trip time was 0.018107 milliseconds in repetition 428
tcp_ping received 64 bytes back
Round trip time was 0.017308 milliseconds in repetition 429
tcp_ping received 64 bytes back
Round trip time was 0.017922 milliseconds in repetition 430
tcp_ping received 64 bytes back
Round trip time was 0.017299 milliseconds in repetition 431
tcp_ping received 64 bytes back
Round trip time was 0.018191 milliseconds in repetition 432
tcp_ping received 64 bytes back
Round trip time was 0.017196 milliseconds in repetition 433
tcp_ping received 64 bytes back
Round trip time was 0.018116 milliseconds in repetition 434
tcp_ping received 64 bytes back
Round trip time was 0.01747 milliseconds in repetition 435
tcp_ping received 64 bytes back
Round trip time was 0.018244 milliseconds in repetition 436
tcp_ping received 64 bytes back
Round trip time was 0.017323 milliseconds in repetition 437
tcp_ping received 64 bytes back
Round trip time was 0.017869 milliseconds in repetition 438
tcp_ping received 64 bytes back
Round trip time was 0.017398 milliseconds in repetition 439
tcp_ping received 64 bytes back
Round trip time was 0.018108 milliseconds in repetition 440
tcp_ping received 64 bytes back
Round trip time was 0.017128 milliseconds in repetition 441
tcp_ping received 64 bytes back
Round trip time was 0.018117 milliseconds in repetition 442
tcp_ping received 64 bytes back
Round trip time was 0.017524 milliseconds in repetition 443
tcp_ping received 64 bytes back
Round trip time was 1.4204 milliseconds in repetition 444
tcp_ping received 64 bytes back
Round trip time was 0.043077 milliseconds in repetition 445
tcp_ping received 64 bytes back
Round trip time was 0.018958 milliseconds in repetition 446
tcp_ping received 64 bytes back
Round trip time was 0.032327 milliseconds in repetition 447
tcp_ping received 64 bytes back
Round trip time was 0.017856 milliseconds in repetition 448
tcp_ping received 64 bytes back
Round trip time was 0.017676 milliseconds in repetition 449
tcp_ping received 64 bytes back
Round trip time was 0.017431 milliseconds in repetition 450
tcp_ping received 64 bytes back
Round trip time was 0.01743 milliseconds in repetition 451
tcp_ping received 64 bytes back
Round trip time was 0.01714 milliseconds in repetition 452
tcp_ping received 64 bytes back
Round trip time was 0.017368 milliseconds in repetition 453
tcp_ping received 64 bytes back
Round trip time was 0.017378 milliseconds in repetition 454
tcp_ping received 64 bytes back
Round trip time was 0.017581 milliseconds in repetition 455
tcp_ping received 64 bytes back
Round trip time was 0.017007 milliseconds in repetition 456
tcp_ping received 64 bytes back
Round trip time was 0.017517 milliseconds in repetition 457
tcp_ping received 64 bytes back
Round trip time was 0.01722 milliseconds in repetition 458
tcp_ping received 64 bytes back
Round trip time was 0.017308 milliseconds in repetition 459
tcp_ping received 64 bytes back
Round trip time was 0.017117 milliseconds in repetition 460
tcp_ping received 64 bytes back
Round trip time was 0.017517 milliseconds in repetition 461
tcp_ping received 64 bytes back
Round trip time was 0.017279 milliseconds in repetition 462
tcp_ping received 64 bytes back
Round trip time was 0.017437 milliseconds in repetition 463
tcp_ping received 64 bytes back
Round trip time was 0.016826 milliseconds in repetition 464
tcp_ping received 64 bytes back
Round trip time was 0.017179 milliseconds in repetition 465
tcp_ping received 64 bytes back
Round trip time was 0.016973 milliseconds in repetition 466
tcp_ping received 64 bytes back
Round trip time was 0.017464 milliseconds in repetition 467
tcp_ping received 64 bytes back
Round trip time was 0.017379 milliseconds in repetition 468
tcp_ping received 64 bytes back
Round trip time was 0.017098 milliseconds in repetition 469
tcp_ping received 64 bytes back
Round trip time was 0.01707 milliseconds in repetition 470
tcp_ping received 64 bytes back
Round trip time was 0.017398 milliseconds in repetition 471
tcp_ping received 64 bytes back
Round trip time was 0.017133 milliseconds in repetition 472
tcp_ping received 64 bytes back
Round trip time was 0.01724 milliseconds in repetition 473
tcp_ping received 64 bytes back
Round trip time was 0.017037 milliseconds in repetition 474
tcp_ping received 64 bytes back
Round trip time was 0.017609 milliseconds in repetition 475
tcp_ping received 64 bytes back
Round trip time was 0.017281 milliseconds in repetition 476
tcp_ping received 64 bytes back
Round trip time was 0.017309 milliseconds in repetition 477
tcp_ping received 64 bytes back
Round trip time was 0.016913 milliseconds in repetition 478
tcp_ping received 64 bytes back
Round trip time was 0.017447 milliseconds in repetition 479
tcp_ping received 64 bytes back
Round trip time was 0.01706 milliseconds in repetition 480
tcp_ping received 64 bytes back
Round trip time was 0.017456 milliseconds in repetition 481
tcp_ping received 64 bytes back
Round trip time was 0.017017 milliseconds in repetition 482
tcp_ping received 64 bytes back
Round trip time was 0.017437 milliseconds in repetition 483
tcp_ping received 64 bytes back
Round trip time was 0.017094 milliseconds in repetition 484
tcp_ping received 64 bytes back
Round trip time was 0.017592 milliseconds in repetition 485
tcp_ping received 64 bytes back
Round trip time was 0.016909 milliseconds in repetition 486
tcp_ping received 64 bytes back
Round trip time was 0.017528 milliseconds in repetition 487
tcp_ping received 64 bytes back
Round trip time was 0.017228 milliseconds in repetition 488
tcp_ping received 64 bytes back
Round trip time was 0.017535 milliseconds in repetition 489
tcp_ping received 64 bytes back
Round trip time was 0.017131 milliseconds in repetition 490
tcp_ping received 64 bytes back
Round trip time was 0.022955 milliseconds in repetition 491
tcp_ping received 64 bytes back
Round trip time was 0.018067 milliseconds in repetition 492
tcp_ping received 64 bytes back
Round trip time was 0.01695 milliseconds in repetition 493
tcp_ping received 64 bytes back
Round trip time was 0.017458 milliseconds in repetition 494
tcp_ping received 64 bytes back
Round trip time was 0.017567 milliseconds in repetition 495
tcp_ping received 64 bytes back
Round trip time was 0.017531 milliseconds in repetition 496
tcp_ping received 64 bytes back
Round trip time was 0.016928 milliseconds in repetition 497
tcp_ping received 64 bytes back
Round trip time was 0.01739 milliseconds in repetition 498
tcp_ping received 64 bytes back
Round trip time was 0.017371 milliseconds in repetition 499
tcp_ping received 64 bytes back
Round trip time was 0.017058 milliseconds in repetition 500
tcp_ping received 64 bytes back
Round trip time was 0.325643 milliseconds in repetition 501

 ... clock resolution was 1e-06
TCP Ping:  Statistics over 501 repetitions of 64 byte messages

RTT : percentile 10: 0.017063, median: 0.017569, percentile 90: 0.019045, average: 0.0415559, variance: 0.152063

RTT histogram:
0.0168065 496
0.44688 3
0.876954 0
1.30703 1
1.7371 0
2.16718 0
2.59725 0
3.02732 0
3.4574 0
3.88747 0
4.31754 0
4.74762 0
5.17769 0
5.60777 0
6.03784 0
6.46791 0
6.89799 0
7.32806 0
7.75814 0
8.18821 0
8.61828 1

   median Throughput : 7285.56 KB/s   overall Throughput : 3080.19 KB/s

