TCP Ping trying to connect to server localhost (127.0.0.1) on port 1492
 ... connected to Pong server: asking for 501 repetitions of 393216 bytes TCP messages
 ... Pong server agreed :-)
tcp_ping received 393216 bytes back
Round trip time was 5.196 milliseconds in repetition 1
tcp_ping received 393216 bytes back
Round trip time was 4.9379 milliseconds in repetition 2
tcp_ping received 393216 bytes back
Round trip time was 7.5595 milliseconds in repetition 3
tcp_ping received 393216 bytes back
Round trip time was 5.0224 milliseconds in repetition 4
tcp_ping received 393216 bytes back
Round trip time was 5.0122 milliseconds in repetition 5
tcp_ping received 393216 bytes back
Round trip time was 4.7276 milliseconds in repetition 6
tcp_ping received 393216 bytes back
Round trip time was 5.746 milliseconds in repetition 7
tcp_ping received 393216 bytes back
Round trip time was 4.7401 milliseconds in repetition 8
tcp_ping received 393216 bytes back
Round trip time was 5.2057 milliseconds in repetition 9
tcp_ping received 393216 bytes back
Round trip time was 4.8847 milliseconds in repetition 10
tcp_ping received 393216 bytes back
Round trip time was 5.0002 milliseconds in repetition 11
tcp_ping received 393216 bytes back
Round trip time was 5.1718 milliseconds in repetition 12
tcp_ping received 393216 bytes back
Round trip time was 5.6151 milliseconds in repetition 13
tcp_ping received 393216 bytes back
Round trip time was 6.2307 milliseconds in repetition 14
tcp_ping received 393216 bytes back
Round trip time was 7.8027 milliseconds in repetition 15
tcp_ping received 393216 bytes back
Round trip time was 4.6533 milliseconds in repetition 16
tcp_ping received 393216 bytes back
Round trip time was 5.343 milliseconds in repetition 17
tcp_ping received 393216 bytes back
Round trip time was 5.221 milliseconds in repetition 18
tcp_ping received 393216 bytes back
Round trip time was 4.5583 milliseconds in repetition 19
tcp_ping received 393216 bytes back
Round trip time was 4.8099 milliseconds in repetition 20
tcp_ping received 393216 bytes back
Round trip time was 4.7522 milliseconds in repetition 21
tcp_ping received 393216 bytes back
Round trip time was 4.9263 milliseconds in repetition 22
tcp_ping received 393216 bytes back
Round trip time was 4.5959 milliseconds in repetition 23
tcp_ping received 393216 bytes back
Round trip time was 4.7914 milliseconds in repetition 24
tcp_ping received 393216 bytes back
Round trip time was 4.865 milliseconds in repetition 25
tcp_ping received 393216 bytes back
Round trip time was 4.6079 milliseconds in repetition 26
tcp_ping received 393216 bytes back
Round trip time was 7.5416 milliseconds in repetition 27
tcp_ping received 393216 bytes back
Round trip time was 4.7133 milliseconds in repetition 28
tcp_ping received 393216 bytes back
Round trip time was 4.4363 milliseconds in repetition 29
tcp_ping received 393216 bytes back
Round trip time was 4.9833 milliseconds in repetition 30
tcp_ping received 393216 bytes back
Round trip time was 4.6476 milliseconds in repetition 31
tcp_ping received 393216 bytes back
Round trip time was 4.7149 milliseconds in repetition 32
tcp_ping received 393216 bytes back
Round trip time was 5.065 milliseconds in repetition 33
tcp_ping received 393216 bytes back
Round trip time was 5.394 milliseconds in repetition 34
tcp_ping received 393216 bytes back
Round trip time was 4.4915 milliseconds in repetition 35
tcp_ping received 393216 bytes back
Round trip time was 4.8261 milliseconds in repetition 36
tcp_ping received 393216 bytes back
Round trip time was 5.1323 milliseconds in repetition 37
tcp_ping received 393216 bytes back
Round trip time was 4.7872 milliseconds in repetition 38
tcp_ping received 393216 bytes back
Round trip time was 4.8462 milliseconds in repetition 39
tcp_ping received 393216 bytes back
Round trip time was 4.9212 milliseconds in repetition 40
tcp_ping received 393216 bytes back
Round trip time was 4.4913 milliseconds in repetition 41
tcp_ping received 393216 bytes back
Round trip time was 4.5848 milliseconds in repetition 42
tcp_ping received 393216 bytes back
Round trip time was 6.7239 milliseconds in repetition 43
tcp_ping received 393216 bytes back
Round trip time was 4.7235 milliseconds in repetition 44
tcp_ping received 393216 bytes back
Round trip time was 4.5111 milliseconds in repetition 45
tcp_ping received 393216 bytes back
Round trip time was 6.4947 milliseconds in repetition 46
tcp_ping received 393216 bytes back
Round trip time was 4.997 milliseconds in repetition 47
tcp_ping received 393216 bytes back
Round trip time was 4.4472 milliseconds in repetition 48
tcp_ping received 393216 bytes back
Round trip time was 5.6522 milliseconds in repetition 49
tcp_ping received 393216 bytes back
Round trip time was 4.5847 milliseconds in repetition 50
tcp_ping received 393216 bytes back
Round trip time was 4.6154 milliseconds in repetition 51
tcp_ping received 393216 bytes back
Round trip time was 4.8663 milliseconds in repetition 52
tcp_ping received 393216 bytes back
Round trip time was 5.2473 milliseconds in repetition 53
tcp_ping received 393216 bytes back
Round trip time was 4.5601 milliseconds in repetition 54
tcp_ping received 393216 bytes back
Round trip time was 4.7241 milliseconds in repetition 55
tcp_ping received 393216 bytes back
Round trip time was 5.5702 milliseconds in repetition 56
tcp_ping received 393216 bytes back
Round trip time was 4.6724 milliseconds in repetition 57
tcp_ping received 393216 bytes back
Round trip time was 4.6276 milliseconds in repetition 58
tcp_ping received 393216 bytes back
Round trip time was 4.9074 milliseconds in repetition 59
tcp_ping received 393216 bytes back
Round trip time was 4.6653 milliseconds in repetition 60
tcp_ping received 393216 bytes back
Round trip time was 4.5363 milliseconds in repetition 61
tcp_ping received 393216 bytes back
Round trip time was 5.236 milliseconds in repetition 62
tcp_ping received 393216 bytes back
Round trip time was 4.8916 milliseconds in repetition 63
tcp_ping received 393216 bytes back
Round trip time was 4.4933 milliseconds in repetition 64
tcp_ping received 393216 bytes back
Round trip time was 4.6646 milliseconds in repetition 65
tcp_ping received 393216 bytes back
Round trip time was 4.7459 milliseconds in repetition 66
tcp_ping received 393216 bytes back
Round trip time was 4.6727 milliseconds in repetition 67
tcp_ping received 393216 bytes back
Round trip time was 4.7602 milliseconds in repetition 68
tcp_ping received 393216 bytes back
Round trip time was 4.7827 milliseconds in repetition 69
tcp_ping received 393216 bytes back
Round trip time was 7.5628 milliseconds in repetition 70
tcp_ping received 393216 bytes back
Round trip time was 7.84 milliseconds in repetition 71
tcp_ping received 393216 bytes back
Round trip time was 5.3529 milliseconds in repetition 72
tcp_ping received 393216 bytes back
Round trip time was 4.5372 milliseconds in repetition 73
tcp_ping received 393216 bytes back
Round trip time was 5.1681 milliseconds in repetition 74
tcp_ping received 393216 bytes back
Round trip time was 5.1952 milliseconds in repetition 75
tcp_ping received 393216 bytes back
Round trip time was 7.204 milliseconds in repetition 76
tcp_ping received 393216 bytes back
Round trip time was 5.4655 milliseconds in repetition 77
tcp_ping received 393216 bytes back
Round trip time was 7.7966 milliseconds in repetition 78
tcp_ping received 393216 bytes back
Round trip time was 4.9314 milliseconds in repetition 79
tcp_ping received 393216 bytes back
Round trip time was 4.8335 milliseconds in repetition 80
tcp_ping received 393216 bytes back
Round trip time was 4.7048 milliseconds in repetition 81
tcp_ping received 393216 bytes back
Round trip time was 5.7546 milliseconds in repetition 82
tcp_ping received 393216 bytes back
Round trip time was 6.88 milliseconds in repetition 83
tcp_ping received 393216 bytes back
Round trip time was 7.4078 milliseconds in repetition 84
tcp_ping received 393216 bytes back
Round trip time was 4.7867 milliseconds in repetition 85
tcp_ping received 393216 bytes back
Round trip time was 5.0665 milliseconds in repetition 86
tcp_ping received 393216 bytes back
Round trip time was 6.3099 milliseconds in repetition 87
tcp_ping received 393216 bytes back
Round trip time was 4.6588 milliseconds in repetition 88
tcp_ping received 393216 bytes back
Round trip time was 7.6033 milliseconds in repetition 89
tcp_ping received 393216 bytes back
Round trip time was 5.9573 milliseconds in repetition 90
tcp_ping received 393216 bytes back
Round trip time was 6.6595 milliseconds in repetition 91
tcp_ping received 393216 bytes back
Round trip time was 7.2969 milliseconds in repetition 92
tcp_ping received 393216 bytes back
Round trip time was 4.3724 milliseconds in repetition 93
tcp_ping received 393216 bytes back
Round trip time was 3.8452 milliseconds in repetition 94
tcp_ping received 393216 bytes back
Round trip time was 3.4299 milliseconds in repetition 95
tcp_ping received 393216 bytes back
Round trip time was 3.3219 milliseconds in repetition 96
tcp_ping received 393216 bytes back
Round trip time was 3.5352 milliseconds in repetition 97
tcp_ping received 393216 bytes back
Round trip time was 3.5973 milliseconds in repetition 98
tcp_ping received 393216 bytes back
Round trip time was 3.7609 milliseconds in repetition 99
tcp_ping received 393216 bytes back
Round trip time was 3.5023 milliseconds in repetition 100
tcp_ping received 393216 bytes back
Round trip time was 3.0891 milliseconds in repetition 101
tcp_ping received 393216 bytes back
Round trip time was 2.9818 milliseconds in repetition 102
tcp_ping received 393216 bytes back
Round trip time was 3.0496 milliseconds in repetition 103
tcp_ping received 393216 bytes back
Round trip time was 2.7545 milliseconds in repetition 104
tcp_ping received 393216 bytes back
Round trip time was 2.7471 milliseconds in repetition 105
tcp_ping received 393216 bytes back
Round trip time was 2.84 milliseconds in repetition 106
tcp_ping received 393216 bytes back
Round trip time was 2.8123 milliseconds in repetition 107
tcp_ping received 393216 bytes back
Round trip time was 2.7634 milliseconds in repetition 108
tcp_ping received 393216 bytes back
Round trip time was 3.7854 milliseconds in repetition 109
tcp_ping received 393216 bytes back
Round trip time was 3.4647 milliseconds in repetition 110
tcp_ping received 393216 bytes back
Round trip time was 2.9146 milliseconds in repetition 111
tcp_ping received 393216 bytes back
Round trip time was 3.0134 milliseconds in repetition 112
tcp_ping received 393216 bytes back
Round trip time was 3.9893 milliseconds in repetition 113
tcp_ping received 393216 bytes back
Round trip time was 3.2867 milliseconds in repetition 114
tcp_ping received 393216 bytes back
Round trip time was 4.0212 milliseconds in repetition 115
tcp_ping received 393216 bytes back
Round trip time was 5.7386 milliseconds in repetition 116
tcp_ping received 393216 bytes back
Round trip time was 3.4955 milliseconds in repetition 117
tcp_ping received 393216 bytes back
Round trip time was 3.087 milliseconds in repetition 118
tcp_ping received 393216 bytes back
Round trip time was 4.6021 milliseconds in repetition 119
tcp_ping received 393216 bytes back
Round trip time was 3.4109 milliseconds in repetition 120
tcp_ping received 393216 bytes back
Round trip time was 4.0875 milliseconds in repetition 121
tcp_ping received 393216 bytes back
Round trip time was 3.7844 milliseconds in repetition 122
tcp_ping received 393216 bytes back
Round trip time was 4.4583 milliseconds in repetition 123
tcp_ping received 393216 bytes back
Round trip time was 4.585 milliseconds in repetition 124
tcp_ping received 393216 bytes back
Round trip time was 4.5799 milliseconds in repetition 125
tcp_ping received 393216 bytes back
Round trip time was 4.3017 milliseconds in repetition 126
tcp_ping received 393216 bytes back
Round trip time was 3.3428 milliseconds in repetition 127
tcp_ping received 393216 bytes back
Round trip time was 2.7846 milliseconds in repetition 128
tcp_ping received 393216 bytes back
Round trip time was 2.9291 milliseconds in repetition 129
tcp_ping received 393216 bytes back
Round trip time was 3.6855 milliseconds in repetition 130
tcp_ping received 393216 bytes back
Round trip time was 2.8117 milliseconds in repetition 131
tcp_ping received 393216 bytes back
Round trip time was 2.9153 milliseconds in repetition 132
tcp_ping received 393216 bytes back
Round trip time was 2.79 milliseconds in repetition 133
tcp_ping received 393216 bytes back
Round trip time was 2.7611 milliseconds in repetition 134
tcp_ping received 393216 bytes back
Round trip time was 3.5205 milliseconds in repetition 135
tcp_ping received 393216 bytes back
Round trip time was 3.5544 milliseconds in repetition 136
tcp_ping received 393216 bytes back
Round trip time was 4.2751 milliseconds in repetition 137
tcp_ping received 393216 bytes back
Round trip time was 3.8732 milliseconds in repetition 138
tcp_ping received 393216 bytes back
Round trip time was 2.7592 milliseconds in repetition 139
tcp_ping received 393216 bytes back
Round trip time was 3.5966 milliseconds in repetition 140
tcp_ping received 393216 bytes back
Round trip time was 3.9012 milliseconds in repetition 141
tcp_ping received 393216 bytes back
Round trip time was 2.8162 milliseconds in repetition 142
tcp_ping received 393216 bytes back
Round trip time was 2.7134 milliseconds in repetition 143
tcp_ping received 393216 bytes back
Round trip time was 2.7901 milliseconds in repetition 144
tcp_ping received 393216 bytes back
Round trip time was 2.7796 milliseconds in repetition 145
tcp_ping received 393216 bytes back
Round trip time was 3.729 milliseconds in repetition 146
tcp_ping received 393216 bytes back
Round trip time was 2.8466 milliseconds in repetition 147
tcp_ping received 393216 bytes back
Round trip time was 2.8828 milliseconds in repetition 148
tcp_ping received 393216 bytes back
Round trip time was 2.771 milliseconds in repetition 149
tcp_ping received 393216 bytes back
Round trip time was 2.7755 milliseconds in repetition 150
tcp_ping received 393216 bytes back
Round trip time was 5.6825 milliseconds in repetition 151
tcp_ping received 393216 bytes back
Round trip time was 4.5892 milliseconds in repetition 152
tcp_ping received 393216 bytes back
Round trip time was 2.7919 milliseconds in repetition 153
tcp_ping received 393216 bytes back
Round trip time was 2.9108 milliseconds in repetition 154
tcp_ping received 393216 bytes back
Round trip time was 3.0736 milliseconds in repetition 155
tcp_ping received 393216 bytes back
Round trip time was 3.2991 milliseconds in repetition 156
tcp_ping received 393216 bytes back
Round trip time was 3.779 milliseconds in repetition 157
tcp_ping received 393216 bytes back
Round trip time was 2.808 milliseconds in repetition 158
tcp_ping received 393216 bytes back
Round trip time was 2.811 milliseconds in repetition 159
tcp_ping received 393216 bytes back
Round trip time was 3.2537 milliseconds in repetition 160
tcp_ping received 393216 bytes back
Round trip time was 3.6981 milliseconds in repetition 161
tcp_ping received 393216 bytes back
Round trip time was 2.9064 milliseconds in repetition 162
tcp_ping received 393216 bytes back
Round trip time was 2.7667 milliseconds in repetition 163
tcp_ping received 393216 bytes back
Round trip time was 2.7154 milliseconds in repetition 164
tcp_ping received 393216 bytes back
Round trip time was 2.7087 milliseconds in repetition 165
tcp_ping received 393216 bytes back
Round trip time was 3.412 milliseconds in repetition 166
tcp_ping received 393216 bytes back
Round trip time was 4.2957 milliseconds in repetition 167
tcp_ping received 393216 bytes back
Round trip time was 2.7406 milliseconds in repetition 168
tcp_ping received 393216 bytes back
Round trip time was 2.9658 milliseconds in repetition 169
tcp_ping received 393216 bytes back
Round trip time was 3.0735 milliseconds in repetition 170
tcp_ping received 393216 bytes back
Round trip time was 2.8377 milliseconds in repetition 171
tcp_ping received 393216 bytes back
Round trip time was 4.4739 milliseconds in repetition 172
tcp_ping received 393216 bytes back
Round trip time was 2.7082 milliseconds in repetition 173
tcp_ping received 393216 bytes back
Round trip time was 2.7472 milliseconds in repetition 174
tcp_ping received 393216 bytes back
Round trip time was 3.136 milliseconds in repetition 175
tcp_ping received 393216 bytes back
Round trip time was 3.7289 milliseconds in repetition 176
tcp_ping received 393216 bytes back
Round trip time was 2.6948 milliseconds in repetition 177
tcp_ping received 393216 bytes back
Round trip time was 3.127 milliseconds in repetition 178
tcp_ping received 393216 bytes back
Round trip time was 4.26 milliseconds in repetition 179
tcp_ping received 393216 bytes back
Round trip time was 2.8544 milliseconds in repetition 180
tcp_ping received 393216 bytes back
Round trip time was 3.1328 milliseconds in repetition 181
tcp_ping received 393216 bytes back
Round trip time was 3.0833 milliseconds in repetition 182
tcp_ping received 393216 bytes back
Round trip time was 2.8149 milliseconds in repetition 183
tcp_ping received 393216 bytes back
Round trip time was 3.309 milliseconds in repetition 184
tcp_ping received 393216 bytes back
Round trip time was 2.9396 milliseconds in repetition 185
tcp_ping received 393216 bytes back
Round trip time was 2.819 milliseconds in repetition 186
tcp_ping received 393216 bytes back
Round trip time was 3.2435 milliseconds in repetition 187
tcp_ping received 393216 bytes back
Round trip time was 2.7315 milliseconds in repetition 188
tcp_ping received 393216 bytes back
Round trip time was 2.834 milliseconds in repetition 189
tcp_ping received 393216 bytes back
Round trip time was 3.1095 milliseconds in repetition 190
tcp_ping received 393216 bytes back
Round trip time was 2.759 milliseconds in repetition 191
tcp_ping received 393216 bytes back
Round trip time was 2.7783 milliseconds in repetition 192
tcp_ping received 393216 bytes back
Round trip time was 3.041 milliseconds in repetition 193
tcp_ping received 393216 bytes back
Round trip time was 2.7823 milliseconds in repetition 194
tcp_ping received 393216 bytes back
Round trip time was 3.2022 milliseconds in repetition 195
tcp_ping received 393216 bytes back
Round trip time was 3.0681 milliseconds in repetition 196
tcp_ping received 393216 bytes back
Round trip time was 2.773 milliseconds in repetition 197
tcp_ping received 393216 bytes back
Round trip time was 2.7979 milliseconds in repetition 198
tcp_ping received 393216 bytes back
Round trip time was 3.1807 milliseconds in repetition 199
tcp_ping received 393216 bytes back
Round trip time was 3.3507 milliseconds in repetition 200
tcp_ping received 393216 bytes back
Round trip time was 2.7549 milliseconds in repetition 201
tcp_ping received 393216 bytes back
Round trip time was 3.0548 milliseconds in repetition 202
tcp_ping received 393216 bytes back
Round trip time was 2.8774 milliseconds in repetition 203
tcp_ping received 393216 bytes back
Round trip time was 2.7629 milliseconds in repetition 204
tcp_ping received 393216 bytes back
Round trip time was 3.0547 milliseconds in repetition 205
tcp_ping received 393216 bytes back
Round trip time was 2.7715 milliseconds in repetition 206
tcp_ping received 393216 bytes back
Round trip time was 2.8123 milliseconds in repetition 207
tcp_ping received 393216 bytes back
Round trip time was 2.8488 milliseconds in repetition 208
tcp_ping received 393216 bytes back
Round trip time was 2.7631 milliseconds in repetition 209
tcp_ping received 393216 bytes back
Round trip time was 3.2138 milliseconds in repetition 210
tcp_ping received 393216 bytes back
Round trip time was 2.7084 milliseconds in repetition 211
tcp_ping received 393216 bytes back
Round trip time was 2.793 milliseconds in repetition 212
tcp_ping received 393216 bytes back
Round trip time was 3.1838 milliseconds in repetition 213
tcp_ping received 393216 bytes back
Round trip time was 2.7769 milliseconds in repetition 214
tcp_ping received 393216 bytes back
Round trip time was 2.7486 milliseconds in repetition 215
tcp_ping received 393216 bytes back
Round trip time was 3.6591 milliseconds in repetition 216
tcp_ping received 393216 bytes back
Round trip time was 3.1277 milliseconds in repetition 217
tcp_ping received 393216 bytes back
Round trip time was 2.8635 milliseconds in repetition 218
tcp_ping received 393216 bytes back
Round trip time was 3.0813 milliseconds in repetition 219
tcp_ping received 393216 bytes back
Round trip time was 2.8257 milliseconds in repetition 220
tcp_ping received 393216 bytes back
Round trip time was 2.8078 milliseconds in repetition 221
tcp_ping received 393216 bytes back
Round trip time was 2.8504 milliseconds in repetition 222
tcp_ping received 393216 bytes back
Round trip time was 2.7063 milliseconds in repetition 223
tcp_ping received 393216 bytes back
Round trip time was 2.9035 milliseconds in repetition 224
tcp_ping received 393216 bytes back
Round trip time was 2.7325 milliseconds in repetition 225
tcp_ping received 393216 bytes back
Round trip time was 2.8037 milliseconds in repetition 226
tcp_ping received 393216 bytes back
Round trip time was 2.808 milliseconds in repetition 227
tcp_ping received 393216 bytes back
Round trip time was 2.7708 milliseconds in repetition 228
tcp_ping received 393216 bytes back
Round trip time was 2.8856 milliseconds in repetition 229
tcp_ping received 393216 bytes back
Round trip time was 2.8888 milliseconds in repetition 230
tcp_ping received 393216 bytes back
Round trip time was 2.7847 milliseconds in repetition 231
tcp_ping received 393216 bytes back
Round trip time was 2.7805 milliseconds in repetition 232
tcp_ping received 393216 bytes back
Round trip time was 2.797 milliseconds in repetition 233
tcp_ping received 393216 bytes back
Round trip time was 2.7578 milliseconds in repetition 234
tcp_ping received 393216 bytes back
Round trip time was 3.0614 milliseconds in repetition 235
tcp_ping received 393216 bytes back
Round trip time was 2.7324 milliseconds in repetition 236
tcp_ping received 393216 bytes back
Round trip time was 2.8401 milliseconds in repetition 237
tcp_ping received 393216 bytes back
Round trip time was 2.9245 milliseconds in repetition 238
tcp_ping received 393216 bytes back
Round trip time was 2.7265 milliseconds in repetition 239
tcp_ping received 393216 bytes back
Round trip time was 3.1949 milliseconds in repetition 240
tcp_ping received 393216 bytes back
Round trip time was 2.9169 milliseconds in repetition 241
tcp_ping received 393216 bytes back
Round trip time was 2.7802 milliseconds in repetition 242
tcp_ping received 393216 bytes back
Round trip time was 3.8777 milliseconds in repetition 243
tcp_ping received 393216 bytes back
Round trip time was 3.5455 milliseconds in repetition 244
tcp_ping received 393216 bytes back
Round trip time was 3.6772 milliseconds in repetition 245
tcp_ping received 393216 bytes back
Round trip time was 3.5319 milliseconds in repetition 246
tcp_ping received 393216 bytes back
Round trip time was 3.6724 milliseconds in repetition 247
tcp_ping received 393216 bytes back
Round trip time was 3.7825 milliseconds in repetition 248
tcp_ping received 393216 bytes back
Round trip time was 4.7549 milliseconds in repetition 249
tcp_ping received 393216 bytes back
Round trip time was 4.7548 milliseconds in repetition 250
tcp_ping received 393216 bytes back
Round trip time was 6.059 milliseconds in repetition 251
tcp_ping received 393216 bytes back
Round trip time was 7.1115 milliseconds in repetition 252
tcp_ping received 393216 bytes back
Round trip time was 6.095 milliseconds in repetition 253
tcp_ping received 393216 bytes back
Round trip time was 6.3863 milliseconds in repetition 254
tcp_ping received 393216 bytes back
Round trip time was 6.9947 milliseconds in repetition 255
tcp_ping received 393216 bytes back
Round trip time was 6.3627 milliseconds in repetition 256
tcp_ping received 393216 bytes back
Round trip time was 9.2093 milliseconds in repetition 257
tcp_ping received 393216 bytes back
Round trip time was 7.0199 milliseconds in repetition 258
tcp_ping received 393216 bytes back
Round trip time was 6.2687 milliseconds in repetition 259
tcp_ping received 393216 bytes back
Round trip time was 6.7572 milliseconds in repetition 260
tcp_ping received 393216 bytes back
Round trip time was 6.1451 milliseconds in repetition 261
tcp_ping received 393216 bytes back
Round trip time was 6.6056 milliseconds in repetition 262
tcp_ping received 393216 bytes back
Round trip time was 9.2543 milliseconds in repetition 263
tcp_ping received 393216 bytes back
Round trip time was 8.8887 milliseconds in repetition 264
tcp_ping received 393216 bytes back
Round trip time was 6.4221 milliseconds in repetition 265
tcp_ping received 393216 bytes back
Round trip time was 8.6221 milliseconds in repetition 266
tcp_ping received 393216 bytes back
Round trip time was 9.8718 milliseconds in repetition 267
tcp_ping received 393216 bytes back
Round trip time was 8.1379 milliseconds in repetition 268
tcp_ping received 393216 bytes back
Round trip time was 6.3897 milliseconds in repetition 269
tcp_ping received 393216 bytes back
Round trip time was 6.2027 milliseconds in repetition 270
tcp_ping received 393216 bytes back
Round trip time was 6.682 milliseconds in repetition 271
tcp_ping received 393216 bytes back
Round trip time was 6.1251 milliseconds in repetition 272
tcp_ping received 393216 bytes back
Round trip time was 7.9455 milliseconds in repetition 273
tcp_ping received 393216 bytes back
Round trip time was 6.2367 milliseconds in repetition 274
tcp_ping received 393216 bytes back
Round trip time was 6.7214 milliseconds in repetition 275
tcp_ping received 393216 bytes back
Round trip time was 6.0534 milliseconds in repetition 276
tcp_ping received 393216 bytes back
Round trip time was 6.0676 milliseconds in repetition 277
tcp_ping received 393216 bytes back
Round trip time was 8.0344 milliseconds in repetition 278
tcp_ping received 393216 bytes back
Round trip time was 5.9626 milliseconds in repetition 279
tcp_ping received 393216 bytes back
Round trip time was 6.6854 milliseconds in repetition 280
tcp_ping received 393216 bytes back
Round trip time was 9.1584 milliseconds in repetition 281
tcp_ping received 393216 bytes back
Round trip time was 6.5913 milliseconds in repetition 282
tcp_ping received 393216 bytes back
Round trip time was 6.2492 milliseconds in repetition 283
tcp_ping received 393216 bytes back
Round trip time was 6.064 milliseconds in repetition 284
tcp_ping received 393216 bytes back
Round trip time was 6.7237 milliseconds in repetition 285
tcp_ping received 393216 bytes back
Round trip time was 5.9439 milliseconds in repetition 286
tcp_ping received 393216 bytes back
Round trip time was 6.9238 milliseconds in repetition 287
tcp_ping received 393216 bytes back
Round trip time was 6.133 milliseconds in repetition 288
tcp_ping received 393216 bytes back
Round trip time was 6.0868 milliseconds in repetition 289
tcp_ping received 393216 bytes back
Round trip time was 6.8602 milliseconds in repetition 290
tcp_ping received 393216 bytes back
Round trip time was 6.1073 milliseconds in repetition 291
tcp_ping received 393216 bytes back
Round trip time was 6.2484 milliseconds in repetition 292
tcp_ping received 393216 bytes back
Round trip time was 6.3794 milliseconds in repetition 293
tcp_ping received 393216 bytes back
Round trip time was 6.0737 milliseconds in repetition 294
tcp_ping received 393216 bytes back
Round trip time was 7.3939 milliseconds in repetition 295
tcp_ping received 393216 bytes back
Round trip time was 6.2727 milliseconds in repetition 296
tcp_ping received 393216 bytes back
Round trip time was 6.3673 milliseconds in repetition 297
tcp_ping received 393216 bytes back
Round trip time was 6.024 milliseconds in repetition 298
tcp_ping received 393216 bytes back
Round trip time was 6.0445 milliseconds in repetition 299
tcp_ping received 393216 bytes back
Round trip time was 7.3253 milliseconds in repetition 300
tcp_ping received 393216 bytes back
Round trip time was 6.0791 milliseconds in repetition 301
tcp_ping received 393216 bytes back
Round trip time was 6.2742 milliseconds in repetition 302
tcp_ping received 393216 bytes back
Round trip time was 7.0139 milliseconds in repetition 303
tcp_ping received 393216 bytes back
Round trip time was 6.2227 milliseconds in repetition 304
tcp_ping received 393216 bytes back
Round trip time was 8.7872 milliseconds in repetition 305
tcp_ping received 393216 bytes back
Round trip time was 6.2068 milliseconds in repetition 306
tcp_ping received 393216 bytes back
Round trip time was 6.4064 milliseconds in repetition 307
tcp_ping received 393216 bytes back
Round trip time was 6.3403 milliseconds in repetition 308
tcp_ping received 393216 bytes back
Round trip time was 6.1144 milliseconds in repetition 309
tcp_ping received 393216 bytes back
Round trip time was 6.5501 milliseconds in repetition 310
tcp_ping received 393216 bytes back
Round trip time was 6.3377 milliseconds in repetition 311
tcp_ping received 393216 bytes back
Round trip time was 7.6817 milliseconds in repetition 312
tcp_ping received 393216 bytes back
Round trip time was 7.442 milliseconds in repetition 313
tcp_ping received 393216 bytes back
Round trip time was 12.2041 milliseconds in repetition 314
tcp_ping received 393216 bytes back
Round trip time was 9.3804 milliseconds in repetition 315
tcp_ping received 393216 bytes back
Round trip time was 12.3204 milliseconds in repetition 316
tcp_ping received 393216 bytes back
Round trip time was 8.516 milliseconds in repetition 317
tcp_ping received 393216 bytes back
Round trip time was 9.658 milliseconds in repetition 318
tcp_ping received 393216 bytes back
Round trip time was 9.3265 milliseconds in repetition 319
tcp_ping received 393216 bytes back
Round trip time was 8.6203 milliseconds in repetition 320
tcp_ping received 393216 bytes back
Round trip time was 13.0724 milliseconds in repetition 321
tcp_ping received 393216 bytes back
Round trip time was 6.7087 milliseconds in repetition 322
tcp_ping received 393216 bytes back
Round trip time was 6.1287 milliseconds in repetition 323
tcp_ping received 393216 bytes back
Round trip time was 10.7418 milliseconds in repetition 324
tcp_ping received 393216 bytes back
Round trip time was 6.6114 milliseconds in repetition 325
tcp_ping received 393216 bytes back
Round trip time was 6.1983 milliseconds in repetition 326
tcp_ping received 393216 bytes back
Round trip time was 10.9923 milliseconds in repetition 327
tcp_ping received 393216 bytes back
Round trip time was 6.9693 milliseconds in repetition 328
tcp_ping received 393216 bytes back
Round trip time was 9.0721 milliseconds in repetition 329
tcp_ping received 393216 bytes back
Round trip time was 8.6036 milliseconds in repetition 330
tcp_ping received 393216 bytes back
Round trip time was 5.9412 milliseconds in repetition 331
tcp_ping received 393216 bytes back
Round trip time was 10.6807 milliseconds in repetition 332
tcp_ping received 393216 bytes back
Round trip time was 6.1838 milliseconds in repetition 333
tcp_ping received 393216 bytes back
Round trip time was 6.6474 milliseconds in repetition 334
tcp_ping received 393216 bytes back
Round trip time was 9.5006 milliseconds in repetition 335
tcp_ping received 393216 bytes back
Round trip time was 6.043 milliseconds in repetition 336
tcp_ping received 393216 bytes back
Round trip time was 4.6304 milliseconds in repetition 337
tcp_ping received 393216 bytes back
Round trip time was 6.8855 milliseconds in repetition 338
tcp_ping received 393216 bytes back
Round trip time was 5.4031 milliseconds in repetition 339
tcp_ping received 393216 bytes back
Round trip time was 3.6896 milliseconds in repetition 340
tcp_ping received 393216 bytes back
Round trip time was 4.0292 milliseconds in repetition 341
tcp_ping received 393216 bytes back
Round trip time was 3.264 milliseconds in repetition 342
tcp_ping received 393216 bytes back
Round trip time was 4.5379 milliseconds in repetition 343
tcp_ping received 393216 bytes back
Round trip time was 3.8366 milliseconds in repetition 344
tcp_ping received 393216 bytes back
Round trip time was 3.265 milliseconds in repetition 345
tcp_ping received 393216 bytes back
Round trip time was 5.1885 milliseconds in repetition 346
tcp_ping received 393216 bytes back
Round trip time was 3.5454 milliseconds in repetition 347
tcp_ping received 393216 bytes back
Round trip time was 3.872 milliseconds in repetition 348
tcp_ping received 393216 bytes back
Round trip time was 4.1374 milliseconds in repetition 349
tcp_ping received 393216 bytes back
Round trip time was 3.6002 milliseconds in repetition 350
tcp_ping received 393216 bytes back
Round trip time was 4.801 milliseconds in repetition 351
tcp_ping received 393216 bytes back
Round trip time was 3.5205 milliseconds in repetition 352
tcp_ping received 393216 bytes back
Round trip time was 3.4048 milliseconds in repetition 353
tcp_ping received 393216 bytes back
Round trip time was 4.5321 milliseconds in repetition 354
tcp_ping received 393216 bytes back
Round trip time was 3.8043 milliseconds in repetition 355
tcp_ping received 393216 bytes back
Round trip time was 5.3492 milliseconds in repetition 356
tcp_ping received 393216 bytes back
Round trip time was 3.7716 milliseconds in repetition 357
tcp_ping received 393216 bytes back
Round trip time was 3.4208 milliseconds in repetition 358
tcp_ping received 393216 bytes back
Round trip time was 3.6774 milliseconds in repetition 359
tcp_ping received 393216 bytes back
Round trip time was 4.2072 milliseconds in repetition 360
tcp_ping received 393216 bytes back
Round trip time was 3.4404 milliseconds in repetition 361
tcp_ping received 393216 bytes back
Round trip time was 3.5078 milliseconds in repetition 362
tcp_ping received 393216 bytes back
Round trip time was 6.0755 milliseconds in repetition 363
tcp_ping received 393216 bytes back
Round trip time was 4.0671 milliseconds in repetition 364
tcp_ping received 393216 bytes back
Round trip time was 3.8161 milliseconds in repetition 365
tcp_ping received 393216 bytes back
Round trip time was 6.4059 milliseconds in repetition 366
tcp_ping received 393216 bytes back
Round trip time was 3.3492 milliseconds in repetition 367
tcp_ping received 393216 bytes back
Round trip time was 3.3154 milliseconds in repetition 368
tcp_ping received 393216 bytes back
Round trip time was 5.4297 milliseconds in repetition 369
tcp_ping received 393216 bytes back
Round trip time was 3.6457 milliseconds in repetition 370
tcp_ping received 393216 bytes back
Round trip time was 5.1475 milliseconds in repetition 371
tcp_ping received 393216 bytes back
Round trip time was 4.7674 milliseconds in repetition 372
tcp_ping received 393216 bytes back
Round trip time was 3.2241 milliseconds in repetition 373
tcp_ping received 393216 bytes back
Round trip time was 3.5626 milliseconds in repetition 374
tcp_ping received 393216 bytes back
Round trip time was 4.2885 milliseconds in repetition 375
tcp_ping received 393216 bytes back
Round trip time was 3.2051 milliseconds in repetition 376
tcp_ping received 393216 bytes back
Round trip time was 2.7948 milliseconds in repetition 377
tcp_ping received 393216 bytes back
Round trip time was 2.5675 milliseconds in repetition 378
tcp_ping received 393216 bytes back
Round trip time was 2.2809 milliseconds in repetition 379
tcp_ping received 393216 bytes back
Round trip time was 2.8728 milliseconds in repetition 380
tcp_ping received 393216 bytes back
Round trip time was 2.2669 milliseconds in repetition 381
tcp_ping received 393216 bytes back
Round trip time was 2.2361 milliseconds in repetition 382
tcp_ping received 393216 bytes back
Round trip time was 2.438 milliseconds in repetition 383
tcp_ping received 393216 bytes back
Round trip time was 2.7422 milliseconds in repetition 384
tcp_ping received 393216 bytes back
Round trip time was 2.2409 milliseconds in repetition 385
tcp_ping received 393216 bytes back
Round trip time was 2.565 milliseconds in repetition 386
tcp_ping received 393216 bytes back
Round trip time was 2.5732 milliseconds in repetition 387
tcp_ping received 393216 bytes back
Round trip time was 2.3867 milliseconds in repetition 388
tcp_ping received 393216 bytes back
Round trip time was 2.2667 milliseconds in repetition 389
tcp_ping received 393216 bytes back
Round trip time was 2.28 milliseconds in repetition 390
tcp_ping received 393216 bytes back
Round trip time was 2.2608 milliseconds in repetition 391
tcp_ping received 393216 bytes back
Round trip time was 3.5511 milliseconds in repetition 392
tcp_ping received 393216 bytes back
Round trip time was 3.0498 milliseconds in repetition 393
tcp_ping received 393216 bytes back
Round trip time was 2.4452 milliseconds in repetition 394
tcp_ping received 393216 bytes back
Round trip time was 3.61 milliseconds in repetition 395
tcp_ping received 393216 bytes back
Round trip time was 3.5912 milliseconds in repetition 396
tcp_ping received 393216 bytes back
Round trip time was 2.3005 milliseconds in repetition 397
tcp_ping received 393216 bytes back
Round trip time was 2.6506 milliseconds in repetition 398
tcp_ping received 393216 bytes back
Round trip time was 2.3674 milliseconds in repetition 399
tcp_ping received 393216 bytes back
Round trip time was 3.2806 milliseconds in repetition 400
tcp_ping received 393216 bytes back
Round trip time was 2.184 milliseconds in repetition 401
tcp_ping received 393216 bytes back
Round trip time was 2.5392 milliseconds in repetition 402
tcp_ping received 393216 bytes back
Round trip time was 2.5899 milliseconds in repetition 403
tcp_ping received 393216 bytes back
Round trip time was 2.9023 milliseconds in repetition 404
tcp_ping received 393216 bytes back
Round trip time was 2.3346 milliseconds in repetition 405
tcp_ping received 393216 bytes back
Round trip time was 2.0749 milliseconds in repetition 406
tcp_ping received 393216 bytes back
Round trip time was 2.6233 milliseconds in repetition 407
tcp_ping received 393216 bytes back
Round trip time was 1.9482 milliseconds in repetition 408
tcp_ping received 393216 bytes back
Round trip time was 2.0679 milliseconds in repetition 409
tcp_ping received 393216 bytes back
Round trip time was 2.1169 milliseconds in repetition 410
tcp_ping received 393216 bytes back
Round trip time was 1.9655 milliseconds in repetition 411
tcp_ping received 393216 bytes back
Round trip time was 1.9507 milliseconds in repetition 412
tcp_ping received 393216 bytes back
Round trip time was 1.9674 milliseconds in repetition 413
tcp_ping received 393216 bytes back
Round trip time was 2.3953 milliseconds in repetition 414
tcp_ping received 393216 bytes back
Round trip time was 2.0075 milliseconds in repetition 415
tcp_ping received 393216 bytes back
Round trip time was 1.9488 milliseconds in repetition 416
tcp_ping received 393216 bytes back
Round trip time was 1.9669 milliseconds in repetition 417
tcp_ping received 393216 bytes back
Round trip time was 1.9843 milliseconds in repetition 418
tcp_ping received 393216 bytes back
Round trip time was 2.7696 milliseconds in repetition 419
tcp_ping received 393216 bytes back
Round trip time was 2.3145 milliseconds in repetition 420
tcp_ping received 393216 bytes back
Round trip time was 2.0682 milliseconds in repetition 421
tcp_ping received 393216 bytes back
Round trip time was 1.9793 milliseconds in repetition 422
tcp_ping received 393216 bytes back
Round trip time was 1.8932 milliseconds in repetition 423
tcp_ping received 393216 bytes back
Round trip time was 1.9195 milliseconds in repetition 424
tcp_ping received 393216 bytes back
Round trip time was 1.8881 milliseconds in repetition 425
tcp_ping received 393216 bytes back
Round trip time was 1.994 milliseconds in repetition 426
tcp_ping received 393216 bytes back
Round trip time was 2.137 milliseconds in repetition 427
tcp_ping received 393216 bytes back
Round trip time was 2.2019 milliseconds in repetition 428
tcp_ping received 393216 bytes back
Round trip time was 2.168 milliseconds in repetition 429
tcp_ping received 393216 bytes back
Round trip time was 2.1601 milliseconds in repetition 430
tcp_ping received 393216 bytes back
Round trip time was 1.9878 milliseconds in repetition 431
tcp_ping received 393216 bytes back
Round trip time was 2.0007 milliseconds in repetition 432
tcp_ping received 393216 bytes back
Round trip time was 2.0503 milliseconds in repetition 433
tcp_ping received 393216 bytes back
Round trip time was 2.0335 milliseconds in repetition 434
tcp_ping received 393216 bytes back
Round trip time was 2.093 milliseconds in repetition 435
tcp_ping received 393216 bytes back
Round trip time was 1.9936 milliseconds in repetition 436
tcp_ping received 393216 bytes back
Round trip time was 2.015 milliseconds in repetition 437
tcp_ping received 393216 bytes back
Round trip time was 2.0529 milliseconds in repetition 438
tcp_ping received 393216 bytes back
Round trip time was 2.2561 milliseconds in repetition 439
tcp_ping received 393216 bytes back
Round trip time was 2.2083 milliseconds in repetition 440
tcp_ping received 393216 bytes back
Round trip time was 2.3084 milliseconds in repetition 441
tcp_ping received 393216 bytes back
Round trip time was 2.2779 milliseconds in repetition 442
tcp_ping received 393216 bytes back
Round trip time was 2.2217 milliseconds in repetition 443
tcp_ping received 393216 bytes back
Round trip time was 2.2958 milliseconds in repetition 444
tcp_ping received 393216 bytes back
Round trip time was 2.204 milliseconds in repetition 445
tcp_ping received 393216 bytes back
Round trip time was 2.1928 milliseconds in repetition 446
tcp_ping received 393216 bytes back
Round trip time was 2.2622 milliseconds in repetition 447
tcp_ping received 393216 bytes back
Round trip time was 2.1987 milliseconds in repetition 448
tcp_ping received 393216 bytes back
Round trip time was 2.188 milliseconds in repetition 449
tcp_ping received 393216 bytes back
Round trip time was 2.5515 milliseconds in repetition 450
tcp_ping received 393216 bytes back
Round trip time was 2.5659 milliseconds in repetition 451
tcp_ping received 393216 bytes back
Round trip time was 2.5028 milliseconds in repetition 452
tcp_ping received 393216 bytes back
Round trip time was 3.0198 milliseconds in repetition 453
tcp_ping received 393216 bytes back
Round trip time was 3.0296 milliseconds in repetition 454
tcp_ping received 393216 bytes back
Round trip time was 2.9194 milliseconds in repetition 455
tcp_ping received 393216 bytes back
Round trip time was 3.514 milliseconds in repetition 456
tcp_ping received 393216 bytes back
Round trip time was 3.4576 milliseconds in repetition 457
tcp_ping received 393216 bytes back
Round trip time was 3.4449 milliseconds in repetition 458
tcp_ping received 393216 bytes back
Round trip time was 3.4499 milliseconds in repetition 459
tcp_ping received 393216 bytes back
Round trip time was 3.4197 milliseconds in repetition 460
tcp_ping received 393216 bytes back
Round trip time was 3.4791 milliseconds in repetition 461
tcp_ping received 393216 bytes back
Round trip time was 3.4517 milliseconds in repetition 462
tcp_ping received 393216 bytes back
Round trip time was 4.5682 milliseconds in repetition 463
tcp_ping received 393216 bytes back
Round trip time was 3.7029 milliseconds in repetition 464
tcp_ping received 393216 bytes back
Round trip time was 3.4206 milliseconds in repetition 465
tcp_ping received 393216 bytes back
Round trip time was 3.4258 milliseconds in repetition 466
tcp_ping received 393216 bytes back
Round trip time was 3.4984 milliseconds in repetition 467
tcp_ping received 393216 bytes back
Round trip time was 3.4659 milliseconds in repetition 468
tcp_ping received 393216 bytes back
Round trip time was 3.4275 milliseconds in repetition 469
tcp_ping received 393216 bytes back
Round trip time was 3.7415 milliseconds in repetition 470
tcp_ping received 393216 bytes back
Round trip time was 3.6101 milliseconds in repetition 471
tcp_ping received 393216 bytes back
Round trip time was 3.7003 milliseconds in repetition 472
tcp_ping received 393216 bytes back
Round trip time was 3.5745 milliseconds in repetition 473
tcp_ping received 393216 bytes back
Round trip time was 3.6871 milliseconds in repetition 474
tcp_ping received 393216 bytes back
Round trip time was 3.6293 milliseconds in repetition 475
tcp_ping received 393216 bytes back
Round trip time was 4.8353 milliseconds in repetition 476
tcp_ping received 393216 bytes back
Round trip time was 3.609 milliseconds in repetition 477
tcp_ping received 393216 bytes back
Round trip time was 3.6757 milliseconds in repetition 478
tcp_ping received 393216 bytes back
Round trip time was 3.7132 milliseconds in repetition 479
tcp_ping received 393216 bytes back
Round trip time was 3.607 milliseconds in repetition 480
tcp_ping received 393216 bytes back
Round trip time was 3.6849 milliseconds in repetition 481
tcp_ping received 393216 bytes back
Round trip time was 3.7647 milliseconds in repetition 482
tcp_ping received 393216 bytes back
Round trip time was 3.5819 milliseconds in repetition 483
tcp_ping received 393216 bytes back
Round trip time was 3.6942 milliseconds in repetition 484
tcp_ping received 393216 bytes back
Round trip time was 4.3172 milliseconds in repetition 485
tcp_ping received 393216 bytes back
Round trip time was 4.6457 milliseconds in repetition 486
tcp_ping received 393216 bytes back
Round trip time was 4.4843 milliseconds in repetition 487
tcp_ping received 393216 bytes back
Round trip time was 4.5611 milliseconds in repetition 488
tcp_ping received 393216 bytes back
Round trip time was 6.1439 milliseconds in repetition 489
tcp_ping received 393216 bytes back
Round trip time was 6.0082 milliseconds in repetition 490
tcp_ping received 393216 bytes back
Round trip time was 6.0335 milliseconds in repetition 491
tcp_ping received 393216 bytes back
Round trip time was 6.3706 milliseconds in repetition 492
tcp_ping received 393216 bytes back
Round trip time was 6.1509 milliseconds in repetition 493
tcp_ping received 393216 bytes back
Round trip time was 5.9324 milliseconds in repetition 494
tcp_ping received 393216 bytes back
Round trip time was 5.9555 milliseconds in repetition 495
tcp_ping received 393216 bytes back
Round trip time was 8.6001 milliseconds in repetition 496
tcp_ping received 393216 bytes back
Round trip time was 6.2346 milliseconds in repetition 497
tcp_ping received 393216 bytes back
Round trip time was 6.071 milliseconds in repetition 498
tcp_ping received 393216 bytes back
Round trip time was 6.3411 milliseconds in repetition 499
tcp_ping received 393216 bytes back
Round trip time was 5.9737 milliseconds in repetition 500
tcp_ping received 393216 bytes back
Round trip time was 6.0952 milliseconds in repetition 501

 ... clock resolution was 1e-06
TCP Ping:  Statistics over 501 repetitions of 393216 byte messages

RTT : percentile 10: 2.3346, median: 3.7289, percentile 90: 6.7237, average: 4.36567, variance: 3.68597

RTT histogram:
1.8881 27
2.44731 47
3.00653 111
3.56574 79
4.12496 18
4.68417 68
5.24339 25
5.8026 27
6.36182 42
6.92103 18
7.48025 11
8.03947 6
8.59868 6
9.1579 7
9.71711 3
10.2763 0
10.8355 3
11.3948 0
11.954 1
12.5132 1
13.0724 1

   median Throughput : 210902 KB/s   overall Throughput : 180140 KB/s

