TCP Ping trying to connect to server localhost (127.0.0.1) on port 1491
 ... connected to Pong server: asking for 501 repetitions of 768 bytes TCP messages
 ... Pong server agreed :-)
tcp_ping received 768 bytes back
Round trip time was 0.329 milliseconds in repetition 1
tcp_ping received 768 bytes back
Round trip time was 0.3254 milliseconds in repetition 2
tcp_ping received 768 bytes back
Round trip time was 0.3241 milliseconds in repetition 3
tcp_ping received 768 bytes back
Round trip time was 0.3173 milliseconds in repetition 4
tcp_ping received 768 bytes back
Round trip time was 0.3011 milliseconds in repetition 5
tcp_ping received 768 bytes back
Round trip time was 0.3291 milliseconds in repetition 6
tcp_ping received 768 bytes back
Round trip time was 0.3254 milliseconds in repetition 7
tcp_ping received 768 bytes back
Round trip time was 0.3239 milliseconds in repetition 8
tcp_ping received 768 bytes back
Round trip time was 0.3308 milliseconds in repetition 9
tcp_ping received 768 bytes back
Round trip time was 0.3513 milliseconds in repetition 10
tcp_ping received 768 bytes back
Round trip time was 0.3203 milliseconds in repetition 11
tcp_ping received 768 bytes back
Round trip time was 0.3275 milliseconds in repetition 12
tcp_ping received 768 bytes back
Round trip time was 0.3584 milliseconds in repetition 13
tcp_ping received 768 bytes back
Round trip time was 0.3388 milliseconds in repetition 14
tcp_ping received 768 bytes back
Round trip time was 0.3086 milliseconds in repetition 15
tcp_ping received 768 bytes back
Round trip time was 0.3145 milliseconds in repetition 16
tcp_ping received 768 bytes back
Round trip time was 0.3784 milliseconds in repetition 17
tcp_ping received 768 bytes back
Round trip time was 0.3411 milliseconds in repetition 18
tcp_ping received 768 bytes back
Round trip time was 0.2679 milliseconds in repetition 19
tcp_ping received 768 bytes back
Round trip time was 0.3108 milliseconds in repetition 20
tcp_ping received 768 bytes back
Round trip time was 0.5121 milliseconds in repetition 21
tcp_ping received 768 bytes back
Round trip time was 0.3025 milliseconds in repetition 22
tcp_ping received 768 bytes back
Round trip time was 0.2781 milliseconds in repetition 23
tcp_ping received 768 bytes back
Round trip time was 0.3351 milliseconds in repetition 24
tcp_ping received 768 bytes back
Round trip time was 0.254 milliseconds in repetition 25
tcp_ping received 768 bytes back
Round trip time was 0.277 milliseconds in repetition 26
tcp_ping received 768 bytes back
Round trip time was 0.3334 milliseconds in repetition 27
tcp_ping received 768 bytes back
Round trip time was 0.3332 milliseconds in repetition 28
tcp_ping received 768 bytes back
Round trip time was 0.3055 milliseconds in repetition 29
tcp_ping received 768 bytes back
Round trip time was 0.33 milliseconds in repetition 30
tcp_ping received 768 bytes back
Round trip time was 0.3303 milliseconds in repetition 31
tcp_ping received 768 bytes back
Round trip time was 0.3328 milliseconds in repetition 32
tcp_ping received 768 bytes back
Round trip time was 0.3359 milliseconds in repetition 33
tcp_ping received 768 bytes back
Round trip time was 0.3784 milliseconds in repetition 34
tcp_ping received 768 bytes back
Round trip time was 0.347 milliseconds in repetition 35
tcp_ping received 768 bytes back
Round trip time was 0.3372 milliseconds in repetition 36
tcp_ping received 768 bytes back
Round trip time was 0.26 milliseconds in repetition 37
tcp_ping received 768 bytes back
Round trip time was 0.2826 milliseconds in repetition 38
tcp_ping received 768 bytes back
Round trip time was 0.3533 milliseconds in repetition 39
tcp_ping received 768 bytes back
Round trip time was 0.3265 milliseconds in repetition 40
tcp_ping received 768 bytes back
Round trip time was 0.3314 milliseconds in repetition 41
tcp_ping received 768 bytes back
Round trip time was 0.2952 milliseconds in repetition 42
tcp_ping received 768 bytes back
Round trip time was 0.3712 milliseconds in repetition 43
tcp_ping received 768 bytes back
Round trip time was 0.3302 milliseconds in repetition 44
tcp_ping received 768 bytes back
Round trip time was 0.3423 milliseconds in repetition 45
tcp_ping received 768 bytes back
Round trip time was 0.336 milliseconds in repetition 46
tcp_ping received 768 bytes back
Round trip time was 0.3324 milliseconds in repetition 47
tcp_ping received 768 bytes back
Round trip time was 0.343 milliseconds in repetition 48
tcp_ping received 768 bytes back
Round trip time was 0.3474 milliseconds in repetition 49
tcp_ping received 768 bytes back
Round trip time was 0.3375 milliseconds in repetition 50
tcp_ping received 768 bytes back
Round trip time was 0.3295 milliseconds in repetition 51
tcp_ping received 768 bytes back
Round trip time was 0.2877 milliseconds in repetition 52
tcp_ping received 768 bytes back
Round trip time was 0.2487 milliseconds in repetition 53
tcp_ping received 768 bytes back
Round trip time was 0.2499 milliseconds in repetition 54
tcp_ping received 768 bytes back
Round trip time was 0.3511 milliseconds in repetition 55
tcp_ping received 768 bytes back
Round trip time was 0.4033 milliseconds in repetition 56
tcp_ping received 768 bytes back
Round trip time was 0.4513 milliseconds in repetition 57
tcp_ping received 768 bytes back
Round trip time was 0.295 milliseconds in repetition 58
tcp_ping received 768 bytes back
Round trip time was 0.2915 milliseconds in repetition 59
tcp_ping received 768 bytes back
Round trip time was 0.262 milliseconds in repetition 60
tcp_ping received 768 bytes back
Round trip time was 0.3268 milliseconds in repetition 61
tcp_ping received 768 bytes back
Round trip time was 0.293 milliseconds in repetition 62
tcp_ping received 768 bytes back
Round trip time was 0.3063 milliseconds in repetition 63
tcp_ping received 768 bytes back
Round trip time was 0.3419 milliseconds in repetition 64
tcp_ping received 768 bytes back
Round trip time was 0.2775 milliseconds in repetition 65
tcp_ping received 768 bytes back
Round trip time was 0.2898 milliseconds in repetition 66
tcp_ping received 768 bytes back
Round trip time was 0.322 milliseconds in repetition 67
tcp_ping received 768 bytes back
Round trip time was 0.3114 milliseconds in repetition 68
tcp_ping received 768 bytes back
Round trip time was 0.3151 milliseconds in repetition 69
tcp_ping received 768 bytes back
Round trip time was 0.2673 milliseconds in repetition 70
tcp_ping received 768 bytes back
Round trip time was 0.3077 milliseconds in repetition 71
tcp_ping received 768 bytes back
Round trip time was 0.3055 milliseconds in repetition 72
tcp_ping received 768 bytes back
Round trip time was 0.3165 milliseconds in repetition 73
tcp_ping received 768 bytes back
Round trip time was 0.2815 milliseconds in repetition 74
tcp_ping received 768 bytes back
Round trip time was 0.3384 milliseconds in repetition 75
tcp_ping received 768 bytes back
Round trip time was 0.3283 milliseconds in repetition 76
tcp_ping received 768 bytes back
Round trip time was 0.3373 milliseconds in repetition 77
tcp_ping received 768 bytes back
Round trip time was 0.3393 milliseconds in repetition 78
tcp_ping received 768 bytes back
Round trip time was 0.3504 milliseconds in repetition 79
tcp_ping received 768 bytes back
Round trip time was 0.3322 milliseconds in repetition 80
tcp_ping received 768 bytes back
Round trip time was 0.3517 milliseconds in repetition 81
tcp_ping received 768 bytes back
Round trip time was 0.3263 milliseconds in repetition 82
tcp_ping received 768 bytes back
Round trip time was 0.3857 milliseconds in repetition 83
tcp_ping received 768 bytes back
Round trip time was 0.3431 milliseconds in repetition 84
tcp_ping received 768 bytes back
Round trip time was 0.317 milliseconds in repetition 85
tcp_ping received 768 bytes back
Round trip time was 0.2835 milliseconds in repetition 86
tcp_ping received 768 bytes back
Round trip time was 0.2665 milliseconds in repetition 87
tcp_ping received 768 bytes back
Round trip time was 0.3499 milliseconds in repetition 88
tcp_ping received 768 bytes back
Round trip time was 0.2645 milliseconds in repetition 89
tcp_ping received 768 bytes back
Round trip time was 0.4325 milliseconds in repetition 90
tcp_ping received 768 bytes back
Round trip time was 0.3206 milliseconds in repetition 91
tcp_ping received 768 bytes back
Round trip time was 0.3078 milliseconds in repetition 92
tcp_ping received 768 bytes back
Round trip time was 0.3583 milliseconds in repetition 93
tcp_ping received 768 bytes back
Round trip time was 0.3584 milliseconds in repetition 94
tcp_ping received 768 bytes back
Round trip time was 0.3441 milliseconds in repetition 95
tcp_ping received 768 bytes back
Round trip time was 0.3551 milliseconds in repetition 96
tcp_ping received 768 bytes back
Round trip time was 0.3503 milliseconds in repetition 97
tcp_ping received 768 bytes back
Round trip time was 0.3339 milliseconds in repetition 98
tcp_ping received 768 bytes back
Round trip time was 0.3631 milliseconds in repetition 99
tcp_ping received 768 bytes back
Round trip time was 0.4213 milliseconds in repetition 100
tcp_ping received 768 bytes back
Round trip time was 0.3441 milliseconds in repetition 101
tcp_ping received 768 bytes back
Round trip time was 0.3511 milliseconds in repetition 102
tcp_ping received 768 bytes back
Round trip time was 0.3382 milliseconds in repetition 103
tcp_ping received 768 bytes back
Round trip time was 0.4027 milliseconds in repetition 104
tcp_ping received 768 bytes back
Round trip time was 0.3753 milliseconds in repetition 105
tcp_ping received 768 bytes back
Round trip time was 0.3475 milliseconds in repetition 106
tcp_ping received 768 bytes back
Round trip time was 0.3313 milliseconds in repetition 107
tcp_ping received 768 bytes back
Round trip time was 0.3675 milliseconds in repetition 108
tcp_ping received 768 bytes back
Round trip time was 0.3456 milliseconds in repetition 109
tcp_ping received 768 bytes back
Round trip time was 0.3414 milliseconds in repetition 110
tcp_ping received 768 bytes back
Round trip time was 0.3719 milliseconds in repetition 111
tcp_ping received 768 bytes back
Round trip time was 0.451 milliseconds in repetition 112
tcp_ping received 768 bytes back
Round trip time was 0.3471 milliseconds in repetition 113
tcp_ping received 768 bytes back
Round trip time was 0.3458 milliseconds in repetition 114
tcp_ping received 768 bytes back
Round trip time was 0.354 milliseconds in repetition 115
tcp_ping received 768 bytes back
Round trip time was 0.2753 milliseconds in repetition 116
tcp_ping received 768 bytes back
Round trip time was 0.2855 milliseconds in repetition 117
tcp_ping received 768 bytes back
Round trip time was 0.2567 milliseconds in repetition 118
tcp_ping received 768 bytes back
Round trip time was 0.3067 milliseconds in repetition 119
tcp_ping received 768 bytes back
Round trip time was 0.3893 milliseconds in repetition 120
tcp_ping received 768 bytes back
Round trip time was 0.2804 milliseconds in repetition 121
tcp_ping received 768 bytes back
Round trip time was 0.3501 milliseconds in repetition 122
tcp_ping received 768 bytes back
Round trip time was 0.3362 milliseconds in repetition 123
tcp_ping received 768 bytes back
Round trip time was 0.3039 milliseconds in repetition 124
tcp_ping received 768 bytes back
Round trip time was 0.3956 milliseconds in repetition 125
tcp_ping received 768 bytes back
Round trip time was 0.3452 milliseconds in repetition 126
tcp_ping received 768 bytes back
Round trip time was 0.3159 milliseconds in repetition 127
tcp_ping received 768 bytes back
Round trip time was 0.2933 milliseconds in repetition 128
tcp_ping received 768 bytes back
Round trip time was 0.298 milliseconds in repetition 129
tcp_ping received 768 bytes back
Round trip time was 0.3203 milliseconds in repetition 130
tcp_ping received 768 bytes back
Round trip time was 0.3171 milliseconds in repetition 131
tcp_ping received 768 bytes back
Round trip time was 0.2674 milliseconds in repetition 132
tcp_ping received 768 bytes back
Round trip time was 0.3238 milliseconds in repetition 133
tcp_ping received 768 bytes back
Round trip time was 0.3142 milliseconds in repetition 134
tcp_ping received 768 bytes back
Round trip time was 0.3201 milliseconds in repetition 135
tcp_ping received 768 bytes back
Round trip time was 0.3688 milliseconds in repetition 136
tcp_ping received 768 bytes back
Round trip time was 0.357 milliseconds in repetition 137
tcp_ping received 768 bytes back
Round trip time was 0.311 milliseconds in repetition 138
tcp_ping received 768 bytes back
Round trip time was 0.3427 milliseconds in repetition 139
tcp_ping received 768 bytes back
Round trip time was 0.3406 milliseconds in repetition 140
tcp_ping received 768 bytes back
Round trip time was 0.3517 milliseconds in repetition 141
tcp_ping received 768 bytes back
Round trip time was 0.3345 milliseconds in repetition 142
tcp_ping received 768 bytes back
Round trip time was 0.378 milliseconds in repetition 143
tcp_ping received 768 bytes back
Round trip time was 0.3334 milliseconds in repetition 144
tcp_ping received 768 bytes back
Round trip time was 0.3527 milliseconds in repetition 145
tcp_ping received 768 bytes back
Round trip time was 0.3361 milliseconds in repetition 146
tcp_ping received 768 bytes back
Round trip time was 0.2785 milliseconds in repetition 147
tcp_ping received 768 bytes back
Round trip time was 0.3015 milliseconds in repetition 148
tcp_ping received 768 bytes back
Round trip time was 0.2885 milliseconds in repetition 149
tcp_ping received 768 bytes back
Round trip time was 0.3131 milliseconds in repetition 150
tcp_ping received 768 bytes back
Round trip time was 0.3084 milliseconds in repetition 151
tcp_ping received 768 bytes back
Round trip time was 0.2908 milliseconds in repetition 152
tcp_ping received 768 bytes back
Round trip time was 0.2769 milliseconds in repetition 153
tcp_ping received 768 bytes back
Round trip time was 0.3017 milliseconds in repetition 154
tcp_ping received 768 bytes back
Round trip time was 0.2967 milliseconds in repetition 155
tcp_ping received 768 bytes back
Round trip time was 0.3383 milliseconds in repetition 156
tcp_ping received 768 bytes back
Round trip time was 0.3375 milliseconds in repetition 157
tcp_ping received 768 bytes back
Round trip time was 0.3484 milliseconds in repetition 158
tcp_ping received 768 bytes back
Round trip time was 0.3482 milliseconds in repetition 159
tcp_ping received 768 bytes back
Round trip time was 0.3406 milliseconds in repetition 160
tcp_ping received 768 bytes back
Round trip time was 0.3211 milliseconds in repetition 161
tcp_ping received 768 bytes back
Round trip time was 0.3809 milliseconds in repetition 162
tcp_ping received 768 bytes back
Round trip time was 0.2902 milliseconds in repetition 163
tcp_ping received 768 bytes back
Round trip time was 0.3193 milliseconds in repetition 164
tcp_ping received 768 bytes back
Round trip time was 0.2893 milliseconds in repetition 165
tcp_ping received 768 bytes back
Round trip time was 0.3068 milliseconds in repetition 166
tcp_ping received 768 bytes back
Round trip time was 0.3491 milliseconds in repetition 167
tcp_ping received 768 bytes back
Round trip time was 0.3295 milliseconds in repetition 168
tcp_ping received 768 bytes back
Round trip time was 0.3576 milliseconds in repetition 169
tcp_ping received 768 bytes back
Round trip time was 0.3537 milliseconds in repetition 170
tcp_ping received 768 bytes back
Round trip time was 0.2705 milliseconds in repetition 171
tcp_ping received 768 bytes back
Round trip time was 0.2513 milliseconds in repetition 172
tcp_ping received 768 bytes back
Round trip time was 0.2782 milliseconds in repetition 173
tcp_ping received 768 bytes back
Round trip time was 0.2953 milliseconds in repetition 174
tcp_ping received 768 bytes back
Round trip time was 0.3493 milliseconds in repetition 175
tcp_ping received 768 bytes back
Round trip time was 0.3262 milliseconds in repetition 176
tcp_ping received 768 bytes back
Round trip time was 0.3359 milliseconds in repetition 177
tcp_ping received 768 bytes back
Round trip time was 0.3381 milliseconds in repetition 178
tcp_ping received 768 bytes back
Round trip time was 0.3682 milliseconds in repetition 179
tcp_ping received 768 bytes back
Round trip time was 0.3285 milliseconds in repetition 180
tcp_ping received 768 bytes back
Round trip time was 0.37 milliseconds in repetition 181
tcp_ping received 768 bytes back
Round trip time was 0.3525 milliseconds in repetition 182
tcp_ping received 768 bytes back
Round trip time was 0.3351 milliseconds in repetition 183
tcp_ping received 768 bytes back
Round trip time was 0.3209 milliseconds in repetition 184
tcp_ping received 768 bytes back
Round trip time was 0.341 milliseconds in repetition 185
tcp_ping received 768 bytes back
Round trip time was 0.2625 milliseconds in repetition 186
tcp_ping received 768 bytes back
Round trip time was 0.3232 milliseconds in repetition 187
tcp_ping received 768 bytes back
Round trip time was 0.2861 milliseconds in repetition 188
tcp_ping received 768 bytes back
Round trip time was 0.3577 milliseconds in repetition 189
tcp_ping received 768 bytes back
Round trip time was 0.3351 milliseconds in repetition 190
tcp_ping received 768 bytes back
Round trip time was 0.7409 milliseconds in repetition 191
tcp_ping received 768 bytes back
Round trip time was 0.3548 milliseconds in repetition 192
tcp_ping received 768 bytes back
Round trip time was 0.3189 milliseconds in repetition 193
tcp_ping received 768 bytes back
Round trip time was 0.319 milliseconds in repetition 194
tcp_ping received 768 bytes back
Round trip time was 0.3141 milliseconds in repetition 195
tcp_ping received 768 bytes back
Round trip time was 0.3155 milliseconds in repetition 196
tcp_ping received 768 bytes back
Round trip time was 0.4801 milliseconds in repetition 197
tcp_ping received 768 bytes back
Round trip time was 0.3242 milliseconds in repetition 198
tcp_ping received 768 bytes back
Round trip time was 0.3166 milliseconds in repetition 199
tcp_ping received 768 bytes back
Round trip time was 0.3138 milliseconds in repetition 200
tcp_ping received 768 bytes back
Round trip time was 0.3168 milliseconds in repetition 201
tcp_ping received 768 bytes back
Round trip time was 0.3817 milliseconds in repetition 202
tcp_ping received 768 bytes back
Round trip time was 0.3737 milliseconds in repetition 203
tcp_ping received 768 bytes back
Round trip time was 0.4076 milliseconds in repetition 204
tcp_ping received 768 bytes back
Round trip time was 0.3349 milliseconds in repetition 205
tcp_ping received 768 bytes back
Round trip time was 0.307 milliseconds in repetition 206
tcp_ping received 768 bytes back
Round trip time was 0.3473 milliseconds in repetition 207
tcp_ping received 768 bytes back
Round trip time was 0.3652 milliseconds in repetition 208
tcp_ping received 768 bytes back
Round trip time was 0.3436 milliseconds in repetition 209
tcp_ping received 768 bytes back
Round trip time was 0.3416 milliseconds in repetition 210
tcp_ping received 768 bytes back
Round trip time was 0.3472 milliseconds in repetition 211
tcp_ping received 768 bytes back
Round trip time was 0.3118 milliseconds in repetition 212
tcp_ping received 768 bytes back
Round trip time was 0.3798 milliseconds in repetition 213
tcp_ping received 768 bytes back
Round trip time was 0.2868 milliseconds in repetition 214
tcp_ping received 768 bytes back
Round trip time was 0.3423 milliseconds in repetition 215
tcp_ping received 768 bytes back
Round trip time was 0.4024 milliseconds in repetition 216
tcp_ping received 768 bytes back
Round trip time was 0.2996 milliseconds in repetition 217
tcp_ping received 768 bytes back
Round trip time was 0.3059 milliseconds in repetition 218
tcp_ping received 768 bytes back
Round trip time was 0.292 milliseconds in repetition 219
tcp_ping received 768 bytes back
Round trip time was 0.5386 milliseconds in repetition 220
tcp_ping received 768 bytes back
Round trip time was 0.3421 milliseconds in repetition 221
tcp_ping received 768 bytes back
Round trip time was 0.3099 milliseconds in repetition 222
tcp_ping received 768 bytes back
Round trip time was 0.3375 milliseconds in repetition 223
tcp_ping received 768 bytes back
Round trip time was 0.342 milliseconds in repetition 224
tcp_ping received 768 bytes back
Round trip time was 0.3621 milliseconds in repetition 225
tcp_ping received 768 bytes back
Round trip time was 0.3599 milliseconds in repetition 226
tcp_ping received 768 bytes back
Round trip time was 0.3667 milliseconds in repetition 227
tcp_ping received 768 bytes back
Round trip time was 0.3489 milliseconds in repetition 228
tcp_ping received 768 bytes back
Round trip time was 0.3875 milliseconds in repetition 229
tcp_ping received 768 bytes back
Round trip time was 0.3955 milliseconds in repetition 230
tcp_ping received 768 bytes back
Round trip time was 0.3547 milliseconds in repetition 231
tcp_ping received 768 bytes back
Round trip time was 0.3582 milliseconds in repetition 232
tcp_ping received 768 bytes back
Round trip time was 0.445 milliseconds in repetition 233
tcp_ping received 768 bytes back
Round trip time was 0.3567 milliseconds in repetition 234
tcp_ping received 768 bytes back
Round trip time was 0.3431 milliseconds in repetition 235
tcp_ping received 768 bytes back
Round trip time was 0.3396 milliseconds in repetition 236
tcp_ping received 768 bytes back
Round trip time was 0.3448 milliseconds in repetition 237
tcp_ping received 768 bytes back
Round trip time was 0.3383 milliseconds in repetition 238
tcp_ping received 768 bytes back
Round trip time was 0.357 milliseconds in repetition 239
tcp_ping received 768 bytes back
Round trip time was 0.3936 milliseconds in repetition 240
tcp_ping received 768 bytes back
Round trip time was 0.3711 milliseconds in repetition 241
tcp_ping received 768 bytes back
Round trip time was 0.3289 milliseconds in repetition 242
tcp_ping received 768 bytes back
Round trip time was 0.3687 milliseconds in repetition 243
tcp_ping received 768 bytes back
Round trip time was 0.311 milliseconds in repetition 244
tcp_ping received 768 bytes back
Round trip time was 0.3056 milliseconds in repetition 245
tcp_ping received 768 bytes back
Round trip time was 0.3832 milliseconds in repetition 246
tcp_ping received 768 bytes back
Round trip time was 0.3176 milliseconds in repetition 247
tcp_ping received 768 bytes back
Round trip time was 0.352 milliseconds in repetition 248
tcp_ping received 768 bytes back
Round trip time was 0.3253 milliseconds in repetition 249
tcp_ping received 768 bytes back
Round trip time was 0.3018 milliseconds in repetition 250
tcp_ping received 768 bytes back
Round trip time was 0.256 milliseconds in repetition 251
tcp_ping received 768 bytes back
Round trip time was 0.3048 milliseconds in repetition 252
tcp_ping received 768 bytes back
Round trip time was 0.3189 milliseconds in repetition 253
tcp_ping received 768 bytes back
Round trip time was 0.2718 milliseconds in repetition 254
tcp_ping received 768 bytes back
Round trip time was 0.3989 milliseconds in repetition 255
tcp_ping received 768 bytes back
Round trip time was 0.3316 milliseconds in repetition 256
tcp_ping received 768 bytes back
Round trip time was 0.298 milliseconds in repetition 257
tcp_ping received 768 bytes back
Round trip time was 0.2965 milliseconds in repetition 258
tcp_ping received 768 bytes back
Round trip time was 0.2482 milliseconds in repetition 259
tcp_ping received 768 bytes back
Round trip time was 0.3195 milliseconds in repetition 260
tcp_ping received 768 bytes back
Round trip time was 0.515 milliseconds in repetition 261
tcp_ping received 768 bytes back
Round trip time was 0.3208 milliseconds in repetition 262
tcp_ping received 768 bytes back
Round trip time was 0.3231 milliseconds in repetition 263
tcp_ping received 768 bytes back
Round trip time was 0.3095 milliseconds in repetition 264
tcp_ping received 768 bytes back
Round trip time was 0.337 milliseconds in repetition 265
tcp_ping received 768 bytes back
Round trip time was 0.3222 milliseconds in repetition 266
tcp_ping received 768 bytes back
Round trip time was 0.3173 milliseconds in repetition 267
tcp_ping received 768 bytes back
Round trip time was 0.2882 milliseconds in repetition 268
tcp_ping received 768 bytes back
Round trip time was 0.2878 milliseconds in repetition 269
tcp_ping received 768 bytes back
Round trip time was 0.285 milliseconds in repetition 270
tcp_ping received 768 bytes back
Round trip time was 0.2895 milliseconds in repetition 271
tcp_ping received 768 bytes back
Round trip time was 0.3041 milliseconds in repetition 272
tcp_ping received 768 bytes back
Round trip time was 0.3442 milliseconds in repetition 273
tcp_ping received 768 bytes back
Round trip time was 0.3386 milliseconds in repetition 274
tcp_ping received 768 bytes back
Round trip time was 0.3617 milliseconds in repetition 275
tcp_ping received 768 bytes back
Round trip time was 0.3491 milliseconds in repetition 276
tcp_ping received 768 bytes back
Round trip time was 0.3656 milliseconds in repetition 277
tcp_ping received 768 bytes back
Round trip time was 0.3193 milliseconds in repetition 278
tcp_ping received 768 bytes back
Round trip time was 0.3454 milliseconds in repetition 279
tcp_ping received 768 bytes back
Round trip time was 0.3512 milliseconds in repetition 280
tcp_ping received 768 bytes back
Round trip time was 0.3511 milliseconds in repetition 281
tcp_ping received 768 bytes back
Round trip time was 0.3973 milliseconds in repetition 282
tcp_ping received 768 bytes back
Round trip time was 0.4966 milliseconds in repetition 283
tcp_ping received 768 bytes back
Round trip time was 0.2877 milliseconds in repetition 284
tcp_ping received 768 bytes back
Round trip time was 0.3075 milliseconds in repetition 285
tcp_ping received 768 bytes back
Round trip time was 0.3117 milliseconds in repetition 286
tcp_ping received 768 bytes back
Round trip time was 0.346 milliseconds in repetition 287
tcp_ping received 768 bytes back
Round trip time was 0.3324 milliseconds in repetition 288
tcp_ping received 768 bytes back
Round trip time was 0.4627 milliseconds in repetition 289
tcp_ping received 768 bytes back
Round trip time was 0.3507 milliseconds in repetition 290
tcp_ping received 768 bytes back
Round trip time was 0.3435 milliseconds in repetition 291
tcp_ping received 768 bytes back
Round trip time was 0.3829 milliseconds in repetition 292
tcp_ping received 768 bytes back
Round trip time was 0.3693 milliseconds in repetition 293
tcp_ping received 768 bytes back
Round trip time was 0.4143 milliseconds in repetition 294
tcp_ping received 768 bytes back
Round trip time was 0.3454 milliseconds in repetition 295
tcp_ping received 768 bytes back
Round trip time was 0.3438 milliseconds in repetition 296
tcp_ping received 768 bytes back
Round trip time was 0.3602 milliseconds in repetition 297
tcp_ping received 768 bytes back
Round trip time was 0.4078 milliseconds in repetition 298
tcp_ping received 768 bytes back
Round trip time was 0.3872 milliseconds in repetition 299
tcp_ping received 768 bytes back
Round trip time was 0.3571 milliseconds in repetition 300
tcp_ping received 768 bytes back
Round trip time was 0.3832 milliseconds in repetition 301
tcp_ping received 768 bytes back
Round trip time was 0.3205 milliseconds in repetition 302
tcp_ping received 768 bytes back
Round trip time was 0.3549 milliseconds in repetition 303
tcp_ping received 768 bytes back
Round trip time was 0.2759 milliseconds in repetition 304
tcp_ping received 768 bytes back
Round trip time was 0.3612 milliseconds in repetition 305
tcp_ping received 768 bytes back
Round trip time was 0.3607 milliseconds in repetition 306
tcp_ping received 768 bytes back
Round trip time was 0.3478 milliseconds in repetition 307
tcp_ping received 768 bytes back
Round trip time was 0.3479 milliseconds in repetition 308
tcp_ping received 768 bytes back
Round trip time was 0.4723 milliseconds in repetition 309
tcp_ping received 768 bytes back
Round trip time was 0.3641 milliseconds in repetition 310
tcp_ping received 768 bytes back
Round trip time was 0.3803 milliseconds in repetition 311
tcp_ping received 768 bytes back
Round trip time was 0.3678 milliseconds in repetition 312
tcp_ping received 768 bytes back
Round trip time was 0.3561 milliseconds in repetition 313
tcp_ping received 768 bytes back
Round trip time was 0.3607 milliseconds in repetition 314
tcp_ping received 768 bytes back
Round trip time was 0.3976 milliseconds in repetition 315
tcp_ping received 768 bytes back
Round trip time was 0.3218 milliseconds in repetition 316
tcp_ping received 768 bytes back
Round trip time was 0.3228 milliseconds in repetition 317
tcp_ping received 768 bytes back
Round trip time was 0.3228 milliseconds in repetition 318
tcp_ping received 768 bytes back
Round trip time was 0.3574 milliseconds in repetition 319
tcp_ping received 768 bytes back
Round trip time was 0.2701 milliseconds in repetition 320
tcp_ping received 768 bytes back
Round trip time was 0.4683 milliseconds in repetition 321
tcp_ping received 768 bytes back
Round trip time was 0.3169 milliseconds in repetition 322
tcp_ping received 768 bytes back
Round trip time was 0.2939 milliseconds in repetition 323
tcp_ping received 768 bytes back
Round trip time was 0.3351 milliseconds in repetition 324
tcp_ping received 768 bytes back
Round trip time was 0.3605 milliseconds in repetition 325
tcp_ping received 768 bytes back
Round trip time was 0.3497 milliseconds in repetition 326
tcp_ping received 768 bytes back
Round trip time was 0.3006 milliseconds in repetition 327
tcp_ping received 768 bytes back
Round trip time was 0.2758 milliseconds in repetition 328
tcp_ping received 768 bytes back
Round trip time was 0.3052 milliseconds in repetition 329
tcp_ping received 768 bytes back
Round trip time was 0.3103 milliseconds in repetition 330
tcp_ping received 768 bytes back
Round trip time was 0.3377 milliseconds in repetition 331
tcp_ping received 768 bytes back
Round trip time was 0.3102 milliseconds in repetition 332
tcp_ping received 768 bytes back
Round trip time was 0.2778 milliseconds in repetition 333
tcp_ping received 768 bytes back
Round trip time was 0.2706 milliseconds in repetition 334
tcp_ping received 768 bytes back
Round trip time was 0.2738 milliseconds in repetition 335
tcp_ping received 768 bytes back
Round trip time was 0.4344 milliseconds in repetition 336
tcp_ping received 768 bytes back
Round trip time was 0.3216 milliseconds in repetition 337
tcp_ping received 768 bytes back
Round trip time was 0.3409 milliseconds in repetition 338
tcp_ping received 768 bytes back
Round trip time was 0.3561 milliseconds in repetition 339
tcp_ping received 768 bytes back
Round trip time was 0.3389 milliseconds in repetition 340
tcp_ping received 768 bytes back
Round trip time was 0.2492 milliseconds in repetition 341
tcp_ping received 768 bytes back
Round trip time was 0.3305 milliseconds in repetition 342
tcp_ping received 768 bytes back
Round trip time was 0.3479 milliseconds in repetition 343
tcp_ping received 768 bytes back
Round trip time was 0.3594 milliseconds in repetition 344
tcp_ping received 768 bytes back
Round trip time was 0.3437 milliseconds in repetition 345
tcp_ping received 768 bytes back
Round trip time was 0.3469 milliseconds in repetition 346
tcp_ping received 768 bytes back
Round trip time was 0.4376 milliseconds in repetition 347
tcp_ping received 768 bytes back
Round trip time was 0.3519 milliseconds in repetition 348
tcp_ping received 768 bytes back
Round trip time was 0.3067 milliseconds in repetition 349
tcp_ping received 768 bytes back
Round trip time was 0.3582 milliseconds in repetition 350
tcp_ping received 768 bytes back
Round trip time was 0.3324 milliseconds in repetition 351
tcp_ping received 768 bytes back
Round trip time was 0.3141 milliseconds in repetition 352
tcp_ping received 768 bytes back
Round trip time was 0.2867 milliseconds in repetition 353
tcp_ping received 768 bytes back
Round trip time was 0.2611 milliseconds in repetition 354
tcp_ping received 768 bytes back
Round trip time was 0.2932 milliseconds in repetition 355
tcp_ping received 768 bytes back
Round trip time was 0.3476 milliseconds in repetition 356
tcp_ping received 768 bytes back
Round trip time was 0.3453 milliseconds in repetition 357
tcp_ping received 768 bytes back
Round trip time was 0.3792 milliseconds in repetition 358
tcp_ping received 768 bytes back
Round trip time was 0.41 milliseconds in repetition 359
tcp_ping received 768 bytes back
Round trip time was 0.3552 milliseconds in repetition 360
tcp_ping received 768 bytes back
Round trip time was 0.3629 milliseconds in repetition 361
tcp_ping received 768 bytes back
Round trip time was 0.3429 milliseconds in repetition 362
tcp_ping received 768 bytes back
Round trip time was 0.3416 milliseconds in repetition 363
tcp_ping received 768 bytes back
Round trip time was 0.4288 milliseconds in repetition 364
tcp_ping received 768 bytes back
Round trip time was 0.3648 milliseconds in repetition 365
tcp_ping received 768 bytes back
Round trip time was 0.3217 milliseconds in repetition 366
tcp_ping received 768 bytes back
Round trip time was 0.355 milliseconds in repetition 367
tcp_ping received 768 bytes back
Round trip time was 0.2911 milliseconds in repetition 368
tcp_ping received 768 bytes back
Round trip time was 0.3261 milliseconds in repetition 369
tcp_ping received 768 bytes back
Round trip time was 0.336 milliseconds in repetition 370
tcp_ping received 768 bytes back
Round trip time was 0.3429 milliseconds in repetition 371
tcp_ping received 768 bytes back
Round trip time was 0.3864 milliseconds in repetition 372
tcp_ping received 768 bytes back
Round trip time was 0.3566 milliseconds in repetition 373
tcp_ping received 768 bytes back
Round trip time was 0.3512 milliseconds in repetition 374
tcp_ping received 768 bytes back
Round trip time was 0.3493 milliseconds in repetition 375
tcp_ping received 768 bytes back
Round trip time was 0.4339 milliseconds in repetition 376
tcp_ping received 768 bytes back
Round trip time was 0.3891 milliseconds in repetition 377
tcp_ping received 768 bytes back
Round trip time was 0.3226 milliseconds in repetition 378
tcp_ping received 768 bytes back
Round trip time was 0.3422 milliseconds in repetition 379
tcp_ping received 768 bytes back
Round trip time was 0.3464 milliseconds in repetition 380
tcp_ping received 768 bytes back
Round trip time was 0.3925 milliseconds in repetition 381
tcp_ping received 768 bytes back
Round trip time was 0.3537 milliseconds in repetition 382
tcp_ping received 768 bytes back
Round trip time was 0.3304 milliseconds in repetition 383
tcp_ping received 768 bytes back
Round trip time was 0.3496 milliseconds in repetition 384
tcp_ping received 768 bytes back
Round trip time was 0.318 milliseconds in repetition 385
tcp_ping received 768 bytes back
Round trip time was 0.2738 milliseconds in repetition 386
tcp_ping received 768 bytes back
Round trip time was 0.243 milliseconds in repetition 387
tcp_ping received 768 bytes back
Round trip time was 0.3518 milliseconds in repetition 388
tcp_ping received 768 bytes back
Round trip time was 0.3291 milliseconds in repetition 389
tcp_ping received 768 bytes back
Round trip time was 0.2837 milliseconds in repetition 390
tcp_ping received 768 bytes back
Round trip time was 0.2938 milliseconds in repetition 391
tcp_ping received 768 bytes back
Round trip time was 0.326 milliseconds in repetition 392
tcp_ping received 768 bytes back
Round trip time was 0.3347 milliseconds in repetition 393
tcp_ping received 768 bytes back
Round trip time was 0.3192 milliseconds in repetition 394
tcp_ping received 768 bytes back
Round trip time was 0.3284 milliseconds in repetition 395
tcp_ping received 768 bytes back
Round trip time was 0.2366 milliseconds in repetition 396
tcp_ping received 768 bytes back
Round trip time was 0.3137 milliseconds in repetition 397
tcp_ping received 768 bytes back
Round trip time was 0.3062 milliseconds in repetition 398
tcp_ping received 768 bytes back
Round trip time was 0.3317 milliseconds in repetition 399
tcp_ping received 768 bytes back
Round trip time was 0.2857 milliseconds in repetition 400
tcp_ping received 768 bytes back
Round trip time was 0.3268 milliseconds in repetition 401
tcp_ping received 768 bytes back
Round trip time was 0.3342 milliseconds in repetition 402
tcp_ping received 768 bytes back
Round trip time was 0.3943 milliseconds in repetition 403
tcp_ping received 768 bytes back
Round trip time was 0.3617 milliseconds in repetition 404
tcp_ping received 768 bytes back
Round trip time was 0.2892 milliseconds in repetition 405
tcp_ping received 768 bytes back
Round trip time was 0.363 milliseconds in repetition 406
tcp_ping received 768 bytes back
Round trip time was 0.3646 milliseconds in repetition 407
tcp_ping received 768 bytes back
Round trip time was 0.3456 milliseconds in repetition 408
tcp_ping received 768 bytes back
Round trip time was 0.4356 milliseconds in repetition 409
tcp_ping received 768 bytes back
Round trip time was 0.3911 milliseconds in repetition 410
tcp_ping received 768 bytes back
Round trip time was 0.3542 milliseconds in repetition 411
tcp_ping received 768 bytes back
Round trip time was 0.3554 milliseconds in repetition 412
tcp_ping received 768 bytes back
Round trip time was 0.3401 milliseconds in repetition 413
tcp_ping received 768 bytes back
Round trip time was 0.3396 milliseconds in repetition 414
tcp_ping received 768 bytes back
Round trip time was 0.3897 milliseconds in repetition 415
tcp_ping received 768 bytes back
Round trip time was 0.3644 milliseconds in repetition 416
tcp_ping received 768 bytes back
Round trip time was 0.3224 milliseconds in repetition 417
tcp_ping received 768 bytes back
Round trip time was 0.3503 milliseconds in repetition 418
tcp_ping received 768 bytes back
Round trip time was 0.2802 milliseconds in repetition 419
tcp_ping received 768 bytes back
Round trip time was 0.3642 milliseconds in repetition 420
tcp_ping received 768 bytes back
Round trip time was 0.2952 milliseconds in repetition 421
tcp_ping received 768 bytes back
Round trip time was 0.4091 milliseconds in repetition 422
tcp_ping received 768 bytes back
Round trip time was 0.3704 milliseconds in repetition 423
tcp_ping received 768 bytes back
Round trip time was 0.3444 milliseconds in repetition 424
tcp_ping received 768 bytes back
Round trip time was 0.3521 milliseconds in repetition 425
tcp_ping received 768 bytes back
Round trip time was 0.3853 milliseconds in repetition 426
tcp_ping received 768 bytes back
Round trip time was 0.3603 milliseconds in repetition 427
tcp_ping received 768 bytes back
Round trip time was 0.3186 milliseconds in repetition 428
tcp_ping received 768 bytes back
Round trip time was 0.2912 milliseconds in repetition 429
tcp_ping received 768 bytes back
Round trip time was 0.3017 milliseconds in repetition 430
tcp_ping received 768 bytes back
Round trip time was 0.3361 milliseconds in repetition 431
tcp_ping received 768 bytes back
Round trip time was 0.3794 milliseconds in repetition 432
tcp_ping received 768 bytes back
Round trip time was 0.3141 milliseconds in repetition 433
tcp_ping received 768 bytes back
Round trip time was 0.379 milliseconds in repetition 434
tcp_ping received 768 bytes back
Round trip time was 0.3557 milliseconds in repetition 435
tcp_ping received 768 bytes back
Round trip time was 0.3409 milliseconds in repetition 436
tcp_ping received 768 bytes back
Round trip time was 0.3379 milliseconds in repetition 437
tcp_ping received 768 bytes back
Round trip time was 0.3545 milliseconds in repetition 438
tcp_ping received 768 bytes back
Round trip time was 0.3743 milliseconds in repetition 439
tcp_ping received 768 bytes back
Round trip time was 0.3389 milliseconds in repetition 440
tcp_ping received 768 bytes back
Round trip time was 0.3584 milliseconds in repetition 441
tcp_ping received 768 bytes back
Round trip time was 0.3397 milliseconds in repetition 442
tcp_ping received 768 bytes back
Round trip time was 0.317 milliseconds in repetition 443
tcp_ping received 768 bytes back
Round trip time was 0.3305 milliseconds in repetition 444
tcp_ping received 768 bytes back
Round trip time was 0.3517 milliseconds in repetition 445
tcp_ping received 768 bytes back
Round trip time was 0.3457 milliseconds in repetition 446
tcp_ping received 768 bytes back
Round trip time was 0.3566 milliseconds in repetition 447
tcp_ping received 768 bytes back
Round trip time was 0.3648 milliseconds in repetition 448
tcp_ping received 768 bytes back
Round trip time was 0.3988 milliseconds in repetition 449
tcp_ping received 768 bytes back
Round trip time was 0.3155 milliseconds in repetition 450
tcp_ping received 768 bytes back
Round trip time was 0.3413 milliseconds in repetition 451
tcp_ping received 768 bytes back
Round trip time was 0.2901 milliseconds in repetition 452
tcp_ping received 768 bytes back
Round trip time was 0.2934 milliseconds in repetition 453
tcp_ping received 768 bytes back
Round trip time was 0.2622 milliseconds in repetition 454
tcp_ping received 768 bytes back
Round trip time was 0.3383 milliseconds in repetition 455
tcp_ping received 768 bytes back
Round trip time was 0.4008 milliseconds in repetition 456
tcp_ping received 768 bytes back
Round trip time was 0.314 milliseconds in repetition 457
tcp_ping received 768 bytes back
Round trip time was 0.3095 milliseconds in repetition 458
tcp_ping received 768 bytes back
Round trip time was 0.3963 milliseconds in repetition 459
tcp_ping received 768 bytes back
Round trip time was 0.3097 milliseconds in repetition 460
tcp_ping received 768 bytes back
Round trip time was 0.3046 milliseconds in repetition 461
tcp_ping received 768 bytes back
Round trip time was 0.3177 milliseconds in repetition 462
tcp_ping received 768 bytes back
Round trip time was 0.3224 milliseconds in repetition 463
tcp_ping received 768 bytes back
Round trip time was 0.3197 milliseconds in repetition 464
tcp_ping received 768 bytes back
Round trip time was 0.3254 milliseconds in repetition 465
tcp_ping received 768 bytes back
Round trip time was 0.3341 milliseconds in repetition 466
tcp_ping received 768 bytes back
Round trip time was 0.3199 milliseconds in repetition 467
tcp_ping received 768 bytes back
Round trip time was 0.3857 milliseconds in repetition 468
tcp_ping received 768 bytes back
Round trip time was 0.2772 milliseconds in repetition 469
tcp_ping received 768 bytes back
Round trip time was 0.2895 milliseconds in repetition 470
tcp_ping received 768 bytes back
Round trip time was 0.3421 milliseconds in repetition 471
tcp_ping received 768 bytes back
Round trip time was 0.3539 milliseconds in repetition 472
tcp_ping received 768 bytes back
Round trip time was 0.4727 milliseconds in repetition 473
tcp_ping received 768 bytes back
Round trip time was 0.361 milliseconds in repetition 474
tcp_ping received 768 bytes back
Round trip time was 0.3617 milliseconds in repetition 475
tcp_ping received 768 bytes back
Round trip time was 0.3132 milliseconds in repetition 476
tcp_ping received 768 bytes back
Round trip time was 0.3496 milliseconds in repetition 477
tcp_ping received 768 bytes back
Round trip time was 0.3433 milliseconds in repetition 478
tcp_ping received 768 bytes back
Round trip time was 0.3466 milliseconds in repetition 479
tcp_ping received 768 bytes back
Round trip time was 0.3869 milliseconds in repetition 480
tcp_ping received 768 bytes back
Round trip time was 0.4384 milliseconds in repetition 481
tcp_ping received 768 bytes back
Round trip time was 0.3085 milliseconds in repetition 482
tcp_ping received 768 bytes back
Round trip time was 0.3518 milliseconds in repetition 483
tcp_ping received 768 bytes back
Round trip time was 0.2949 milliseconds in repetition 484
tcp_ping received 768 bytes back
Round trip time was 0.352 milliseconds in repetition 485
tcp_ping received 768 bytes back
Round trip time was 0.3104 milliseconds in repetition 486
tcp_ping received 768 bytes back
Round trip time was 0.2993 milliseconds in repetition 487
tcp_ping received 768 bytes back
Round trip time was 0.3 milliseconds in repetition 488
tcp_ping received 768 bytes back
Round trip time was 0.2924 milliseconds in repetition 489
tcp_ping received 768 bytes back
Round trip time was 0.2726 milliseconds in repetition 490
tcp_ping received 768 bytes back
Round trip time was 0.3136 milliseconds in repetition 491
tcp_ping received 768 bytes back
Round trip time was 0.3406 milliseconds in repetition 492
tcp_ping received 768 bytes back
Round trip time was 0.3418 milliseconds in repetition 493
tcp_ping received 768 bytes back
Round trip time was 0.3473 milliseconds in repetition 494
tcp_ping received 768 bytes back
Round trip time was 0.3412 milliseconds in repetition 495
tcp_ping received 768 bytes back
Round trip time was 0.344 milliseconds in repetition 496
tcp_ping received 768 bytes back
Round trip time was 0.314 milliseconds in repetition 497
tcp_ping received 768 bytes back
Round trip time was 0.3743 milliseconds in repetition 498
tcp_ping received 768 bytes back
Round trip time was 0.2942 milliseconds in repetition 499
tcp_ping received 768 bytes back
Round trip time was 0.3824 milliseconds in repetition 500
tcp_ping received 768 bytes back
Round trip time was 0.3539 milliseconds in repetition 501

 ... clock resolution was 1e-06
TCP Ping:  Statistics over 501 repetitions of 768 byte messages

RTT : percentile 10: 0.2877, median: 0.3375, percentile 90: 0.3853, average: 0.337505, variance: 0.00209865

RTT histogram:
0.236599 5
0.261815 22
0.28703 59
0.312245 104
0.33746 151
0.362675 94
0.38789 36
0.413105 10
0.43832 8
0.463535 6
0.48875 2
0.513965 2
0.53918 1
0.564395 0
0.58961 0
0.614825 0
0.64004 0
0.665255 0
0.69047 0
0.715685 0
0.740901 1

   median Throughput : 4551.11 KB/s   overall Throughput : 4551.04 KB/s

