TCP Ping trying to connect to server localhost (127.0.0.1) on port 1491
 ... connected to Pong server: asking for 501 repetitions of 512 bytes TCP messages
 ... Pong server agreed :-)
tcp_ping received 512 bytes back
Round trip time was 0.2536 milliseconds in repetition 1
tcp_ping received 512 bytes back
Round trip time was 0.2143 milliseconds in repetition 2
tcp_ping received 512 bytes back
Round trip time was 0.2836 milliseconds in repetition 3
tcp_ping received 512 bytes back
Round trip time was 0.2593 milliseconds in repetition 4
tcp_ping received 512 bytes back
Round trip time was 0.2536 milliseconds in repetition 5
tcp_ping received 512 bytes back
Round trip time was 0.267 milliseconds in repetition 6
tcp_ping received 512 bytes back
Round trip time was 0.2475 milliseconds in repetition 7
tcp_ping received 512 bytes back
Round trip time was 0.2591 milliseconds in repetition 8
tcp_ping received 512 bytes back
Round trip time was 0.3353 milliseconds in repetition 9
tcp_ping received 512 bytes back
Round trip time was 0.2966 milliseconds in repetition 10
tcp_ping received 512 bytes back
Round trip time was 0.3857 milliseconds in repetition 11
tcp_ping received 512 bytes back
Round trip time was 0.3422 milliseconds in repetition 12
tcp_ping received 512 bytes back
Round trip time was 0.3066 milliseconds in repetition 13
tcp_ping received 512 bytes back
Round trip time was 0.3144 milliseconds in repetition 14
tcp_ping received 512 bytes back
Round trip time was 0.2843 milliseconds in repetition 15
tcp_ping received 512 bytes back
Round trip time was 0.3593 milliseconds in repetition 16
tcp_ping received 512 bytes back
Round trip time was 0.3799 milliseconds in repetition 17
tcp_ping received 512 bytes back
Round trip time was 0.3485 milliseconds in repetition 18
tcp_ping received 512 bytes back
Round trip time was 0.2737 milliseconds in repetition 19
tcp_ping received 512 bytes back
Round trip time was 0.2977 milliseconds in repetition 20
tcp_ping received 512 bytes back
Round trip time was 0.307 milliseconds in repetition 21
tcp_ping received 512 bytes back
Round trip time was 0.353 milliseconds in repetition 22
tcp_ping received 512 bytes back
Round trip time was 0.2885 milliseconds in repetition 23
tcp_ping received 512 bytes back
Round trip time was 0.3004 milliseconds in repetition 24
tcp_ping received 512 bytes back
Round trip time was 0.5837 milliseconds in repetition 25
tcp_ping received 512 bytes back
Round trip time was 0.3327 milliseconds in repetition 26
tcp_ping received 512 bytes back
Round trip time was 0.3197 milliseconds in repetition 27
tcp_ping received 512 bytes back
Round trip time was 0.3966 milliseconds in repetition 28
tcp_ping received 512 bytes back
Round trip time was 0.3404 milliseconds in repetition 29
tcp_ping received 512 bytes back
Round trip time was 0.3195 milliseconds in repetition 30
tcp_ping received 512 bytes back
Round trip time was 0.2516 milliseconds in repetition 31
tcp_ping received 512 bytes back
Round trip time was 0.3876 milliseconds in repetition 32
tcp_ping received 512 bytes back
Round trip time was 0.2891 milliseconds in repetition 33
tcp_ping received 512 bytes back
Round trip time was 0.3217 milliseconds in repetition 34
tcp_ping received 512 bytes back
Round trip time was 0.3418 milliseconds in repetition 35
tcp_ping received 512 bytes back
Round trip time was 0.3291 milliseconds in repetition 36
tcp_ping received 512 bytes back
Round trip time was 0.3641 milliseconds in repetition 37
tcp_ping received 512 bytes back
Round trip time was 0.4723 milliseconds in repetition 38
tcp_ping received 512 bytes back
Round trip time was 0.4057 milliseconds in repetition 39
tcp_ping received 512 bytes back
Round trip time was 0.3042 milliseconds in repetition 40
tcp_ping received 512 bytes back
Round trip time was 0.3465 milliseconds in repetition 41
tcp_ping received 512 bytes back
Round trip time was 0.3522 milliseconds in repetition 42
tcp_ping received 512 bytes back
Round trip time was 0.4316 milliseconds in repetition 43
tcp_ping received 512 bytes back
Round trip time was 0.3656 milliseconds in repetition 44
tcp_ping received 512 bytes back
Round trip time was 0.359 milliseconds in repetition 45
tcp_ping received 512 bytes back
Round trip time was 0.3734 milliseconds in repetition 46
tcp_ping received 512 bytes back
Round trip time was 0.3465 milliseconds in repetition 47
tcp_ping received 512 bytes back
Round trip time was 0.3793 milliseconds in repetition 48
tcp_ping received 512 bytes back
Round trip time was 0.3528 milliseconds in repetition 49
tcp_ping received 512 bytes back
Round trip time was 0.3434 milliseconds in repetition 50
tcp_ping received 512 bytes back
Round trip time was 0.3738 milliseconds in repetition 51
tcp_ping received 512 bytes back
Round trip time was 0.3283 milliseconds in repetition 52
tcp_ping received 512 bytes back
Round trip time was 0.365 milliseconds in repetition 53
tcp_ping received 512 bytes back
Round trip time was 0.3393 milliseconds in repetition 54
tcp_ping received 512 bytes back
Round trip time was 0.286 milliseconds in repetition 55
tcp_ping received 512 bytes back
Round trip time was 0.3223 milliseconds in repetition 56
tcp_ping received 512 bytes back
Round trip time was 0.5542 milliseconds in repetition 57
tcp_ping received 512 bytes back
Round trip time was 0.1875 milliseconds in repetition 58
tcp_ping received 512 bytes back
Round trip time was 0.2587 milliseconds in repetition 59
tcp_ping received 512 bytes back
Round trip time was 0.4418 milliseconds in repetition 60
tcp_ping received 512 bytes back
Round trip time was 0.3762 milliseconds in repetition 61
tcp_ping received 512 bytes back
Round trip time was 0.3481 milliseconds in repetition 62
tcp_ping received 512 bytes back
Round trip time was 0.2723 milliseconds in repetition 63
tcp_ping received 512 bytes back
Round trip time was 0.266 milliseconds in repetition 64
tcp_ping received 512 bytes back
Round trip time was 0.2696 milliseconds in repetition 65
tcp_ping received 512 bytes back
Round trip time was 0.2736 milliseconds in repetition 66
tcp_ping received 512 bytes back
Round trip time was 0.3424 milliseconds in repetition 67
tcp_ping received 512 bytes back
Round trip time was 0.3409 milliseconds in repetition 68
tcp_ping received 512 bytes back
Round trip time was 0.3068 milliseconds in repetition 69
tcp_ping received 512 bytes back
Round trip time was 0.2996 milliseconds in repetition 70
tcp_ping received 512 bytes back
Round trip time was 0.3034 milliseconds in repetition 71
tcp_ping received 512 bytes back
Round trip time was 0.2538 milliseconds in repetition 72
tcp_ping received 512 bytes back
Round trip time was 0.3098 milliseconds in repetition 73
tcp_ping received 512 bytes back
Round trip time was 0.3323 milliseconds in repetition 74
tcp_ping received 512 bytes back
Round trip time was 0.3047 milliseconds in repetition 75
tcp_ping received 512 bytes back
Round trip time was 0.3033 milliseconds in repetition 76
tcp_ping received 512 bytes back
Round trip time was 0.3316 milliseconds in repetition 77
tcp_ping received 512 bytes back
Round trip time was 0.3024 milliseconds in repetition 78
tcp_ping received 512 bytes back
Round trip time was 0.3222 milliseconds in repetition 79
tcp_ping received 512 bytes back
Round trip time was 0.2808 milliseconds in repetition 80
tcp_ping received 512 bytes back
Round trip time was 0.3516 milliseconds in repetition 81
tcp_ping received 512 bytes back
Round trip time was 0.4126 milliseconds in repetition 82
tcp_ping received 512 bytes back
Round trip time was 0.2942 milliseconds in repetition 83
tcp_ping received 512 bytes back
Round trip time was 0.3139 milliseconds in repetition 84
tcp_ping received 512 bytes back
Round trip time was 0.3881 milliseconds in repetition 85
tcp_ping received 512 bytes back
Round trip time was 0.3348 milliseconds in repetition 86
tcp_ping received 512 bytes back
Round trip time was 0.3136 milliseconds in repetition 87
tcp_ping received 512 bytes back
Round trip time was 0.2661 milliseconds in repetition 88
tcp_ping received 512 bytes back
Round trip time was 0.3481 milliseconds in repetition 89
tcp_ping received 512 bytes back
Round trip time was 0.3261 milliseconds in repetition 90
tcp_ping received 512 bytes back
Round trip time was 0.333 milliseconds in repetition 91
tcp_ping received 512 bytes back
Round trip time was 0.2778 milliseconds in repetition 92
tcp_ping received 512 bytes back
Round trip time was 0.2783 milliseconds in repetition 93
tcp_ping received 512 bytes back
Round trip time was 0.3696 milliseconds in repetition 94
tcp_ping received 512 bytes back
Round trip time was 0.3203 milliseconds in repetition 95
tcp_ping received 512 bytes back
Round trip time was 0.7094 milliseconds in repetition 96
tcp_ping received 512 bytes back
Round trip time was 0.3147 milliseconds in repetition 97
tcp_ping received 512 bytes back
Round trip time was 0.3388 milliseconds in repetition 98
tcp_ping received 512 bytes back
Round trip time was 0.3871 milliseconds in repetition 99
tcp_ping received 512 bytes back
Round trip time was 0.3254 milliseconds in repetition 100
tcp_ping received 512 bytes back
Round trip time was 0.3124 milliseconds in repetition 101
tcp_ping received 512 bytes back
Round trip time was 0.3716 milliseconds in repetition 102
tcp_ping received 512 bytes back
Round trip time was 0.345 milliseconds in repetition 103
tcp_ping received 512 bytes back
Round trip time was 0.3195 milliseconds in repetition 104
tcp_ping received 512 bytes back
Round trip time was 0.3038 milliseconds in repetition 105
tcp_ping received 512 bytes back
Round trip time was 0.2874 milliseconds in repetition 106
tcp_ping received 512 bytes back
Round trip time was 0.3358 milliseconds in repetition 107
tcp_ping received 512 bytes back
Round trip time was 0.4507 milliseconds in repetition 108
tcp_ping received 512 bytes back
Round trip time was 0.3074 milliseconds in repetition 109
tcp_ping received 512 bytes back
Round trip time was 0.3598 milliseconds in repetition 110
tcp_ping received 512 bytes back
Round trip time was 0.3413 milliseconds in repetition 111
tcp_ping received 512 bytes back
Round trip time was 0.358 milliseconds in repetition 112
tcp_ping received 512 bytes back
Round trip time was 0.3443 milliseconds in repetition 113
tcp_ping received 512 bytes back
Round trip time was 0.4001 milliseconds in repetition 114
tcp_ping received 512 bytes back
Round trip time was 0.2935 milliseconds in repetition 115
tcp_ping received 512 bytes back
Round trip time was 0.3738 milliseconds in repetition 116
tcp_ping received 512 bytes back
Round trip time was 0.3354 milliseconds in repetition 117
tcp_ping received 512 bytes back
Round trip time was 0.3635 milliseconds in repetition 118
tcp_ping received 512 bytes back
Round trip time was 0.3347 milliseconds in repetition 119
tcp_ping received 512 bytes back
Round trip time was 0.1713 milliseconds in repetition 120
tcp_ping received 512 bytes back
Round trip time was 0.4532 milliseconds in repetition 121
tcp_ping received 512 bytes back
Round trip time was 0.3257 milliseconds in repetition 122
tcp_ping received 512 bytes back
Round trip time was 0.3056 milliseconds in repetition 123
tcp_ping received 512 bytes back
Round trip time was 0.2997 milliseconds in repetition 124
tcp_ping received 512 bytes back
Round trip time was 0.3186 milliseconds in repetition 125
tcp_ping received 512 bytes back
Round trip time was 0.3676 milliseconds in repetition 126
tcp_ping received 512 bytes back
Round trip time was 0.2945 milliseconds in repetition 127
tcp_ping received 512 bytes back
Round trip time was 0.9849 milliseconds in repetition 128
tcp_ping received 512 bytes back
Round trip time was 0.3415 milliseconds in repetition 129
tcp_ping received 512 bytes back
Round trip time was 0.323 milliseconds in repetition 130
tcp_ping received 512 bytes back
Round trip time was 0.3257 milliseconds in repetition 131
tcp_ping received 512 bytes back
Round trip time was 0.3128 milliseconds in repetition 132
tcp_ping received 512 bytes back
Round trip time was 0.3377 milliseconds in repetition 133
tcp_ping received 512 bytes back
Round trip time was 0.3069 milliseconds in repetition 134
tcp_ping received 512 bytes back
Round trip time was 0.2942 milliseconds in repetition 135
tcp_ping received 512 bytes back
Round trip time was 0.3109 milliseconds in repetition 136
tcp_ping received 512 bytes back
Round trip time was 0.2507 milliseconds in repetition 137
tcp_ping received 512 bytes back
Round trip time was 0.2632 milliseconds in repetition 138
tcp_ping received 512 bytes back
Round trip time was 0.3105 milliseconds in repetition 139
tcp_ping received 512 bytes back
Round trip time was 0.2422 milliseconds in repetition 140
tcp_ping received 512 bytes back
Round trip time was 0.4123 milliseconds in repetition 141
tcp_ping received 512 bytes back
Round trip time was 0.3167 milliseconds in repetition 142
tcp_ping received 512 bytes back
Round trip time was 0.3207 milliseconds in repetition 143
tcp_ping received 512 bytes back
Round trip time was 0.3149 milliseconds in repetition 144
tcp_ping received 512 bytes back
Round trip time was 0.3343 milliseconds in repetition 145
tcp_ping received 512 bytes back
Round trip time was 0.344 milliseconds in repetition 146
tcp_ping received 512 bytes back
Round trip time was 0.3793 milliseconds in repetition 147
tcp_ping received 512 bytes back
Round trip time was 0.3369 milliseconds in repetition 148
tcp_ping received 512 bytes back
Round trip time was 0.2911 milliseconds in repetition 149
tcp_ping received 512 bytes back
Round trip time was 0.2908 milliseconds in repetition 150
tcp_ping received 512 bytes back
Round trip time was 0.3781 milliseconds in repetition 151
tcp_ping received 512 bytes back
Round trip time was 0.3624 milliseconds in repetition 152
tcp_ping received 512 bytes back
Round trip time was 0.3397 milliseconds in repetition 153
tcp_ping received 512 bytes back
Round trip time was 0.3357 milliseconds in repetition 154
tcp_ping received 512 bytes back
Round trip time was 0.2697 milliseconds in repetition 155
tcp_ping received 512 bytes back
Round trip time was 0.2633 milliseconds in repetition 156
tcp_ping received 512 bytes back
Round trip time was 0.32 milliseconds in repetition 157
tcp_ping received 512 bytes back
Round trip time was 0.6631 milliseconds in repetition 158
tcp_ping received 512 bytes back
Round trip time was 0.4395 milliseconds in repetition 159
tcp_ping received 512 bytes back
Round trip time was 0.5589 milliseconds in repetition 160
tcp_ping received 512 bytes back
Round trip time was 0.3726 milliseconds in repetition 161
tcp_ping received 512 bytes back
Round trip time was 0.353 milliseconds in repetition 162
tcp_ping received 512 bytes back
Round trip time was 0.3713 milliseconds in repetition 163
tcp_ping received 512 bytes back
Round trip time was 0.35 milliseconds in repetition 164
tcp_ping received 512 bytes back
Round trip time was 0.3467 milliseconds in repetition 165
tcp_ping received 512 bytes back
Round trip time was 0.2642 milliseconds in repetition 166
tcp_ping received 512 bytes back
Round trip time was 0.3329 milliseconds in repetition 167
tcp_ping received 512 bytes back
Round trip time was 0.3362 milliseconds in repetition 168
tcp_ping received 512 bytes back
Round trip time was 0.2901 milliseconds in repetition 169
tcp_ping received 512 bytes back
Round trip time was 0.411 milliseconds in repetition 170
tcp_ping received 512 bytes back
Round trip time was 0.3435 milliseconds in repetition 171
tcp_ping received 512 bytes back
Round trip time was 0.34 milliseconds in repetition 172
tcp_ping received 512 bytes back
Round trip time was 0.3796 milliseconds in repetition 173
tcp_ping received 512 bytes back
Round trip time was 0.4084 milliseconds in repetition 174
tcp_ping received 512 bytes back
Round trip time was 0.3405 milliseconds in repetition 175
tcp_ping received 512 bytes back
Round trip time was 0.331 milliseconds in repetition 176
tcp_ping received 512 bytes back
Round trip time was 0.3342 milliseconds in repetition 177
tcp_ping received 512 bytes back
Round trip time was 0.3365 milliseconds in repetition 178
tcp_ping received 512 bytes back
Round trip time was 0.3431 milliseconds in repetition 179
tcp_ping received 512 bytes back
Round trip time was 0.3746 milliseconds in repetition 180
tcp_ping received 512 bytes back
Round trip time was 0.3323 milliseconds in repetition 181
tcp_ping received 512 bytes back
Round trip time was 0.3484 milliseconds in repetition 182
tcp_ping received 512 bytes back
Round trip time was 0.2597 milliseconds in repetition 183
tcp_ping received 512 bytes back
Round trip time was 0.3093 milliseconds in repetition 184
tcp_ping received 512 bytes back
Round trip time was 0.3441 milliseconds in repetition 185
tcp_ping received 512 bytes back
Round trip time was 0.3537 milliseconds in repetition 186
tcp_ping received 512 bytes back
Round trip time was 0.4574 milliseconds in repetition 187
tcp_ping received 512 bytes back
Round trip time was 0.3852 milliseconds in repetition 188
tcp_ping received 512 bytes back
Round trip time was 0.3322 milliseconds in repetition 189
tcp_ping received 512 bytes back
Round trip time was 0.2867 milliseconds in repetition 190
tcp_ping received 512 bytes back
Round trip time was 0.251 milliseconds in repetition 191
tcp_ping received 512 bytes back
Round trip time was 0.3888 milliseconds in repetition 192
tcp_ping received 512 bytes back
Round trip time was 0.4405 milliseconds in repetition 193
tcp_ping received 512 bytes back
Round trip time was 0.4361 milliseconds in repetition 194
tcp_ping received 512 bytes back
Round trip time was 0.3666 milliseconds in repetition 195
tcp_ping received 512 bytes back
Round trip time was 0.2737 milliseconds in repetition 196
tcp_ping received 512 bytes back
Round trip time was 0.3074 milliseconds in repetition 197
tcp_ping received 512 bytes back
Round trip time was 0.2764 milliseconds in repetition 198
tcp_ping received 512 bytes back
Round trip time was 0.274 milliseconds in repetition 199
tcp_ping received 512 bytes back
Round trip time was 0.3068 milliseconds in repetition 200
tcp_ping received 512 bytes back
Round trip time was 0.3039 milliseconds in repetition 201
tcp_ping received 512 bytes back
Round trip time was 0.3322 milliseconds in repetition 202
tcp_ping received 512 bytes back
Round trip time was 0.3098 milliseconds in repetition 203
tcp_ping received 512 bytes back
Round trip time was 0.351 milliseconds in repetition 204
tcp_ping received 512 bytes back
Round trip time was 0.3232 milliseconds in repetition 205
tcp_ping received 512 bytes back
Round trip time was 0.2917 milliseconds in repetition 206
tcp_ping received 512 bytes back
Round trip time was 0.2754 milliseconds in repetition 207
tcp_ping received 512 bytes back
Round trip time was 0.3755 milliseconds in repetition 208
tcp_ping received 512 bytes back
Round trip time was 0.3107 milliseconds in repetition 209
tcp_ping received 512 bytes back
Round trip time was 0.3698 milliseconds in repetition 210
tcp_ping received 512 bytes back
Round trip time was 0.3611 milliseconds in repetition 211
tcp_ping received 512 bytes back
Round trip time was 0.2883 milliseconds in repetition 212
tcp_ping received 512 bytes back
Round trip time was 0.2709 milliseconds in repetition 213
tcp_ping received 512 bytes back
Round trip time was 0.2743 milliseconds in repetition 214
tcp_ping received 512 bytes back
Round trip time was 0.351 milliseconds in repetition 215
tcp_ping received 512 bytes back
Round trip time was 0.338 milliseconds in repetition 216
tcp_ping received 512 bytes back
Round trip time was 0.3487 milliseconds in repetition 217
tcp_ping received 512 bytes back
Round trip time was 0.3604 milliseconds in repetition 218
tcp_ping received 512 bytes back
Round trip time was 0.3322 milliseconds in repetition 219
tcp_ping received 512 bytes back
Round trip time was 0.3933 milliseconds in repetition 220
tcp_ping received 512 bytes back
Round trip time was 0.3201 milliseconds in repetition 221
tcp_ping received 512 bytes back
Round trip time was 0.3269 milliseconds in repetition 222
tcp_ping received 512 bytes back
Round trip time was 0.3037 milliseconds in repetition 223
tcp_ping received 512 bytes back
Round trip time was 0.2678 milliseconds in repetition 224
tcp_ping received 512 bytes back
Round trip time was 0.3426 milliseconds in repetition 225
tcp_ping received 512 bytes back
Round trip time was 0.2812 milliseconds in repetition 226
tcp_ping received 512 bytes back
Round trip time was 0.3892 milliseconds in repetition 227
tcp_ping received 512 bytes back
Round trip time was 0.3689 milliseconds in repetition 228
tcp_ping received 512 bytes back
Round trip time was 0.3951 milliseconds in repetition 229
tcp_ping received 512 bytes back
Round trip time was 0.3306 milliseconds in repetition 230
tcp_ping received 512 bytes back
Round trip time was 0.2452 milliseconds in repetition 231
tcp_ping received 512 bytes back
Round trip time was 0.3411 milliseconds in repetition 232
tcp_ping received 512 bytes back
Round trip time was 0.3305 milliseconds in repetition 233
tcp_ping received 512 bytes back
Round trip time was 0.3382 milliseconds in repetition 234
tcp_ping received 512 bytes back
Round trip time was 0.3426 milliseconds in repetition 235
tcp_ping received 512 bytes back
Round trip time was 0.3378 milliseconds in repetition 236
tcp_ping received 512 bytes back
Round trip time was 0.3516 milliseconds in repetition 237
tcp_ping received 512 bytes back
Round trip time was 0.3462 milliseconds in repetition 238
tcp_ping received 512 bytes back
Round trip time was 0.3405 milliseconds in repetition 239
tcp_ping received 512 bytes back
Round trip time was 0.331 milliseconds in repetition 240
tcp_ping received 512 bytes back
Round trip time was 0.3545 milliseconds in repetition 241
tcp_ping received 512 bytes back
Round trip time was 0.3358 milliseconds in repetition 242
tcp_ping received 512 bytes back
Round trip time was 0.3646 milliseconds in repetition 243
tcp_ping received 512 bytes back
Round trip time was 0.3331 milliseconds in repetition 244
tcp_ping received 512 bytes back
Round trip time was 0.3325 milliseconds in repetition 245
tcp_ping received 512 bytes back
Round trip time was 0.2864 milliseconds in repetition 246
tcp_ping received 512 bytes back
Round trip time was 0.3476 milliseconds in repetition 247
tcp_ping received 512 bytes back
Round trip time was 0.3311 milliseconds in repetition 248
tcp_ping received 512 bytes back
Round trip time was 0.4106 milliseconds in repetition 249
tcp_ping received 512 bytes back
Round trip time was 0.3471 milliseconds in repetition 250
tcp_ping received 512 bytes back
Round trip time was 0.3358 milliseconds in repetition 251
tcp_ping received 512 bytes back
Round trip time was 0.3355 milliseconds in repetition 252
tcp_ping received 512 bytes back
Round trip time was 0.3329 milliseconds in repetition 253
tcp_ping received 512 bytes back
Round trip time was 0.3232 milliseconds in repetition 254
tcp_ping received 512 bytes back
Round trip time was 0.2964 milliseconds in repetition 255
tcp_ping received 512 bytes back
Round trip time was 0.324 milliseconds in repetition 256
tcp_ping received 512 bytes back
Round trip time was 0.321 milliseconds in repetition 257
tcp_ping received 512 bytes back
Round trip time was 0.2801 milliseconds in repetition 258
tcp_ping received 512 bytes back
Round trip time was 0.2978 milliseconds in repetition 259
tcp_ping received 512 bytes back
Round trip time was 0.3344 milliseconds in repetition 260
tcp_ping received 512 bytes back
Round trip time was 0.2753 milliseconds in repetition 261
tcp_ping received 512 bytes back
Round trip time was 0.4049 milliseconds in repetition 262
tcp_ping received 512 bytes back
Round trip time was 0.285 milliseconds in repetition 263
tcp_ping received 512 bytes back
Round trip time was 0.3364 milliseconds in repetition 264
tcp_ping received 512 bytes back
Round trip time was 0.5076 milliseconds in repetition 265
tcp_ping received 512 bytes back
Round trip time was 0.4006 milliseconds in repetition 266
tcp_ping received 512 bytes back
Round trip time was 0.303 milliseconds in repetition 267
tcp_ping received 512 bytes back
Round trip time was 0.2356 milliseconds in repetition 268
tcp_ping received 512 bytes back
Round trip time was 0.3209 milliseconds in repetition 269
tcp_ping received 512 bytes back
Round trip time was 0.246 milliseconds in repetition 270
tcp_ping received 512 bytes back
Round trip time was 0.3207 milliseconds in repetition 271
tcp_ping received 512 bytes back
Round trip time was 0.2628 milliseconds in repetition 272
tcp_ping received 512 bytes back
Round trip time was 0.2559 milliseconds in repetition 273
tcp_ping received 512 bytes back
Round trip time was 0.3239 milliseconds in repetition 274
tcp_ping received 512 bytes back
Round trip time was 0.243 milliseconds in repetition 275
tcp_ping received 512 bytes back
Round trip time was 0.2301 milliseconds in repetition 276
tcp_ping received 512 bytes back
Round trip time was 0.291 milliseconds in repetition 277
tcp_ping received 512 bytes back
Round trip time was 0.2439 milliseconds in repetition 278
tcp_ping received 512 bytes back
Round trip time was 0.2187 milliseconds in repetition 279
tcp_ping received 512 bytes back
Round trip time was 0.2538 milliseconds in repetition 280
tcp_ping received 512 bytes back
Round trip time was 0.2886 milliseconds in repetition 281
tcp_ping received 512 bytes back
Round trip time was 0.3062 milliseconds in repetition 282
tcp_ping received 512 bytes back
Round trip time was 0.3569 milliseconds in repetition 283
tcp_ping received 512 bytes back
Round trip time was 0.316 milliseconds in repetition 284
tcp_ping received 512 bytes back
Round trip time was 0.3479 milliseconds in repetition 285
tcp_ping received 512 bytes back
Round trip time was 0.3468 milliseconds in repetition 286
tcp_ping received 512 bytes back
Round trip time was 0.2934 milliseconds in repetition 287
tcp_ping received 512 bytes back
Round trip time was 0.3978 milliseconds in repetition 288
tcp_ping received 512 bytes back
Round trip time was 0.3497 milliseconds in repetition 289
tcp_ping received 512 bytes back
Round trip time was 0.2811 milliseconds in repetition 290
tcp_ping received 512 bytes back
Round trip time was 0.2634 milliseconds in repetition 291
tcp_ping received 512 bytes back
Round trip time was 0.2789 milliseconds in repetition 292
tcp_ping received 512 bytes back
Round trip time was 0.3877 milliseconds in repetition 293
tcp_ping received 512 bytes back
Round trip time was 0.313 milliseconds in repetition 294
tcp_ping received 512 bytes back
Round trip time was 0.2593 milliseconds in repetition 295
tcp_ping received 512 bytes back
Round trip time was 0.3311 milliseconds in repetition 296
tcp_ping received 512 bytes back
Round trip time was 0.301 milliseconds in repetition 297
tcp_ping received 512 bytes back
Round trip time was 0.499 milliseconds in repetition 298
tcp_ping received 512 bytes back
Round trip time was 0.4037 milliseconds in repetition 299
tcp_ping received 512 bytes back
Round trip time was 0.3719 milliseconds in repetition 300
tcp_ping received 512 bytes back
Round trip time was 0.2813 milliseconds in repetition 301
tcp_ping received 512 bytes back
Round trip time was 0.3425 milliseconds in repetition 302
tcp_ping received 512 bytes back
Round trip time was 0.3449 milliseconds in repetition 303
tcp_ping received 512 bytes back
Round trip time was 0.3528 milliseconds in repetition 304
tcp_ping received 512 bytes back
Round trip time was 0.3446 milliseconds in repetition 305
tcp_ping received 512 bytes back
Round trip time was 0.3718 milliseconds in repetition 306
tcp_ping received 512 bytes back
Round trip time was 0.355 milliseconds in repetition 307
tcp_ping received 512 bytes back
Round trip time was 0.3756 milliseconds in repetition 308
tcp_ping received 512 bytes back
Round trip time was 0.3465 milliseconds in repetition 309
tcp_ping received 512 bytes back
Round trip time was 0.3691 milliseconds in repetition 310
tcp_ping received 512 bytes back
Round trip time was 0.3145 milliseconds in repetition 311
tcp_ping received 512 bytes back
Round trip time was 0.3419 milliseconds in repetition 312
tcp_ping received 512 bytes back
Round trip time was 0.3355 milliseconds in repetition 313
tcp_ping received 512 bytes back
Round trip time was 0.2863 milliseconds in repetition 314
tcp_ping received 512 bytes back
Round trip time was 0.3418 milliseconds in repetition 315
tcp_ping received 512 bytes back
Round trip time was 0.3803 milliseconds in repetition 316
tcp_ping received 512 bytes back
Round trip time was 0.365 milliseconds in repetition 317
tcp_ping received 512 bytes back
Round trip time was 0.3422 milliseconds in repetition 318
tcp_ping received 512 bytes back
Round trip time was 0.3399 milliseconds in repetition 319
tcp_ping received 512 bytes back
Round trip time was 0.2872 milliseconds in repetition 320
tcp_ping received 512 bytes back
Round trip time was 0.2547 milliseconds in repetition 321
tcp_ping received 512 bytes back
Round trip time was 0.3394 milliseconds in repetition 322
tcp_ping received 512 bytes back
Round trip time was 0.353 milliseconds in repetition 323
tcp_ping received 512 bytes back
Round trip time was 0.2906 milliseconds in repetition 324
tcp_ping received 512 bytes back
Round trip time was 0.3389 milliseconds in repetition 325
tcp_ping received 512 bytes back
Round trip time was 0.3451 milliseconds in repetition 326
tcp_ping received 512 bytes back
Round trip time was 0.3477 milliseconds in repetition 327
tcp_ping received 512 bytes back
Round trip time was 0.2872 milliseconds in repetition 328
tcp_ping received 512 bytes back
Round trip time was 0.3245 milliseconds in repetition 329
tcp_ping received 512 bytes back
Round trip time was 0.334 milliseconds in repetition 330
tcp_ping received 512 bytes back
Round trip time was 0.3259 milliseconds in repetition 331
tcp_ping received 512 bytes back
Round trip time was 0.3423 milliseconds in repetition 332
tcp_ping received 512 bytes back
Round trip time was 0.4378 milliseconds in repetition 333
tcp_ping received 512 bytes back
Round trip time was 0.2657 milliseconds in repetition 334
tcp_ping received 512 bytes back
Round trip time was 0.3469 milliseconds in repetition 335
tcp_ping received 512 bytes back
Round trip time was 0.3816 milliseconds in repetition 336
tcp_ping received 512 bytes back
Round trip time was 0.5477 milliseconds in repetition 337
tcp_ping received 512 bytes back
Round trip time was 0.3056 milliseconds in repetition 338
tcp_ping received 512 bytes back
Round trip time was 0.3804 milliseconds in repetition 339
tcp_ping received 512 bytes back
Round trip time was 0.3299 milliseconds in repetition 340
tcp_ping received 512 bytes back
Round trip time was 0.3218 milliseconds in repetition 341
tcp_ping received 512 bytes back
Round trip time was 0.3978 milliseconds in repetition 342
tcp_ping received 512 bytes back
Round trip time was 0.358 milliseconds in repetition 343
tcp_ping received 512 bytes back
Round trip time was 0.3035 milliseconds in repetition 344
tcp_ping received 512 bytes back
Round trip time was 0.3239 milliseconds in repetition 345
tcp_ping received 512 bytes back
Round trip time was 0.326 milliseconds in repetition 346
tcp_ping received 512 bytes back
Round trip time was 0.3162 milliseconds in repetition 347
tcp_ping received 512 bytes back
Round trip time was 0.3225 milliseconds in repetition 348
tcp_ping received 512 bytes back
Round trip time was 0.3658 milliseconds in repetition 349
tcp_ping received 512 bytes back
Round trip time was 0.4608 milliseconds in repetition 350
tcp_ping received 512 bytes back
Round trip time was 0.319 milliseconds in repetition 351
tcp_ping received 512 bytes back
Round trip time was 0.361 milliseconds in repetition 352
tcp_ping received 512 bytes back
Round trip time was 0.2769 milliseconds in repetition 353
tcp_ping received 512 bytes back
Round trip time was 0.3061 milliseconds in repetition 354
tcp_ping received 512 bytes back
Round trip time was 0.2987 milliseconds in repetition 355
tcp_ping received 512 bytes back
Round trip time was 0.3601 milliseconds in repetition 356
tcp_ping received 512 bytes back
Round trip time was 0.3376 milliseconds in repetition 357
tcp_ping received 512 bytes back
Round trip time was 0.3347 milliseconds in repetition 358
tcp_ping received 512 bytes back
Round trip time was 0.3478 milliseconds in repetition 359
tcp_ping received 512 bytes back
Round trip time was 0.3443 milliseconds in repetition 360
tcp_ping received 512 bytes back
Round trip time was 0.3162 milliseconds in repetition 361
tcp_ping received 512 bytes back
Round trip time was 0.3574 milliseconds in repetition 362
tcp_ping received 512 bytes back
Round trip time was 0.3389 milliseconds in repetition 363
tcp_ping received 512 bytes back
Round trip time was 0.3368 milliseconds in repetition 364
tcp_ping received 512 bytes back
Round trip time was 0.3532 milliseconds in repetition 365
tcp_ping received 512 bytes back
Round trip time was 0.3205 milliseconds in repetition 366
tcp_ping received 512 bytes back
Round trip time was 0.4024 milliseconds in repetition 367
tcp_ping received 512 bytes back
Round trip time was 0.3236 milliseconds in repetition 368
tcp_ping received 512 bytes back
Round trip time was 0.3164 milliseconds in repetition 369
tcp_ping received 512 bytes back
Round trip time was 0.3593 milliseconds in repetition 370
tcp_ping received 512 bytes back
Round trip time was 0.3799 milliseconds in repetition 371
tcp_ping received 512 bytes back
Round trip time was 0.3359 milliseconds in repetition 372
tcp_ping received 512 bytes back
Round trip time was 0.3621 milliseconds in repetition 373
tcp_ping received 512 bytes back
Round trip time was 0.3421 milliseconds in repetition 374
tcp_ping received 512 bytes back
Round trip time was 0.3415 milliseconds in repetition 375
tcp_ping received 512 bytes back
Round trip time was 0.3551 milliseconds in repetition 376
tcp_ping received 512 bytes back
Round trip time was 0.3768 milliseconds in repetition 377
tcp_ping received 512 bytes back
Round trip time was 0.3478 milliseconds in repetition 378
tcp_ping received 512 bytes back
Round trip time was 0.3535 milliseconds in repetition 379
tcp_ping received 512 bytes back
Round trip time was 0.3428 milliseconds in repetition 380
tcp_ping received 512 bytes back
Round trip time was 0.3532 milliseconds in repetition 381
tcp_ping received 512 bytes back
Round trip time was 0.2916 milliseconds in repetition 382
tcp_ping received 512 bytes back
Round trip time was 0.3455 milliseconds in repetition 383
tcp_ping received 512 bytes back
Round trip time was 0.3195 milliseconds in repetition 384
tcp_ping received 512 bytes back
Round trip time was 0.3456 milliseconds in repetition 385
tcp_ping received 512 bytes back
Round trip time was 0.2666 milliseconds in repetition 386
tcp_ping received 512 bytes back
Round trip time was 0.268 milliseconds in repetition 387
tcp_ping received 512 bytes back
Round trip time was 0.2499 milliseconds in repetition 388
tcp_ping received 512 bytes back
Round trip time was 0.3665 milliseconds in repetition 389
tcp_ping received 512 bytes back
Round trip time was 0.3442 milliseconds in repetition 390
tcp_ping received 512 bytes back
Round trip time was 0.3588 milliseconds in repetition 391
tcp_ping received 512 bytes back
Round trip time was 0.3472 milliseconds in repetition 392
tcp_ping received 512 bytes back
Round trip time was 0.2895 milliseconds in repetition 393
tcp_ping received 512 bytes back
Round trip time was 0.3428 milliseconds in repetition 394
tcp_ping received 512 bytes back
Round trip time was 0.3443 milliseconds in repetition 395
tcp_ping received 512 bytes back
Round trip time was 0.3463 milliseconds in repetition 396
tcp_ping received 512 bytes back
Round trip time was 0.3947 milliseconds in repetition 397
tcp_ping received 512 bytes back
Round trip time was 0.3572 milliseconds in repetition 398
tcp_ping received 512 bytes back
Round trip time was 0.3422 milliseconds in repetition 399
tcp_ping received 512 bytes back
Round trip time was 0.3404 milliseconds in repetition 400
tcp_ping received 512 bytes back
Round trip time was 0.3138 milliseconds in repetition 401
tcp_ping received 512 bytes back
Round trip time was 0.3179 milliseconds in repetition 402
tcp_ping received 512 bytes back
Round trip time was 0.3245 milliseconds in repetition 403
tcp_ping received 512 bytes back
Round trip time was 0.3746 milliseconds in repetition 404
tcp_ping received 512 bytes back
Round trip time was 0.3175 milliseconds in repetition 405
tcp_ping received 512 bytes back
Round trip time was 0.3647 milliseconds in repetition 406
tcp_ping received 512 bytes back
Round trip time was 0.3311 milliseconds in repetition 407
tcp_ping received 512 bytes back
Round trip time was 0.3199 milliseconds in repetition 408
tcp_ping received 512 bytes back
Round trip time was 0.3498 milliseconds in repetition 409
tcp_ping received 512 bytes back
Round trip time was 0.3242 milliseconds in repetition 410
tcp_ping received 512 bytes back
Round trip time was 0.3284 milliseconds in repetition 411
tcp_ping received 512 bytes back
Round trip time was 0.4698 milliseconds in repetition 412
tcp_ping received 512 bytes back
Round trip time was 0.3319 milliseconds in repetition 413
tcp_ping received 512 bytes back
Round trip time was 0.3133 milliseconds in repetition 414
tcp_ping received 512 bytes back
Round trip time was 0.3352 milliseconds in repetition 415
tcp_ping received 512 bytes back
Round trip time was 0.3316 milliseconds in repetition 416
tcp_ping received 512 bytes back
Round trip time was 0.3196 milliseconds in repetition 417
tcp_ping received 512 bytes back
Round trip time was 0.3662 milliseconds in repetition 418
tcp_ping received 512 bytes back
Round trip time was 0.3125 milliseconds in repetition 419
tcp_ping received 512 bytes back
Round trip time was 0.301 milliseconds in repetition 420
tcp_ping received 512 bytes back
Round trip time was 0.3216 milliseconds in repetition 421
tcp_ping received 512 bytes back
Round trip time was 0.3121 milliseconds in repetition 422
tcp_ping received 512 bytes back
Round trip time was 0.3614 milliseconds in repetition 423
tcp_ping received 512 bytes back
Round trip time was 0.3401 milliseconds in repetition 424
tcp_ping received 512 bytes back
Round trip time was 0.34 milliseconds in repetition 425
tcp_ping received 512 bytes back
Round trip time was 0.3555 milliseconds in repetition 426
tcp_ping received 512 bytes back
Round trip time was 0.3934 milliseconds in repetition 427
tcp_ping received 512 bytes back
Round trip time was 0.3519 milliseconds in repetition 428
tcp_ping received 512 bytes back
Round trip time was 0.3364 milliseconds in repetition 429
tcp_ping received 512 bytes back
Round trip time was 0.2791 milliseconds in repetition 430
tcp_ping received 512 bytes back
Round trip time was 0.2661 milliseconds in repetition 431
tcp_ping received 512 bytes back
Round trip time was 0.3295 milliseconds in repetition 432
tcp_ping received 512 bytes back
Round trip time was 0.3061 milliseconds in repetition 433
tcp_ping received 512 bytes back
Round trip time was 0.3116 milliseconds in repetition 434
tcp_ping received 512 bytes back
Round trip time was 0.2675 milliseconds in repetition 435
tcp_ping received 512 bytes back
Round trip time was 0.2719 milliseconds in repetition 436
tcp_ping received 512 bytes back
Round trip time was 0.2549 milliseconds in repetition 437
tcp_ping received 512 bytes back
Round trip time was 0.3017 milliseconds in repetition 438
tcp_ping received 512 bytes back
Round trip time was 0.3165 milliseconds in repetition 439
tcp_ping received 512 bytes back
Round trip time was 0.2859 milliseconds in repetition 440
tcp_ping received 512 bytes back
Round trip time was 0.2712 milliseconds in repetition 441
tcp_ping received 512 bytes back
Round trip time was 0.3228 milliseconds in repetition 442
tcp_ping received 512 bytes back
Round trip time was 0.2992 milliseconds in repetition 443
tcp_ping received 512 bytes back
Round trip time was 0.2969 milliseconds in repetition 444
tcp_ping received 512 bytes back
Round trip time was 0.3044 milliseconds in repetition 445
tcp_ping received 512 bytes back
Round trip time was 0.3086 milliseconds in repetition 446
tcp_ping received 512 bytes back
Round trip time was 0.3306 milliseconds in repetition 447
tcp_ping received 512 bytes back
Round trip time was 0.2924 milliseconds in repetition 448
tcp_ping received 512 bytes back
Round trip time was 0.295 milliseconds in repetition 449
tcp_ping received 512 bytes back
Round trip time was 0.2996 milliseconds in repetition 450
tcp_ping received 512 bytes back
Round trip time was 0.3449 milliseconds in repetition 451
tcp_ping received 512 bytes back
Round trip time was 0.359 milliseconds in repetition 452
tcp_ping received 512 bytes back
Round trip time was 0.3483 milliseconds in repetition 453
tcp_ping received 512 bytes back
Round trip time was 0.3324 milliseconds in repetition 454
tcp_ping received 512 bytes back
Round trip time was 0.2848 milliseconds in repetition 455
tcp_ping received 512 bytes back
Round trip time was 0.3546 milliseconds in repetition 456
tcp_ping received 512 bytes back
Round trip time was 0.3441 milliseconds in repetition 457
tcp_ping received 512 bytes back
Round trip time was 0.4019 milliseconds in repetition 458
tcp_ping received 512 bytes back
Round trip time was 0.3534 milliseconds in repetition 459
tcp_ping received 512 bytes back
Round trip time was 0.2837 milliseconds in repetition 460
tcp_ping received 512 bytes back
Round trip time was 0.3326 milliseconds in repetition 461
tcp_ping received 512 bytes back
Round trip time was 0.3419 milliseconds in repetition 462
tcp_ping received 512 bytes back
Round trip time was 0.3421 milliseconds in repetition 463
tcp_ping received 512 bytes back
Round trip time was 0.3382 milliseconds in repetition 464
tcp_ping received 512 bytes back
Round trip time was 0.3367 milliseconds in repetition 465
tcp_ping received 512 bytes back
Round trip time was 0.3927 milliseconds in repetition 466
tcp_ping received 512 bytes back
Round trip time was 0.3553 milliseconds in repetition 467
tcp_ping received 512 bytes back
Round trip time was 0.3788 milliseconds in repetition 468
tcp_ping received 512 bytes back
Round trip time was 0.3567 milliseconds in repetition 469
tcp_ping received 512 bytes back
Round trip time was 0.3551 milliseconds in repetition 470
tcp_ping received 512 bytes back
Round trip time was 0.3509 milliseconds in repetition 471
tcp_ping received 512 bytes back
Round trip time was 0.4004 milliseconds in repetition 472
tcp_ping received 512 bytes back
Round trip time was 0.2767 milliseconds in repetition 473
tcp_ping received 512 bytes back
Round trip time was 0.3433 milliseconds in repetition 474
tcp_ping received 512 bytes back
Round trip time was 0.3247 milliseconds in repetition 475
tcp_ping received 512 bytes back
Round trip time was 0.4123 milliseconds in repetition 476
tcp_ping received 512 bytes back
Round trip time was 0.5036 milliseconds in repetition 477
tcp_ping received 512 bytes back
Round trip time was 0.3455 milliseconds in repetition 478
tcp_ping received 512 bytes back
Round trip time was 0.3361 milliseconds in repetition 479
tcp_ping received 512 bytes back
Round trip time was 0.3341 milliseconds in repetition 480
tcp_ping received 512 bytes back
Round trip time was 0.3191 milliseconds in repetition 481
tcp_ping received 512 bytes back
Round trip time was 0.286 milliseconds in repetition 482
tcp_ping received 512 bytes back
Round trip time was 0.3225 milliseconds in repetition 483
tcp_ping received 512 bytes back
Round trip time was 0.3621 milliseconds in repetition 484
tcp_ping received 512 bytes back
Round trip time was 0.2923 milliseconds in repetition 485
tcp_ping received 512 bytes back
Round trip time was 0.3198 milliseconds in repetition 486
tcp_ping received 512 bytes back
Round trip time was 0.3147 milliseconds in repetition 487
tcp_ping received 512 bytes back
Round trip time was 0.2837 milliseconds in repetition 488
tcp_ping received 512 bytes back
Round trip time was 0.309 milliseconds in repetition 489
tcp_ping received 512 bytes back
Round trip time was 0.3268 milliseconds in repetition 490
tcp_ping received 512 bytes back
Round trip time was 0.3126 milliseconds in repetition 491
tcp_ping received 512 bytes back
Round trip time was 0.3281 milliseconds in repetition 492
tcp_ping received 512 bytes back
Round trip time was 0.3753 milliseconds in repetition 493
tcp_ping received 512 bytes back
Round trip time was 0.3181 milliseconds in repetition 494
tcp_ping received 512 bytes back
Round trip time was 0.2688 milliseconds in repetition 495
tcp_ping received 512 bytes back
Round trip time was 0.352 milliseconds in repetition 496
tcp_ping received 512 bytes back
Round trip time was 0.3834 milliseconds in repetition 497
tcp_ping received 512 bytes back
Round trip time was 0.3622 milliseconds in repetition 498
tcp_ping received 512 bytes back
Round trip time was 0.3561 milliseconds in repetition 499
tcp_ping received 512 bytes back
Round trip time was 0.349 milliseconds in repetition 500
tcp_ping received 512 bytes back
Round trip time was 0.3778 milliseconds in repetition 501

 ... clock resolution was 1e-06
TCP Ping:  Statistics over 501 repetitions of 512 byte messages

RTT : percentile 10: 0.2737, median: 0.3342, percentile 90: 0.3857, average: 0.335213, variance: 0.00375796

RTT histogram:
0.171299 2
0.21198 3
0.25266 44
0.29334 108
0.33402 220
0.3747 84
0.41538 19
0.45606 11
0.49674 3
0.53742 2
0.5781 2
0.61878 0
0.65946 1
0.70014 1
0.74082 0
0.7815 0
0.82218 0
0.86286 0
0.90354 0
0.94422 0
0.9849 1

   median Throughput : 3064.03 KB/s   overall Throughput : 3054.77 KB/s

