TCP Ping trying to connect to server localhost (127.0.0.1) on port 1491
 ... connected to Pong server: asking for 501 repetitions of 24576 bytes TCP messages
 ... Pong server agreed :-)
tcp_ping received 24576 bytes back
Round trip time was 0.84367 milliseconds in repetition 1
tcp_ping received 24576 bytes back
Round trip time was 0.530918 milliseconds in repetition 2
tcp_ping received 24576 bytes back
Round trip time was 0.570408 milliseconds in repetition 3
tcp_ping received 24576 bytes back
Round trip time was 0.629844 milliseconds in repetition 4
tcp_ping received 24576 bytes back
Round trip time was 0.648525 milliseconds in repetition 5
tcp_ping received 24576 bytes back
Round trip time was 0.488423 milliseconds in repetition 6
tcp_ping received 24576 bytes back
Round trip time was 0.497849 milliseconds in repetition 7
tcp_ping received 24576 bytes back
Round trip time was 0.485979 milliseconds in repetition 8
tcp_ping received 24576 bytes back
Round trip time was 0.582916 milliseconds in repetition 9
tcp_ping received 24576 bytes back
Round trip time was 1.28274 milliseconds in repetition 10
tcp_ping received 24576 bytes back
Round trip time was 0.614593 milliseconds in repetition 11
tcp_ping received 24576 bytes back
Round trip time was 0.510929 milliseconds in repetition 12
tcp_ping received 24576 bytes back
Round trip time was 0.488063 milliseconds in repetition 13
tcp_ping received 24576 bytes back
Round trip time was 2.08567 milliseconds in repetition 14
tcp_ping received 24576 bytes back
Round trip time was 9.31878 milliseconds in repetition 15
tcp_ping received 24576 bytes back
Round trip time was 0.595655 milliseconds in repetition 16
tcp_ping received 24576 bytes back
Round trip time was 0.515931 milliseconds in repetition 17
tcp_ping received 24576 bytes back
Round trip time was 0.490821 milliseconds in repetition 18
tcp_ping received 24576 bytes back
Round trip time was 0.613059 milliseconds in repetition 19
tcp_ping received 24576 bytes back
Round trip time was 0.504748 milliseconds in repetition 20
tcp_ping received 24576 bytes back
Round trip time was 0.952707 milliseconds in repetition 21
tcp_ping received 24576 bytes back
Round trip time was 0.672427 milliseconds in repetition 22
tcp_ping received 24576 bytes back
Round trip time was 0.506493 milliseconds in repetition 23
tcp_ping received 24576 bytes back
Round trip time was 0.523754 milliseconds in repetition 24
tcp_ping received 24576 bytes back
Round trip time was 0.490779 milliseconds in repetition 25
tcp_ping received 24576 bytes back
Round trip time was 0.519605 milliseconds in repetition 26
tcp_ping received 24576 bytes back
Round trip time was 0.713249 milliseconds in repetition 27
tcp_ping received 24576 bytes back
Round trip time was 0.511359 milliseconds in repetition 28
tcp_ping received 24576 bytes back
Round trip time was 0.511133 milliseconds in repetition 29
tcp_ping received 24576 bytes back
Round trip time was 0.475392 milliseconds in repetition 30
tcp_ping received 24576 bytes back
Round trip time was 0.554496 milliseconds in repetition 31
tcp_ping received 24576 bytes back
Round trip time was 0.60846 milliseconds in repetition 32
tcp_ping received 24576 bytes back
Round trip time was 0.517498 milliseconds in repetition 33
tcp_ping received 24576 bytes back
Round trip time was 0.722735 milliseconds in repetition 34
tcp_ping received 24576 bytes back
Round trip time was 0.514232 milliseconds in repetition 35
tcp_ping received 24576 bytes back
Round trip time was 0.571922 milliseconds in repetition 36
tcp_ping received 24576 bytes back
Round trip time was 0.481176 milliseconds in repetition 37
tcp_ping received 24576 bytes back
Round trip time was 0.544073 milliseconds in repetition 38
tcp_ping received 24576 bytes back
Round trip time was 0.922202 milliseconds in repetition 39
tcp_ping received 24576 bytes back
Round trip time was 0.892177 milliseconds in repetition 40
tcp_ping received 24576 bytes back
Round trip time was 0.720904 milliseconds in repetition 41
tcp_ping received 24576 bytes back
Round trip time was 0.718492 milliseconds in repetition 42
tcp_ping received 24576 bytes back
Round trip time was 0.585468 milliseconds in repetition 43
tcp_ping received 24576 bytes back
Round trip time was 0.677354 milliseconds in repetition 44
tcp_ping received 24576 bytes back
Round trip time was 0.701547 milliseconds in repetition 45
tcp_ping received 24576 bytes back
Round trip time was 1.30935 milliseconds in repetition 46
tcp_ping received 24576 bytes back
Round trip time was 0.892068 milliseconds in repetition 47
tcp_ping received 24576 bytes back
Round trip time was 0.578143 milliseconds in repetition 48
tcp_ping received 24576 bytes back
Round trip time was 0.684662 milliseconds in repetition 49
tcp_ping received 24576 bytes back
Round trip time was 0.942408 milliseconds in repetition 50
tcp_ping received 24576 bytes back
Round trip time was 0.552415 milliseconds in repetition 51
tcp_ping received 24576 bytes back
Round trip time was 0.533924 milliseconds in repetition 52
tcp_ping received 24576 bytes back
Round trip time was 0.71822 milliseconds in repetition 53
tcp_ping received 24576 bytes back
Round trip time was 0.567692 milliseconds in repetition 54
tcp_ping received 24576 bytes back
Round trip time was 0.5742 milliseconds in repetition 55
tcp_ping received 24576 bytes back
Round trip time was 0.997338 milliseconds in repetition 56
tcp_ping received 24576 bytes back
Round trip time was 0.596046 milliseconds in repetition 57
tcp_ping received 24576 bytes back
Round trip time was 0.521116 milliseconds in repetition 58
tcp_ping received 24576 bytes back
Round trip time was 0.550845 milliseconds in repetition 59
tcp_ping received 24576 bytes back
Round trip time was 0.505428 milliseconds in repetition 60
tcp_ping received 24576 bytes back
Round trip time was 0.532432 milliseconds in repetition 61
tcp_ping received 24576 bytes back
Round trip time was 1.21293 milliseconds in repetition 62
tcp_ping received 24576 bytes back
Round trip time was 0.491271 milliseconds in repetition 63
tcp_ping received 24576 bytes back
Round trip time was 0.513786 milliseconds in repetition 64
tcp_ping received 24576 bytes back
Round trip time was 0.545902 milliseconds in repetition 65
tcp_ping received 24576 bytes back
Round trip time was 0.496584 milliseconds in repetition 66
tcp_ping received 24576 bytes back
Round trip time was 0.490301 milliseconds in repetition 67
tcp_ping received 24576 bytes back
Round trip time was 0.637124 milliseconds in repetition 68
tcp_ping received 24576 bytes back
Round trip time was 0.743748 milliseconds in repetition 69
tcp_ping received 24576 bytes back
Round trip time was 0.691399 milliseconds in repetition 70
tcp_ping received 24576 bytes back
Round trip time was 0.540355 milliseconds in repetition 71
tcp_ping received 24576 bytes back
Round trip time was 0.525492 milliseconds in repetition 72
tcp_ping received 24576 bytes back
Round trip time was 0.496399 milliseconds in repetition 73
tcp_ping received 24576 bytes back
Round trip time was 5.99946 milliseconds in repetition 74
tcp_ping received 24576 bytes back
Round trip time was 0.585953 milliseconds in repetition 75
tcp_ping received 24576 bytes back
Round trip time was 4.38855 milliseconds in repetition 76
tcp_ping received 24576 bytes back
Round trip time was 0.402597 milliseconds in repetition 77
tcp_ping received 24576 bytes back
Round trip time was 0.480932 milliseconds in repetition 78
tcp_ping received 24576 bytes back
Round trip time was 0.683999 milliseconds in repetition 79
tcp_ping received 24576 bytes back
Round trip time was 0.926323 milliseconds in repetition 80
tcp_ping received 24576 bytes back
Round trip time was 0.501129 milliseconds in repetition 81
tcp_ping received 24576 bytes back
Round trip time was 3.52443 milliseconds in repetition 82
tcp_ping received 24576 bytes back
Round trip time was 0.580436 milliseconds in repetition 83
tcp_ping received 24576 bytes back
Round trip time was 0.487922 milliseconds in repetition 84
tcp_ping received 24576 bytes back
Round trip time was 0.533566 milliseconds in repetition 85
tcp_ping received 24576 bytes back
Round trip time was 0.470163 milliseconds in repetition 86
tcp_ping received 24576 bytes back
Round trip time was 0.39944 milliseconds in repetition 87
tcp_ping received 24576 bytes back
Round trip time was 0.471075 milliseconds in repetition 88
tcp_ping received 24576 bytes back
Round trip time was 0.759781 milliseconds in repetition 89
tcp_ping received 24576 bytes back
Round trip time was 0.488924 milliseconds in repetition 90
tcp_ping received 24576 bytes back
Round trip time was 0.601755 milliseconds in repetition 91
tcp_ping received 24576 bytes back
Round trip time was 0.483551 milliseconds in repetition 92
tcp_ping received 24576 bytes back
Round trip time was 0.483601 milliseconds in repetition 93
tcp_ping received 24576 bytes back
Round trip time was 0.492366 milliseconds in repetition 94
tcp_ping received 24576 bytes back
Round trip time was 0.474273 milliseconds in repetition 95
tcp_ping received 24576 bytes back
Round trip time was 0.483341 milliseconds in repetition 96
tcp_ping received 24576 bytes back
Round trip time was 0.703262 milliseconds in repetition 97
tcp_ping received 24576 bytes back
Round trip time was 0.378266 milliseconds in repetition 98
tcp_ping received 24576 bytes back
Round trip time was 0.470541 milliseconds in repetition 99
tcp_ping received 24576 bytes back
Round trip time was 0.462356 milliseconds in repetition 100
tcp_ping received 24576 bytes back
Round trip time was 0.509322 milliseconds in repetition 101
tcp_ping received 24576 bytes back
Round trip time was 0.503121 milliseconds in repetition 102
tcp_ping received 24576 bytes back
Round trip time was 0.46442 milliseconds in repetition 103
tcp_ping received 24576 bytes back
Round trip time was 0.485203 milliseconds in repetition 104
tcp_ping received 24576 bytes back
Round trip time was 0.675613 milliseconds in repetition 105
tcp_ping received 24576 bytes back
Round trip time was 0.474515 milliseconds in repetition 106
tcp_ping received 24576 bytes back
Round trip time was 0.544531 milliseconds in repetition 107
tcp_ping received 24576 bytes back
Round trip time was 0.464145 milliseconds in repetition 108
tcp_ping received 24576 bytes back
Round trip time was 0.821471 milliseconds in repetition 109
tcp_ping received 24576 bytes back
Round trip time was 1.48863 milliseconds in repetition 110
tcp_ping received 24576 bytes back
Round trip time was 0.470977 milliseconds in repetition 111
tcp_ping received 24576 bytes back
Round trip time was 0.531944 milliseconds in repetition 112
tcp_ping received 24576 bytes back
Round trip time was 0.47187 milliseconds in repetition 113
tcp_ping received 24576 bytes back
Round trip time was 0.486494 milliseconds in repetition 114
tcp_ping received 24576 bytes back
Round trip time was 0.467082 milliseconds in repetition 115
tcp_ping received 24576 bytes back
Round trip time was 0.463907 milliseconds in repetition 116
tcp_ping received 24576 bytes back
Round trip time was 0.48425 milliseconds in repetition 117
tcp_ping received 24576 bytes back
Round trip time was 0.478568 milliseconds in repetition 118
tcp_ping received 24576 bytes back
Round trip time was 0.799341 milliseconds in repetition 119
tcp_ping received 24576 bytes back
Round trip time was 0.708898 milliseconds in repetition 120
tcp_ping received 24576 bytes back
Round trip time was 0.518489 milliseconds in repetition 121
tcp_ping received 24576 bytes back
Round trip time was 0.469183 milliseconds in repetition 122
tcp_ping received 24576 bytes back
Round trip time was 0.74604 milliseconds in repetition 123
tcp_ping received 24576 bytes back
Round trip time was 8.70375 milliseconds in repetition 124
tcp_ping received 24576 bytes back
Round trip time was 0.634372 milliseconds in repetition 125
tcp_ping received 24576 bytes back
Round trip time was 0.491524 milliseconds in repetition 126
tcp_ping received 24576 bytes back
Round trip time was 0.524197 milliseconds in repetition 127
tcp_ping received 24576 bytes back
Round trip time was 0.613606 milliseconds in repetition 128
tcp_ping received 24576 bytes back
Round trip time was 0.580837 milliseconds in repetition 129
tcp_ping received 24576 bytes back
Round trip time was 0.42963 milliseconds in repetition 130
tcp_ping received 24576 bytes back
Round trip time was 0.580303 milliseconds in repetition 131
tcp_ping received 24576 bytes back
Round trip time was 0.860933 milliseconds in repetition 132
tcp_ping received 24576 bytes back
Round trip time was 0.488743 milliseconds in repetition 133
tcp_ping received 24576 bytes back
Round trip time was 0.50519 milliseconds in repetition 134
tcp_ping received 24576 bytes back
Round trip time was 0.471684 milliseconds in repetition 135
tcp_ping received 24576 bytes back
Round trip time was 0.473477 milliseconds in repetition 136
tcp_ping received 24576 bytes back
Round trip time was 0.47943 milliseconds in repetition 137
tcp_ping received 24576 bytes back
Round trip time was 0.515413 milliseconds in repetition 138
tcp_ping received 24576 bytes back
Round trip time was 1.00731 milliseconds in repetition 139
tcp_ping received 24576 bytes back
Round trip time was 0.501145 milliseconds in repetition 140
tcp_ping received 24576 bytes back
Round trip time was 5.14708 milliseconds in repetition 141
tcp_ping received 24576 bytes back
Round trip time was 8.69705 milliseconds in repetition 142
tcp_ping received 24576 bytes back
Round trip time was 0.56083 milliseconds in repetition 143
tcp_ping received 24576 bytes back
Round trip time was 0.952462 milliseconds in repetition 144
tcp_ping received 24576 bytes back
Round trip time was 0.525504 milliseconds in repetition 145
tcp_ping received 24576 bytes back
Round trip time was 0.548521 milliseconds in repetition 146
tcp_ping received 24576 bytes back
Round trip time was 0.671237 milliseconds in repetition 147
tcp_ping received 24576 bytes back
Round trip time was 0.574025 milliseconds in repetition 148
tcp_ping received 24576 bytes back
Round trip time was 0.575768 milliseconds in repetition 149
tcp_ping received 24576 bytes back
Round trip time was 0.933364 milliseconds in repetition 150
tcp_ping received 24576 bytes back
Round trip time was 0.546832 milliseconds in repetition 151
tcp_ping received 24576 bytes back
Round trip time was 0.706217 milliseconds in repetition 152
tcp_ping received 24576 bytes back
Round trip time was 0.503319 milliseconds in repetition 153
tcp_ping received 24576 bytes back
Round trip time was 0.499172 milliseconds in repetition 154
tcp_ping received 24576 bytes back
Round trip time was 0.471847 milliseconds in repetition 155
tcp_ping received 24576 bytes back
Round trip time was 0.979051 milliseconds in repetition 156
tcp_ping received 24576 bytes back
Round trip time was 1.18173 milliseconds in repetition 157
tcp_ping received 24576 bytes back
Round trip time was 0.59656 milliseconds in repetition 158
tcp_ping received 24576 bytes back
Round trip time was 0.579837 milliseconds in repetition 159
tcp_ping received 24576 bytes back
Round trip time was 1.06781 milliseconds in repetition 160
tcp_ping received 24576 bytes back
Round trip time was 0.535934 milliseconds in repetition 161
tcp_ping received 24576 bytes back
Round trip time was 0.510937 milliseconds in repetition 162
tcp_ping received 24576 bytes back
Round trip time was 0.548893 milliseconds in repetition 163
tcp_ping received 24576 bytes back
Round trip time was 0.499131 milliseconds in repetition 164
tcp_ping received 24576 bytes back
Round trip time was 0.496307 milliseconds in repetition 165
tcp_ping received 24576 bytes back
Round trip time was 0.499645 milliseconds in repetition 166
tcp_ping received 24576 bytes back
Round trip time was 0.5036 milliseconds in repetition 167
tcp_ping received 24576 bytes back
Round trip time was 0.735541 milliseconds in repetition 168
tcp_ping received 24576 bytes back
Round trip time was 0.509344 milliseconds in repetition 169
tcp_ping received 24576 bytes back
Round trip time was 0.721788 milliseconds in repetition 170
tcp_ping received 24576 bytes back
Round trip time was 0.554226 milliseconds in repetition 171
tcp_ping received 24576 bytes back
Round trip time was 0.529889 milliseconds in repetition 172
tcp_ping received 24576 bytes back
Round trip time was 0.507921 milliseconds in repetition 173
tcp_ping received 24576 bytes back
Round trip time was 0.931289 milliseconds in repetition 174
tcp_ping received 24576 bytes back
Round trip time was 0.482634 milliseconds in repetition 175
tcp_ping received 24576 bytes back
Round trip time was 0.484926 milliseconds in repetition 176
tcp_ping received 24576 bytes back
Round trip time was 0.485645 milliseconds in repetition 177
tcp_ping received 24576 bytes back
Round trip time was 0.507554 milliseconds in repetition 178
tcp_ping received 24576 bytes back
Round trip time was 0.485011 milliseconds in repetition 179
tcp_ping received 24576 bytes back
Round trip time was 0.504257 milliseconds in repetition 180
tcp_ping received 24576 bytes back
Round trip time was 0.515637 milliseconds in repetition 181
tcp_ping received 24576 bytes back
Round trip time was 0.687055 milliseconds in repetition 182
tcp_ping received 24576 bytes back
Round trip time was 0.667391 milliseconds in repetition 183
tcp_ping received 24576 bytes back
Round trip time was 2.73984 milliseconds in repetition 184
tcp_ping received 24576 bytes back
Round trip time was 3.31436 milliseconds in repetition 185
tcp_ping received 24576 bytes back
Round trip time was 0.562976 milliseconds in repetition 186
tcp_ping received 24576 bytes back
Round trip time was 0.67696 milliseconds in repetition 187
tcp_ping received 24576 bytes back
Round trip time was 0.483803 milliseconds in repetition 188
tcp_ping received 24576 bytes back
Round trip time was 0.514337 milliseconds in repetition 189
tcp_ping received 24576 bytes back
Round trip time was 0.503675 milliseconds in repetition 190
tcp_ping received 24576 bytes back
Round trip time was 0.486004 milliseconds in repetition 191
tcp_ping received 24576 bytes back
Round trip time was 0.492337 milliseconds in repetition 192
tcp_ping received 24576 bytes back
Round trip time was 0.506143 milliseconds in repetition 193
tcp_ping received 24576 bytes back
Round trip time was 0.880306 milliseconds in repetition 194
tcp_ping received 24576 bytes back
Round trip time was 0.451777 milliseconds in repetition 195
tcp_ping received 24576 bytes back
Round trip time was 0.723565 milliseconds in repetition 196
tcp_ping received 24576 bytes back
Round trip time was 0.731001 milliseconds in repetition 197
tcp_ping received 24576 bytes back
Round trip time was 0.614097 milliseconds in repetition 198
tcp_ping received 24576 bytes back
Round trip time was 0.585088 milliseconds in repetition 199
tcp_ping received 24576 bytes back
Round trip time was 8.18103 milliseconds in repetition 200
tcp_ping received 24576 bytes back
Round trip time was 0.807219 milliseconds in repetition 201
tcp_ping received 24576 bytes back
Round trip time was 0.993961 milliseconds in repetition 202
tcp_ping received 24576 bytes back
Round trip time was 0.856329 milliseconds in repetition 203
tcp_ping received 24576 bytes back
Round trip time was 0.641408 milliseconds in repetition 204
tcp_ping received 24576 bytes back
Round trip time was 0.653453 milliseconds in repetition 205
tcp_ping received 24576 bytes back
Round trip time was 1.09027 milliseconds in repetition 206
tcp_ping received 24576 bytes back
Round trip time was 0.69869 milliseconds in repetition 207
tcp_ping received 24576 bytes back
Round trip time was 0.725391 milliseconds in repetition 208
tcp_ping received 24576 bytes back
Round trip time was 0.73162 milliseconds in repetition 209
tcp_ping received 24576 bytes back
Round trip time was 0.766372 milliseconds in repetition 210
tcp_ping received 24576 bytes back
Round trip time was 1.0642 milliseconds in repetition 211
tcp_ping received 24576 bytes back
Round trip time was 0.58712 milliseconds in repetition 212
tcp_ping received 24576 bytes back
Round trip time was 0.774042 milliseconds in repetition 213
tcp_ping received 24576 bytes back
Round trip time was 0.696049 milliseconds in repetition 214
tcp_ping received 24576 bytes back
Round trip time was 0.545442 milliseconds in repetition 215
tcp_ping received 24576 bytes back
Round trip time was 0.84913 milliseconds in repetition 216
tcp_ping received 24576 bytes back
Round trip time was 0.447658 milliseconds in repetition 217
tcp_ping received 24576 bytes back
Round trip time was 0.556511 milliseconds in repetition 218
tcp_ping received 24576 bytes back
Round trip time was 0.842126 milliseconds in repetition 219
tcp_ping received 24576 bytes back
Round trip time was 0.544665 milliseconds in repetition 220
tcp_ping received 24576 bytes back
Round trip time was 0.548964 milliseconds in repetition 221
tcp_ping received 24576 bytes back
Round trip time was 0.54209 milliseconds in repetition 222
tcp_ping received 24576 bytes back
Round trip time was 0.920682 milliseconds in repetition 223
tcp_ping received 24576 bytes back
Round trip time was 0.544553 milliseconds in repetition 224
tcp_ping received 24576 bytes back
Round trip time was 0.679166 milliseconds in repetition 225
tcp_ping received 24576 bytes back
Round trip time was 0.702125 milliseconds in repetition 226
tcp_ping received 24576 bytes back
Round trip time was 0.565023 milliseconds in repetition 227
tcp_ping received 24576 bytes back
Round trip time was 0.956338 milliseconds in repetition 228
tcp_ping received 24576 bytes back
Round trip time was 0.565162 milliseconds in repetition 229
tcp_ping received 24576 bytes back
Round trip time was 0.567426 milliseconds in repetition 230
tcp_ping received 24576 bytes back
Round trip time was 0.536883 milliseconds in repetition 231
tcp_ping received 24576 bytes back
Round trip time was 0.550693 milliseconds in repetition 232
tcp_ping received 24576 bytes back
Round trip time was 0.549991 milliseconds in repetition 233
tcp_ping received 24576 bytes back
Round trip time was 0.551451 milliseconds in repetition 234
tcp_ping received 24576 bytes back
Round trip time was 0.773769 milliseconds in repetition 235
tcp_ping received 24576 bytes back
Round trip time was 0.566548 milliseconds in repetition 236
tcp_ping received 24576 bytes back
Round trip time was 0.758049 milliseconds in repetition 237
tcp_ping received 24576 bytes back
Round trip time was 0.553862 milliseconds in repetition 238
tcp_ping received 24576 bytes back
Round trip time was 0.573511 milliseconds in repetition 239
tcp_ping received 24576 bytes back
Round trip time was 0.944147 milliseconds in repetition 240
tcp_ping received 24576 bytes back
Round trip time was 0.561683 milliseconds in repetition 241
tcp_ping received 24576 bytes back
Round trip time was 0.551364 milliseconds in repetition 242
tcp_ping received 24576 bytes back
Round trip time was 0.578352 milliseconds in repetition 243
tcp_ping received 24576 bytes back
Round trip time was 0.545361 milliseconds in repetition 244
tcp_ping received 24576 bytes back
Round trip time was 0.728718 milliseconds in repetition 245
tcp_ping received 24576 bytes back
Round trip time was 0.581631 milliseconds in repetition 246
tcp_ping received 24576 bytes back
Round trip time was 0.91743 milliseconds in repetition 247
tcp_ping received 24576 bytes back
Round trip time was 0.89923 milliseconds in repetition 248
tcp_ping received 24576 bytes back
Round trip time was 0.559659 milliseconds in repetition 249
tcp_ping received 24576 bytes back
Round trip time was 0.580294 milliseconds in repetition 250
tcp_ping received 24576 bytes back
Round trip time was 0.542132 milliseconds in repetition 251
tcp_ping received 24576 bytes back
Round trip time was 0.692667 milliseconds in repetition 252
tcp_ping received 24576 bytes back
Round trip time was 0.799609 milliseconds in repetition 253
tcp_ping received 24576 bytes back
Round trip time was 0.54866 milliseconds in repetition 254
tcp_ping received 24576 bytes back
Round trip time was 0.602659 milliseconds in repetition 255
tcp_ping received 24576 bytes back
Round trip time was 0.546891 milliseconds in repetition 256
tcp_ping received 24576 bytes back
Round trip time was 0.552317 milliseconds in repetition 257
tcp_ping received 24576 bytes back
Round trip time was 0.577009 milliseconds in repetition 258
tcp_ping received 24576 bytes back
Round trip time was 0.767076 milliseconds in repetition 259
tcp_ping received 24576 bytes back
Round trip time was 0.461291 milliseconds in repetition 260
tcp_ping received 24576 bytes back
Round trip time was 0.563231 milliseconds in repetition 261
tcp_ping received 24576 bytes back
Round trip time was 0.566514 milliseconds in repetition 262
tcp_ping received 24576 bytes back
Round trip time was 0.555701 milliseconds in repetition 263
tcp_ping received 24576 bytes back
Round trip time was 0.565976 milliseconds in repetition 264
tcp_ping received 24576 bytes back
Round trip time was 0.580118 milliseconds in repetition 265
tcp_ping received 24576 bytes back
Round trip time was 0.790593 milliseconds in repetition 266
tcp_ping received 24576 bytes back
Round trip time was 0.546078 milliseconds in repetition 267
tcp_ping received 24576 bytes back
Round trip time was 0.553522 milliseconds in repetition 268
tcp_ping received 24576 bytes back
Round trip time was 0.552333 milliseconds in repetition 269
tcp_ping received 24576 bytes back
Round trip time was 0.544982 milliseconds in repetition 270
tcp_ping received 24576 bytes back
Round trip time was 0.555738 milliseconds in repetition 271
tcp_ping received 24576 bytes back
Round trip time was 0.5817 milliseconds in repetition 272
tcp_ping received 24576 bytes back
Round trip time was 0.794351 milliseconds in repetition 273
tcp_ping received 24576 bytes back
Round trip time was 0.551406 milliseconds in repetition 274
tcp_ping received 24576 bytes back
Round trip time was 0.581086 milliseconds in repetition 275
tcp_ping received 24576 bytes back
Round trip time was 0.689749 milliseconds in repetition 276
tcp_ping received 24576 bytes back
Round trip time was 7.57303 milliseconds in repetition 277
tcp_ping received 24576 bytes back
Round trip time was 11.2561 milliseconds in repetition 278
tcp_ping received 24576 bytes back
Round trip time was 1.55575 milliseconds in repetition 279
tcp_ping received 24576 bytes back
Round trip time was 0.577125 milliseconds in repetition 280
tcp_ping received 24576 bytes back
Round trip time was 0.690054 milliseconds in repetition 281
tcp_ping received 24576 bytes back
Round trip time was 10.0734 milliseconds in repetition 282
tcp_ping received 24576 bytes back
Round trip time was 0.170053 milliseconds in repetition 283
tcp_ping received 24576 bytes back
Round trip time was 0.151859 milliseconds in repetition 284
tcp_ping received 24576 bytes back
Round trip time was 0.151297 milliseconds in repetition 285
tcp_ping received 24576 bytes back
Round trip time was 0.15067 milliseconds in repetition 286
tcp_ping received 24576 bytes back
Round trip time was 0.734324 milliseconds in repetition 287
tcp_ping received 24576 bytes back
Round trip time was 0.170911 milliseconds in repetition 288
tcp_ping received 24576 bytes back
Round trip time was 0.151718 milliseconds in repetition 289
tcp_ping received 24576 bytes back
Round trip time was 0.155469 milliseconds in repetition 290
tcp_ping received 24576 bytes back
Round trip time was 0.15311 milliseconds in repetition 291
tcp_ping received 24576 bytes back
Round trip time was 0.152463 milliseconds in repetition 292
tcp_ping received 24576 bytes back
Round trip time was 0.172613 milliseconds in repetition 293
tcp_ping received 24576 bytes back
Round trip time was 0.670872 milliseconds in repetition 294
tcp_ping received 24576 bytes back
Round trip time was 0.185734 milliseconds in repetition 295
tcp_ping received 24576 bytes back
Round trip time was 0.168222 milliseconds in repetition 296
tcp_ping received 24576 bytes back
Round trip time was 0.151599 milliseconds in repetition 297
tcp_ping received 24576 bytes back
Round trip time was 0.185963 milliseconds in repetition 298
tcp_ping received 24576 bytes back
Round trip time was 0.153706 milliseconds in repetition 299
tcp_ping received 24576 bytes back
Round trip time was 0.151774 milliseconds in repetition 300
tcp_ping received 24576 bytes back
Round trip time was 0.151019 milliseconds in repetition 301
tcp_ping received 24576 bytes back
Round trip time was 0.150093 milliseconds in repetition 302
tcp_ping received 24576 bytes back
Round trip time was 0.258737 milliseconds in repetition 303
tcp_ping received 24576 bytes back
Round trip time was 0.15164 milliseconds in repetition 304
tcp_ping received 24576 bytes back
Round trip time was 0.15245 milliseconds in repetition 305
tcp_ping received 24576 bytes back
Round trip time was 0.15221 milliseconds in repetition 306
tcp_ping received 24576 bytes back
Round trip time was 0.16538 milliseconds in repetition 307
tcp_ping received 24576 bytes back
Round trip time was 0.150669 milliseconds in repetition 308
tcp_ping received 24576 bytes back
Round trip time was 0.150223 milliseconds in repetition 309
tcp_ping received 24576 bytes back
Round trip time was 0.150482 milliseconds in repetition 310
tcp_ping received 24576 bytes back
Round trip time was 0.15069 milliseconds in repetition 311
tcp_ping received 24576 bytes back
Round trip time was 0.242387 milliseconds in repetition 312
tcp_ping received 24576 bytes back
Round trip time was 0.15552 milliseconds in repetition 313
tcp_ping received 24576 bytes back
Round trip time was 0.150853 milliseconds in repetition 314
tcp_ping received 24576 bytes back
Round trip time was 0.150441 milliseconds in repetition 315
tcp_ping received 24576 bytes back
Round trip time was 0.150552 milliseconds in repetition 316
tcp_ping received 24576 bytes back
Round trip time was 0.150271 milliseconds in repetition 317
tcp_ping received 24576 bytes back
Round trip time was 0.150391 milliseconds in repetition 318
tcp_ping received 24576 bytes back
Round trip time was 0.15033 milliseconds in repetition 319
tcp_ping received 24576 bytes back
Round trip time was 0.150161 milliseconds in repetition 320
tcp_ping received 24576 bytes back
Round trip time was 0.150519 milliseconds in repetition 321
tcp_ping received 24576 bytes back
Round trip time was 0.150658 milliseconds in repetition 322
tcp_ping received 24576 bytes back
Round trip time was 0.151919 milliseconds in repetition 323
tcp_ping received 24576 bytes back
Round trip time was 0.149951 milliseconds in repetition 324
tcp_ping received 24576 bytes back
Round trip time was 0.150301 milliseconds in repetition 325
tcp_ping received 24576 bytes back
Round trip time was 0.150395 milliseconds in repetition 326
tcp_ping received 24576 bytes back
Round trip time was 0.150348 milliseconds in repetition 327
tcp_ping received 24576 bytes back
Round trip time was 0.150809 milliseconds in repetition 328
tcp_ping received 24576 bytes back
Round trip time was 0.150077 milliseconds in repetition 329
tcp_ping received 24576 bytes back
Round trip time was 0.150545 milliseconds in repetition 330
tcp_ping received 24576 bytes back
Round trip time was 0.1509 milliseconds in repetition 331
tcp_ping received 24576 bytes back
Round trip time was 0.150896 milliseconds in repetition 332
tcp_ping received 24576 bytes back
Round trip time was 0.150533 milliseconds in repetition 333
tcp_ping received 24576 bytes back
Round trip time was 0.150213 milliseconds in repetition 334
tcp_ping received 24576 bytes back
Round trip time was 0.150185 milliseconds in repetition 335
tcp_ping received 24576 bytes back
Round trip time was 0.150381 milliseconds in repetition 336
tcp_ping received 24576 bytes back
Round trip time was 0.528983 milliseconds in repetition 337
tcp_ping received 24576 bytes back
Round trip time was 10.8423 milliseconds in repetition 338
tcp_ping received 24576 bytes back
Round trip time was 0.205978 milliseconds in repetition 339
tcp_ping received 24576 bytes back
Round trip time was 0.193245 milliseconds in repetition 340
tcp_ping received 24576 bytes back
Round trip time was 0.192649 milliseconds in repetition 341
tcp_ping received 24576 bytes back
Round trip time was 0.333746 milliseconds in repetition 342
tcp_ping received 24576 bytes back
Round trip time was 0.206889 milliseconds in repetition 343
tcp_ping received 24576 bytes back
Round trip time was 0.14735 milliseconds in repetition 344
tcp_ping received 24576 bytes back
Round trip time was 0.20025 milliseconds in repetition 345
tcp_ping received 24576 bytes back
Round trip time was 0.333386 milliseconds in repetition 346
tcp_ping received 24576 bytes back
Round trip time was 0.147485 milliseconds in repetition 347
tcp_ping received 24576 bytes back
Round trip time was 0.167823 milliseconds in repetition 348
tcp_ping received 24576 bytes back
Round trip time was 0.165427 milliseconds in repetition 349
tcp_ping received 24576 bytes back
Round trip time was 0.145674 milliseconds in repetition 350
tcp_ping received 24576 bytes back
Round trip time was 0.14524 milliseconds in repetition 351
tcp_ping received 24576 bytes back
Round trip time was 0.145432 milliseconds in repetition 352
tcp_ping received 24576 bytes back
Round trip time was 0.164064 milliseconds in repetition 353
tcp_ping received 24576 bytes back
Round trip time was 0.150771 milliseconds in repetition 354
tcp_ping received 24576 bytes back
Round trip time was 0.173793 milliseconds in repetition 355
tcp_ping received 24576 bytes back
Round trip time was 0.164056 milliseconds in repetition 356
tcp_ping received 24576 bytes back
Round trip time was 0.165534 milliseconds in repetition 357
tcp_ping received 24576 bytes back
Round trip time was 0.197057 milliseconds in repetition 358
tcp_ping received 24576 bytes back
Round trip time was 0.205038 milliseconds in repetition 359
tcp_ping received 24576 bytes back
Round trip time was 0.152246 milliseconds in repetition 360
tcp_ping received 24576 bytes back
Round trip time was 0.150744 milliseconds in repetition 361
tcp_ping received 24576 bytes back
Round trip time was 0.150191 milliseconds in repetition 362
tcp_ping received 24576 bytes back
Round trip time was 0.150781 milliseconds in repetition 363
tcp_ping received 24576 bytes back
Round trip time was 0.168885 milliseconds in repetition 364
tcp_ping received 24576 bytes back
Round trip time was 0.163878 milliseconds in repetition 365
tcp_ping received 24576 bytes back
Round trip time was 0.163478 milliseconds in repetition 366
tcp_ping received 24576 bytes back
Round trip time was 0.165922 milliseconds in repetition 367
tcp_ping received 24576 bytes back
Round trip time was 0.144496 milliseconds in repetition 368
tcp_ping received 24576 bytes back
Round trip time was 0.145147 milliseconds in repetition 369
tcp_ping received 24576 bytes back
Round trip time was 0.145038 milliseconds in repetition 370
tcp_ping received 24576 bytes back
Round trip time was 0.144907 milliseconds in repetition 371
tcp_ping received 24576 bytes back
Round trip time was 0.144796 milliseconds in repetition 372
tcp_ping received 24576 bytes back
Round trip time was 0.145795 milliseconds in repetition 373
tcp_ping received 24576 bytes back
Round trip time was 0.20295 milliseconds in repetition 374
tcp_ping received 24576 bytes back
Round trip time was 0.145691 milliseconds in repetition 375
tcp_ping received 24576 bytes back
Round trip time was 0.145223 milliseconds in repetition 376
tcp_ping received 24576 bytes back
Round trip time was 0.161518 milliseconds in repetition 377
tcp_ping received 24576 bytes back
Round trip time was 0.14998 milliseconds in repetition 378
tcp_ping received 24576 bytes back
Round trip time was 0.150569 milliseconds in repetition 379
tcp_ping received 24576 bytes back
Round trip time was 0.149794 milliseconds in repetition 380
tcp_ping received 24576 bytes back
Round trip time was 0.177269 milliseconds in repetition 381
tcp_ping received 24576 bytes back
Round trip time was 0.163756 milliseconds in repetition 382
tcp_ping received 24576 bytes back
Round trip time was 0.16331 milliseconds in repetition 383
tcp_ping received 24576 bytes back
Round trip time was 0.163566 milliseconds in repetition 384
tcp_ping received 24576 bytes back
Round trip time was 0.164022 milliseconds in repetition 385
tcp_ping received 24576 bytes back
Round trip time was 0.164032 milliseconds in repetition 386
tcp_ping received 24576 bytes back
Round trip time was 0.163789 milliseconds in repetition 387
tcp_ping received 24576 bytes back
Round trip time was 0.163561 milliseconds in repetition 388
tcp_ping received 24576 bytes back
Round trip time was 0.265351 milliseconds in repetition 389
tcp_ping received 24576 bytes back
Round trip time was 0.165729 milliseconds in repetition 390
tcp_ping received 24576 bytes back
Round trip time was 0.163829 milliseconds in repetition 391
tcp_ping received 24576 bytes back
Round trip time was 0.164177 milliseconds in repetition 392
tcp_ping received 24576 bytes back
Round trip time was 0.163645 milliseconds in repetition 393
tcp_ping received 24576 bytes back
Round trip time was 0.163989 milliseconds in repetition 394
tcp_ping received 24576 bytes back
Round trip time was 0.163709 milliseconds in repetition 395
tcp_ping received 24576 bytes back
Round trip time was 0.163806 milliseconds in repetition 396
tcp_ping received 24576 bytes back
Round trip time was 0.163928 milliseconds in repetition 397
tcp_ping received 24576 bytes back
Round trip time was 0.202582 milliseconds in repetition 398
tcp_ping received 24576 bytes back
Round trip time was 0.164104 milliseconds in repetition 399
tcp_ping received 24576 bytes back
Round trip time was 0.198665 milliseconds in repetition 400
tcp_ping received 24576 bytes back
Round trip time was 0.163692 milliseconds in repetition 401
tcp_ping received 24576 bytes back
Round trip time was 0.163737 milliseconds in repetition 402
tcp_ping received 24576 bytes back
Round trip time was 0.163825 milliseconds in repetition 403
tcp_ping received 24576 bytes back
Round trip time was 0.163409 milliseconds in repetition 404
tcp_ping received 24576 bytes back
Round trip time was 0.163763 milliseconds in repetition 405
tcp_ping received 24576 bytes back
Round trip time was 0.189731 milliseconds in repetition 406
tcp_ping received 24576 bytes back
Round trip time was 0.18926 milliseconds in repetition 407
tcp_ping received 24576 bytes back
Round trip time was 0.188664 milliseconds in repetition 408
tcp_ping received 24576 bytes back
Round trip time was 0.188597 milliseconds in repetition 409
tcp_ping received 24576 bytes back
Round trip time was 0.187702 milliseconds in repetition 410
tcp_ping received 24576 bytes back
Round trip time was 0.189033 milliseconds in repetition 411
tcp_ping received 24576 bytes back
Round trip time was 0.188987 milliseconds in repetition 412
tcp_ping received 24576 bytes back
Round trip time was 0.188014 milliseconds in repetition 413
tcp_ping received 24576 bytes back
Round trip time was 0.188282 milliseconds in repetition 414
tcp_ping received 24576 bytes back
Round trip time was 0.187194 milliseconds in repetition 415
tcp_ping received 24576 bytes back
Round trip time was 0.218641 milliseconds in repetition 416
tcp_ping received 24576 bytes back
Round trip time was 0.188512 milliseconds in repetition 417
tcp_ping received 24576 bytes back
Round trip time was 0.188883 milliseconds in repetition 418
tcp_ping received 24576 bytes back
Round trip time was 0.187975 milliseconds in repetition 419
tcp_ping received 24576 bytes back
Round trip time was 0.187985 milliseconds in repetition 420
tcp_ping received 24576 bytes back
Round trip time was 0.222228 milliseconds in repetition 421
tcp_ping received 24576 bytes back
Round trip time was 0.189274 milliseconds in repetition 422
tcp_ping received 24576 bytes back
Round trip time was 0.200255 milliseconds in repetition 423
tcp_ping received 24576 bytes back
Round trip time was 0.163535 milliseconds in repetition 424
tcp_ping received 24576 bytes back
Round trip time was 0.163067 milliseconds in repetition 425
tcp_ping received 24576 bytes back
Round trip time was 0.163771 milliseconds in repetition 426
tcp_ping received 24576 bytes back
Round trip time was 0.163845 milliseconds in repetition 427
tcp_ping received 24576 bytes back
Round trip time was 0.163706 milliseconds in repetition 428
tcp_ping received 24576 bytes back
Round trip time was 0.163718 milliseconds in repetition 429
tcp_ping received 24576 bytes back
Round trip time was 0.203316 milliseconds in repetition 430
tcp_ping received 24576 bytes back
Round trip time was 0.188385 milliseconds in repetition 431
tcp_ping received 24576 bytes back
Round trip time was 0.239451 milliseconds in repetition 432
tcp_ping received 24576 bytes back
Round trip time was 0.282056 milliseconds in repetition 433
tcp_ping received 24576 bytes back
Round trip time was 0.189915 milliseconds in repetition 434
tcp_ping received 24576 bytes back
Round trip time was 0.189208 milliseconds in repetition 435
tcp_ping received 24576 bytes back
Round trip time was 0.188868 milliseconds in repetition 436
tcp_ping received 24576 bytes back
Round trip time was 0.188721 milliseconds in repetition 437
tcp_ping received 24576 bytes back
Round trip time was 0.188838 milliseconds in repetition 438
tcp_ping received 24576 bytes back
Round trip time was 0.188863 milliseconds in repetition 439
tcp_ping received 24576 bytes back
Round trip time was 0.188995 milliseconds in repetition 440
tcp_ping received 24576 bytes back
Round trip time was 0.188341 milliseconds in repetition 441
tcp_ping received 24576 bytes back
Round trip time was 0.188829 milliseconds in repetition 442
tcp_ping received 24576 bytes back
Round trip time was 0.225886 milliseconds in repetition 443
tcp_ping received 24576 bytes back
Round trip time was 0.189414 milliseconds in repetition 444
tcp_ping received 24576 bytes back
Round trip time was 0.188862 milliseconds in repetition 445
tcp_ping received 24576 bytes back
Round trip time was 0.223539 milliseconds in repetition 446
tcp_ping received 24576 bytes back
Round trip time was 0.165686 milliseconds in repetition 447
tcp_ping received 24576 bytes back
Round trip time was 0.163943 milliseconds in repetition 448
tcp_ping received 24576 bytes back
Round trip time was 0.164839 milliseconds in repetition 449
tcp_ping received 24576 bytes back
Round trip time was 0.163937 milliseconds in repetition 450
tcp_ping received 24576 bytes back
Round trip time was 0.163696 milliseconds in repetition 451
tcp_ping received 24576 bytes back
Round trip time was 0.215966 milliseconds in repetition 452
tcp_ping received 24576 bytes back
Round trip time was 0.164397 milliseconds in repetition 453
tcp_ping received 24576 bytes back
Round trip time was 0.163909 milliseconds in repetition 454
tcp_ping received 24576 bytes back
Round trip time was 0.163841 milliseconds in repetition 455
tcp_ping received 24576 bytes back
Round trip time was 0.164038 milliseconds in repetition 456
tcp_ping received 24576 bytes back
Round trip time was 0.163506 milliseconds in repetition 457
tcp_ping received 24576 bytes back
Round trip time was 0.186191 milliseconds in repetition 458
tcp_ping received 24576 bytes back
Round trip time was 0.188249 milliseconds in repetition 459
tcp_ping received 24576 bytes back
Round trip time was 0.163597 milliseconds in repetition 460
tcp_ping received 24576 bytes back
Round trip time was 0.163762 milliseconds in repetition 461
tcp_ping received 24576 bytes back
Round trip time was 0.163938 milliseconds in repetition 462
tcp_ping received 24576 bytes back
Round trip time was 0.164231 milliseconds in repetition 463
tcp_ping received 24576 bytes back
Round trip time was 0.164154 milliseconds in repetition 464
tcp_ping received 24576 bytes back
Round trip time was 0.757106 milliseconds in repetition 465
tcp_ping received 24576 bytes back
Round trip time was 0.171249 milliseconds in repetition 466
tcp_ping received 24576 bytes back
Round trip time was 0.164144 milliseconds in repetition 467
tcp_ping received 24576 bytes back
Round trip time was 0.231634 milliseconds in repetition 468
tcp_ping received 24576 bytes back
Round trip time was 1.03377 milliseconds in repetition 469
tcp_ping received 24576 bytes back
Round trip time was 0.169961 milliseconds in repetition 470
tcp_ping received 24576 bytes back
Round trip time was 0.214592 milliseconds in repetition 471
tcp_ping received 24576 bytes back
Round trip time was 0.195304 milliseconds in repetition 472
tcp_ping received 24576 bytes back
Round trip time was 0.167998 milliseconds in repetition 473
tcp_ping received 24576 bytes back
Round trip time was 0.165914 milliseconds in repetition 474
tcp_ping received 24576 bytes back
Round trip time was 0.166024 milliseconds in repetition 475
tcp_ping received 24576 bytes back
Round trip time was 0.365812 milliseconds in repetition 476
tcp_ping received 24576 bytes back
Round trip time was 0.165843 milliseconds in repetition 477
tcp_ping received 24576 bytes back
Round trip time was 0.164145 milliseconds in repetition 478
tcp_ping received 24576 bytes back
Round trip time was 0.194314 milliseconds in repetition 479
tcp_ping received 24576 bytes back
Round trip time was 0.164581 milliseconds in repetition 480
tcp_ping received 24576 bytes back
Round trip time was 0.165015 milliseconds in repetition 481
tcp_ping received 24576 bytes back
Round trip time was 0.164095 milliseconds in repetition 482
tcp_ping received 24576 bytes back
Round trip time was 0.218739 milliseconds in repetition 483
tcp_ping received 24576 bytes back
Round trip time was 0.166479 milliseconds in repetition 484
tcp_ping received 24576 bytes back
Round trip time was 0.163973 milliseconds in repetition 485
tcp_ping received 24576 bytes back
Round trip time was 0.164064 milliseconds in repetition 486
tcp_ping received 24576 bytes back
Round trip time was 0.165438 milliseconds in repetition 487
tcp_ping received 24576 bytes back
Round trip time was 0.165792 milliseconds in repetition 488
tcp_ping received 24576 bytes back
Round trip time was 0.16525 milliseconds in repetition 489
tcp_ping received 24576 bytes back
Round trip time was 0.205315 milliseconds in repetition 490
tcp_ping received 24576 bytes back
Round trip time was 0.18964 milliseconds in repetition 491
tcp_ping received 24576 bytes back
Round trip time was 0.189933 milliseconds in repetition 492
tcp_ping received 24576 bytes back
Round trip time was 0.19029 milliseconds in repetition 493
tcp_ping received 24576 bytes back
Round trip time was 0.560408 milliseconds in repetition 494
tcp_ping received 24576 bytes back
Round trip time was 0.170754 milliseconds in repetition 495
tcp_ping received 24576 bytes back
Round trip time was 0.165495 milliseconds in repetition 496
tcp_ping received 24576 bytes back
Round trip time was 0.164686 milliseconds in repetition 497
tcp_ping received 24576 bytes back
Round trip time was 0.215032 milliseconds in repetition 498
tcp_ping received 24576 bytes back
Round trip time was 0.188769 milliseconds in repetition 499
tcp_ping received 24576 bytes back
Round trip time was 0.188432 milliseconds in repetition 500
tcp_ping received 24576 bytes back
Round trip time was 0.188746 milliseconds in repetition 501

 ... clock resolution was 1e-06
TCP Ping:  Statistics over 501 repetitions of 24576 byte messages

RTT : percentile 10: 0.151599, median: 0.485979, percentile 90: 0.807219, average: 0.618585, variance: 1.51184

RTT histogram:
0.144495 215
0.700076 257
1.25566 13
1.81124 2
2.36682 0
2.9224 1
3.47798 2
4.03356 0
4.58914 1
5.14472 1
5.7003 0
6.25588 1
6.81146 0
7.36705 1
7.92263 1
8.47821 2
9.03379 0
9.58937 1
10.1449 1
10.7005 1
11.2561 1

   median Throughput : 101140 KB/s   overall Throughput : 79458.8 KB/s

