TCP Ping trying to connect to server localhost (127.0.0.1) on port 1491
 ... connected to Pong server: asking for 501 repetitions of 12288 bytes TCP messages
 ... Pong server agreed :-)
tcp_ping received 12288 bytes back
Round trip time was 0.1858 milliseconds in repetition 1
tcp_ping received 12288 bytes back
Round trip time was 0.1636 milliseconds in repetition 2
tcp_ping received 12288 bytes back
Round trip time was 0.1106 milliseconds in repetition 3
tcp_ping received 12288 bytes back
Round trip time was 0.1158 milliseconds in repetition 4
tcp_ping received 12288 bytes back
Round trip time was 0.1834 milliseconds in repetition 5
tcp_ping received 12288 bytes back
Round trip time was 0.1242 milliseconds in repetition 6
tcp_ping received 12288 bytes back
Round trip time was 0.1239 milliseconds in repetition 7
tcp_ping received 12288 bytes back
Round trip time was 0.1538 milliseconds in repetition 8
tcp_ping received 12288 bytes back
Round trip time was 0.1661 milliseconds in repetition 9
tcp_ping received 12288 bytes back
Round trip time was 0.1143 milliseconds in repetition 10
tcp_ping received 12288 bytes back
Round trip time was 0.1935 milliseconds in repetition 11
tcp_ping received 12288 bytes back
Round trip time was 0.1763 milliseconds in repetition 12
tcp_ping received 12288 bytes back
Round trip time was 0.1805 milliseconds in repetition 13
tcp_ping received 12288 bytes back
Round trip time was 0.1727 milliseconds in repetition 14
tcp_ping received 12288 bytes back
Round trip time was 0.1708 milliseconds in repetition 15
tcp_ping received 12288 bytes back
Round trip time was 0.1789 milliseconds in repetition 16
tcp_ping received 12288 bytes back
Round trip time was 0.1727 milliseconds in repetition 17
tcp_ping received 12288 bytes back
Round trip time was 0.1884 milliseconds in repetition 18
tcp_ping received 12288 bytes back
Round trip time was 0.1666 milliseconds in repetition 19
tcp_ping received 12288 bytes back
Round trip time was 0.17 milliseconds in repetition 20
tcp_ping received 12288 bytes back
Round trip time was 0.1334 milliseconds in repetition 21
tcp_ping received 12288 bytes back
Round trip time was 0.2209 milliseconds in repetition 22
tcp_ping received 12288 bytes back
Round trip time was 0.191 milliseconds in repetition 23
tcp_ping received 12288 bytes back
Round trip time was 0.2063 milliseconds in repetition 24
tcp_ping received 12288 bytes back
Round trip time was 0.2031 milliseconds in repetition 25
tcp_ping received 12288 bytes back
Round trip time was 0.1893 milliseconds in repetition 26
tcp_ping received 12288 bytes back
Round trip time was 0.1671 milliseconds in repetition 27
tcp_ping received 12288 bytes back
Round trip time was 0.156 milliseconds in repetition 28
tcp_ping received 12288 bytes back
Round trip time was 0.2688 milliseconds in repetition 29
tcp_ping received 12288 bytes back
Round trip time was 0.2216 milliseconds in repetition 30
tcp_ping received 12288 bytes back
Round trip time was 0.1048 milliseconds in repetition 31
tcp_ping received 12288 bytes back
Round trip time was 0.1766 milliseconds in repetition 32
tcp_ping received 12288 bytes back
Round trip time was 0.1761 milliseconds in repetition 33
tcp_ping received 12288 bytes back
Round trip time was 0.1743 milliseconds in repetition 34
tcp_ping received 12288 bytes back
Round trip time was 0.1618 milliseconds in repetition 35
tcp_ping received 12288 bytes back
Round trip time was 0.1673 milliseconds in repetition 36
tcp_ping received 12288 bytes back
Round trip time was 0.1714 milliseconds in repetition 37
tcp_ping received 12288 bytes back
Round trip time was 0.1369 milliseconds in repetition 38
tcp_ping received 12288 bytes back
Round trip time was 0.1974 milliseconds in repetition 39
tcp_ping received 12288 bytes back
Round trip time was 0.195 milliseconds in repetition 40
tcp_ping received 12288 bytes back
Round trip time was 0.1816 milliseconds in repetition 41
tcp_ping received 12288 bytes back
Round trip time was 0.1867 milliseconds in repetition 42
tcp_ping received 12288 bytes back
Round trip time was 0.1788 milliseconds in repetition 43
tcp_ping received 12288 bytes back
Round trip time was 0.1472 milliseconds in repetition 44
tcp_ping received 12288 bytes back
Round trip time was 0.1757 milliseconds in repetition 45
tcp_ping received 12288 bytes back
Round trip time was 0.1431 milliseconds in repetition 46
tcp_ping received 12288 bytes back
Round trip time was 0.1554 milliseconds in repetition 47
tcp_ping received 12288 bytes back
Round trip time was 0.1929 milliseconds in repetition 48
tcp_ping received 12288 bytes back
Round trip time was 0.1468 milliseconds in repetition 49
tcp_ping received 12288 bytes back
Round trip time was 0.1874 milliseconds in repetition 50
tcp_ping received 12288 bytes back
Round trip time was 0.131 milliseconds in repetition 51
tcp_ping received 12288 bytes back
Round trip time was 0.1718 milliseconds in repetition 52
tcp_ping received 12288 bytes back
Round trip time was 0.1412 milliseconds in repetition 53
tcp_ping received 12288 bytes back
Round trip time was 0.1439 milliseconds in repetition 54
tcp_ping received 12288 bytes back
Round trip time was 0.1848 milliseconds in repetition 55
tcp_ping received 12288 bytes back
Round trip time was 0.1339 milliseconds in repetition 56
tcp_ping received 12288 bytes back
Round trip time was 0.1909 milliseconds in repetition 57
tcp_ping received 12288 bytes back
Round trip time was 0.1633 milliseconds in repetition 58
tcp_ping received 12288 bytes back
Round trip time was 0.1723 milliseconds in repetition 59
tcp_ping received 12288 bytes back
Round trip time was 0.1684 milliseconds in repetition 60
tcp_ping received 12288 bytes back
Round trip time was 0.1668 milliseconds in repetition 61
tcp_ping received 12288 bytes back
Round trip time was 0.1888 milliseconds in repetition 62
tcp_ping received 12288 bytes back
Round trip time was 0.19 milliseconds in repetition 63
tcp_ping received 12288 bytes back
Round trip time was 0.1844 milliseconds in repetition 64
tcp_ping received 12288 bytes back
Round trip time was 0.1155 milliseconds in repetition 65
tcp_ping received 12288 bytes back
Round trip time was 0.1692 milliseconds in repetition 66
tcp_ping received 12288 bytes back
Round trip time was 0.1668 milliseconds in repetition 67
tcp_ping received 12288 bytes back
Round trip time was 0.1753 milliseconds in repetition 68
tcp_ping received 12288 bytes back
Round trip time was 0.1409 milliseconds in repetition 69
tcp_ping received 12288 bytes back
Round trip time was 0.1513 milliseconds in repetition 70
tcp_ping received 12288 bytes back
Round trip time was 0.1437 milliseconds in repetition 71
tcp_ping received 12288 bytes back
Round trip time was 0.1721 milliseconds in repetition 72
tcp_ping received 12288 bytes back
Round trip time was 0.1506 milliseconds in repetition 73
tcp_ping received 12288 bytes back
Round trip time was 0.2359 milliseconds in repetition 74
tcp_ping received 12288 bytes back
Round trip time was 0.1735 milliseconds in repetition 75
tcp_ping received 12288 bytes back
Round trip time was 0.1904 milliseconds in repetition 76
tcp_ping received 12288 bytes back
Round trip time was 0.1517 milliseconds in repetition 77
tcp_ping received 12288 bytes back
Round trip time was 0.1883 milliseconds in repetition 78
tcp_ping received 12288 bytes back
Round trip time was 0.168 milliseconds in repetition 79
tcp_ping received 12288 bytes back
Round trip time was 0.184 milliseconds in repetition 80
tcp_ping received 12288 bytes back
Round trip time was 0.2654 milliseconds in repetition 81
tcp_ping received 12288 bytes back
Round trip time was 0.1358 milliseconds in repetition 82
tcp_ping received 12288 bytes back
Round trip time was 0.1601 milliseconds in repetition 83
tcp_ping received 12288 bytes back
Round trip time was 0.1977 milliseconds in repetition 84
tcp_ping received 12288 bytes back
Round trip time was 0.1678 milliseconds in repetition 85
tcp_ping received 12288 bytes back
Round trip time was 0.1194 milliseconds in repetition 86
tcp_ping received 12288 bytes back
Round trip time was 0.13 milliseconds in repetition 87
tcp_ping received 12288 bytes back
Round trip time was 0.1133 milliseconds in repetition 88
tcp_ping received 12288 bytes back
Round trip time was 0.1824 milliseconds in repetition 89
tcp_ping received 12288 bytes back
Round trip time was 0.1672 milliseconds in repetition 90
tcp_ping received 12288 bytes back
Round trip time was 0.2249 milliseconds in repetition 91
tcp_ping received 12288 bytes back
Round trip time was 0.2011 milliseconds in repetition 92
tcp_ping received 12288 bytes back
Round trip time was 0.1752 milliseconds in repetition 93
tcp_ping received 12288 bytes back
Round trip time was 0.2175 milliseconds in repetition 94
tcp_ping received 12288 bytes back
Round trip time was 0.163 milliseconds in repetition 95
tcp_ping received 12288 bytes back
Round trip time was 0.1303 milliseconds in repetition 96
tcp_ping received 12288 bytes back
Round trip time was 0.2256 milliseconds in repetition 97
tcp_ping received 12288 bytes back
Round trip time was 0.1723 milliseconds in repetition 98
tcp_ping received 12288 bytes back
Round trip time was 0.1797 milliseconds in repetition 99
tcp_ping received 12288 bytes back
Round trip time was 0.1983 milliseconds in repetition 100
tcp_ping received 12288 bytes back
Round trip time was 0.1882 milliseconds in repetition 101
tcp_ping received 12288 bytes back
Round trip time was 0.2026 milliseconds in repetition 102
tcp_ping received 12288 bytes back
Round trip time was 0.1847 milliseconds in repetition 103
tcp_ping received 12288 bytes back
Round trip time was 0.1452 milliseconds in repetition 104
tcp_ping received 12288 bytes back
Round trip time was 0.1438 milliseconds in repetition 105
tcp_ping received 12288 bytes back
Round trip time was 0.1847 milliseconds in repetition 106
tcp_ping received 12288 bytes back
Round trip time was 0.1847 milliseconds in repetition 107
tcp_ping received 12288 bytes back
Round trip time was 0.183 milliseconds in repetition 108
tcp_ping received 12288 bytes back
Round trip time was 0.1848 milliseconds in repetition 109
tcp_ping received 12288 bytes back
Round trip time was 0.1755 milliseconds in repetition 110
tcp_ping received 12288 bytes back
Round trip time was 0.1733 milliseconds in repetition 111
tcp_ping received 12288 bytes back
Round trip time was 0.1679 milliseconds in repetition 112
tcp_ping received 12288 bytes back
Round trip time was 0.1682 milliseconds in repetition 113
tcp_ping received 12288 bytes back
Round trip time was 0.2126 milliseconds in repetition 114
tcp_ping received 12288 bytes back
Round trip time was 0.165 milliseconds in repetition 115
tcp_ping received 12288 bytes back
Round trip time was 0.1997 milliseconds in repetition 116
tcp_ping received 12288 bytes back
Round trip time was 0.1826 milliseconds in repetition 117
tcp_ping received 12288 bytes back
Round trip time was 0.1852 milliseconds in repetition 118
tcp_ping received 12288 bytes back
Round trip time was 0.1523 milliseconds in repetition 119
tcp_ping received 12288 bytes back
Round trip time was 0.1556 milliseconds in repetition 120
tcp_ping received 12288 bytes back
Round trip time was 0.2386 milliseconds in repetition 121
tcp_ping received 12288 bytes back
Round trip time was 0.1713 milliseconds in repetition 122
tcp_ping received 12288 bytes back
Round trip time was 0.144 milliseconds in repetition 123
tcp_ping received 12288 bytes back
Round trip time was 0.2051 milliseconds in repetition 124
tcp_ping received 12288 bytes back
Round trip time was 0.1688 milliseconds in repetition 125
tcp_ping received 12288 bytes back
Round trip time was 0.1319 milliseconds in repetition 126
tcp_ping received 12288 bytes back
Round trip time was 0.1684 milliseconds in repetition 127
tcp_ping received 12288 bytes back
Round trip time was 0.1325 milliseconds in repetition 128
tcp_ping received 12288 bytes back
Round trip time was 0.1975 milliseconds in repetition 129
tcp_ping received 12288 bytes back
Round trip time was 0.1853 milliseconds in repetition 130
tcp_ping received 12288 bytes back
Round trip time was 0.186 milliseconds in repetition 131
tcp_ping received 12288 bytes back
Round trip time was 0.1417 milliseconds in repetition 132
tcp_ping received 12288 bytes back
Round trip time was 0.1461 milliseconds in repetition 133
tcp_ping received 12288 bytes back
Round trip time was 0.1383 milliseconds in repetition 134
tcp_ping received 12288 bytes back
Round trip time was 0.1419 milliseconds in repetition 135
tcp_ping received 12288 bytes back
Round trip time was 0.1417 milliseconds in repetition 136
tcp_ping received 12288 bytes back
Round trip time was 0.1424 milliseconds in repetition 137
tcp_ping received 12288 bytes back
Round trip time was 0.1415 milliseconds in repetition 138
tcp_ping received 12288 bytes back
Round trip time was 0.144 milliseconds in repetition 139
tcp_ping received 12288 bytes back
Round trip time was 0.0939 milliseconds in repetition 140
tcp_ping received 12288 bytes back
Round trip time was 0.1387 milliseconds in repetition 141
tcp_ping received 12288 bytes back
Round trip time was 0.1291 milliseconds in repetition 142
tcp_ping received 12288 bytes back
Round trip time was 0.1299 milliseconds in repetition 143
tcp_ping received 12288 bytes back
Round trip time was 0.1245 milliseconds in repetition 144
tcp_ping received 12288 bytes back
Round trip time was 0.1243 milliseconds in repetition 145
tcp_ping received 12288 bytes back
Round trip time was 0.1295 milliseconds in repetition 146
tcp_ping received 12288 bytes back
Round trip time was 0.1252 milliseconds in repetition 147
tcp_ping received 12288 bytes back
Round trip time was 0.1326 milliseconds in repetition 148
tcp_ping received 12288 bytes back
Round trip time was 0.133 milliseconds in repetition 149
tcp_ping received 12288 bytes back
Round trip time was 0.1017 milliseconds in repetition 150
tcp_ping received 12288 bytes back
Round trip time was 0.1352 milliseconds in repetition 151
tcp_ping received 12288 bytes back
Round trip time was 0.1362 milliseconds in repetition 152
tcp_ping received 12288 bytes back
Round trip time was 0.1614 milliseconds in repetition 153
tcp_ping received 12288 bytes back
Round trip time was 0.1478 milliseconds in repetition 154
tcp_ping received 12288 bytes back
Round trip time was 0.102 milliseconds in repetition 155
tcp_ping received 12288 bytes back
Round trip time was 0.0981 milliseconds in repetition 156
tcp_ping received 12288 bytes back
Round trip time was 0.0954 milliseconds in repetition 157
tcp_ping received 12288 bytes back
Round trip time was 0.1007 milliseconds in repetition 158
tcp_ping received 12288 bytes back
Round trip time was 0.0927 milliseconds in repetition 159
tcp_ping received 12288 bytes back
Round trip time was 0.1232 milliseconds in repetition 160
tcp_ping received 12288 bytes back
Round trip time was 0.2672 milliseconds in repetition 161
tcp_ping received 12288 bytes back
Round trip time was 0.1352 milliseconds in repetition 162
tcp_ping received 12288 bytes back
Round trip time was 0.1259 milliseconds in repetition 163
tcp_ping received 12288 bytes back
Round trip time was 0.1297 milliseconds in repetition 164
tcp_ping received 12288 bytes back
Round trip time was 0.1333 milliseconds in repetition 165
tcp_ping received 12288 bytes back
Round trip time was 0.1213 milliseconds in repetition 166
tcp_ping received 12288 bytes back
Round trip time was 0.1006 milliseconds in repetition 167
tcp_ping received 12288 bytes back
Round trip time was 0.107 milliseconds in repetition 168
tcp_ping received 12288 bytes back
Round trip time was 0.1025 milliseconds in repetition 169
tcp_ping received 12288 bytes back
Round trip time was 0.1441 milliseconds in repetition 170
tcp_ping received 12288 bytes back
Round trip time was 0.2154 milliseconds in repetition 171
tcp_ping received 12288 bytes back
Round trip time was 0.1008 milliseconds in repetition 172
tcp_ping received 12288 bytes back
Round trip time was 0.0922 milliseconds in repetition 173
tcp_ping received 12288 bytes back
Round trip time was 0.0839 milliseconds in repetition 174
tcp_ping received 12288 bytes back
Round trip time was 0.0839 milliseconds in repetition 175
tcp_ping received 12288 bytes back
Round trip time was 0.0843 milliseconds in repetition 176
tcp_ping received 12288 bytes back
Round trip time was 0.0839 milliseconds in repetition 177
tcp_ping received 12288 bytes back
Round trip time was 0.0816 milliseconds in repetition 178
tcp_ping received 12288 bytes back
Round trip time was 0.112 milliseconds in repetition 179
tcp_ping received 12288 bytes back
Round trip time was 0.1034 milliseconds in repetition 180
tcp_ping received 12288 bytes back
Round trip time was 0.0976 milliseconds in repetition 181
tcp_ping received 12288 bytes back
Round trip time was 0.0935 milliseconds in repetition 182
tcp_ping received 12288 bytes back
Round trip time was 0.0915 milliseconds in repetition 183
tcp_ping received 12288 bytes back
Round trip time was 0.0846 milliseconds in repetition 184
tcp_ping received 12288 bytes back
Round trip time was 0.0851 milliseconds in repetition 185
tcp_ping received 12288 bytes back
Round trip time was 0.0836 milliseconds in repetition 186
tcp_ping received 12288 bytes back
Round trip time was 0.0853 milliseconds in repetition 187
tcp_ping received 12288 bytes back
Round trip time was 0.0969 milliseconds in repetition 188
tcp_ping received 12288 bytes back
Round trip time was 0.0941 milliseconds in repetition 189
tcp_ping received 12288 bytes back
Round trip time was 0.0848 milliseconds in repetition 190
tcp_ping received 12288 bytes back
Round trip time was 0.0839 milliseconds in repetition 191
tcp_ping received 12288 bytes back
Round trip time was 0.0836 milliseconds in repetition 192
tcp_ping received 12288 bytes back
Round trip time was 0.09 milliseconds in repetition 193
tcp_ping received 12288 bytes back
Round trip time was 0.0878 milliseconds in repetition 194
tcp_ping received 12288 bytes back
Round trip time was 0.084 milliseconds in repetition 195
tcp_ping received 12288 bytes back
Round trip time was 0.0928 milliseconds in repetition 196
tcp_ping received 12288 bytes back
Round trip time was 0.0853 milliseconds in repetition 197
tcp_ping received 12288 bytes back
Round trip time was 0.0832 milliseconds in repetition 198
tcp_ping received 12288 bytes back
Round trip time was 0.0864 milliseconds in repetition 199
tcp_ping received 12288 bytes back
Round trip time was 0.0967 milliseconds in repetition 200
tcp_ping received 12288 bytes back
Round trip time was 0.0848 milliseconds in repetition 201
tcp_ping received 12288 bytes back
Round trip time was 0.0844 milliseconds in repetition 202
tcp_ping received 12288 bytes back
Round trip time was 0.0965 milliseconds in repetition 203
tcp_ping received 12288 bytes back
Round trip time was 0.1041 milliseconds in repetition 204
tcp_ping received 12288 bytes back
Round trip time was 0.1177 milliseconds in repetition 205
tcp_ping received 12288 bytes back
Round trip time was 0.0976 milliseconds in repetition 206
tcp_ping received 12288 bytes back
Round trip time was 0.0946 milliseconds in repetition 207
tcp_ping received 12288 bytes back
Round trip time was 0.0953 milliseconds in repetition 208
tcp_ping received 12288 bytes back
Round trip time was 0.1053 milliseconds in repetition 209
tcp_ping received 12288 bytes back
Round trip time was 0.0899 milliseconds in repetition 210
tcp_ping received 12288 bytes back
Round trip time was 0.085 milliseconds in repetition 211
tcp_ping received 12288 bytes back
Round trip time was 0.0841 milliseconds in repetition 212
tcp_ping received 12288 bytes back
Round trip time was 0.0844 milliseconds in repetition 213
tcp_ping received 12288 bytes back
Round trip time was 0.1045 milliseconds in repetition 214
tcp_ping received 12288 bytes back
Round trip time was 0.1056 milliseconds in repetition 215
tcp_ping received 12288 bytes back
Round trip time was 0.1192 milliseconds in repetition 216
tcp_ping received 12288 bytes back
Round trip time was 0.1435 milliseconds in repetition 217
tcp_ping received 12288 bytes back
Round trip time was 0.1358 milliseconds in repetition 218
tcp_ping received 12288 bytes back
Round trip time was 0.1191 milliseconds in repetition 219
tcp_ping received 12288 bytes back
Round trip time was 0.092 milliseconds in repetition 220
tcp_ping received 12288 bytes back
Round trip time was 0.1096 milliseconds in repetition 221
tcp_ping received 12288 bytes back
Round trip time was 0.0862 milliseconds in repetition 222
tcp_ping received 12288 bytes back
Round trip time was 0.0958 milliseconds in repetition 223
tcp_ping received 12288 bytes back
Round trip time was 0.082 milliseconds in repetition 224
tcp_ping received 12288 bytes back
Round trip time was 0.0818 milliseconds in repetition 225
tcp_ping received 12288 bytes back
Round trip time was 0.0816 milliseconds in repetition 226
tcp_ping received 12288 bytes back
Round trip time was 0.0828 milliseconds in repetition 227
tcp_ping received 12288 bytes back
Round trip time was 0.0817 milliseconds in repetition 228
tcp_ping received 12288 bytes back
Round trip time was 0.0811 milliseconds in repetition 229
tcp_ping received 12288 bytes back
Round trip time was 0.0864 milliseconds in repetition 230
tcp_ping received 12288 bytes back
Round trip time was 0.0885 milliseconds in repetition 231
tcp_ping received 12288 bytes back
Round trip time was 0.0824 milliseconds in repetition 232
tcp_ping received 12288 bytes back
Round trip time was 0.0817 milliseconds in repetition 233
tcp_ping received 12288 bytes back
Round trip time was 0.0997 milliseconds in repetition 234
tcp_ping received 12288 bytes back
Round trip time was 0.0945 milliseconds in repetition 235
tcp_ping received 12288 bytes back
Round trip time was 0.0812 milliseconds in repetition 236
tcp_ping received 12288 bytes back
Round trip time was 0.0807 milliseconds in repetition 237
tcp_ping received 12288 bytes back
Round trip time was 0.0843 milliseconds in repetition 238
tcp_ping received 12288 bytes back
Round trip time was 0.0836 milliseconds in repetition 239
tcp_ping received 12288 bytes back
Round trip time was 0.086 milliseconds in repetition 240
tcp_ping received 12288 bytes back
Round trip time was 0.0836 milliseconds in repetition 241
tcp_ping received 12288 bytes back
Round trip time was 0.0832 milliseconds in repetition 242
tcp_ping received 12288 bytes back
Round trip time was 0.0849 milliseconds in repetition 243
tcp_ping received 12288 bytes back
Round trip time was 0.0832 milliseconds in repetition 244
tcp_ping received 12288 bytes back
Round trip time was 0.0835 milliseconds in repetition 245
tcp_ping received 12288 bytes back
Round trip time was 0.0829 milliseconds in repetition 246
tcp_ping received 12288 bytes back
Round trip time was 0.0831 milliseconds in repetition 247
tcp_ping received 12288 bytes back
Round trip time was 0.0978 milliseconds in repetition 248
tcp_ping received 12288 bytes back
Round trip time was 0.092 milliseconds in repetition 249
tcp_ping received 12288 bytes back
Round trip time was 0.0876 milliseconds in repetition 250
tcp_ping received 12288 bytes back
Round trip time was 0.0856 milliseconds in repetition 251
tcp_ping received 12288 bytes back
Round trip time was 0.0855 milliseconds in repetition 252
tcp_ping received 12288 bytes back
Round trip time was 0.0853 milliseconds in repetition 253
tcp_ping received 12288 bytes back
Round trip time was 0.0865 milliseconds in repetition 254
tcp_ping received 12288 bytes back
Round trip time was 0.0857 milliseconds in repetition 255
tcp_ping received 12288 bytes back
Round trip time was 0.0998 milliseconds in repetition 256
tcp_ping received 12288 bytes back
Round trip time was 0.0875 milliseconds in repetition 257
tcp_ping received 12288 bytes back
Round trip time was 0.0873 milliseconds in repetition 258
tcp_ping received 12288 bytes back
Round trip time was 0.1069 milliseconds in repetition 259
tcp_ping received 12288 bytes back
Round trip time was 0.0914 milliseconds in repetition 260
tcp_ping received 12288 bytes back
Round trip time was 0.1007 milliseconds in repetition 261
tcp_ping received 12288 bytes back
Round trip time was 0.1026 milliseconds in repetition 262
tcp_ping received 12288 bytes back
Round trip time was 0.0902 milliseconds in repetition 263
tcp_ping received 12288 bytes back
Round trip time was 0.1047 milliseconds in repetition 264
tcp_ping received 12288 bytes back
Round trip time was 0.0975 milliseconds in repetition 265
tcp_ping received 12288 bytes back
Round trip time was 0.0937 milliseconds in repetition 266
tcp_ping received 12288 bytes back
Round trip time was 0.0906 milliseconds in repetition 267
tcp_ping received 12288 bytes back
Round trip time was 0.0972 milliseconds in repetition 268
tcp_ping received 12288 bytes back
Round trip time was 0.0901 milliseconds in repetition 269
tcp_ping received 12288 bytes back
Round trip time was 0.089 milliseconds in repetition 270
tcp_ping received 12288 bytes back
Round trip time was 0.09 milliseconds in repetition 271
tcp_ping received 12288 bytes back
Round trip time was 0.0845 milliseconds in repetition 272
tcp_ping received 12288 bytes back
Round trip time was 0.0837 milliseconds in repetition 273
tcp_ping received 12288 bytes back
Round trip time was 0.0883 milliseconds in repetition 274
tcp_ping received 12288 bytes back
Round trip time was 0.0849 milliseconds in repetition 275
tcp_ping received 12288 bytes back
Round trip time was 0.0852 milliseconds in repetition 276
tcp_ping received 12288 bytes back
Round trip time was 0.084 milliseconds in repetition 277
tcp_ping received 12288 bytes back
Round trip time was 0.0895 milliseconds in repetition 278
tcp_ping received 12288 bytes back
Round trip time was 0.1034 milliseconds in repetition 279
tcp_ping received 12288 bytes back
Round trip time was 0.0857 milliseconds in repetition 280
tcp_ping received 12288 bytes back
Round trip time was 0.085 milliseconds in repetition 281
tcp_ping received 12288 bytes back
Round trip time was 0.0862 milliseconds in repetition 282
tcp_ping received 12288 bytes back
Round trip time was 0.0867 milliseconds in repetition 283
tcp_ping received 12288 bytes back
Round trip time was 0.0851 milliseconds in repetition 284
tcp_ping received 12288 bytes back
Round trip time was 0.085 milliseconds in repetition 285
tcp_ping received 12288 bytes back
Round trip time was 0.1384 milliseconds in repetition 286
tcp_ping received 12288 bytes back
Round trip time was 0.1287 milliseconds in repetition 287
tcp_ping received 12288 bytes back
Round trip time was 0.0949 milliseconds in repetition 288
tcp_ping received 12288 bytes back
Round trip time was 0.1188 milliseconds in repetition 289
tcp_ping received 12288 bytes back
Round trip time was 0.1239 milliseconds in repetition 290
tcp_ping received 12288 bytes back
Round trip time was 0.1232 milliseconds in repetition 291
tcp_ping received 12288 bytes back
Round trip time was 0.1034 milliseconds in repetition 292
tcp_ping received 12288 bytes back
Round trip time was 0.1467 milliseconds in repetition 293
tcp_ping received 12288 bytes back
Round trip time was 0.1588 milliseconds in repetition 294
tcp_ping received 12288 bytes back
Round trip time was 0.268 milliseconds in repetition 295
tcp_ping received 12288 bytes back
Round trip time was 0.1984 milliseconds in repetition 296
tcp_ping received 12288 bytes back
Round trip time was 0.1698 milliseconds in repetition 297
tcp_ping received 12288 bytes back
Round trip time was 0.1405 milliseconds in repetition 298
tcp_ping received 12288 bytes back
Round trip time was 0.1327 milliseconds in repetition 299
tcp_ping received 12288 bytes back
Round trip time was 0.1352 milliseconds in repetition 300
tcp_ping received 12288 bytes back
Round trip time was 0.1043 milliseconds in repetition 301
tcp_ping received 12288 bytes back
Round trip time was 0.1057 milliseconds in repetition 302
tcp_ping received 12288 bytes back
Round trip time was 0.0991 milliseconds in repetition 303
tcp_ping received 12288 bytes back
Round trip time was 0.1037 milliseconds in repetition 304
tcp_ping received 12288 bytes back
Round trip time was 0.1156 milliseconds in repetition 305
tcp_ping received 12288 bytes back
Round trip time was 0.1061 milliseconds in repetition 306
tcp_ping received 12288 bytes back
Round trip time was 0.0979 milliseconds in repetition 307
tcp_ping received 12288 bytes back
Round trip time was 0.0992 milliseconds in repetition 308
tcp_ping received 12288 bytes back
Round trip time was 0.1097 milliseconds in repetition 309
tcp_ping received 12288 bytes back
Round trip time was 0.1849 milliseconds in repetition 310
tcp_ping received 12288 bytes back
Round trip time was 0.154 milliseconds in repetition 311
tcp_ping received 12288 bytes back
Round trip time was 0.1148 milliseconds in repetition 312
tcp_ping received 12288 bytes back
Round trip time was 0.1284 milliseconds in repetition 313
tcp_ping received 12288 bytes back
Round trip time was 0.106 milliseconds in repetition 314
tcp_ping received 12288 bytes back
Round trip time was 0.1046 milliseconds in repetition 315
tcp_ping received 12288 bytes back
Round trip time was 0.0888 milliseconds in repetition 316
tcp_ping received 12288 bytes back
Round trip time was 0.0847 milliseconds in repetition 317
tcp_ping received 12288 bytes back
Round trip time was 0.0957 milliseconds in repetition 318
tcp_ping received 12288 bytes back
Round trip time was 0.1134 milliseconds in repetition 319
tcp_ping received 12288 bytes back
Round trip time was 0.1836 milliseconds in repetition 320
tcp_ping received 12288 bytes back
Round trip time was 0.2209 milliseconds in repetition 321
tcp_ping received 12288 bytes back
Round trip time was 0.1065 milliseconds in repetition 322
tcp_ping received 12288 bytes back
Round trip time was 0.1184 milliseconds in repetition 323
tcp_ping received 12288 bytes back
Round trip time was 0.1031 milliseconds in repetition 324
tcp_ping received 12288 bytes back
Round trip time was 0.1283 milliseconds in repetition 325
tcp_ping received 12288 bytes back
Round trip time was 0.1013 milliseconds in repetition 326
tcp_ping received 12288 bytes back
Round trip time was 0.1073 milliseconds in repetition 327
tcp_ping received 12288 bytes back
Round trip time was 0.1032 milliseconds in repetition 328
tcp_ping received 12288 bytes back
Round trip time was 0.083 milliseconds in repetition 329
tcp_ping received 12288 bytes back
Round trip time was 0.1407 milliseconds in repetition 330
tcp_ping received 12288 bytes back
Round trip time was 0.1303 milliseconds in repetition 331
tcp_ping received 12288 bytes back
Round trip time was 0.0965 milliseconds in repetition 332
tcp_ping received 12288 bytes back
Round trip time was 0.1048 milliseconds in repetition 333
tcp_ping received 12288 bytes back
Round trip time was 0.1266 milliseconds in repetition 334
tcp_ping received 12288 bytes back
Round trip time was 0.1244 milliseconds in repetition 335
tcp_ping received 12288 bytes back
Round trip time was 0.1014 milliseconds in repetition 336
tcp_ping received 12288 bytes back
Round trip time was 0.1452 milliseconds in repetition 337
tcp_ping received 12288 bytes back
Round trip time was 0.0895 milliseconds in repetition 338
tcp_ping received 12288 bytes back
Round trip time was 0.0937 milliseconds in repetition 339
tcp_ping received 12288 bytes back
Round trip time was 0.1028 milliseconds in repetition 340
tcp_ping received 12288 bytes back
Round trip time was 0.1205 milliseconds in repetition 341
tcp_ping received 12288 bytes back
Round trip time was 0.1386 milliseconds in repetition 342
tcp_ping received 12288 bytes back
Round trip time was 0.1496 milliseconds in repetition 343
tcp_ping received 12288 bytes back
Round trip time was 0.1538 milliseconds in repetition 344
tcp_ping received 12288 bytes back
Round trip time was 0.0915 milliseconds in repetition 345
tcp_ping received 12288 bytes back
Round trip time was 0.097 milliseconds in repetition 346
tcp_ping received 12288 bytes back
Round trip time was 0.0815 milliseconds in repetition 347
tcp_ping received 12288 bytes back
Round trip time was 0.1217 milliseconds in repetition 348
tcp_ping received 12288 bytes back
Round trip time was 0.0842 milliseconds in repetition 349
tcp_ping received 12288 bytes back
Round trip time was 0.0902 milliseconds in repetition 350
tcp_ping received 12288 bytes back
Round trip time was 0.0878 milliseconds in repetition 351
tcp_ping received 12288 bytes back
Round trip time was 0.0943 milliseconds in repetition 352
tcp_ping received 12288 bytes back
Round trip time was 0.1215 milliseconds in repetition 353
tcp_ping received 12288 bytes back
Round trip time was 0.0931 milliseconds in repetition 354
tcp_ping received 12288 bytes back
Round trip time was 0.0885 milliseconds in repetition 355
tcp_ping received 12288 bytes back
Round trip time was 0.091 milliseconds in repetition 356
tcp_ping received 12288 bytes back
Round trip time was 0.0937 milliseconds in repetition 357
tcp_ping received 12288 bytes back
Round trip time was 0.0856 milliseconds in repetition 358
tcp_ping received 12288 bytes back
Round trip time was 0.0989 milliseconds in repetition 359
tcp_ping received 12288 bytes back
Round trip time was 0.09 milliseconds in repetition 360
tcp_ping received 12288 bytes back
Round trip time was 0.0951 milliseconds in repetition 361
tcp_ping received 12288 bytes back
Round trip time was 0.0996 milliseconds in repetition 362
tcp_ping received 12288 bytes back
Round trip time was 0.0907 milliseconds in repetition 363
tcp_ping received 12288 bytes back
Round trip time was 0.0875 milliseconds in repetition 364
tcp_ping received 12288 bytes back
Round trip time was 0.0843 milliseconds in repetition 365
tcp_ping received 12288 bytes back
Round trip time was 0.0836 milliseconds in repetition 366
tcp_ping received 12288 bytes back
Round trip time was 0.0832 milliseconds in repetition 367
tcp_ping received 12288 bytes back
Round trip time was 0.0835 milliseconds in repetition 368
tcp_ping received 12288 bytes back
Round trip time was 0.0833 milliseconds in repetition 369
tcp_ping received 12288 bytes back
Round trip time was 0.0852 milliseconds in repetition 370
tcp_ping received 12288 bytes back
Round trip time was 0.0834 milliseconds in repetition 371
tcp_ping received 12288 bytes back
Round trip time was 0.0997 milliseconds in repetition 372
tcp_ping received 12288 bytes back
Round trip time was 0.0856 milliseconds in repetition 373
tcp_ping received 12288 bytes back
Round trip time was 0.092 milliseconds in repetition 374
tcp_ping received 12288 bytes back
Round trip time was 0.086 milliseconds in repetition 375
tcp_ping received 12288 bytes back
Round trip time was 0.0873 milliseconds in repetition 376
tcp_ping received 12288 bytes back
Round trip time was 0.0858 milliseconds in repetition 377
tcp_ping received 12288 bytes back
Round trip time was 0.0854 milliseconds in repetition 378
tcp_ping received 12288 bytes back
Round trip time was 0.0852 milliseconds in repetition 379
tcp_ping received 12288 bytes back
Round trip time was 0.0852 milliseconds in repetition 380
tcp_ping received 12288 bytes back
Round trip time was 0.09 milliseconds in repetition 381
tcp_ping received 12288 bytes back
Round trip time was 0.0875 milliseconds in repetition 382
tcp_ping received 12288 bytes back
Round trip time was 0.0896 milliseconds in repetition 383
tcp_ping received 12288 bytes back
Round trip time was 0.0877 milliseconds in repetition 384
tcp_ping received 12288 bytes back
Round trip time was 0.0881 milliseconds in repetition 385
tcp_ping received 12288 bytes back
Round trip time was 0.0876 milliseconds in repetition 386
tcp_ping received 12288 bytes back
Round trip time was 0.089 milliseconds in repetition 387
tcp_ping received 12288 bytes back
Round trip time was 0.0876 milliseconds in repetition 388
tcp_ping received 12288 bytes back
Round trip time was 0.0875 milliseconds in repetition 389
tcp_ping received 12288 bytes back
Round trip time was 0.1016 milliseconds in repetition 390
tcp_ping received 12288 bytes back
Round trip time was 0.0902 milliseconds in repetition 391
tcp_ping received 12288 bytes back
Round trip time was 0.1003 milliseconds in repetition 392
tcp_ping received 12288 bytes back
Round trip time was 0.1307 milliseconds in repetition 393
tcp_ping received 12288 bytes back
Round trip time was 0.1267 milliseconds in repetition 394
tcp_ping received 12288 bytes back
Round trip time was 0.1751 milliseconds in repetition 395
tcp_ping received 12288 bytes back
Round trip time was 0.1462 milliseconds in repetition 396
tcp_ping received 12288 bytes back
Round trip time was 0.137 milliseconds in repetition 397
tcp_ping received 12288 bytes back
Round trip time was 0.1236 milliseconds in repetition 398
tcp_ping received 12288 bytes back
Round trip time was 0.1082 milliseconds in repetition 399
tcp_ping received 12288 bytes back
Round trip time was 0.0947 milliseconds in repetition 400
tcp_ping received 12288 bytes back
Round trip time was 0.0916 milliseconds in repetition 401
tcp_ping received 12288 bytes back
Round trip time was 0.1265 milliseconds in repetition 402
tcp_ping received 12288 bytes back
Round trip time was 0.1456 milliseconds in repetition 403
tcp_ping received 12288 bytes back
Round trip time was 0.1912 milliseconds in repetition 404
tcp_ping received 12288 bytes back
Round trip time was 0.1872 milliseconds in repetition 405
tcp_ping received 12288 bytes back
Round trip time was 0.1691 milliseconds in repetition 406
tcp_ping received 12288 bytes back
Round trip time was 0.1889 milliseconds in repetition 407
tcp_ping received 12288 bytes back
Round trip time was 0.1983 milliseconds in repetition 408
tcp_ping received 12288 bytes back
Round trip time was 0.2884 milliseconds in repetition 409
tcp_ping received 12288 bytes back
Round trip time was 0.1553 milliseconds in repetition 410
tcp_ping received 12288 bytes back
Round trip time was 0.1557 milliseconds in repetition 411
tcp_ping received 12288 bytes back
Round trip time was 0.1289 milliseconds in repetition 412
tcp_ping received 12288 bytes back
Round trip time was 0.1094 milliseconds in repetition 413
tcp_ping received 12288 bytes back
Round trip time was 0.1027 milliseconds in repetition 414
tcp_ping received 12288 bytes back
Round trip time was 0.1154 milliseconds in repetition 415
tcp_ping received 12288 bytes back
Round trip time was 0.1441 milliseconds in repetition 416
tcp_ping received 12288 bytes back
Round trip time was 0.1066 milliseconds in repetition 417
tcp_ping received 12288 bytes back
Round trip time was 0.084 milliseconds in repetition 418
tcp_ping received 12288 bytes back
Round trip time was 0.0836 milliseconds in repetition 419
tcp_ping received 12288 bytes back
Round trip time was 0.0872 milliseconds in repetition 420
tcp_ping received 12288 bytes back
Round trip time was 0.0854 milliseconds in repetition 421
tcp_ping received 12288 bytes back
Round trip time was 0.0858 milliseconds in repetition 422
tcp_ping received 12288 bytes back
Round trip time was 0.0921 milliseconds in repetition 423
tcp_ping received 12288 bytes back
Round trip time was 0.086 milliseconds in repetition 424
tcp_ping received 12288 bytes back
Round trip time was 0.1037 milliseconds in repetition 425
tcp_ping received 12288 bytes back
Round trip time was 0.0877 milliseconds in repetition 426
tcp_ping received 12288 bytes back
Round trip time was 0.0922 milliseconds in repetition 427
tcp_ping received 12288 bytes back
Round trip time was 0.0846 milliseconds in repetition 428
tcp_ping received 12288 bytes back
Round trip time was 0.0827 milliseconds in repetition 429
tcp_ping received 12288 bytes back
Round trip time was 0.0823 milliseconds in repetition 430
tcp_ping received 12288 bytes back
Round trip time was 0.0921 milliseconds in repetition 431
tcp_ping received 12288 bytes back
Round trip time was 0.0875 milliseconds in repetition 432
tcp_ping received 12288 bytes back
Round trip time was 0.0875 milliseconds in repetition 433
tcp_ping received 12288 bytes back
Round trip time was 0.0953 milliseconds in repetition 434
tcp_ping received 12288 bytes back
Round trip time was 0.094 milliseconds in repetition 435
tcp_ping received 12288 bytes back
Round trip time was 0.0908 milliseconds in repetition 436
tcp_ping received 12288 bytes back
Round trip time was 0.0861 milliseconds in repetition 437
tcp_ping received 12288 bytes back
Round trip time was 0.0854 milliseconds in repetition 438
tcp_ping received 12288 bytes back
Round trip time was 0.0848 milliseconds in repetition 439
tcp_ping received 12288 bytes back
Round trip time was 0.0847 milliseconds in repetition 440
tcp_ping received 12288 bytes back
Round trip time was 0.0982 milliseconds in repetition 441
tcp_ping received 12288 bytes back
Round trip time was 0.0843 milliseconds in repetition 442
tcp_ping received 12288 bytes back
Round trip time was 0.0981 milliseconds in repetition 443
tcp_ping received 12288 bytes back
Round trip time was 0.0954 milliseconds in repetition 444
tcp_ping received 12288 bytes back
Round trip time was 0.097 milliseconds in repetition 445
tcp_ping received 12288 bytes back
Round trip time was 0.0904 milliseconds in repetition 446
tcp_ping received 12288 bytes back
Round trip time was 0.0862 milliseconds in repetition 447
tcp_ping received 12288 bytes back
Round trip time was 0.0849 milliseconds in repetition 448
tcp_ping received 12288 bytes back
Round trip time was 0.0848 milliseconds in repetition 449
tcp_ping received 12288 bytes back
Round trip time was 0.0843 milliseconds in repetition 450
tcp_ping received 12288 bytes back
Round trip time was 0.0842 milliseconds in repetition 451
tcp_ping received 12288 bytes back
Round trip time was 0.099 milliseconds in repetition 452
tcp_ping received 12288 bytes back
Round trip time was 0.0881 milliseconds in repetition 453
tcp_ping received 12288 bytes back
Round trip time was 0.0919 milliseconds in repetition 454
tcp_ping received 12288 bytes back
Round trip time was 0.0946 milliseconds in repetition 455
tcp_ping received 12288 bytes back
Round trip time was 0.0894 milliseconds in repetition 456
tcp_ping received 12288 bytes back
Round trip time was 0.0886 milliseconds in repetition 457
tcp_ping received 12288 bytes back
Round trip time was 0.093 milliseconds in repetition 458
tcp_ping received 12288 bytes back
Round trip time was 0.1013 milliseconds in repetition 459
tcp_ping received 12288 bytes back
Round trip time was 0.0964 milliseconds in repetition 460
tcp_ping received 12288 bytes back
Round trip time was 0.0929 milliseconds in repetition 461
tcp_ping received 12288 bytes back
Round trip time was 0.0885 milliseconds in repetition 462
tcp_ping received 12288 bytes back
Round trip time was 0.0931 milliseconds in repetition 463
tcp_ping received 12288 bytes back
Round trip time was 0.1272 milliseconds in repetition 464
tcp_ping received 12288 bytes back
Round trip time was 0.095 milliseconds in repetition 465
tcp_ping received 12288 bytes back
Round trip time was 0.09 milliseconds in repetition 466
tcp_ping received 12288 bytes back
Round trip time was 0.089 milliseconds in repetition 467
tcp_ping received 12288 bytes back
Round trip time was 0.0889 milliseconds in repetition 468
tcp_ping received 12288 bytes back
Round trip time was 0.0928 milliseconds in repetition 469
tcp_ping received 12288 bytes back
Round trip time was 0.0895 milliseconds in repetition 470
tcp_ping received 12288 bytes back
Round trip time was 0.0893 milliseconds in repetition 471
tcp_ping received 12288 bytes back
Round trip time was 0.0974 milliseconds in repetition 472
tcp_ping received 12288 bytes back
Round trip time was 0.0911 milliseconds in repetition 473
tcp_ping received 12288 bytes back
Round trip time was 0.0888 milliseconds in repetition 474
tcp_ping received 12288 bytes back
Round trip time was 0.0912 milliseconds in repetition 475
tcp_ping received 12288 bytes back
Round trip time was 0.089 milliseconds in repetition 476
tcp_ping received 12288 bytes back
Round trip time was 0.0885 milliseconds in repetition 477
tcp_ping received 12288 bytes back
Round trip time was 0.0886 milliseconds in repetition 478
tcp_ping received 12288 bytes back
Round trip time was 0.0882 milliseconds in repetition 479
tcp_ping received 12288 bytes back
Round trip time was 0.0926 milliseconds in repetition 480
tcp_ping received 12288 bytes back
Round trip time was 0.0918 milliseconds in repetition 481
tcp_ping received 12288 bytes back
Round trip time was 0.0953 milliseconds in repetition 482
tcp_ping received 12288 bytes back
Round trip time was 0.1147 milliseconds in repetition 483
tcp_ping received 12288 bytes back
Round trip time was 0.0929 milliseconds in repetition 484
tcp_ping received 12288 bytes back
Round trip time was 0.0932 milliseconds in repetition 485
tcp_ping received 12288 bytes back
Round trip time was 0.0927 milliseconds in repetition 486
tcp_ping received 12288 bytes back
Round trip time was 0.0906 milliseconds in repetition 487
tcp_ping received 12288 bytes back
Round trip time was 0.0961 milliseconds in repetition 488
tcp_ping received 12288 bytes back
Round trip time was 0.0945 milliseconds in repetition 489
tcp_ping received 12288 bytes back
Round trip time was 0.0883 milliseconds in repetition 490
tcp_ping received 12288 bytes back
Round trip time was 0.0872 milliseconds in repetition 491
tcp_ping received 12288 bytes back
Round trip time was 0.0893 milliseconds in repetition 492
tcp_ping received 12288 bytes back
Round trip time was 0.095 milliseconds in repetition 493
tcp_ping received 12288 bytes back
Round trip time was 0.0856 milliseconds in repetition 494
tcp_ping received 12288 bytes back
Round trip time was 0.0848 milliseconds in repetition 495
tcp_ping received 12288 bytes back
Round trip time was 0.0894 milliseconds in repetition 496
tcp_ping received 12288 bytes back
Round trip time was 0.0887 milliseconds in repetition 497
tcp_ping received 12288 bytes back
Round trip time was 0.1044 milliseconds in repetition 498
tcp_ping received 12288 bytes back
Round trip time was 0.102 milliseconds in repetition 499
tcp_ping received 12288 bytes back
Round trip time was 0.0876 milliseconds in repetition 500
tcp_ping received 12288 bytes back
Round trip time was 0.0874 milliseconds in repetition 501

 ... clock resolution was 1e-06
TCP Ping:  Statistics over 501 repetitions of 12288 byte messages

RTT : percentile 10: 0.0846, median: 0.1028, percentile 90: 0.1848, average: 0.122218, variance: 0.0017279

RTT histogram:
0.0806995 86
0.0910846 124
0.10147 63
0.111855 18
0.12224 25
0.132625 29
0.14301 31
0.153395 13
0.16378 22
0.174165 26
0.18455 29
0.194935 15
0.20532 5
0.215705 3
0.22609 5
0.236475 2
0.24686 0
0.257245 0
0.26763 4
0.278015 0
0.288401 1

   median Throughput : 239066 KB/s   overall Throughput : 201083 KB/s

