TCP Ping trying to connect to server localhost (127.0.0.1) on port 1491
 ... connected to Pong server: asking for 501 repetitions of 262144 bytes TCP messages
 ... Pong server agreed :-)
tcp_ping received 262144 bytes back
Round trip time was 5.0557 milliseconds in repetition 1
tcp_ping received 262144 bytes back
Round trip time was 5.6374 milliseconds in repetition 2
tcp_ping received 262144 bytes back
Round trip time was 5.4711 milliseconds in repetition 3
tcp_ping received 262144 bytes back
Round trip time was 5.9854 milliseconds in repetition 4
tcp_ping received 262144 bytes back
Round trip time was 4.2088 milliseconds in repetition 5
tcp_ping received 262144 bytes back
Round trip time was 5.6196 milliseconds in repetition 6
tcp_ping received 262144 bytes back
Round trip time was 3.4308 milliseconds in repetition 7
tcp_ping received 262144 bytes back
Round trip time was 4.8616 milliseconds in repetition 8
tcp_ping received 262144 bytes back
Round trip time was 5.6465 milliseconds in repetition 9
tcp_ping received 262144 bytes back
Round trip time was 5.5817 milliseconds in repetition 10
tcp_ping received 262144 bytes back
Round trip time was 3.9887 milliseconds in repetition 11
tcp_ping received 262144 bytes back
Round trip time was 3.8621 milliseconds in repetition 12
tcp_ping received 262144 bytes back
Round trip time was 3.4665 milliseconds in repetition 13
tcp_ping received 262144 bytes back
Round trip time was 3.6526 milliseconds in repetition 14
tcp_ping received 262144 bytes back
Round trip time was 4.1343 milliseconds in repetition 15
tcp_ping received 262144 bytes back
Round trip time was 3.699 milliseconds in repetition 16
tcp_ping received 262144 bytes back
Round trip time was 3.5573 milliseconds in repetition 17
tcp_ping received 262144 bytes back
Round trip time was 3.4359 milliseconds in repetition 18
tcp_ping received 262144 bytes back
Round trip time was 3.7864 milliseconds in repetition 19
tcp_ping received 262144 bytes back
Round trip time was 3.7301 milliseconds in repetition 20
tcp_ping received 262144 bytes back
Round trip time was 3.4267 milliseconds in repetition 21
tcp_ping received 262144 bytes back
Round trip time was 3.7938 milliseconds in repetition 22
tcp_ping received 262144 bytes back
Round trip time was 3.9885 milliseconds in repetition 23
tcp_ping received 262144 bytes back
Round trip time was 3.8175 milliseconds in repetition 24
tcp_ping received 262144 bytes back
Round trip time was 3.5148 milliseconds in repetition 25
tcp_ping received 262144 bytes back
Round trip time was 3.4389 milliseconds in repetition 26
tcp_ping received 262144 bytes back
Round trip time was 4.3508 milliseconds in repetition 27
tcp_ping received 262144 bytes back
Round trip time was 3.968 milliseconds in repetition 28
tcp_ping received 262144 bytes back
Round trip time was 4.6632 milliseconds in repetition 29
tcp_ping received 262144 bytes back
Round trip time was 3.4705 milliseconds in repetition 30
tcp_ping received 262144 bytes back
Round trip time was 3.975 milliseconds in repetition 31
tcp_ping received 262144 bytes back
Round trip time was 5.38 milliseconds in repetition 32
tcp_ping received 262144 bytes back
Round trip time was 3.9246 milliseconds in repetition 33
tcp_ping received 262144 bytes back
Round trip time was 3.6499 milliseconds in repetition 34
tcp_ping received 262144 bytes back
Round trip time was 4.2711 milliseconds in repetition 35
tcp_ping received 262144 bytes back
Round trip time was 3.8103 milliseconds in repetition 36
tcp_ping received 262144 bytes back
Round trip time was 3.4064 milliseconds in repetition 37
tcp_ping received 262144 bytes back
Round trip time was 3.4853 milliseconds in repetition 38
tcp_ping received 262144 bytes back
Round trip time was 4.3921 milliseconds in repetition 39
tcp_ping received 262144 bytes back
Round trip time was 3.7415 milliseconds in repetition 40
tcp_ping received 262144 bytes back
Round trip time was 3.6859 milliseconds in repetition 41
tcp_ping received 262144 bytes back
Round trip time was 3.6772 milliseconds in repetition 42
tcp_ping received 262144 bytes back
Round trip time was 5.032 milliseconds in repetition 43
tcp_ping received 262144 bytes back
Round trip time was 3.6616 milliseconds in repetition 44
tcp_ping received 262144 bytes back
Round trip time was 3.5381 milliseconds in repetition 45
tcp_ping received 262144 bytes back
Round trip time was 3.6022 milliseconds in repetition 46
tcp_ping received 262144 bytes back
Round trip time was 3.3821 milliseconds in repetition 47
tcp_ping received 262144 bytes back
Round trip time was 4.0069 milliseconds in repetition 48
tcp_ping received 262144 bytes back
Round trip time was 4.7224 milliseconds in repetition 49
tcp_ping received 262144 bytes back
Round trip time was 3.61 milliseconds in repetition 50
tcp_ping received 262144 bytes back
Round trip time was 3.654 milliseconds in repetition 51
tcp_ping received 262144 bytes back
Round trip time was 3.9518 milliseconds in repetition 52
tcp_ping received 262144 bytes back
Round trip time was 3.4931 milliseconds in repetition 53
tcp_ping received 262144 bytes back
Round trip time was 3.3408 milliseconds in repetition 54
tcp_ping received 262144 bytes back
Round trip time was 3.2657 milliseconds in repetition 55
tcp_ping received 262144 bytes back
Round trip time was 3.7613 milliseconds in repetition 56
tcp_ping received 262144 bytes back
Round trip time was 4.9011 milliseconds in repetition 57
tcp_ping received 262144 bytes back
Round trip time was 3.5249 milliseconds in repetition 58
tcp_ping received 262144 bytes back
Round trip time was 3.4041 milliseconds in repetition 59
tcp_ping received 262144 bytes back
Round trip time was 3.8795 milliseconds in repetition 60
tcp_ping received 262144 bytes back
Round trip time was 3.3893 milliseconds in repetition 61
tcp_ping received 262144 bytes back
Round trip time was 3.7176 milliseconds in repetition 62
tcp_ping received 262144 bytes back
Round trip time was 3.6403 milliseconds in repetition 63
tcp_ping received 262144 bytes back
Round trip time was 3.6722 milliseconds in repetition 64
tcp_ping received 262144 bytes back
Round trip time was 4.39 milliseconds in repetition 65
tcp_ping received 262144 bytes back
Round trip time was 4.375 milliseconds in repetition 66
tcp_ping received 262144 bytes back
Round trip time was 3.5221 milliseconds in repetition 67
tcp_ping received 262144 bytes back
Round trip time was 3.6137 milliseconds in repetition 68
tcp_ping received 262144 bytes back
Round trip time was 3.783 milliseconds in repetition 69
tcp_ping received 262144 bytes back
Round trip time was 3.7332 milliseconds in repetition 70
tcp_ping received 262144 bytes back
Round trip time was 3.756 milliseconds in repetition 71
tcp_ping received 262144 bytes back
Round trip time was 3.5025 milliseconds in repetition 72
tcp_ping received 262144 bytes back
Round trip time was 4.2196 milliseconds in repetition 73
tcp_ping received 262144 bytes back
Round trip time was 3.7126 milliseconds in repetition 74
tcp_ping received 262144 bytes back
Round trip time was 3.5393 milliseconds in repetition 75
tcp_ping received 262144 bytes back
Round trip time was 3.7907 milliseconds in repetition 76
tcp_ping received 262144 bytes back
Round trip time was 4.6748 milliseconds in repetition 77
tcp_ping received 262144 bytes back
Round trip time was 3.5329 milliseconds in repetition 78
tcp_ping received 262144 bytes back
Round trip time was 3.4856 milliseconds in repetition 79
tcp_ping received 262144 bytes back
Round trip time was 3.4997 milliseconds in repetition 80
tcp_ping received 262144 bytes back
Round trip time was 3.8151 milliseconds in repetition 81
tcp_ping received 262144 bytes back
Round trip time was 3.6451 milliseconds in repetition 82
tcp_ping received 262144 bytes back
Round trip time was 3.5559 milliseconds in repetition 83
tcp_ping received 262144 bytes back
Round trip time was 3.5569 milliseconds in repetition 84
tcp_ping received 262144 bytes back
Round trip time was 3.6217 milliseconds in repetition 85
tcp_ping received 262144 bytes back
Round trip time was 4.0615 milliseconds in repetition 86
tcp_ping received 262144 bytes back
Round trip time was 3.5662 milliseconds in repetition 87
tcp_ping received 262144 bytes back
Round trip time was 3.5222 milliseconds in repetition 88
tcp_ping received 262144 bytes back
Round trip time was 3.4749 milliseconds in repetition 89
tcp_ping received 262144 bytes back
Round trip time was 4.5166 milliseconds in repetition 90
tcp_ping received 262144 bytes back
Round trip time was 3.5416 milliseconds in repetition 91
tcp_ping received 262144 bytes back
Round trip time was 3.7615 milliseconds in repetition 92
tcp_ping received 262144 bytes back
Round trip time was 3.2389 milliseconds in repetition 93
tcp_ping received 262144 bytes back
Round trip time was 4.2322 milliseconds in repetition 94
tcp_ping received 262144 bytes back
Round trip time was 3.1241 milliseconds in repetition 95
tcp_ping received 262144 bytes back
Round trip time was 3.1091 milliseconds in repetition 96
tcp_ping received 262144 bytes back
Round trip time was 3.2617 milliseconds in repetition 97
tcp_ping received 262144 bytes back
Round trip time was 3.3621 milliseconds in repetition 98
tcp_ping received 262144 bytes back
Round trip time was 4.3739 milliseconds in repetition 99
tcp_ping received 262144 bytes back
Round trip time was 3.4012 milliseconds in repetition 100
tcp_ping received 262144 bytes back
Round trip time was 3.2759 milliseconds in repetition 101
tcp_ping received 262144 bytes back
Round trip time was 3.5146 milliseconds in repetition 102
tcp_ping received 262144 bytes back
Round trip time was 3.5371 milliseconds in repetition 103
tcp_ping received 262144 bytes back
Round trip time was 3.2947 milliseconds in repetition 104
tcp_ping received 262144 bytes back
Round trip time was 3.2477 milliseconds in repetition 105
tcp_ping received 262144 bytes back
Round trip time was 3.119 milliseconds in repetition 106
tcp_ping received 262144 bytes back
Round trip time was 3.3245 milliseconds in repetition 107
tcp_ping received 262144 bytes back
Round trip time was 4.1372 milliseconds in repetition 108
tcp_ping received 262144 bytes back
Round trip time was 3.0923 milliseconds in repetition 109
tcp_ping received 262144 bytes back
Round trip time was 3.3242 milliseconds in repetition 110
tcp_ping received 262144 bytes back
Round trip time was 3.3679 milliseconds in repetition 111
tcp_ping received 262144 bytes back
Round trip time was 3.3964 milliseconds in repetition 112
tcp_ping received 262144 bytes back
Round trip time was 3.6042 milliseconds in repetition 113
tcp_ping received 262144 bytes back
Round trip time was 3.2504 milliseconds in repetition 114
tcp_ping received 262144 bytes back
Round trip time was 3.4946 milliseconds in repetition 115
tcp_ping received 262144 bytes back
Round trip time was 3.2418 milliseconds in repetition 116
tcp_ping received 262144 bytes back
Round trip time was 3.6254 milliseconds in repetition 117
tcp_ping received 262144 bytes back
Round trip time was 3.4182 milliseconds in repetition 118
tcp_ping received 262144 bytes back
Round trip time was 3.7233 milliseconds in repetition 119
tcp_ping received 262144 bytes back
Round trip time was 3.3274 milliseconds in repetition 120
tcp_ping received 262144 bytes back
Round trip time was 3.3567 milliseconds in repetition 121
tcp_ping received 262144 bytes back
Round trip time was 4.573 milliseconds in repetition 122
tcp_ping received 262144 bytes back
Round trip time was 3.3277 milliseconds in repetition 123
tcp_ping received 262144 bytes back
Round trip time was 3.184 milliseconds in repetition 124
tcp_ping received 262144 bytes back
Round trip time was 3.341 milliseconds in repetition 125
tcp_ping received 262144 bytes back
Round trip time was 3.8691 milliseconds in repetition 126
tcp_ping received 262144 bytes back
Round trip time was 5.3697 milliseconds in repetition 127
tcp_ping received 262144 bytes back
Round trip time was 3.1804 milliseconds in repetition 128
tcp_ping received 262144 bytes back
Round trip time was 3.1317 milliseconds in repetition 129
tcp_ping received 262144 bytes back
Round trip time was 3.6015 milliseconds in repetition 130
tcp_ping received 262144 bytes back
Round trip time was 3.7686 milliseconds in repetition 131
tcp_ping received 262144 bytes back
Round trip time was 3.2303 milliseconds in repetition 132
tcp_ping received 262144 bytes back
Round trip time was 3.163 milliseconds in repetition 133
tcp_ping received 262144 bytes back
Round trip time was 3.1142 milliseconds in repetition 134
tcp_ping received 262144 bytes back
Round trip time was 4.0809 milliseconds in repetition 135
tcp_ping received 262144 bytes back
Round trip time was 3.3059 milliseconds in repetition 136
tcp_ping received 262144 bytes back
Round trip time was 3.3279 milliseconds in repetition 137
tcp_ping received 262144 bytes back
Round trip time was 3.252 milliseconds in repetition 138
tcp_ping received 262144 bytes back
Round trip time was 3.6953 milliseconds in repetition 139
tcp_ping received 262144 bytes back
Round trip time was 3.896 milliseconds in repetition 140
tcp_ping received 262144 bytes back
Round trip time was 4.0119 milliseconds in repetition 141
tcp_ping received 262144 bytes back
Round trip time was 3.248 milliseconds in repetition 142
tcp_ping received 262144 bytes back
Round trip time was 4.2818 milliseconds in repetition 143
tcp_ping received 262144 bytes back
Round trip time was 3.8014 milliseconds in repetition 144
tcp_ping received 262144 bytes back
Round trip time was 3.3279 milliseconds in repetition 145
tcp_ping received 262144 bytes back
Round trip time was 3.8001 milliseconds in repetition 146
tcp_ping received 262144 bytes back
Round trip time was 3.4701 milliseconds in repetition 147
tcp_ping received 262144 bytes back
Round trip time was 4.7347 milliseconds in repetition 148
tcp_ping received 262144 bytes back
Round trip time was 5.0666 milliseconds in repetition 149
tcp_ping received 262144 bytes back
Round trip time was 4.0703 milliseconds in repetition 150
tcp_ping received 262144 bytes back
Round trip time was 4.6058 milliseconds in repetition 151
tcp_ping received 262144 bytes back
Round trip time was 5.9851 milliseconds in repetition 152
tcp_ping received 262144 bytes back
Round trip time was 5.3439 milliseconds in repetition 153
tcp_ping received 262144 bytes back
Round trip time was 4.137 milliseconds in repetition 154
tcp_ping received 262144 bytes back
Round trip time was 3.6819 milliseconds in repetition 155
tcp_ping received 262144 bytes back
Round trip time was 3.3349 milliseconds in repetition 156
tcp_ping received 262144 bytes back
Round trip time was 3.4212 milliseconds in repetition 157
tcp_ping received 262144 bytes back
Round trip time was 4.6091 milliseconds in repetition 158
tcp_ping received 262144 bytes back
Round trip time was 5.3674 milliseconds in repetition 159
tcp_ping received 262144 bytes back
Round trip time was 3.3146 milliseconds in repetition 160
tcp_ping received 262144 bytes back
Round trip time was 3.5468 milliseconds in repetition 161
tcp_ping received 262144 bytes back
Round trip time was 3.3589 milliseconds in repetition 162
tcp_ping received 262144 bytes back
Round trip time was 4.932 milliseconds in repetition 163
tcp_ping received 262144 bytes back
Round trip time was 3.5657 milliseconds in repetition 164
tcp_ping received 262144 bytes back
Round trip time was 3.2553 milliseconds in repetition 165
tcp_ping received 262144 bytes back
Round trip time was 3.2717 milliseconds in repetition 166
tcp_ping received 262144 bytes back
Round trip time was 4.6069 milliseconds in repetition 167
tcp_ping received 262144 bytes back
Round trip time was 3.556 milliseconds in repetition 168
tcp_ping received 262144 bytes back
Round trip time was 4.9388 milliseconds in repetition 169
tcp_ping received 262144 bytes back
Round trip time was 3.3491 milliseconds in repetition 170
tcp_ping received 262144 bytes back
Round trip time was 4.977 milliseconds in repetition 171
tcp_ping received 262144 bytes back
Round trip time was 3.3846 milliseconds in repetition 172
tcp_ping received 262144 bytes back
Round trip time was 4.4832 milliseconds in repetition 173
tcp_ping received 262144 bytes back
Round trip time was 3.1396 milliseconds in repetition 174
tcp_ping received 262144 bytes back
Round trip time was 4.5151 milliseconds in repetition 175
tcp_ping received 262144 bytes back
Round trip time was 3.5741 milliseconds in repetition 176
tcp_ping received 262144 bytes back
Round trip time was 3.3183 milliseconds in repetition 177
tcp_ping received 262144 bytes back
Round trip time was 3.0969 milliseconds in repetition 178
tcp_ping received 262144 bytes back
Round trip time was 3.9462 milliseconds in repetition 179
tcp_ping received 262144 bytes back
Round trip time was 3.265 milliseconds in repetition 180
tcp_ping received 262144 bytes back
Round trip time was 3.5569 milliseconds in repetition 181
tcp_ping received 262144 bytes back
Round trip time was 3.2431 milliseconds in repetition 182
tcp_ping received 262144 bytes back
Round trip time was 3.2894 milliseconds in repetition 183
tcp_ping received 262144 bytes back
Round trip time was 5.0392 milliseconds in repetition 184
tcp_ping received 262144 bytes back
Round trip time was 3.5778 milliseconds in repetition 185
tcp_ping received 262144 bytes back
Round trip time was 3.3323 milliseconds in repetition 186
tcp_ping received 262144 bytes back
Round trip time was 3.1649 milliseconds in repetition 187
tcp_ping received 262144 bytes back
Round trip time was 3.6281 milliseconds in repetition 188
tcp_ping received 262144 bytes back
Round trip time was 3.7081 milliseconds in repetition 189
tcp_ping received 262144 bytes back
Round trip time was 3.0882 milliseconds in repetition 190
tcp_ping received 262144 bytes back
Round trip time was 3.2249 milliseconds in repetition 191
tcp_ping received 262144 bytes back
Round trip time was 3.5387 milliseconds in repetition 192
tcp_ping received 262144 bytes back
Round trip time was 4.9373 milliseconds in repetition 193
tcp_ping received 262144 bytes back
Round trip time was 3.1978 milliseconds in repetition 194
tcp_ping received 262144 bytes back
Round trip time was 3.2118 milliseconds in repetition 195
tcp_ping received 262144 bytes back
Round trip time was 3.1953 milliseconds in repetition 196
tcp_ping received 262144 bytes back
Round trip time was 4.0798 milliseconds in repetition 197
tcp_ping received 262144 bytes back
Round trip time was 3.1139 milliseconds in repetition 198
tcp_ping received 262144 bytes back
Round trip time was 3.1754 milliseconds in repetition 199
tcp_ping received 262144 bytes back
Round trip time was 3.2021 milliseconds in repetition 200
tcp_ping received 262144 bytes back
Round trip time was 3.1151 milliseconds in repetition 201
tcp_ping received 262144 bytes back
Round trip time was 3.8366 milliseconds in repetition 202
tcp_ping received 262144 bytes back
Round trip time was 3.3334 milliseconds in repetition 203
tcp_ping received 262144 bytes back
Round trip time was 3.4937 milliseconds in repetition 204
tcp_ping received 262144 bytes back
Round trip time was 3.1446 milliseconds in repetition 205
tcp_ping received 262144 bytes back
Round trip time was 3.8744 milliseconds in repetition 206
tcp_ping received 262144 bytes back
Round trip time was 3.2682 milliseconds in repetition 207
tcp_ping received 262144 bytes back
Round trip time was 3.244 milliseconds in repetition 208
tcp_ping received 262144 bytes back
Round trip time was 3.1532 milliseconds in repetition 209
tcp_ping received 262144 bytes back
Round trip time was 3.2986 milliseconds in repetition 210
tcp_ping received 262144 bytes back
Round trip time was 4.3219 milliseconds in repetition 211
tcp_ping received 262144 bytes back
Round trip time was 3.1534 milliseconds in repetition 212
tcp_ping received 262144 bytes back
Round trip time was 3.5929 milliseconds in repetition 213
tcp_ping received 262144 bytes back
Round trip time was 3.5315 milliseconds in repetition 214
tcp_ping received 262144 bytes back
Round trip time was 3.8092 milliseconds in repetition 215
tcp_ping received 262144 bytes back
Round trip time was 3.2617 milliseconds in repetition 216
tcp_ping received 262144 bytes back
Round trip time was 3.2148 milliseconds in repetition 217
tcp_ping received 262144 bytes back
Round trip time was 3.1054 milliseconds in repetition 218
tcp_ping received 262144 bytes back
Round trip time was 3.2182 milliseconds in repetition 219
tcp_ping received 262144 bytes back
Round trip time was 3.7577 milliseconds in repetition 220
tcp_ping received 262144 bytes back
Round trip time was 3.3287 milliseconds in repetition 221
tcp_ping received 262144 bytes back
Round trip time was 3.4484 milliseconds in repetition 222
tcp_ping received 262144 bytes back
Round trip time was 3.3807 milliseconds in repetition 223
tcp_ping received 262144 bytes back
Round trip time was 5.0204 milliseconds in repetition 224
tcp_ping received 262144 bytes back
Round trip time was 3.3215 milliseconds in repetition 225
tcp_ping received 262144 bytes back
Round trip time was 3.1138 milliseconds in repetition 226
tcp_ping received 262144 bytes back
Round trip time was 3.3166 milliseconds in repetition 227
tcp_ping received 262144 bytes back
Round trip time was 3.1106 milliseconds in repetition 228
tcp_ping received 262144 bytes back
Round trip time was 3.6573 milliseconds in repetition 229
tcp_ping received 262144 bytes back
Round trip time was 3.3432 milliseconds in repetition 230
tcp_ping received 262144 bytes back
Round trip time was 3.413 milliseconds in repetition 231
tcp_ping received 262144 bytes back
Round trip time was 3.2804 milliseconds in repetition 232
tcp_ping received 262144 bytes back
Round trip time was 3.3613 milliseconds in repetition 233
tcp_ping received 262144 bytes back
Round trip time was 3.845 milliseconds in repetition 234
tcp_ping received 262144 bytes back
Round trip time was 4.0699 milliseconds in repetition 235
tcp_ping received 262144 bytes back
Round trip time was 3.1994 milliseconds in repetition 236
tcp_ping received 262144 bytes back
Round trip time was 3.1235 milliseconds in repetition 237
tcp_ping received 262144 bytes back
Round trip time was 4.6672 milliseconds in repetition 238
tcp_ping received 262144 bytes back
Round trip time was 3.4281 milliseconds in repetition 239
tcp_ping received 262144 bytes back
Round trip time was 3.3733 milliseconds in repetition 240
tcp_ping received 262144 bytes back
Round trip time was 3.4821 milliseconds in repetition 241
tcp_ping received 262144 bytes back
Round trip time was 3.5386 milliseconds in repetition 242
tcp_ping received 262144 bytes back
Round trip time was 3.1722 milliseconds in repetition 243
tcp_ping received 262144 bytes back
Round trip time was 3.2563 milliseconds in repetition 244
tcp_ping received 262144 bytes back
Round trip time was 3.0659 milliseconds in repetition 245
tcp_ping received 262144 bytes back
Round trip time was 2.9312 milliseconds in repetition 246
tcp_ping received 262144 bytes back
Round trip time was 3.0592 milliseconds in repetition 247
tcp_ping received 262144 bytes back
Round trip time was 3.2446 milliseconds in repetition 248
tcp_ping received 262144 bytes back
Round trip time was 3.061 milliseconds in repetition 249
tcp_ping received 262144 bytes back
Round trip time was 3.0019 milliseconds in repetition 250
tcp_ping received 262144 bytes back
Round trip time was 2.9934 milliseconds in repetition 251
tcp_ping received 262144 bytes back
Round trip time was 3.0755 milliseconds in repetition 252
tcp_ping received 262144 bytes back
Round trip time was 3.2824 milliseconds in repetition 253
tcp_ping received 262144 bytes back
Round trip time was 2.9449 milliseconds in repetition 254
tcp_ping received 262144 bytes back
Round trip time was 2.8684 milliseconds in repetition 255
tcp_ping received 262144 bytes back
Round trip time was 3.0134 milliseconds in repetition 256
tcp_ping received 262144 bytes back
Round trip time was 2.993 milliseconds in repetition 257
tcp_ping received 262144 bytes back
Round trip time was 3.9652 milliseconds in repetition 258
tcp_ping received 262144 bytes back
Round trip time was 3.0071 milliseconds in repetition 259
tcp_ping received 262144 bytes back
Round trip time was 2.907 milliseconds in repetition 260
tcp_ping received 262144 bytes back
Round trip time was 2.8726 milliseconds in repetition 261
tcp_ping received 262144 bytes back
Round trip time was 3.0609 milliseconds in repetition 262
tcp_ping received 262144 bytes back
Round trip time was 3.2366 milliseconds in repetition 263
tcp_ping received 262144 bytes back
Round trip time was 2.8849 milliseconds in repetition 264
tcp_ping received 262144 bytes back
Round trip time was 2.9783 milliseconds in repetition 265
tcp_ping received 262144 bytes back
Round trip time was 2.9196 milliseconds in repetition 266
tcp_ping received 262144 bytes back
Round trip time was 3.0167 milliseconds in repetition 267
tcp_ping received 262144 bytes back
Round trip time was 3.5152 milliseconds in repetition 268
tcp_ping received 262144 bytes back
Round trip time was 3.0689 milliseconds in repetition 269
tcp_ping received 262144 bytes back
Round trip time was 2.8548 milliseconds in repetition 270
tcp_ping received 262144 bytes back
Round trip time was 2.937 milliseconds in repetition 271
tcp_ping received 262144 bytes back
Round trip time was 3.2779 milliseconds in repetition 272
tcp_ping received 262144 bytes back
Round trip time was 3.5234 milliseconds in repetition 273
tcp_ping received 262144 bytes back
Round trip time was 3.0904 milliseconds in repetition 274
tcp_ping received 262144 bytes back
Round trip time was 2.976 milliseconds in repetition 275
tcp_ping received 262144 bytes back
Round trip time was 3.0323 milliseconds in repetition 276
tcp_ping received 262144 bytes back
Round trip time was 2.9702 milliseconds in repetition 277
tcp_ping received 262144 bytes back
Round trip time was 3.5887 milliseconds in repetition 278
tcp_ping received 262144 bytes back
Round trip time was 3.0053 milliseconds in repetition 279
tcp_ping received 262144 bytes back
Round trip time was 2.8543 milliseconds in repetition 280
tcp_ping received 262144 bytes back
Round trip time was 3.0437 milliseconds in repetition 281
tcp_ping received 262144 bytes back
Round trip time was 2.9433 milliseconds in repetition 282
tcp_ping received 262144 bytes back
Round trip time was 3.2226 milliseconds in repetition 283
tcp_ping received 262144 bytes back
Round trip time was 3.0726 milliseconds in repetition 284
tcp_ping received 262144 bytes back
Round trip time was 3.1725 milliseconds in repetition 285
tcp_ping received 262144 bytes back
Round trip time was 2.8644 milliseconds in repetition 286
tcp_ping received 262144 bytes back
Round trip time was 3.1342 milliseconds in repetition 287
tcp_ping received 262144 bytes back
Round trip time was 2.9044 milliseconds in repetition 288
tcp_ping received 262144 bytes back
Round trip time was 3.1154 milliseconds in repetition 289
tcp_ping received 262144 bytes back
Round trip time was 3.0442 milliseconds in repetition 290
tcp_ping received 262144 bytes back
Round trip time was 3.0967 milliseconds in repetition 291
tcp_ping received 262144 bytes back
Round trip time was 3.0541 milliseconds in repetition 292
tcp_ping received 262144 bytes back
Round trip time was 3.0363 milliseconds in repetition 293
tcp_ping received 262144 bytes back
Round trip time was 3.1786 milliseconds in repetition 294
tcp_ping received 262144 bytes back
Round trip time was 3.0112 milliseconds in repetition 295
tcp_ping received 262144 bytes back
Round trip time was 2.9334 milliseconds in repetition 296
tcp_ping received 262144 bytes back
Round trip time was 2.8957 milliseconds in repetition 297
tcp_ping received 262144 bytes back
Round trip time was 2.6709 milliseconds in repetition 298
tcp_ping received 262144 bytes back
Round trip time was 3.0263 milliseconds in repetition 299
tcp_ping received 262144 bytes back
Round trip time was 3.137 milliseconds in repetition 300
tcp_ping received 262144 bytes back
Round trip time was 3.1176 milliseconds in repetition 301
tcp_ping received 262144 bytes back
Round trip time was 3.0855 milliseconds in repetition 302
tcp_ping received 262144 bytes back
Round trip time was 2.6809 milliseconds in repetition 303
tcp_ping received 262144 bytes back
Round trip time was 2.7606 milliseconds in repetition 304
tcp_ping received 262144 bytes back
Round trip time was 3.0222 milliseconds in repetition 305
tcp_ping received 262144 bytes back
Round trip time was 3.0106 milliseconds in repetition 306
tcp_ping received 262144 bytes back
Round trip time was 2.6982 milliseconds in repetition 307
tcp_ping received 262144 bytes back
Round trip time was 2.7905 milliseconds in repetition 308
tcp_ping received 262144 bytes back
Round trip time was 2.6682 milliseconds in repetition 309
tcp_ping received 262144 bytes back
Round trip time was 3.2442 milliseconds in repetition 310
tcp_ping received 262144 bytes back
Round trip time was 2.8909 milliseconds in repetition 311
tcp_ping received 262144 bytes back
Round trip time was 2.732 milliseconds in repetition 312
tcp_ping received 262144 bytes back
Round trip time was 2.8807 milliseconds in repetition 313
tcp_ping received 262144 bytes back
Round trip time was 2.6998 milliseconds in repetition 314
tcp_ping received 262144 bytes back
Round trip time was 2.814 milliseconds in repetition 315
tcp_ping received 262144 bytes back
Round trip time was 3.0799 milliseconds in repetition 316
tcp_ping received 262144 bytes back
Round trip time was 2.7411 milliseconds in repetition 317
tcp_ping received 262144 bytes back
Round trip time was 2.7225 milliseconds in repetition 318
tcp_ping received 262144 bytes back
Round trip time was 2.7099 milliseconds in repetition 319
tcp_ping received 262144 bytes back
Round trip time was 2.729 milliseconds in repetition 320
tcp_ping received 262144 bytes back
Round trip time was 2.8769 milliseconds in repetition 321
tcp_ping received 262144 bytes back
Round trip time was 2.7002 milliseconds in repetition 322
tcp_ping received 262144 bytes back
Round trip time was 2.5836 milliseconds in repetition 323
tcp_ping received 262144 bytes back
Round trip time was 2.534 milliseconds in repetition 324
tcp_ping received 262144 bytes back
Round trip time was 2.6107 milliseconds in repetition 325
tcp_ping received 262144 bytes back
Round trip time was 2.5403 milliseconds in repetition 326
tcp_ping received 262144 bytes back
Round trip time was 3.02 milliseconds in repetition 327
tcp_ping received 262144 bytes back
Round trip time was 2.5713 milliseconds in repetition 328
tcp_ping received 262144 bytes back
Round trip time was 2.5181 milliseconds in repetition 329
tcp_ping received 262144 bytes back
Round trip time was 2.6277 milliseconds in repetition 330
tcp_ping received 262144 bytes back
Round trip time was 2.5885 milliseconds in repetition 331
tcp_ping received 262144 bytes back
Round trip time was 2.5264 milliseconds in repetition 332
tcp_ping received 262144 bytes back
Round trip time was 3.6535 milliseconds in repetition 333
tcp_ping received 262144 bytes back
Round trip time was 2.5689 milliseconds in repetition 334
tcp_ping received 262144 bytes back
Round trip time was 2.6012 milliseconds in repetition 335
tcp_ping received 262144 bytes back
Round trip time was 2.6745 milliseconds in repetition 336
tcp_ping received 262144 bytes back
Round trip time was 2.5706 milliseconds in repetition 337
tcp_ping received 262144 bytes back
Round trip time was 2.6732 milliseconds in repetition 338
tcp_ping received 262144 bytes back
Round trip time was 3.1043 milliseconds in repetition 339
tcp_ping received 262144 bytes back
Round trip time was 2.5439 milliseconds in repetition 340
tcp_ping received 262144 bytes back
Round trip time was 2.5244 milliseconds in repetition 341
tcp_ping received 262144 bytes back
Round trip time was 2.6005 milliseconds in repetition 342
tcp_ping received 262144 bytes back
Round trip time was 2.6819 milliseconds in repetition 343
tcp_ping received 262144 bytes back
Round trip time was 2.6591 milliseconds in repetition 344
tcp_ping received 262144 bytes back
Round trip time was 3.0424 milliseconds in repetition 345
tcp_ping received 262144 bytes back
Round trip time was 2.5884 milliseconds in repetition 346
tcp_ping received 262144 bytes back
Round trip time was 2.5414 milliseconds in repetition 347
tcp_ping received 262144 bytes back
Round trip time was 2.7331 milliseconds in repetition 348
tcp_ping received 262144 bytes back
Round trip time was 2.6802 milliseconds in repetition 349
tcp_ping received 262144 bytes back
Round trip time was 3.0108 milliseconds in repetition 350
tcp_ping received 262144 bytes back
Round trip time was 2.6769 milliseconds in repetition 351
tcp_ping received 262144 bytes back
Round trip time was 2.4948 milliseconds in repetition 352
tcp_ping received 262144 bytes back
Round trip time was 2.5401 milliseconds in repetition 353
tcp_ping received 262144 bytes back
Round trip time was 3.744 milliseconds in repetition 354
tcp_ping received 262144 bytes back
Round trip time was 2.5636 milliseconds in repetition 355
tcp_ping received 262144 bytes back
Round trip time was 2.7252 milliseconds in repetition 356
tcp_ping received 262144 bytes back
Round trip time was 2.5851 milliseconds in repetition 357
tcp_ping received 262144 bytes back
Round trip time was 2.6011 milliseconds in repetition 358
tcp_ping received 262144 bytes back
Round trip time was 2.5793 milliseconds in repetition 359
tcp_ping received 262144 bytes back
Round trip time was 2.547 milliseconds in repetition 360
tcp_ping received 262144 bytes back
Round trip time was 2.5296 milliseconds in repetition 361
tcp_ping received 262144 bytes back
Round trip time was 2.9134 milliseconds in repetition 362
tcp_ping received 262144 bytes back
Round trip time was 2.5775 milliseconds in repetition 363
tcp_ping received 262144 bytes back
Round trip time was 2.52 milliseconds in repetition 364
tcp_ping received 262144 bytes back
Round trip time was 2.7023 milliseconds in repetition 365
tcp_ping received 262144 bytes back
Round trip time was 2.5629 milliseconds in repetition 366
tcp_ping received 262144 bytes back
Round trip time was 2.5639 milliseconds in repetition 367
tcp_ping received 262144 bytes back
Round trip time was 2.793 milliseconds in repetition 368
tcp_ping received 262144 bytes back
Round trip time was 2.708 milliseconds in repetition 369
tcp_ping received 262144 bytes back
Round trip time was 2.4974 milliseconds in repetition 370
tcp_ping received 262144 bytes back
Round trip time was 2.5413 milliseconds in repetition 371
tcp_ping received 262144 bytes back
Round trip time was 2.5534 milliseconds in repetition 372
tcp_ping received 262144 bytes back
Round trip time was 2.4993 milliseconds in repetition 373
tcp_ping received 262144 bytes back
Round trip time was 2.641 milliseconds in repetition 374
tcp_ping received 262144 bytes back
Round trip time was 2.592 milliseconds in repetition 375
tcp_ping received 262144 bytes back
Round trip time was 3.2165 milliseconds in repetition 376
tcp_ping received 262144 bytes back
Round trip time was 2.5468 milliseconds in repetition 377
tcp_ping received 262144 bytes back
Round trip time was 2.58 milliseconds in repetition 378
tcp_ping received 262144 bytes back
Round trip time was 2.5648 milliseconds in repetition 379
tcp_ping received 262144 bytes back
Round trip time was 2.9678 milliseconds in repetition 380
tcp_ping received 262144 bytes back
Round trip time was 2.6049 milliseconds in repetition 381
tcp_ping received 262144 bytes back
Round trip time was 2.5892 milliseconds in repetition 382
tcp_ping received 262144 bytes back
Round trip time was 2.5775 milliseconds in repetition 383
tcp_ping received 262144 bytes back
Round trip time was 2.5711 milliseconds in repetition 384
tcp_ping received 262144 bytes back
Round trip time was 2.4916 milliseconds in repetition 385
tcp_ping received 262144 bytes back
Round trip time was 2.6857 milliseconds in repetition 386
tcp_ping received 262144 bytes back
Round trip time was 2.93 milliseconds in repetition 387
tcp_ping received 262144 bytes back
Round trip time was 2.5958 milliseconds in repetition 388
tcp_ping received 262144 bytes back
Round trip time was 2.4952 milliseconds in repetition 389
tcp_ping received 262144 bytes back
Round trip time was 2.6058 milliseconds in repetition 390
tcp_ping received 262144 bytes back
Round trip time was 2.5935 milliseconds in repetition 391
tcp_ping received 262144 bytes back
Round trip time was 2.6969 milliseconds in repetition 392
tcp_ping received 262144 bytes back
Round trip time was 2.9351 milliseconds in repetition 393
tcp_ping received 262144 bytes back
Round trip time was 2.6333 milliseconds in repetition 394
tcp_ping received 262144 bytes back
Round trip time was 2.5248 milliseconds in repetition 395
tcp_ping received 262144 bytes back
Round trip time was 2.4874 milliseconds in repetition 396
tcp_ping received 262144 bytes back
Round trip time was 2.5378 milliseconds in repetition 397
tcp_ping received 262144 bytes back
Round trip time was 3.2356 milliseconds in repetition 398
tcp_ping received 262144 bytes back
Round trip time was 2.6596 milliseconds in repetition 399
tcp_ping received 262144 bytes back
Round trip time was 2.499 milliseconds in repetition 400
tcp_ping received 262144 bytes back
Round trip time was 2.6035 milliseconds in repetition 401
tcp_ping received 262144 bytes back
Round trip time was 2.5549 milliseconds in repetition 402
tcp_ping received 262144 bytes back
Round trip time was 2.4982 milliseconds in repetition 403
tcp_ping received 262144 bytes back
Round trip time was 3.6771 milliseconds in repetition 404
tcp_ping received 262144 bytes back
Round trip time was 2.5824 milliseconds in repetition 405
tcp_ping received 262144 bytes back
Round trip time was 2.503 milliseconds in repetition 406
tcp_ping received 262144 bytes back
Round trip time was 2.4815 milliseconds in repetition 407
tcp_ping received 262144 bytes back
Round trip time was 2.5776 milliseconds in repetition 408
tcp_ping received 262144 bytes back
Round trip time was 2.5564 milliseconds in repetition 409
tcp_ping received 262144 bytes back
Round trip time was 3.1935 milliseconds in repetition 410
tcp_ping received 262144 bytes back
Round trip time was 2.583 milliseconds in repetition 411
tcp_ping received 262144 bytes back
Round trip time was 2.48 milliseconds in repetition 412
tcp_ping received 262144 bytes back
Round trip time was 2.5273 milliseconds in repetition 413
tcp_ping received 262144 bytes back
Round trip time was 2.5351 milliseconds in repetition 414
tcp_ping received 262144 bytes back
Round trip time was 2.8358 milliseconds in repetition 415
tcp_ping received 262144 bytes back
Round trip time was 3.0289 milliseconds in repetition 416
tcp_ping received 262144 bytes back
Round trip time was 2.6863 milliseconds in repetition 417
tcp_ping received 262144 bytes back
Round trip time was 2.7948 milliseconds in repetition 418
tcp_ping received 262144 bytes back
Round trip time was 2.6665 milliseconds in repetition 419
tcp_ping received 262144 bytes back
Round trip time was 3.0243 milliseconds in repetition 420
tcp_ping received 262144 bytes back
Round trip time was 2.9996 milliseconds in repetition 421
tcp_ping received 262144 bytes back
Round trip time was 2.6115 milliseconds in repetition 422
tcp_ping received 262144 bytes back
Round trip time was 2.5539 milliseconds in repetition 423
tcp_ping received 262144 bytes back
Round trip time was 2.4836 milliseconds in repetition 424
tcp_ping received 262144 bytes back
Round trip time was 2.9647 milliseconds in repetition 425
tcp_ping received 262144 bytes back
Round trip time was 2.5798 milliseconds in repetition 426
tcp_ping received 262144 bytes back
Round trip time was 3.2332 milliseconds in repetition 427
tcp_ping received 262144 bytes back
Round trip time was 2.8117 milliseconds in repetition 428
tcp_ping received 262144 bytes back
Round trip time was 2.6027 milliseconds in repetition 429
tcp_ping received 262144 bytes back
Round trip time was 2.7022 milliseconds in repetition 430
tcp_ping received 262144 bytes back
Round trip time was 2.6046 milliseconds in repetition 431
tcp_ping received 262144 bytes back
Round trip time was 2.6291 milliseconds in repetition 432
tcp_ping received 262144 bytes back
Round trip time was 3.0909 milliseconds in repetition 433
tcp_ping received 262144 bytes back
Round trip time was 2.4989 milliseconds in repetition 434
tcp_ping received 262144 bytes back
Round trip time was 2.4817 milliseconds in repetition 435
tcp_ping received 262144 bytes back
Round trip time was 2.7144 milliseconds in repetition 436
tcp_ping received 262144 bytes back
Round trip time was 2.5294 milliseconds in repetition 437
tcp_ping received 262144 bytes back
Round trip time was 2.6123 milliseconds in repetition 438
tcp_ping received 262144 bytes back
Round trip time was 3.0349 milliseconds in repetition 439
tcp_ping received 262144 bytes back
Round trip time was 2.5766 milliseconds in repetition 440
tcp_ping received 262144 bytes back
Round trip time was 2.5834 milliseconds in repetition 441
tcp_ping received 262144 bytes back
Round trip time was 2.0809 milliseconds in repetition 442
tcp_ping received 262144 bytes back
Round trip time was 1.8275 milliseconds in repetition 443
tcp_ping received 262144 bytes back
Round trip time was 1.7553 milliseconds in repetition 444
tcp_ping received 262144 bytes back
Round trip time was 1.8277 milliseconds in repetition 445
tcp_ping received 262144 bytes back
Round trip time was 1.8442 milliseconds in repetition 446
tcp_ping received 262144 bytes back
Round trip time was 1.6426 milliseconds in repetition 447
tcp_ping received 262144 bytes back
Round trip time was 1.7062 milliseconds in repetition 448
tcp_ping received 262144 bytes back
Round trip time was 1.9436 milliseconds in repetition 449
tcp_ping received 262144 bytes back
Round trip time was 1.7464 milliseconds in repetition 450
tcp_ping received 262144 bytes back
Round trip time was 1.6741 milliseconds in repetition 451
tcp_ping received 262144 bytes back
Round trip time was 1.6776 milliseconds in repetition 452
tcp_ping received 262144 bytes back
Round trip time was 1.6906 milliseconds in repetition 453
tcp_ping received 262144 bytes back
Round trip time was 1.9639 milliseconds in repetition 454
tcp_ping received 262144 bytes back
Round trip time was 1.8435 milliseconds in repetition 455
tcp_ping received 262144 bytes back
Round trip time was 1.781 milliseconds in repetition 456
tcp_ping received 262144 bytes back
Round trip time was 1.8899 milliseconds in repetition 457
tcp_ping received 262144 bytes back
Round trip time was 1.7906 milliseconds in repetition 458
tcp_ping received 262144 bytes back
Round trip time was 1.7879 milliseconds in repetition 459
tcp_ping received 262144 bytes back
Round trip time was 1.6345 milliseconds in repetition 460
tcp_ping received 262144 bytes back
Round trip time was 1.6632 milliseconds in repetition 461
tcp_ping received 262144 bytes back
Round trip time was 1.6654 milliseconds in repetition 462
tcp_ping received 262144 bytes back
Round trip time was 2.1187 milliseconds in repetition 463
tcp_ping received 262144 bytes back
Round trip time was 1.716 milliseconds in repetition 464
tcp_ping received 262144 bytes back
Round trip time was 1.8978 milliseconds in repetition 465
tcp_ping received 262144 bytes back
Round trip time was 2.6359 milliseconds in repetition 466
tcp_ping received 262144 bytes back
Round trip time was 1.6878 milliseconds in repetition 467
tcp_ping received 262144 bytes back
Round trip time was 1.674 milliseconds in repetition 468
tcp_ping received 262144 bytes back
Round trip time was 1.6939 milliseconds in repetition 469
tcp_ping received 262144 bytes back
Round trip time was 1.6252 milliseconds in repetition 470
tcp_ping received 262144 bytes back
Round trip time was 1.6354 milliseconds in repetition 471
tcp_ping received 262144 bytes back
Round trip time was 1.9967 milliseconds in repetition 472
tcp_ping received 262144 bytes back
Round trip time was 1.7872 milliseconds in repetition 473
tcp_ping received 262144 bytes back
Round trip time was 1.8326 milliseconds in repetition 474
tcp_ping received 262144 bytes back
Round trip time was 1.9392 milliseconds in repetition 475
tcp_ping received 262144 bytes back
Round trip time was 1.8748 milliseconds in repetition 476
tcp_ping received 262144 bytes back
Round trip time was 1.9132 milliseconds in repetition 477
tcp_ping received 262144 bytes back
Round trip time was 1.8735 milliseconds in repetition 478
tcp_ping received 262144 bytes back
Round trip time was 1.8948 milliseconds in repetition 479
tcp_ping received 262144 bytes back
Round trip time was 2.2397 milliseconds in repetition 480
tcp_ping received 262144 bytes back
Round trip time was 2.1228 milliseconds in repetition 481
tcp_ping received 262144 bytes back
Round trip time was 1.9159 milliseconds in repetition 482
tcp_ping received 262144 bytes back
Round trip time was 1.9152 milliseconds in repetition 483
tcp_ping received 262144 bytes back
Round trip time was 1.9412 milliseconds in repetition 484
tcp_ping received 262144 bytes back
Round trip time was 1.9265 milliseconds in repetition 485
tcp_ping received 262144 bytes back
Round trip time was 2.3788 milliseconds in repetition 486
tcp_ping received 262144 bytes back
Round trip time was 1.9217 milliseconds in repetition 487
tcp_ping received 262144 bytes back
Round trip time was 3.435 milliseconds in repetition 488
tcp_ping received 262144 bytes back
Round trip time was 1.9495 milliseconds in repetition 489
tcp_ping received 262144 bytes back
Round trip time was 2.0078 milliseconds in repetition 490
tcp_ping received 262144 bytes back
Round trip time was 2.4039 milliseconds in repetition 491
tcp_ping received 262144 bytes back
Round trip time was 2.5172 milliseconds in repetition 492
tcp_ping received 262144 bytes back
Round trip time was 2.2334 milliseconds in repetition 493
tcp_ping received 262144 bytes back
Round trip time was 2.8415 milliseconds in repetition 494
tcp_ping received 262144 bytes back
Round trip time was 2.5372 milliseconds in repetition 495
tcp_ping received 262144 bytes back
Round trip time was 2.3735 milliseconds in repetition 496
tcp_ping received 262144 bytes back
Round trip time was 2.573 milliseconds in repetition 497
tcp_ping received 262144 bytes back
Round trip time was 2.6356 milliseconds in repetition 498
tcp_ping received 262144 bytes back
Round trip time was 2.5133 milliseconds in repetition 499
tcp_ping received 262144 bytes back
Round trip time was 3.5408 milliseconds in repetition 500
tcp_ping received 262144 bytes back
Round trip time was 2.6481 milliseconds in repetition 501

 ... clock resolution was 1e-06
TCP Ping:  Statistics over 501 repetitions of 262144 byte messages

RTT : percentile 10: 2.48, median: 3.1396, percentile 90: 4.0703, average: 3.17559, variance: 0.60779

RTT histogram:
1.6252 14
1.84321 25
2.06122 6
2.27923 4
2.49724 75
2.71525 44
2.93326 47
3.15127 74
3.36928 60
3.58729 58
3.8053 31
4.02331 15
4.24132 9
4.45933 8
4.67734 9
4.89535 6
5.11336 5
5.33137 4
5.54938 5
5.76739 0
5.9854 2

   median Throughput : 166992 KB/s   overall Throughput : 165100 KB/s

