TCP Ping trying to connect to server localhost (127.0.0.1) on port 1491
 ... connected to Pong server: asking for 501 repetitions of 256 bytes TCP messages
 ... Pong server agreed :-)
tcp_ping received 256 bytes back
Round trip time was 1.12661 milliseconds in repetition 1
tcp_ping received 256 bytes back
Round trip time was 0.390986 milliseconds in repetition 2
tcp_ping received 256 bytes back
Round trip time was 0.383586 milliseconds in repetition 3
tcp_ping received 256 bytes back
Round trip time was 0.461409 milliseconds in repetition 4
tcp_ping received 256 bytes back
Round trip time was 0.372667 milliseconds in repetition 5
tcp_ping received 256 bytes back
Round trip time was 0.392489 milliseconds in repetition 6
tcp_ping received 256 bytes back
Round trip time was 0.443848 milliseconds in repetition 7
tcp_ping received 256 bytes back
Round trip time was 0.646293 milliseconds in repetition 8
tcp_ping received 256 bytes back
Round trip time was 0.383857 milliseconds in repetition 9
tcp_ping received 256 bytes back
Round trip time was 0.40616 milliseconds in repetition 10
tcp_ping received 256 bytes back
Round trip time was 0.371958 milliseconds in repetition 11
tcp_ping received 256 bytes back
Round trip time was 0.369376 milliseconds in repetition 12
tcp_ping received 256 bytes back
Round trip time was 0.376065 milliseconds in repetition 13
tcp_ping received 256 bytes back
Round trip time was 0.374458 milliseconds in repetition 14
tcp_ping received 256 bytes back
Round trip time was 0.372824 milliseconds in repetition 15
tcp_ping received 256 bytes back
Round trip time was 0.377949 milliseconds in repetition 16
tcp_ping received 256 bytes back
Round trip time was 0.725617 milliseconds in repetition 17
tcp_ping received 256 bytes back
Round trip time was 0.619039 milliseconds in repetition 18
tcp_ping received 256 bytes back
Round trip time was 0.366166 milliseconds in repetition 19
tcp_ping received 256 bytes back
Round trip time was 0.376962 milliseconds in repetition 20
tcp_ping received 256 bytes back
Round trip time was 0.370806 milliseconds in repetition 21
tcp_ping received 256 bytes back
Round trip time was 0.395497 milliseconds in repetition 22
tcp_ping received 256 bytes back
Round trip time was 0.403713 milliseconds in repetition 23
tcp_ping received 256 bytes back
Round trip time was 0.381185 milliseconds in repetition 24
tcp_ping received 256 bytes back
Round trip time was 0.881082 milliseconds in repetition 25
tcp_ping received 256 bytes back
Round trip time was 0.726387 milliseconds in repetition 26
tcp_ping received 256 bytes back
Round trip time was 0.3675 milliseconds in repetition 27
tcp_ping received 256 bytes back
Round trip time was 0.372944 milliseconds in repetition 28
tcp_ping received 256 bytes back
Round trip time was 0.364214 milliseconds in repetition 29
tcp_ping received 256 bytes back
Round trip time was 0.370342 milliseconds in repetition 30
tcp_ping received 256 bytes back
Round trip time was 0.361487 milliseconds in repetition 31
tcp_ping received 256 bytes back
Round trip time was 0.539462 milliseconds in repetition 32
tcp_ping received 256 bytes back
Round trip time was 0.709817 milliseconds in repetition 33
tcp_ping received 256 bytes back
Round trip time was 0.360851 milliseconds in repetition 34
tcp_ping received 256 bytes back
Round trip time was 0.364967 milliseconds in repetition 35
tcp_ping received 256 bytes back
Round trip time was 0.355959 milliseconds in repetition 36
tcp_ping received 256 bytes back
Round trip time was 0.372274 milliseconds in repetition 37
tcp_ping received 256 bytes back
Round trip time was 0.374649 milliseconds in repetition 38
tcp_ping received 256 bytes back
Round trip time was 0.354965 milliseconds in repetition 39
tcp_ping received 256 bytes back
Round trip time was 0.362465 milliseconds in repetition 40
tcp_ping received 256 bytes back
Round trip time was 0.356896 milliseconds in repetition 41
tcp_ping received 256 bytes back
Round trip time was 0.356623 milliseconds in repetition 42
tcp_ping received 256 bytes back
Round trip time was 0.352633 milliseconds in repetition 43
tcp_ping received 256 bytes back
Round trip time was 0.719674 milliseconds in repetition 44
tcp_ping received 256 bytes back
Round trip time was 0.359974 milliseconds in repetition 45
tcp_ping received 256 bytes back
Round trip time was 0.363667 milliseconds in repetition 46
tcp_ping received 256 bytes back
Round trip time was 0.346638 milliseconds in repetition 47
tcp_ping received 256 bytes back
Round trip time was 0.351446 milliseconds in repetition 48
tcp_ping received 256 bytes back
Round trip time was 0.34173 milliseconds in repetition 49
tcp_ping received 256 bytes back
Round trip time was 0.341712 milliseconds in repetition 50
tcp_ping received 256 bytes back
Round trip time was 0.430428 milliseconds in repetition 51
tcp_ping received 256 bytes back
Round trip time was 0.382802 milliseconds in repetition 52
tcp_ping received 256 bytes back
Round trip time was 0.34015 milliseconds in repetition 53
tcp_ping received 256 bytes back
Round trip time was 0.570986 milliseconds in repetition 54
tcp_ping received 256 bytes back
Round trip time was 0.344274 milliseconds in repetition 55
tcp_ping received 256 bytes back
Round trip time was 0.350148 milliseconds in repetition 56
tcp_ping received 256 bytes back
Round trip time was 0.351593 milliseconds in repetition 57
tcp_ping received 256 bytes back
Round trip time was 0.387221 milliseconds in repetition 58
tcp_ping received 256 bytes back
Round trip time was 0.342189 milliseconds in repetition 59
tcp_ping received 256 bytes back
Round trip time was 0.351624 milliseconds in repetition 60
tcp_ping received 256 bytes back
Round trip time was 0.368211 milliseconds in repetition 61
tcp_ping received 256 bytes back
Round trip time was 0.34308 milliseconds in repetition 62
tcp_ping received 256 bytes back
Round trip time was 0.338942 milliseconds in repetition 63
tcp_ping received 256 bytes back
Round trip time was 0.549232 milliseconds in repetition 64
tcp_ping received 256 bytes back
Round trip time was 0.678307 milliseconds in repetition 65
tcp_ping received 256 bytes back
Round trip time was 0.345889 milliseconds in repetition 66
tcp_ping received 256 bytes back
Round trip time was 0.357102 milliseconds in repetition 67
tcp_ping received 256 bytes back
Round trip time was 0.342845 milliseconds in repetition 68
tcp_ping received 256 bytes back
Round trip time was 0.329127 milliseconds in repetition 69
tcp_ping received 256 bytes back
Round trip time was 0.329345 milliseconds in repetition 70
tcp_ping received 256 bytes back
Round trip time was 0.333176 milliseconds in repetition 71
tcp_ping received 256 bytes back
Round trip time was 0.343289 milliseconds in repetition 72
tcp_ping received 256 bytes back
Round trip time was 0.325838 milliseconds in repetition 73
tcp_ping received 256 bytes back
Round trip time was 0.525635 milliseconds in repetition 74
tcp_ping received 256 bytes back
Round trip time was 0.327677 milliseconds in repetition 75
tcp_ping received 256 bytes back
Round trip time was 0.34431 milliseconds in repetition 76
tcp_ping received 256 bytes back
Round trip time was 0.365785 milliseconds in repetition 77
tcp_ping received 256 bytes back
Round trip time was 0.358091 milliseconds in repetition 78
tcp_ping received 256 bytes back
Round trip time was 0.328038 milliseconds in repetition 79
tcp_ping received 256 bytes back
Round trip time was 0.336516 milliseconds in repetition 80
tcp_ping received 256 bytes back
Round trip time was 0.405157 milliseconds in repetition 81
tcp_ping received 256 bytes back
Round trip time was 0.332547 milliseconds in repetition 82
tcp_ping received 256 bytes back
Round trip time was 0.336653 milliseconds in repetition 83
tcp_ping received 256 bytes back
Round trip time was 0.345131 milliseconds in repetition 84
tcp_ping received 256 bytes back
Round trip time was 0.690104 milliseconds in repetition 85
tcp_ping received 256 bytes back
Round trip time was 0.339889 milliseconds in repetition 86
tcp_ping received 256 bytes back
Round trip time was 0.361226 milliseconds in repetition 87
tcp_ping received 256 bytes back
Round trip time was 0.321882 milliseconds in repetition 88
tcp_ping received 256 bytes back
Round trip time was 0.337903 milliseconds in repetition 89
tcp_ping received 256 bytes back
Round trip time was 0.34572 milliseconds in repetition 90
tcp_ping received 256 bytes back
Round trip time was 0.316623 milliseconds in repetition 91
tcp_ping received 256 bytes back
Round trip time was 0.318838 milliseconds in repetition 92
tcp_ping received 256 bytes back
Round trip time was 0.337276 milliseconds in repetition 93
tcp_ping received 256 bytes back
Round trip time was 0.341493 milliseconds in repetition 94
tcp_ping received 256 bytes back
Round trip time was 0.316568 milliseconds in repetition 95
tcp_ping received 256 bytes back
Round trip time was 0.520103 milliseconds in repetition 96
tcp_ping received 256 bytes back
Round trip time was 0.509421 milliseconds in repetition 97
tcp_ping received 256 bytes back
Round trip time was 0.329279 milliseconds in repetition 98
tcp_ping received 256 bytes back
Round trip time was 0.319099 milliseconds in repetition 99
tcp_ping received 256 bytes back
Round trip time was 0.319825 milliseconds in repetition 100
tcp_ping received 256 bytes back
Round trip time was 0.316686 milliseconds in repetition 101
tcp_ping received 256 bytes back
Round trip time was 0.318682 milliseconds in repetition 102
tcp_ping received 256 bytes back
Round trip time was 0.327631 milliseconds in repetition 103
tcp_ping received 256 bytes back
Round trip time was 0.319051 milliseconds in repetition 104
tcp_ping received 256 bytes back
Round trip time was 0.725891 milliseconds in repetition 105
tcp_ping received 256 bytes back
Round trip time was 0.243751 milliseconds in repetition 106
tcp_ping received 256 bytes back
Round trip time was 0.338681 milliseconds in repetition 107
tcp_ping received 256 bytes back
Round trip time was 0.492581 milliseconds in repetition 108
tcp_ping received 256 bytes back
Round trip time was 0.601865 milliseconds in repetition 109
tcp_ping received 256 bytes back
Round trip time was 0.377246 milliseconds in repetition 110
tcp_ping received 256 bytes back
Round trip time was 0.364381 milliseconds in repetition 111
tcp_ping received 256 bytes back
Round trip time was 6.8156 milliseconds in repetition 112
tcp_ping received 256 bytes back
Round trip time was 8.53298 milliseconds in repetition 113
tcp_ping received 256 bytes back
Round trip time was 0.38265 milliseconds in repetition 114
tcp_ping received 256 bytes back
Round trip time was 0.359893 milliseconds in repetition 115
tcp_ping received 256 bytes back
Round trip time was 0.410895 milliseconds in repetition 116
tcp_ping received 256 bytes back
Round trip time was 0.412224 milliseconds in repetition 117
tcp_ping received 256 bytes back
Round trip time was 0.694784 milliseconds in repetition 118
tcp_ping received 256 bytes back
Round trip time was 0.41847 milliseconds in repetition 119
tcp_ping received 256 bytes back
Round trip time was 0.36817 milliseconds in repetition 120
tcp_ping received 256 bytes back
Round trip time was 0.414479 milliseconds in repetition 121
tcp_ping received 256 bytes back
Round trip time was 0.43185 milliseconds in repetition 122
tcp_ping received 256 bytes back
Round trip time was 0.512012 milliseconds in repetition 123
tcp_ping received 256 bytes back
Round trip time was 0.438941 milliseconds in repetition 124
tcp_ping received 256 bytes back
Round trip time was 0.37316 milliseconds in repetition 125
tcp_ping received 256 bytes back
Round trip time was 0.360406 milliseconds in repetition 126
tcp_ping received 256 bytes back
Round trip time was 0.76837 milliseconds in repetition 127
tcp_ping received 256 bytes back
Round trip time was 0.529441 milliseconds in repetition 128
tcp_ping received 256 bytes back
Round trip time was 0.374385 milliseconds in repetition 129
tcp_ping received 256 bytes back
Round trip time was 0.365598 milliseconds in repetition 130
tcp_ping received 256 bytes back
Round trip time was 0.375453 milliseconds in repetition 131
tcp_ping received 256 bytes back
Round trip time was 0.389398 milliseconds in repetition 132
tcp_ping received 256 bytes back
Round trip time was 0.337733 milliseconds in repetition 133
tcp_ping received 256 bytes back
Round trip time was 0.389496 milliseconds in repetition 134
tcp_ping received 256 bytes back
Round trip time was 0.359973 milliseconds in repetition 135
tcp_ping received 256 bytes back
Round trip time was 0.350435 milliseconds in repetition 136
tcp_ping received 256 bytes back
Round trip time was 0.608051 milliseconds in repetition 137
tcp_ping received 256 bytes back
Round trip time was 0.370901 milliseconds in repetition 138
tcp_ping received 256 bytes back
Round trip time was 0.353303 milliseconds in repetition 139
tcp_ping received 256 bytes back
Round trip time was 0.422364 milliseconds in repetition 140
tcp_ping received 256 bytes back
Round trip time was 0.36344 milliseconds in repetition 141
tcp_ping received 256 bytes back
Round trip time was 0.358077 milliseconds in repetition 142
tcp_ping received 256 bytes back
Round trip time was 0.332417 milliseconds in repetition 143
tcp_ping received 256 bytes back
Round trip time was 0.33316 milliseconds in repetition 144
tcp_ping received 256 bytes back
Round trip time was 0.337353 milliseconds in repetition 145
tcp_ping received 256 bytes back
Round trip time was 0.3499 milliseconds in repetition 146
tcp_ping received 256 bytes back
Round trip time was 0.53154 milliseconds in repetition 147
tcp_ping received 256 bytes back
Round trip time was 0.365381 milliseconds in repetition 148
tcp_ping received 256 bytes back
Round trip time was 0.332547 milliseconds in repetition 149
tcp_ping received 256 bytes back
Round trip time was 0.333303 milliseconds in repetition 150
tcp_ping received 256 bytes back
Round trip time was 0.350829 milliseconds in repetition 151
tcp_ping received 256 bytes back
Round trip time was 0.337545 milliseconds in repetition 152
tcp_ping received 256 bytes back
Round trip time was 0.681241 milliseconds in repetition 153
tcp_ping received 256 bytes back
Round trip time was 0.340683 milliseconds in repetition 154
tcp_ping received 256 bytes back
Round trip time was 0.34829 milliseconds in repetition 155
tcp_ping received 256 bytes back
Round trip time was 0.337634 milliseconds in repetition 156
tcp_ping received 256 bytes back
Round trip time was 0.530759 milliseconds in repetition 157
tcp_ping received 256 bytes back
Round trip time was 0.36839 milliseconds in repetition 158
tcp_ping received 256 bytes back
Round trip time was 0.522111 milliseconds in repetition 159
tcp_ping received 256 bytes back
Round trip time was 0.459142 milliseconds in repetition 160
tcp_ping received 256 bytes back
Round trip time was 0.44181 milliseconds in repetition 161
tcp_ping received 256 bytes back
Round trip time was 0.366969 milliseconds in repetition 162
tcp_ping received 256 bytes back
Round trip time was 0.495229 milliseconds in repetition 163
tcp_ping received 256 bytes back
Round trip time was 0.347822 milliseconds in repetition 164
tcp_ping received 256 bytes back
Round trip time was 0.350947 milliseconds in repetition 165
tcp_ping received 256 bytes back
Round trip time was 0.895013 milliseconds in repetition 166
tcp_ping received 256 bytes back
Round trip time was 0.365245 milliseconds in repetition 167
tcp_ping received 256 bytes back
Round trip time was 0.366843 milliseconds in repetition 168
tcp_ping received 256 bytes back
Round trip time was 0.348894 milliseconds in repetition 169
tcp_ping received 256 bytes back
Round trip time was 0.491588 milliseconds in repetition 170
tcp_ping received 256 bytes back
Round trip time was 0.627418 milliseconds in repetition 171
tcp_ping received 256 bytes back
Round trip time was 0.389014 milliseconds in repetition 172
tcp_ping received 256 bytes back
Round trip time was 0.390845 milliseconds in repetition 173
tcp_ping received 256 bytes back
Round trip time was 0.582494 milliseconds in repetition 174
tcp_ping received 256 bytes back
Round trip time was 0.359882 milliseconds in repetition 175
tcp_ping received 256 bytes back
Round trip time was 0.354873 milliseconds in repetition 176
tcp_ping received 256 bytes back
Round trip time was 0.356023 milliseconds in repetition 177
tcp_ping received 256 bytes back
Round trip time was 0.368689 milliseconds in repetition 178
tcp_ping received 256 bytes back
Round trip time was 0.366329 milliseconds in repetition 179
tcp_ping received 256 bytes back
Round trip time was 0.375087 milliseconds in repetition 180
tcp_ping received 256 bytes back
Round trip time was 0.379513 milliseconds in repetition 181
tcp_ping received 256 bytes back
Round trip time was 0.363611 milliseconds in repetition 182
tcp_ping received 256 bytes back
Round trip time was 0.703288 milliseconds in repetition 183
tcp_ping received 256 bytes back
Round trip time was 0.278212 milliseconds in repetition 184
tcp_ping received 256 bytes back
Round trip time was 0.356742 milliseconds in repetition 185
tcp_ping received 256 bytes back
Round trip time was 0.358159 milliseconds in repetition 186
tcp_ping received 256 bytes back
Round trip time was 0.386738 milliseconds in repetition 187
tcp_ping received 256 bytes back
Round trip time was 0.371489 milliseconds in repetition 188
tcp_ping received 256 bytes back
Round trip time was 0.338494 milliseconds in repetition 189
tcp_ping received 256 bytes back
Round trip time was 0.34479 milliseconds in repetition 190
tcp_ping received 256 bytes back
Round trip time was 0.36103 milliseconds in repetition 191
tcp_ping received 256 bytes back
Round trip time was 0.361569 milliseconds in repetition 192
tcp_ping received 256 bytes back
Round trip time was 0.341927 milliseconds in repetition 193
tcp_ping received 256 bytes back
Round trip time was 0.834104 milliseconds in repetition 194
tcp_ping received 256 bytes back
Round trip time was 0.358857 milliseconds in repetition 195
tcp_ping received 256 bytes back
Round trip time was 0.344111 milliseconds in repetition 196
tcp_ping received 256 bytes back
Round trip time was 0.34009 milliseconds in repetition 197
tcp_ping received 256 bytes back
Round trip time was 0.358632 milliseconds in repetition 198
tcp_ping received 256 bytes back
Round trip time was 0.345399 milliseconds in repetition 199
tcp_ping received 256 bytes back
Round trip time was 0.373564 milliseconds in repetition 200
tcp_ping received 256 bytes back
Round trip time was 0.345642 milliseconds in repetition 201
tcp_ping received 256 bytes back
Round trip time was 0.345537 milliseconds in repetition 202
tcp_ping received 256 bytes back
Round trip time was 0.3542 milliseconds in repetition 203
tcp_ping received 256 bytes back
Round trip time was 5.65198 milliseconds in repetition 204
tcp_ping received 256 bytes back
Round trip time was 0.3886 milliseconds in repetition 205
tcp_ping received 256 bytes back
Round trip time was 0.345822 milliseconds in repetition 206
tcp_ping received 256 bytes back
Round trip time was 0.366045 milliseconds in repetition 207
tcp_ping received 256 bytes back
Round trip time was 0.346067 milliseconds in repetition 208
tcp_ping received 256 bytes back
Round trip time was 0.352322 milliseconds in repetition 209
tcp_ping received 256 bytes back
Round trip time was 0.380244 milliseconds in repetition 210
tcp_ping received 256 bytes back
Round trip time was 0.540663 milliseconds in repetition 211
tcp_ping received 256 bytes back
Round trip time was 0.348724 milliseconds in repetition 212
tcp_ping received 256 bytes back
Round trip time was 0.346583 milliseconds in repetition 213
tcp_ping received 256 bytes back
Round trip time was 0.359845 milliseconds in repetition 214
tcp_ping received 256 bytes back
Round trip time was 0.355031 milliseconds in repetition 215
tcp_ping received 256 bytes back
Round trip time was 0.357333 milliseconds in repetition 216
tcp_ping received 256 bytes back
Round trip time was 0.346679 milliseconds in repetition 217
tcp_ping received 256 bytes back
Round trip time was 0.357327 milliseconds in repetition 218
tcp_ping received 256 bytes back
Round trip time was 0.348435 milliseconds in repetition 219
tcp_ping received 256 bytes back
Round trip time was 0.344757 milliseconds in repetition 220
tcp_ping received 256 bytes back
Round trip time was 0.947132 milliseconds in repetition 221
tcp_ping received 256 bytes back
Round trip time was 0.374967 milliseconds in repetition 222
tcp_ping received 256 bytes back
Round trip time was 0.373392 milliseconds in repetition 223
tcp_ping received 256 bytes back
Round trip time was 0.344927 milliseconds in repetition 224
tcp_ping received 256 bytes back
Round trip time was 0.447503 milliseconds in repetition 225
tcp_ping received 256 bytes back
Round trip time was 0.380235 milliseconds in repetition 226
tcp_ping received 256 bytes back
Round trip time was 0.353397 milliseconds in repetition 227
tcp_ping received 256 bytes back
Round trip time was 0.351886 milliseconds in repetition 228
tcp_ping received 256 bytes back
Round trip time was 0.390432 milliseconds in repetition 229
tcp_ping received 256 bytes back
Round trip time was 0.598239 milliseconds in repetition 230
tcp_ping received 256 bytes back
Round trip time was 0.523424 milliseconds in repetition 231
tcp_ping received 256 bytes back
Round trip time was 0.34674 milliseconds in repetition 232
tcp_ping received 256 bytes back
Round trip time was 2.15497 milliseconds in repetition 233
tcp_ping received 256 bytes back
Round trip time was 0.959333 milliseconds in repetition 234
tcp_ping received 256 bytes back
Round trip time was 0.927667 milliseconds in repetition 235
tcp_ping received 256 bytes back
Round trip time was 0.359254 milliseconds in repetition 236
tcp_ping received 256 bytes back
Round trip time was 0.362083 milliseconds in repetition 237
tcp_ping received 256 bytes back
Round trip time was 0.502482 milliseconds in repetition 238
tcp_ping received 256 bytes back
Round trip time was 0.410833 milliseconds in repetition 239
tcp_ping received 256 bytes back
Round trip time was 0.349721 milliseconds in repetition 240
tcp_ping received 256 bytes back
Round trip time was 0.345148 milliseconds in repetition 241
tcp_ping received 256 bytes back
Round trip time was 0.386602 milliseconds in repetition 242
tcp_ping received 256 bytes back
Round trip time was 0.626351 milliseconds in repetition 243
tcp_ping received 256 bytes back
Round trip time was 0.331266 milliseconds in repetition 244
tcp_ping received 256 bytes back
Round trip time was 0.325636 milliseconds in repetition 245
tcp_ping received 256 bytes back
Round trip time was 0.323544 milliseconds in repetition 246
tcp_ping received 256 bytes back
Round trip time was 0.380389 milliseconds in repetition 247
tcp_ping received 256 bytes back
Round trip time was 0.323836 milliseconds in repetition 248
tcp_ping received 256 bytes back
Round trip time was 0.326534 milliseconds in repetition 249
tcp_ping received 256 bytes back
Round trip time was 0.322183 milliseconds in repetition 250
tcp_ping received 256 bytes back
Round trip time was 0.323295 milliseconds in repetition 251
tcp_ping received 256 bytes back
Round trip time was 0.325955 milliseconds in repetition 252
tcp_ping received 256 bytes back
Round trip time was 0.345022 milliseconds in repetition 253
tcp_ping received 256 bytes back
Round trip time was 0.747397 milliseconds in repetition 254
tcp_ping received 256 bytes back
Round trip time was 0.381888 milliseconds in repetition 255
tcp_ping received 256 bytes back
Round trip time was 0.382893 milliseconds in repetition 256
tcp_ping received 256 bytes back
Round trip time was 0.365544 milliseconds in repetition 257
tcp_ping received 256 bytes back
Round trip time was 0.358731 milliseconds in repetition 258
tcp_ping received 256 bytes back
Round trip time was 0.329724 milliseconds in repetition 259
tcp_ping received 256 bytes back
Round trip time was 0.336424 milliseconds in repetition 260
tcp_ping received 256 bytes back
Round trip time was 0.32732 milliseconds in repetition 261
tcp_ping received 256 bytes back
Round trip time was 0.324723 milliseconds in repetition 262
tcp_ping received 256 bytes back
Round trip time was 0.810726 milliseconds in repetition 263
tcp_ping received 256 bytes back
Round trip time was 0.332846 milliseconds in repetition 264
tcp_ping received 256 bytes back
Round trip time was 0.35026 milliseconds in repetition 265
tcp_ping received 256 bytes back
Round trip time was 0.351079 milliseconds in repetition 266
tcp_ping received 256 bytes back
Round trip time was 0.350999 milliseconds in repetition 267
tcp_ping received 256 bytes back
Round trip time was 0.336434 milliseconds in repetition 268
tcp_ping received 256 bytes back
Round trip time was 0.319436 milliseconds in repetition 269
tcp_ping received 256 bytes back
Round trip time was 0.346635 milliseconds in repetition 270
tcp_ping received 256 bytes back
Round trip time was 0.336961 milliseconds in repetition 271
tcp_ping received 256 bytes back
Round trip time was 0.33688 milliseconds in repetition 272
tcp_ping received 256 bytes back
Round trip time was 0.350781 milliseconds in repetition 273
tcp_ping received 256 bytes back
Round trip time was 0.591994 milliseconds in repetition 274
tcp_ping received 256 bytes back
Round trip time was 0.355241 milliseconds in repetition 275
tcp_ping received 256 bytes back
Round trip time was 0.427725 milliseconds in repetition 276
tcp_ping received 256 bytes back
Round trip time was 0.364319 milliseconds in repetition 277
tcp_ping received 256 bytes back
Round trip time was 0.355085 milliseconds in repetition 278
tcp_ping received 256 bytes back
Round trip time was 0.356615 milliseconds in repetition 279
tcp_ping received 256 bytes back
Round trip time was 0.334532 milliseconds in repetition 280
tcp_ping received 256 bytes back
Round trip time was 0.367652 milliseconds in repetition 281
tcp_ping received 256 bytes back
Round trip time was 0.33862 milliseconds in repetition 282
tcp_ping received 256 bytes back
Round trip time was 0.352313 milliseconds in repetition 283
tcp_ping received 256 bytes back
Round trip time was 0.508795 milliseconds in repetition 284
tcp_ping received 256 bytes back
Round trip time was 0.328436 milliseconds in repetition 285
tcp_ping received 256 bytes back
Round trip time was 0.364444 milliseconds in repetition 286
tcp_ping received 256 bytes back
Round trip time was 0.343006 milliseconds in repetition 287
tcp_ping received 256 bytes back
Round trip time was 0.350975 milliseconds in repetition 288
tcp_ping received 256 bytes back
Round trip time was 0.356057 milliseconds in repetition 289
tcp_ping received 256 bytes back
Round trip time was 0.351454 milliseconds in repetition 290
tcp_ping received 256 bytes back
Round trip time was 0.345191 milliseconds in repetition 291
tcp_ping received 256 bytes back
Round trip time was 0.346021 milliseconds in repetition 292
tcp_ping received 256 bytes back
Round trip time was 0.387339 milliseconds in repetition 293
tcp_ping received 256 bytes back
Round trip time was 0.340181 milliseconds in repetition 294
tcp_ping received 256 bytes back
Round trip time was 0.580364 milliseconds in repetition 295
tcp_ping received 256 bytes back
Round trip time was 0.363273 milliseconds in repetition 296
tcp_ping received 256 bytes back
Round trip time was 0.644102 milliseconds in repetition 297
tcp_ping received 256 bytes back
Round trip time was 0.362273 milliseconds in repetition 298
tcp_ping received 256 bytes back
Round trip time was 0.437104 milliseconds in repetition 299
tcp_ping received 256 bytes back
Round trip time was 0.80845 milliseconds in repetition 300
tcp_ping received 256 bytes back
Round trip time was 0.444238 milliseconds in repetition 301
tcp_ping received 256 bytes back
Round trip time was 0.361866 milliseconds in repetition 302
tcp_ping received 256 bytes back
Round trip time was 0.687352 milliseconds in repetition 303
tcp_ping received 256 bytes back
Round trip time was 5.05983 milliseconds in repetition 304
tcp_ping received 256 bytes back
Round trip time was 4.97018 milliseconds in repetition 305
tcp_ping received 256 bytes back
Round trip time was 4.75763 milliseconds in repetition 306
tcp_ping received 256 bytes back
Round trip time was 0.687281 milliseconds in repetition 307
tcp_ping received 256 bytes back
Round trip time was 0.039869 milliseconds in repetition 308
tcp_ping received 256 bytes back
Round trip time was 0.039003 milliseconds in repetition 309
tcp_ping received 256 bytes back
Round trip time was 0.019296 milliseconds in repetition 310
tcp_ping received 256 bytes back
Round trip time was 0.018184 milliseconds in repetition 311
tcp_ping received 256 bytes back
Round trip time was 0.018091 milliseconds in repetition 312
tcp_ping received 256 bytes back
Round trip time was 0.017914 milliseconds in repetition 313
tcp_ping received 256 bytes back
Round trip time was 0.170958 milliseconds in repetition 314
tcp_ping received 256 bytes back
Round trip time was 0.021594 milliseconds in repetition 315
tcp_ping received 256 bytes back
Round trip time was 0.018791 milliseconds in repetition 316
tcp_ping received 256 bytes back
Round trip time was 0.018927 milliseconds in repetition 317
tcp_ping received 256 bytes back
Round trip time was 0.018676 milliseconds in repetition 318
tcp_ping received 256 bytes back
Round trip time was 0.018765 milliseconds in repetition 319
tcp_ping received 256 bytes back
Round trip time was 0.018612 milliseconds in repetition 320
tcp_ping received 256 bytes back
Round trip time was 0.018598 milliseconds in repetition 321
tcp_ping received 256 bytes back
Round trip time was 0.018836 milliseconds in repetition 322
tcp_ping received 256 bytes back
Round trip time was 0.018664 milliseconds in repetition 323
tcp_ping received 256 bytes back
Round trip time was 0.018693 milliseconds in repetition 324
tcp_ping received 256 bytes back
Round trip time was 0.018505 milliseconds in repetition 325
tcp_ping received 256 bytes back
Round trip time was 0.018548 milliseconds in repetition 326
tcp_ping received 256 bytes back
Round trip time was 0.01977 milliseconds in repetition 327
tcp_ping received 256 bytes back
Round trip time was 0.018654 milliseconds in repetition 328
tcp_ping received 256 bytes back
Round trip time was 0.018637 milliseconds in repetition 329
tcp_ping received 256 bytes back
Round trip time was 0.018771 milliseconds in repetition 330
tcp_ping received 256 bytes back
Round trip time was 0.018625 milliseconds in repetition 331
tcp_ping received 256 bytes back
Round trip time was 0.018675 milliseconds in repetition 332
tcp_ping received 256 bytes back
Round trip time was 0.018692 milliseconds in repetition 333
tcp_ping received 256 bytes back
Round trip time was 0.018537 milliseconds in repetition 334
tcp_ping received 256 bytes back
Round trip time was 0.018518 milliseconds in repetition 335
tcp_ping received 256 bytes back
Round trip time was 0.018456 milliseconds in repetition 336
tcp_ping received 256 bytes back
Round trip time was 0.018588 milliseconds in repetition 337
tcp_ping received 256 bytes back
Round trip time was 0.018826 milliseconds in repetition 338
tcp_ping received 256 bytes back
Round trip time was 0.018585 milliseconds in repetition 339
tcp_ping received 256 bytes back
Round trip time was 0.018785 milliseconds in repetition 340
tcp_ping received 256 bytes back
Round trip time was 0.018444 milliseconds in repetition 341
tcp_ping received 256 bytes back
Round trip time was 0.018426 milliseconds in repetition 342
tcp_ping received 256 bytes back
Round trip time was 0.018454 milliseconds in repetition 343
tcp_ping received 256 bytes back
Round trip time was 0.018357 milliseconds in repetition 344
tcp_ping received 256 bytes back
Round trip time was 0.0184 milliseconds in repetition 345
tcp_ping received 256 bytes back
Round trip time was 0.018496 milliseconds in repetition 346
tcp_ping received 256 bytes back
Round trip time was 0.018486 milliseconds in repetition 347
tcp_ping received 256 bytes back
Round trip time was 0.018598 milliseconds in repetition 348
tcp_ping received 256 bytes back
Round trip time was 0.018454 milliseconds in repetition 349
tcp_ping received 256 bytes back
Round trip time was 0.018619 milliseconds in repetition 350
tcp_ping received 256 bytes back
Round trip time was 0.018661 milliseconds in repetition 351
tcp_ping received 256 bytes back
Round trip time was 0.018572 milliseconds in repetition 352
tcp_ping received 256 bytes back
Round trip time was 0.01848 milliseconds in repetition 353
tcp_ping received 256 bytes back
Round trip time was 0.039721 milliseconds in repetition 354
tcp_ping received 256 bytes back
Round trip time was 0.019332 milliseconds in repetition 355
tcp_ping received 256 bytes back
Round trip time was 0.017791 milliseconds in repetition 356
tcp_ping received 256 bytes back
Round trip time was 0.017594 milliseconds in repetition 357
tcp_ping received 256 bytes back
Round trip time was 0.017555 milliseconds in repetition 358
tcp_ping received 256 bytes back
Round trip time was 0.017793 milliseconds in repetition 359
tcp_ping received 256 bytes back
Round trip time was 0.017595 milliseconds in repetition 360
tcp_ping received 256 bytes back
Round trip time was 0.017591 milliseconds in repetition 361
tcp_ping received 256 bytes back
Round trip time was 0.017524 milliseconds in repetition 362
tcp_ping received 256 bytes back
Round trip time was 0.017583 milliseconds in repetition 363
tcp_ping received 256 bytes back
Round trip time was 0.017547 milliseconds in repetition 364
tcp_ping received 256 bytes back
Round trip time was 0.017602 milliseconds in repetition 365
tcp_ping received 256 bytes back
Round trip time was 0.017544 milliseconds in repetition 366
tcp_ping received 256 bytes back
Round trip time was 0.017542 milliseconds in repetition 367
tcp_ping received 256 bytes back
Round trip time was 0.017484 milliseconds in repetition 368
tcp_ping received 256 bytes back
Round trip time was 0.017512 milliseconds in repetition 369
tcp_ping received 256 bytes back
Round trip time was 0.018426 milliseconds in repetition 370
tcp_ping received 256 bytes back
Round trip time was 0.017696 milliseconds in repetition 371
tcp_ping received 256 bytes back
Round trip time was 0.017617 milliseconds in repetition 372
tcp_ping received 256 bytes back
Round trip time was 0.017795 milliseconds in repetition 373
tcp_ping received 256 bytes back
Round trip time was 0.017581 milliseconds in repetition 374
tcp_ping received 256 bytes back
Round trip time was 0.017584 milliseconds in repetition 375
tcp_ping received 256 bytes back
Round trip time was 0.017467 milliseconds in repetition 376
tcp_ping received 256 bytes back
Round trip time was 0.017524 milliseconds in repetition 377
tcp_ping received 256 bytes back
Round trip time was 0.017565 milliseconds in repetition 378
tcp_ping received 256 bytes back
Round trip time was 0.028341 milliseconds in repetition 379
tcp_ping received 256 bytes back
Round trip time was 0.028038 milliseconds in repetition 380
tcp_ping received 256 bytes back
Round trip time was 0.026966 milliseconds in repetition 381
tcp_ping received 256 bytes back
Round trip time was 0.017988 milliseconds in repetition 382
tcp_ping received 256 bytes back
Round trip time was 0.0177 milliseconds in repetition 383
tcp_ping received 256 bytes back
Round trip time was 0.01765 milliseconds in repetition 384
tcp_ping received 256 bytes back
Round trip time was 0.01768 milliseconds in repetition 385
tcp_ping received 256 bytes back
Round trip time was 0.022149 milliseconds in repetition 386
tcp_ping received 256 bytes back
Round trip time was 0.017651 milliseconds in repetition 387
tcp_ping received 256 bytes back
Round trip time was 0.017657 milliseconds in repetition 388
tcp_ping received 256 bytes back
Round trip time was 0.017529 milliseconds in repetition 389
tcp_ping received 256 bytes back
Round trip time was 0.017586 milliseconds in repetition 390
tcp_ping received 256 bytes back
Round trip time was 0.017572 milliseconds in repetition 391
tcp_ping received 256 bytes back
Round trip time was 0.017647 milliseconds in repetition 392
tcp_ping received 256 bytes back
Round trip time was 0.017595 milliseconds in repetition 393
tcp_ping received 256 bytes back
Round trip time was 0.017412 milliseconds in repetition 394
tcp_ping received 256 bytes back
Round trip time was 0.017806 milliseconds in repetition 395
tcp_ping received 256 bytes back
Round trip time was 0.017553 milliseconds in repetition 396
tcp_ping received 256 bytes back
Round trip time was 0.017588 milliseconds in repetition 397
tcp_ping received 256 bytes back
Round trip time was 0.022299 milliseconds in repetition 398
tcp_ping received 256 bytes back
Round trip time was 0.017712 milliseconds in repetition 399
tcp_ping received 256 bytes back
Round trip time was 0.017574 milliseconds in repetition 400
tcp_ping received 256 bytes back
Round trip time was 0.017647 milliseconds in repetition 401
tcp_ping received 256 bytes back
Round trip time was 0.017523 milliseconds in repetition 402
tcp_ping received 256 bytes back
Round trip time was 0.01771 milliseconds in repetition 403
tcp_ping received 256 bytes back
Round trip time was 0.017776 milliseconds in repetition 404
tcp_ping received 256 bytes back
Round trip time was 0.017645 milliseconds in repetition 405
tcp_ping received 256 bytes back
Round trip time was 0.017611 milliseconds in repetition 406
tcp_ping received 256 bytes back
Round trip time was 0.017662 milliseconds in repetition 407
tcp_ping received 256 bytes back
Round trip time was 0.01761 milliseconds in repetition 408
tcp_ping received 256 bytes back
Round trip time was 0.017756 milliseconds in repetition 409
tcp_ping received 256 bytes back
Round trip time was 0.017554 milliseconds in repetition 410
tcp_ping received 256 bytes back
Round trip time was 0.017492 milliseconds in repetition 411
tcp_ping received 256 bytes back
Round trip time was 0.017666 milliseconds in repetition 412
tcp_ping received 256 bytes back
Round trip time was 0.017641 milliseconds in repetition 413
tcp_ping received 256 bytes back
Round trip time was 0.017775 milliseconds in repetition 414
tcp_ping received 256 bytes back
Round trip time was 0.017602 milliseconds in repetition 415
tcp_ping received 256 bytes back
Round trip time was 0.017611 milliseconds in repetition 416
tcp_ping received 256 bytes back
Round trip time was 0.017632 milliseconds in repetition 417
tcp_ping received 256 bytes back
Round trip time was 0.017711 milliseconds in repetition 418
tcp_ping received 256 bytes back
Round trip time was 0.018251 milliseconds in repetition 419
tcp_ping received 256 bytes back
Round trip time was 0.017691 milliseconds in repetition 420
tcp_ping received 256 bytes back
Round trip time was 0.017833 milliseconds in repetition 421
tcp_ping received 256 bytes back
Round trip time was 0.017553 milliseconds in repetition 422
tcp_ping received 256 bytes back
Round trip time was 0.017503 milliseconds in repetition 423
tcp_ping received 256 bytes back
Round trip time was 0.017737 milliseconds in repetition 424
tcp_ping received 256 bytes back
Round trip time was 0.017814 milliseconds in repetition 425
tcp_ping received 256 bytes back
Round trip time was 0.116444 milliseconds in repetition 426
tcp_ping received 256 bytes back
Round trip time was 0.021289 milliseconds in repetition 427
tcp_ping received 256 bytes back
Round trip time was 0.018569 milliseconds in repetition 428
tcp_ping received 256 bytes back
Round trip time was 0.018053 milliseconds in repetition 429
tcp_ping received 256 bytes back
Round trip time was 0.017795 milliseconds in repetition 430
tcp_ping received 256 bytes back
Round trip time was 0.017983 milliseconds in repetition 431
tcp_ping received 256 bytes back
Round trip time was 0.017943 milliseconds in repetition 432
tcp_ping received 256 bytes back
Round trip time was 0.017938 milliseconds in repetition 433
tcp_ping received 256 bytes back
Round trip time was 0.017832 milliseconds in repetition 434
tcp_ping received 256 bytes back
Round trip time was 0.01785 milliseconds in repetition 435
tcp_ping received 256 bytes back
Round trip time was 0.018032 milliseconds in repetition 436
tcp_ping received 256 bytes back
Round trip time was 0.017853 milliseconds in repetition 437
tcp_ping received 256 bytes back
Round trip time was 0.017878 milliseconds in repetition 438
tcp_ping received 256 bytes back
Round trip time was 0.0178 milliseconds in repetition 439
tcp_ping received 256 bytes back
Round trip time was 0.017932 milliseconds in repetition 440
tcp_ping received 256 bytes back
Round trip time was 0.017961 milliseconds in repetition 441
tcp_ping received 256 bytes back
Round trip time was 0.022609 milliseconds in repetition 442
tcp_ping received 256 bytes back
Round trip time was 0.018075 milliseconds in repetition 443
tcp_ping received 256 bytes back
Round trip time was 0.017788 milliseconds in repetition 444
tcp_ping received 256 bytes back
Round trip time was 0.017735 milliseconds in repetition 445
tcp_ping received 256 bytes back
Round trip time was 0.017703 milliseconds in repetition 446
tcp_ping received 256 bytes back
Round trip time was 0.017705 milliseconds in repetition 447
tcp_ping received 256 bytes back
Round trip time was 0.017704 milliseconds in repetition 448
tcp_ping received 256 bytes back
Round trip time was 0.0176 milliseconds in repetition 449
tcp_ping received 256 bytes back
Round trip time was 0.017618 milliseconds in repetition 450
tcp_ping received 256 bytes back
Round trip time was 0.017605 milliseconds in repetition 451
tcp_ping received 256 bytes back
Round trip time was 0.017838 milliseconds in repetition 452
tcp_ping received 256 bytes back
Round trip time was 0.017768 milliseconds in repetition 453
tcp_ping received 256 bytes back
Round trip time was 0.017664 milliseconds in repetition 454
tcp_ping received 256 bytes back
Round trip time was 0.017633 milliseconds in repetition 455
tcp_ping received 256 bytes back
Round trip time was 0.017615 milliseconds in repetition 456
tcp_ping received 256 bytes back
Round trip time was 0.017742 milliseconds in repetition 457
tcp_ping received 256 bytes back
Round trip time was 0.017835 milliseconds in repetition 458
tcp_ping received 256 bytes back
Round trip time was 0.017822 milliseconds in repetition 459
tcp_ping received 256 bytes back
Round trip time was 0.01772 milliseconds in repetition 460
tcp_ping received 256 bytes back
Round trip time was 0.017684 milliseconds in repetition 461
tcp_ping received 256 bytes back
Round trip time was 0.01776 milliseconds in repetition 462
tcp_ping received 256 bytes back
Round trip time was 0.017714 milliseconds in repetition 463
tcp_ping received 256 bytes back
Round trip time was 0.017735 milliseconds in repetition 464
tcp_ping received 256 bytes back
Round trip time was 0.018376 milliseconds in repetition 465
tcp_ping received 256 bytes back
Round trip time was 0.01785 milliseconds in repetition 466
tcp_ping received 256 bytes back
Round trip time was 0.01773 milliseconds in repetition 467
tcp_ping received 256 bytes back
Round trip time was 0.017879 milliseconds in repetition 468
tcp_ping received 256 bytes back
Round trip time was 0.017588 milliseconds in repetition 469
tcp_ping received 256 bytes back
Round trip time was 0.017613 milliseconds in repetition 470
tcp_ping received 256 bytes back
Round trip time was 0.017716 milliseconds in repetition 471
tcp_ping received 256 bytes back
Round trip time was 0.017594 milliseconds in repetition 472
tcp_ping received 256 bytes back
Round trip time was 0.017678 milliseconds in repetition 473
tcp_ping received 256 bytes back
Round trip time was 0.017732 milliseconds in repetition 474
tcp_ping received 256 bytes back
Round trip time was 0.01781 milliseconds in repetition 475
tcp_ping received 256 bytes back
Round trip time was 0.017651 milliseconds in repetition 476
tcp_ping received 256 bytes back
Round trip time was 0.017552 milliseconds in repetition 477
tcp_ping received 256 bytes back
Round trip time was 0.017665 milliseconds in repetition 478
tcp_ping received 256 bytes back
Round trip time was 0.017791 milliseconds in repetition 479
tcp_ping received 256 bytes back
Round trip time was 0.017764 milliseconds in repetition 480
tcp_ping received 256 bytes back
Round trip time was 0.017738 milliseconds in repetition 481
tcp_ping received 256 bytes back
Round trip time was 0.017777 milliseconds in repetition 482
tcp_ping received 256 bytes back
Round trip time was 0.017757 milliseconds in repetition 483
tcp_ping received 256 bytes back
Round trip time was 0.017762 milliseconds in repetition 484
tcp_ping received 256 bytes back
Round trip time was 0.017604 milliseconds in repetition 485
tcp_ping received 256 bytes back
Round trip time was 0.03842 milliseconds in repetition 486
tcp_ping received 256 bytes back
Round trip time was 0.018726 milliseconds in repetition 487
tcp_ping received 256 bytes back
Round trip time was 0.017695 milliseconds in repetition 488
tcp_ping received 256 bytes back
Round trip time was 0.017694 milliseconds in repetition 489
tcp_ping received 256 bytes back
Round trip time was 0.017926 milliseconds in repetition 490
tcp_ping received 256 bytes back
Round trip time was 0.143167 milliseconds in repetition 491
tcp_ping received 256 bytes back
Round trip time was 0.03186 milliseconds in repetition 492
tcp_ping received 256 bytes back
Round trip time was 0.018669 milliseconds in repetition 493
tcp_ping received 256 bytes back
Round trip time was 0.017914 milliseconds in repetition 494
tcp_ping received 256 bytes back
Round trip time was 0.01839 milliseconds in repetition 495
tcp_ping received 256 bytes back
Round trip time was 0.017827 milliseconds in repetition 496
tcp_ping received 256 bytes back
Round trip time was 0.017738 milliseconds in repetition 497
tcp_ping received 256 bytes back
Round trip time was 0.017636 milliseconds in repetition 498
tcp_ping received 256 bytes back
Round trip time was 0.035345 milliseconds in repetition 499
tcp_ping received 256 bytes back
Round trip time was 0.021535 milliseconds in repetition 500
tcp_ping received 256 bytes back
Round trip time was 0.219846 milliseconds in repetition 501

 ... clock resolution was 1e-06
TCP Ping:  Statistics over 501 repetitions of 256 byte messages

RTT : percentile 10: 0.017647, median: 0.34009, percentile 90: 0.522111, average: 0.33025, variance: 0.460259

RTT histogram:
0.0174115 194
0.44319 277
0.868968 22
1.29475 1
1.72052 0
2.1463 1
2.57208 0
2.99786 0
3.42364 0
3.84942 0
4.27519 0
4.70097 1
5.12675 2
5.55253 1
5.97831 0
6.40409 0
6.82986 1
7.25564 0
7.68142 0
8.1072 0
8.53298 1

   median Throughput : 1505.48 KB/s   overall Throughput : 1550.34 KB/s

