TCP Ping trying to connect to server localhost (127.0.0.1) on port 1491
 ... connected to Pong server: asking for 501 repetitions of 49152 bytes TCP messages
 ... Pong server agreed :-)
tcp_ping received 49152 bytes back
Round trip time was 0.465632 milliseconds in repetition 1
tcp_ping received 49152 bytes back
Round trip time was 0.452951 milliseconds in repetition 2
tcp_ping received 49152 bytes back
Round trip time was 0.443156 milliseconds in repetition 3
tcp_ping received 49152 bytes back
Round trip time was 0.742249 milliseconds in repetition 4
tcp_ping received 49152 bytes back
Round trip time was 0.463652 milliseconds in repetition 5
tcp_ping received 49152 bytes back
Round trip time was 0.473988 milliseconds in repetition 6
tcp_ping received 49152 bytes back
Round trip time was 0.438008 milliseconds in repetition 7
tcp_ping received 49152 bytes back
Round trip time was 0.459307 milliseconds in repetition 8
tcp_ping received 49152 bytes back
Round trip time was 0.437716 milliseconds in repetition 9
tcp_ping received 49152 bytes back
Round trip time was 0.418721 milliseconds in repetition 10
tcp_ping received 49152 bytes back
Round trip time was 0.566067 milliseconds in repetition 11
tcp_ping received 49152 bytes back
Round trip time was 0.736125 milliseconds in repetition 12
tcp_ping received 49152 bytes back
Round trip time was 0.674483 milliseconds in repetition 13
tcp_ping received 49152 bytes back
Round trip time was 0.470227 milliseconds in repetition 14
tcp_ping received 49152 bytes back
Round trip time was 1.58476 milliseconds in repetition 15
tcp_ping received 49152 bytes back
Round trip time was 0.786075 milliseconds in repetition 16
tcp_ping received 49152 bytes back
Round trip time was 0.622977 milliseconds in repetition 17
tcp_ping received 49152 bytes back
Round trip time was 1.14691 milliseconds in repetition 18
tcp_ping received 49152 bytes back
Round trip time was 1.14971 milliseconds in repetition 19
tcp_ping received 49152 bytes back
Round trip time was 0.676386 milliseconds in repetition 20
tcp_ping received 49152 bytes back
Round trip time was 0.526532 milliseconds in repetition 21
tcp_ping received 49152 bytes back
Round trip time was 0.474412 milliseconds in repetition 22
tcp_ping received 49152 bytes back
Round trip time was 0.430714 milliseconds in repetition 23
tcp_ping received 49152 bytes back
Round trip time was 0.426905 milliseconds in repetition 24
tcp_ping received 49152 bytes back
Round trip time was 0.435365 milliseconds in repetition 25
tcp_ping received 49152 bytes back
Round trip time was 0.434797 milliseconds in repetition 26
tcp_ping received 49152 bytes back
Round trip time was 0.429978 milliseconds in repetition 27
tcp_ping received 49152 bytes back
Round trip time was 0.46341 milliseconds in repetition 28
tcp_ping received 49152 bytes back
Round trip time was 0.43192 milliseconds in repetition 29
tcp_ping received 49152 bytes back
Round trip time was 0.610393 milliseconds in repetition 30
tcp_ping received 49152 bytes back
Round trip time was 0.361453 milliseconds in repetition 31
tcp_ping received 49152 bytes back
Round trip time was 0.430583 milliseconds in repetition 32
tcp_ping received 49152 bytes back
Round trip time was 0.396959 milliseconds in repetition 33
tcp_ping received 49152 bytes back
Round trip time was 0.439323 milliseconds in repetition 34
tcp_ping received 49152 bytes back
Round trip time was 0.438119 milliseconds in repetition 35
tcp_ping received 49152 bytes back
Round trip time was 0.437363 milliseconds in repetition 36
tcp_ping received 49152 bytes back
Round trip time was 0.454935 milliseconds in repetition 37
tcp_ping received 49152 bytes back
Round trip time was 0.438073 milliseconds in repetition 38
tcp_ping received 49152 bytes back
Round trip time was 0.513872 milliseconds in repetition 39
tcp_ping received 49152 bytes back
Round trip time was 0.484743 milliseconds in repetition 40
tcp_ping received 49152 bytes back
Round trip time was 0.486046 milliseconds in repetition 41
tcp_ping received 49152 bytes back
Round trip time was 0.473409 milliseconds in repetition 42
tcp_ping received 49152 bytes back
Round trip time was 0.646804 milliseconds in repetition 43
tcp_ping received 49152 bytes back
Round trip time was 0.460388 milliseconds in repetition 44
tcp_ping received 49152 bytes back
Round trip time was 0.438069 milliseconds in repetition 45
tcp_ping received 49152 bytes back
Round trip time was 10.7305 milliseconds in repetition 46
tcp_ping received 49152 bytes back
Round trip time was 1.7184 milliseconds in repetition 47
tcp_ping received 49152 bytes back
Round trip time was 0.754782 milliseconds in repetition 48
tcp_ping received 49152 bytes back
Round trip time was 0.363504 milliseconds in repetition 49
tcp_ping received 49152 bytes back
Round trip time was 0.428485 milliseconds in repetition 50
tcp_ping received 49152 bytes back
Round trip time was 0.565751 milliseconds in repetition 51
tcp_ping received 49152 bytes back
Round trip time was 0.401527 milliseconds in repetition 52
tcp_ping received 49152 bytes back
Round trip time was 0.397843 milliseconds in repetition 53
tcp_ping received 49152 bytes back
Round trip time was 0.40208 milliseconds in repetition 54
tcp_ping received 49152 bytes back
Round trip time was 0.398385 milliseconds in repetition 55
tcp_ping received 49152 bytes back
Round trip time was 0.402167 milliseconds in repetition 56
tcp_ping received 49152 bytes back
Round trip time was 0.511387 milliseconds in repetition 57
tcp_ping received 49152 bytes back
Round trip time was 0.341038 milliseconds in repetition 58
tcp_ping received 49152 bytes back
Round trip time was 0.340015 milliseconds in repetition 59
tcp_ping received 49152 bytes back
Round trip time was 0.421141 milliseconds in repetition 60
tcp_ping received 49152 bytes back
Round trip time was 0.355976 milliseconds in repetition 61
tcp_ping received 49152 bytes back
Round trip time was 0.400219 milliseconds in repetition 62
tcp_ping received 49152 bytes back
Round trip time was 0.389799 milliseconds in repetition 63
tcp_ping received 49152 bytes back
Round trip time was 0.385694 milliseconds in repetition 64
tcp_ping received 49152 bytes back
Round trip time was 0.341947 milliseconds in repetition 65
tcp_ping received 49152 bytes back
Round trip time was 0.428931 milliseconds in repetition 66
tcp_ping received 49152 bytes back
Round trip time was 0.468993 milliseconds in repetition 67
tcp_ping received 49152 bytes back
Round trip time was 0.284032 milliseconds in repetition 68
tcp_ping received 49152 bytes back
Round trip time was 0.392386 milliseconds in repetition 69
tcp_ping received 49152 bytes back
Round trip time was 0.401594 milliseconds in repetition 70
tcp_ping received 49152 bytes back
Round trip time was 0.399248 milliseconds in repetition 71
tcp_ping received 49152 bytes back
Round trip time was 0.400093 milliseconds in repetition 72
tcp_ping received 49152 bytes back
Round trip time was 0.392256 milliseconds in repetition 73
tcp_ping received 49152 bytes back
Round trip time was 0.397053 milliseconds in repetition 74
tcp_ping received 49152 bytes back
Round trip time was 0.392797 milliseconds in repetition 75
tcp_ping received 49152 bytes back
Round trip time was 0.391988 milliseconds in repetition 76
tcp_ping received 49152 bytes back
Round trip time was 0.490052 milliseconds in repetition 77
tcp_ping received 49152 bytes back
Round trip time was 0.367314 milliseconds in repetition 78
tcp_ping received 49152 bytes back
Round trip time was 0.364819 milliseconds in repetition 79
tcp_ping received 49152 bytes back
Round trip time was 0.376609 milliseconds in repetition 80
tcp_ping received 49152 bytes back
Round trip time was 0.365302 milliseconds in repetition 81
tcp_ping received 49152 bytes back
Round trip time was 0.364508 milliseconds in repetition 82
tcp_ping received 49152 bytes back
Round trip time was 0.366837 milliseconds in repetition 83
tcp_ping received 49152 bytes back
Round trip time was 0.377808 milliseconds in repetition 84
tcp_ping received 49152 bytes back
Round trip time was 0.365446 milliseconds in repetition 85
tcp_ping received 49152 bytes back
Round trip time was 0.372868 milliseconds in repetition 86
tcp_ping received 49152 bytes back
Round trip time was 0.423257 milliseconds in repetition 87
tcp_ping received 49152 bytes back
Round trip time was 0.339796 milliseconds in repetition 88
tcp_ping received 49152 bytes back
Round trip time was 0.658164 milliseconds in repetition 89
tcp_ping received 49152 bytes back
Round trip time was 0.670064 milliseconds in repetition 90
tcp_ping received 49152 bytes back
Round trip time was 0.723701 milliseconds in repetition 91
tcp_ping received 49152 bytes back
Round trip time was 0.512395 milliseconds in repetition 92
tcp_ping received 49152 bytes back
Round trip time was 0.552755 milliseconds in repetition 93
tcp_ping received 49152 bytes back
Round trip time was 0.587906 milliseconds in repetition 94
tcp_ping received 49152 bytes back
Round trip time was 0.334062 milliseconds in repetition 95
tcp_ping received 49152 bytes back
Round trip time was 0.444269 milliseconds in repetition 96
tcp_ping received 49152 bytes back
Round trip time was 0.395751 milliseconds in repetition 97
tcp_ping received 49152 bytes back
Round trip time was 0.395286 milliseconds in repetition 98
tcp_ping received 49152 bytes back
Round trip time was 0.404681 milliseconds in repetition 99
tcp_ping received 49152 bytes back
Round trip time was 0.499904 milliseconds in repetition 100
tcp_ping received 49152 bytes back
Round trip time was 5.56844 milliseconds in repetition 101
tcp_ping received 49152 bytes back
Round trip time was 0.42661 milliseconds in repetition 102
tcp_ping received 49152 bytes back
Round trip time was 0.425994 milliseconds in repetition 103
tcp_ping received 49152 bytes back
Round trip time was 0.409177 milliseconds in repetition 104
tcp_ping received 49152 bytes back
Round trip time was 0.396199 milliseconds in repetition 105
tcp_ping received 49152 bytes back
Round trip time was 0.3966 milliseconds in repetition 106
tcp_ping received 49152 bytes back
Round trip time was 0.39794 milliseconds in repetition 107
tcp_ping received 49152 bytes back
Round trip time was 0.394054 milliseconds in repetition 108
tcp_ping received 49152 bytes back
Round trip time was 0.432535 milliseconds in repetition 109
tcp_ping received 49152 bytes back
Round trip time was 0.397936 milliseconds in repetition 110
tcp_ping received 49152 bytes back
Round trip time was 0.492685 milliseconds in repetition 111
tcp_ping received 49152 bytes back
Round trip time was 0.348114 milliseconds in repetition 112
tcp_ping received 49152 bytes back
Round trip time was 0.340913 milliseconds in repetition 113
tcp_ping received 49152 bytes back
Round trip time was 0.33979 milliseconds in repetition 114
tcp_ping received 49152 bytes back
Round trip time was 0.447999 milliseconds in repetition 115
tcp_ping received 49152 bytes back
Round trip time was 0.350011 milliseconds in repetition 116
tcp_ping received 49152 bytes back
Round trip time was 0.424843 milliseconds in repetition 117
tcp_ping received 49152 bytes back
Round trip time was 0.337822 milliseconds in repetition 118
tcp_ping received 49152 bytes back
Round trip time was 0.351014 milliseconds in repetition 119
tcp_ping received 49152 bytes back
Round trip time was 0.424615 milliseconds in repetition 120
tcp_ping received 49152 bytes back
Round trip time was 0.442456 milliseconds in repetition 121
tcp_ping received 49152 bytes back
Round trip time was 0.402646 milliseconds in repetition 122
tcp_ping received 49152 bytes back
Round trip time was 0.394423 milliseconds in repetition 123
tcp_ping received 49152 bytes back
Round trip time was 0.390682 milliseconds in repetition 124
tcp_ping received 49152 bytes back
Round trip time was 0.392886 milliseconds in repetition 125
tcp_ping received 49152 bytes back
Round trip time was 0.398549 milliseconds in repetition 126
tcp_ping received 49152 bytes back
Round trip time was 0.396215 milliseconds in repetition 127
tcp_ping received 49152 bytes back
Round trip time was 0.394711 milliseconds in repetition 128
tcp_ping received 49152 bytes back
Round trip time was 0.393375 milliseconds in repetition 129
tcp_ping received 49152 bytes back
Round trip time was 0.391944 milliseconds in repetition 130
tcp_ping received 49152 bytes back
Round trip time was 0.4846 milliseconds in repetition 131
tcp_ping received 49152 bytes back
Round trip time was 0.394754 milliseconds in repetition 132
tcp_ping received 49152 bytes back
Round trip time was 0.393094 milliseconds in repetition 133
tcp_ping received 49152 bytes back
Round trip time was 0.400141 milliseconds in repetition 134
tcp_ping received 49152 bytes back
Round trip time was 0.39241 milliseconds in repetition 135
tcp_ping received 49152 bytes back
Round trip time was 0.392484 milliseconds in repetition 136
tcp_ping received 49152 bytes back
Round trip time was 0.393282 milliseconds in repetition 137
tcp_ping received 49152 bytes back
Round trip time was 0.399151 milliseconds in repetition 138
tcp_ping received 49152 bytes back
Round trip time was 0.39149 milliseconds in repetition 139
tcp_ping received 49152 bytes back
Round trip time was 0.393849 milliseconds in repetition 140
tcp_ping received 49152 bytes back
Round trip time was 0.553489 milliseconds in repetition 141
tcp_ping received 49152 bytes back
Round trip time was 0.476099 milliseconds in repetition 142
tcp_ping received 49152 bytes back
Round trip time was 0.472148 milliseconds in repetition 143
tcp_ping received 49152 bytes back
Round trip time was 0.4565 milliseconds in repetition 144
tcp_ping received 49152 bytes back
Round trip time was 0.452429 milliseconds in repetition 145
tcp_ping received 49152 bytes back
Round trip time was 0.460032 milliseconds in repetition 146
tcp_ping received 49152 bytes back
Round trip time was 0.455672 milliseconds in repetition 147
tcp_ping received 49152 bytes back
Round trip time was 0.435838 milliseconds in repetition 148
tcp_ping received 49152 bytes back
Round trip time was 0.608025 milliseconds in repetition 149
tcp_ping received 49152 bytes back
Round trip time was 0.439059 milliseconds in repetition 150
tcp_ping received 49152 bytes back
Round trip time was 0.470134 milliseconds in repetition 151
tcp_ping received 49152 bytes back
Round trip time was 0.468685 milliseconds in repetition 152
tcp_ping received 49152 bytes back
Round trip time was 0.466051 milliseconds in repetition 153
tcp_ping received 49152 bytes back
Round trip time was 0.543812 milliseconds in repetition 154
tcp_ping received 49152 bytes back
Round trip time was 0.48333 milliseconds in repetition 155
tcp_ping received 49152 bytes back
Round trip time was 0.736706 milliseconds in repetition 156
tcp_ping received 49152 bytes back
Round trip time was 0.547799 milliseconds in repetition 157
tcp_ping received 49152 bytes back
Round trip time was 0.59164 milliseconds in repetition 158
tcp_ping received 49152 bytes back
Round trip time was 0.546562 milliseconds in repetition 159
tcp_ping received 49152 bytes back
Round trip time was 0.587445 milliseconds in repetition 160
tcp_ping received 49152 bytes back
Round trip time was 0.576601 milliseconds in repetition 161
tcp_ping received 49152 bytes back
Round trip time was 0.550283 milliseconds in repetition 162
tcp_ping received 49152 bytes back
Round trip time was 0.601551 milliseconds in repetition 163
tcp_ping received 49152 bytes back
Round trip time was 0.549976 milliseconds in repetition 164
tcp_ping received 49152 bytes back
Round trip time was 0.562983 milliseconds in repetition 165
tcp_ping received 49152 bytes back
Round trip time was 0.594027 milliseconds in repetition 166
tcp_ping received 49152 bytes back
Round trip time was 0.541056 milliseconds in repetition 167
tcp_ping received 49152 bytes back
Round trip time was 0.64181 milliseconds in repetition 168
tcp_ping received 49152 bytes back
Round trip time was 0.55817 milliseconds in repetition 169
tcp_ping received 49152 bytes back
Round trip time was 0.573742 milliseconds in repetition 170
tcp_ping received 49152 bytes back
Round trip time was 0.583183 milliseconds in repetition 171
tcp_ping received 49152 bytes back
Round trip time was 0.561106 milliseconds in repetition 172
tcp_ping received 49152 bytes back
Round trip time was 0.647575 milliseconds in repetition 173
tcp_ping received 49152 bytes back
Round trip time was 0.552743 milliseconds in repetition 174
tcp_ping received 49152 bytes back
Round trip time was 0.573612 milliseconds in repetition 175
tcp_ping received 49152 bytes back
Round trip time was 0.603344 milliseconds in repetition 176
tcp_ping received 49152 bytes back
Round trip time was 0.587289 milliseconds in repetition 177
tcp_ping received 49152 bytes back
Round trip time was 0.562231 milliseconds in repetition 178
tcp_ping received 49152 bytes back
Round trip time was 0.571386 milliseconds in repetition 179
tcp_ping received 49152 bytes back
Round trip time was 0.585743 milliseconds in repetition 180
tcp_ping received 49152 bytes back
Round trip time was 0.597514 milliseconds in repetition 181
tcp_ping received 49152 bytes back
Round trip time was 0.589111 milliseconds in repetition 182
tcp_ping received 49152 bytes back
Round trip time was 0.566183 milliseconds in repetition 183
tcp_ping received 49152 bytes back
Round trip time was 0.57922 milliseconds in repetition 184
tcp_ping received 49152 bytes back
Round trip time was 0.594698 milliseconds in repetition 185
tcp_ping received 49152 bytes back
Round trip time was 0.590712 milliseconds in repetition 186
tcp_ping received 49152 bytes back
Round trip time was 0.587091 milliseconds in repetition 187
tcp_ping received 49152 bytes back
Round trip time was 0.55354 milliseconds in repetition 188
tcp_ping received 49152 bytes back
Round trip time was 0.55235 milliseconds in repetition 189
tcp_ping received 49152 bytes back
Round trip time was 0.60145 milliseconds in repetition 190
tcp_ping received 49152 bytes back
Round trip time was 0.584045 milliseconds in repetition 191
tcp_ping received 49152 bytes back
Round trip time was 0.569275 milliseconds in repetition 192
tcp_ping received 49152 bytes back
Round trip time was 0.627399 milliseconds in repetition 193
tcp_ping received 49152 bytes back
Round trip time was 0.546916 milliseconds in repetition 194
tcp_ping received 49152 bytes back
Round trip time was 0.592274 milliseconds in repetition 195
tcp_ping received 49152 bytes back
Round trip time was 0.594984 milliseconds in repetition 196
tcp_ping received 49152 bytes back
Round trip time was 0.548183 milliseconds in repetition 197
tcp_ping received 49152 bytes back
Round trip time was 0.555396 milliseconds in repetition 198
tcp_ping received 49152 bytes back
Round trip time was 0.596363 milliseconds in repetition 199
tcp_ping received 49152 bytes back
Round trip time was 0.571726 milliseconds in repetition 200
tcp_ping received 49152 bytes back
Round trip time was 0.606824 milliseconds in repetition 201
tcp_ping received 49152 bytes back
Round trip time was 0.562388 milliseconds in repetition 202
tcp_ping received 49152 bytes back
Round trip time was 0.584303 milliseconds in repetition 203
tcp_ping received 49152 bytes back
Round trip time was 0.5716 milliseconds in repetition 204
tcp_ping received 49152 bytes back
Round trip time was 0.606369 milliseconds in repetition 205
tcp_ping received 49152 bytes back
Round trip time was 0.58548 milliseconds in repetition 206
tcp_ping received 49152 bytes back
Round trip time was 0.554031 milliseconds in repetition 207
tcp_ping received 49152 bytes back
Round trip time was 0.567888 milliseconds in repetition 208
tcp_ping received 49152 bytes back
Round trip time was 0.549193 milliseconds in repetition 209
tcp_ping received 49152 bytes back
Round trip time was 0.633473 milliseconds in repetition 210
tcp_ping received 49152 bytes back
Round trip time was 0.596901 milliseconds in repetition 211
tcp_ping received 49152 bytes back
Round trip time was 0.558724 milliseconds in repetition 212
tcp_ping received 49152 bytes back
Round trip time was 0.600514 milliseconds in repetition 213
tcp_ping received 49152 bytes back
Round trip time was 0.548227 milliseconds in repetition 214
tcp_ping received 49152 bytes back
Round trip time was 0.571385 milliseconds in repetition 215
tcp_ping received 49152 bytes back
Round trip time was 0.575746 milliseconds in repetition 216
tcp_ping received 49152 bytes back
Round trip time was 0.540295 milliseconds in repetition 217
tcp_ping received 49152 bytes back
Round trip time was 0.588968 milliseconds in repetition 218
tcp_ping received 49152 bytes back
Round trip time was 0.551564 milliseconds in repetition 219
tcp_ping received 49152 bytes back
Round trip time was 0.611151 milliseconds in repetition 220
tcp_ping received 49152 bytes back
Round trip time was 0.529707 milliseconds in repetition 221
tcp_ping received 49152 bytes back
Round trip time was 0.546297 milliseconds in repetition 222
tcp_ping received 49152 bytes back
Round trip time was 0.589568 milliseconds in repetition 223
tcp_ping received 49152 bytes back
Round trip time was 0.562139 milliseconds in repetition 224
tcp_ping received 49152 bytes back
Round trip time was 0.557638 milliseconds in repetition 225
tcp_ping received 49152 bytes back
Round trip time was 0.501326 milliseconds in repetition 226
tcp_ping received 49152 bytes back
Round trip time was 0.524132 milliseconds in repetition 227
tcp_ping received 49152 bytes back
Round trip time was 0.481714 milliseconds in repetition 228
tcp_ping received 49152 bytes back
Round trip time was 0.541442 milliseconds in repetition 229
tcp_ping received 49152 bytes back
Round trip time was 0.495662 milliseconds in repetition 230
tcp_ping received 49152 bytes back
Round trip time was 0.514578 milliseconds in repetition 231
tcp_ping received 49152 bytes back
Round trip time was 0.5352 milliseconds in repetition 232
tcp_ping received 49152 bytes back
Round trip time was 0.486296 milliseconds in repetition 233
tcp_ping received 49152 bytes back
Round trip time was 0.572458 milliseconds in repetition 234
tcp_ping received 49152 bytes back
Round trip time was 0.576292 milliseconds in repetition 235
tcp_ping received 49152 bytes back
Round trip time was 0.563597 milliseconds in repetition 236
tcp_ping received 49152 bytes back
Round trip time was 0.561842 milliseconds in repetition 237
tcp_ping received 49152 bytes back
Round trip time was 0.602833 milliseconds in repetition 238
tcp_ping received 49152 bytes back
Round trip time was 0.612015 milliseconds in repetition 239
tcp_ping received 49152 bytes back
Round trip time was 0.582339 milliseconds in repetition 240
tcp_ping received 49152 bytes back
Round trip time was 0.578933 milliseconds in repetition 241
tcp_ping received 49152 bytes back
Round trip time was 0.56096 milliseconds in repetition 242
tcp_ping received 49152 bytes back
Round trip time was 0.599422 milliseconds in repetition 243
tcp_ping received 49152 bytes back
Round trip time was 0.569277 milliseconds in repetition 244
tcp_ping received 49152 bytes back
Round trip time was 0.573232 milliseconds in repetition 245
tcp_ping received 49152 bytes back
Round trip time was 0.564977 milliseconds in repetition 246
tcp_ping received 49152 bytes back
Round trip time was 0.571936 milliseconds in repetition 247
tcp_ping received 49152 bytes back
Round trip time was 0.598364 milliseconds in repetition 248
tcp_ping received 49152 bytes back
Round trip time was 0.575533 milliseconds in repetition 249
tcp_ping received 49152 bytes back
Round trip time was 0.541122 milliseconds in repetition 250
tcp_ping received 49152 bytes back
Round trip time was 0.567636 milliseconds in repetition 251
tcp_ping received 49152 bytes back
Round trip time was 0.551276 milliseconds in repetition 252
tcp_ping received 49152 bytes back
Round trip time was 0.567863 milliseconds in repetition 253
tcp_ping received 49152 bytes back
Round trip time was 0.542814 milliseconds in repetition 254
tcp_ping received 49152 bytes back
Round trip time was 0.579386 milliseconds in repetition 255
tcp_ping received 49152 bytes back
Round trip time was 0.558093 milliseconds in repetition 256
tcp_ping received 49152 bytes back
Round trip time was 0.551971 milliseconds in repetition 257
tcp_ping received 49152 bytes back
Round trip time was 0.588408 milliseconds in repetition 258
tcp_ping received 49152 bytes back
Round trip time was 0.570869 milliseconds in repetition 259
tcp_ping received 49152 bytes back
Round trip time was 0.559425 milliseconds in repetition 260
tcp_ping received 49152 bytes back
Round trip time was 0.598854 milliseconds in repetition 261
tcp_ping received 49152 bytes back
Round trip time was 0.547776 milliseconds in repetition 262
tcp_ping received 49152 bytes back
Round trip time was 0.547027 milliseconds in repetition 263
tcp_ping received 49152 bytes back
Round trip time was 0.53839 milliseconds in repetition 264
tcp_ping received 49152 bytes back
Round trip time was 0.587298 milliseconds in repetition 265
tcp_ping received 49152 bytes back
Round trip time was 0.581 milliseconds in repetition 266
tcp_ping received 49152 bytes back
Round trip time was 0.566798 milliseconds in repetition 267
tcp_ping received 49152 bytes back
Round trip time was 0.55187 milliseconds in repetition 268
tcp_ping received 49152 bytes back
Round trip time was 0.538211 milliseconds in repetition 269
tcp_ping received 49152 bytes back
Round trip time was 0.539103 milliseconds in repetition 270
tcp_ping received 49152 bytes back
Round trip time was 0.578386 milliseconds in repetition 271
tcp_ping received 49152 bytes back
Round trip time was 0.595113 milliseconds in repetition 272
tcp_ping received 49152 bytes back
Round trip time was 0.609819 milliseconds in repetition 273
tcp_ping received 49152 bytes back
Round trip time was 0.543169 milliseconds in repetition 274
tcp_ping received 49152 bytes back
Round trip time was 0.566965 milliseconds in repetition 275
tcp_ping received 49152 bytes back
Round trip time was 0.58283 milliseconds in repetition 276
tcp_ping received 49152 bytes back
Round trip time was 0.590982 milliseconds in repetition 277
tcp_ping received 49152 bytes back
Round trip time was 0.582669 milliseconds in repetition 278
tcp_ping received 49152 bytes back
Round trip time was 0.553233 milliseconds in repetition 279
tcp_ping received 49152 bytes back
Round trip time was 0.596027 milliseconds in repetition 280
tcp_ping received 49152 bytes back
Round trip time was 0.557743 milliseconds in repetition 281
tcp_ping received 49152 bytes back
Round trip time was 0.592156 milliseconds in repetition 282
tcp_ping received 49152 bytes back
Round trip time was 0.581543 milliseconds in repetition 283
tcp_ping received 49152 bytes back
Round trip time was 0.535842 milliseconds in repetition 284
tcp_ping received 49152 bytes back
Round trip time was 0.593061 milliseconds in repetition 285
tcp_ping received 49152 bytes back
Round trip time was 0.546266 milliseconds in repetition 286
tcp_ping received 49152 bytes back
Round trip time was 0.605285 milliseconds in repetition 287
tcp_ping received 49152 bytes back
Round trip time was 0.562891 milliseconds in repetition 288
tcp_ping received 49152 bytes back
Round trip time was 0.546813 milliseconds in repetition 289
tcp_ping received 49152 bytes back
Round trip time was 0.542128 milliseconds in repetition 290
tcp_ping received 49152 bytes back
Round trip time was 0.519762 milliseconds in repetition 291
tcp_ping received 49152 bytes back
Round trip time was 0.561213 milliseconds in repetition 292
tcp_ping received 49152 bytes back
Round trip time was 0.527342 milliseconds in repetition 293
tcp_ping received 49152 bytes back
Round trip time was 0.572148 milliseconds in repetition 294
tcp_ping received 49152 bytes back
Round trip time was 0.541179 milliseconds in repetition 295
tcp_ping received 49152 bytes back
Round trip time was 0.577265 milliseconds in repetition 296
tcp_ping received 49152 bytes back
Round trip time was 0.566377 milliseconds in repetition 297
tcp_ping received 49152 bytes back
Round trip time was 0.532196 milliseconds in repetition 298
tcp_ping received 49152 bytes back
Round trip time was 0.574335 milliseconds in repetition 299
tcp_ping received 49152 bytes back
Round trip time was 0.536083 milliseconds in repetition 300
tcp_ping received 49152 bytes back
Round trip time was 0.565927 milliseconds in repetition 301
tcp_ping received 49152 bytes back
Round trip time was 0.527533 milliseconds in repetition 302
tcp_ping received 49152 bytes back
Round trip time was 0.547037 milliseconds in repetition 303
tcp_ping received 49152 bytes back
Round trip time was 0.548258 milliseconds in repetition 304
tcp_ping received 49152 bytes back
Round trip time was 0.524801 milliseconds in repetition 305
tcp_ping received 49152 bytes back
Round trip time was 0.565919 milliseconds in repetition 306
tcp_ping received 49152 bytes back
Round trip time was 0.546822 milliseconds in repetition 307
tcp_ping received 49152 bytes back
Round trip time was 0.560033 milliseconds in repetition 308
tcp_ping received 49152 bytes back
Round trip time was 0.5366 milliseconds in repetition 309
tcp_ping received 49152 bytes back
Round trip time was 0.578516 milliseconds in repetition 310
tcp_ping received 49152 bytes back
Round trip time was 0.548393 milliseconds in repetition 311
tcp_ping received 49152 bytes back
Round trip time was 0.528483 milliseconds in repetition 312
tcp_ping received 49152 bytes back
Round trip time was 0.541634 milliseconds in repetition 313
tcp_ping received 49152 bytes back
Round trip time was 0.537398 milliseconds in repetition 314
tcp_ping received 49152 bytes back
Round trip time was 0.524869 milliseconds in repetition 315
tcp_ping received 49152 bytes back
Round trip time was 0.527232 milliseconds in repetition 316
tcp_ping received 49152 bytes back
Round trip time was 0.554583 milliseconds in repetition 317
tcp_ping received 49152 bytes back
Round trip time was 0.558731 milliseconds in repetition 318
tcp_ping received 49152 bytes back
Round trip time was 0.551739 milliseconds in repetition 319
tcp_ping received 49152 bytes back
Round trip time was 0.577792 milliseconds in repetition 320
tcp_ping received 49152 bytes back
Round trip time was 0.541799 milliseconds in repetition 321
tcp_ping received 49152 bytes back
Round trip time was 0.53318 milliseconds in repetition 322
tcp_ping received 49152 bytes back
Round trip time was 0.555663 milliseconds in repetition 323
tcp_ping received 49152 bytes back
Round trip time was 0.59068 milliseconds in repetition 324
tcp_ping received 49152 bytes back
Round trip time was 0.594673 milliseconds in repetition 325
tcp_ping received 49152 bytes back
Round trip time was 0.571881 milliseconds in repetition 326
tcp_ping received 49152 bytes back
Round trip time was 0.584622 milliseconds in repetition 327
tcp_ping received 49152 bytes back
Round trip time was 0.553315 milliseconds in repetition 328
tcp_ping received 49152 bytes back
Round trip time was 0.597905 milliseconds in repetition 329
tcp_ping received 49152 bytes back
Round trip time was 0.568498 milliseconds in repetition 330
tcp_ping received 49152 bytes back
Round trip time was 0.542855 milliseconds in repetition 331
tcp_ping received 49152 bytes back
Round trip time was 0.516799 milliseconds in repetition 332
tcp_ping received 49152 bytes back
Round trip time was 0.525832 milliseconds in repetition 333
tcp_ping received 49152 bytes back
Round trip time was 0.553425 milliseconds in repetition 334
tcp_ping received 49152 bytes back
Round trip time was 0.539255 milliseconds in repetition 335
tcp_ping received 49152 bytes back
Round trip time was 0.584936 milliseconds in repetition 336
tcp_ping received 49152 bytes back
Round trip time was 0.586315 milliseconds in repetition 337
tcp_ping received 49152 bytes back
Round trip time was 0.518018 milliseconds in repetition 338
tcp_ping received 49152 bytes back
Round trip time was 0.559933 milliseconds in repetition 339
tcp_ping received 49152 bytes back
Round trip time was 0.48821 milliseconds in repetition 340
tcp_ping received 49152 bytes back
Round trip time was 0.51192 milliseconds in repetition 341
tcp_ping received 49152 bytes back
Round trip time was 0.480886 milliseconds in repetition 342
tcp_ping received 49152 bytes back
Round trip time was 0.476584 milliseconds in repetition 343
tcp_ping received 49152 bytes back
Round trip time was 0.473368 milliseconds in repetition 344
tcp_ping received 49152 bytes back
Round trip time was 0.519021 milliseconds in repetition 345
tcp_ping received 49152 bytes back
Round trip time was 2.06671 milliseconds in repetition 346
tcp_ping received 49152 bytes back
Round trip time was 0.411516 milliseconds in repetition 347
tcp_ping received 49152 bytes back
Round trip time was 0.551266 milliseconds in repetition 348
tcp_ping received 49152 bytes back
Round trip time was 0.494148 milliseconds in repetition 349
tcp_ping received 49152 bytes back
Round trip time was 0.555979 milliseconds in repetition 350
tcp_ping received 49152 bytes back
Round trip time was 0.571667 milliseconds in repetition 351
tcp_ping received 49152 bytes back
Round trip time was 0.517108 milliseconds in repetition 352
tcp_ping received 49152 bytes back
Round trip time was 0.55719 milliseconds in repetition 353
tcp_ping received 49152 bytes back
Round trip time was 0.532573 milliseconds in repetition 354
tcp_ping received 49152 bytes back
Round trip time was 0.564767 milliseconds in repetition 355
tcp_ping received 49152 bytes back
Round trip time was 0.536234 milliseconds in repetition 356
tcp_ping received 49152 bytes back
Round trip time was 0.558773 milliseconds in repetition 357
tcp_ping received 49152 bytes back
Round trip time was 0.529459 milliseconds in repetition 358
tcp_ping received 49152 bytes back
Round trip time was 0.557014 milliseconds in repetition 359
tcp_ping received 49152 bytes back
Round trip time was 0.584562 milliseconds in repetition 360
tcp_ping received 49152 bytes back
Round trip time was 0.588972 milliseconds in repetition 361
tcp_ping received 49152 bytes back
Round trip time was 1.00445 milliseconds in repetition 362
tcp_ping received 49152 bytes back
Round trip time was 0.566239 milliseconds in repetition 363
tcp_ping received 49152 bytes back
Round trip time was 0.55751 milliseconds in repetition 364
tcp_ping received 49152 bytes back
Round trip time was 0.569667 milliseconds in repetition 365
tcp_ping received 49152 bytes back
Round trip time was 0.580026 milliseconds in repetition 366
tcp_ping received 49152 bytes back
Round trip time was 0.574215 milliseconds in repetition 367
tcp_ping received 49152 bytes back
Round trip time was 0.580889 milliseconds in repetition 368
tcp_ping received 49152 bytes back
Round trip time was 0.559627 milliseconds in repetition 369
tcp_ping received 49152 bytes back
Round trip time was 0.589007 milliseconds in repetition 370
tcp_ping received 49152 bytes back
Round trip time was 0.599514 milliseconds in repetition 371
tcp_ping received 49152 bytes back
Round trip time was 0.547325 milliseconds in repetition 372
tcp_ping received 49152 bytes back
Round trip time was 0.584584 milliseconds in repetition 373
tcp_ping received 49152 bytes back
Round trip time was 0.541377 milliseconds in repetition 374
tcp_ping received 49152 bytes back
Round trip time was 0.577072 milliseconds in repetition 375
tcp_ping received 49152 bytes back
Round trip time was 0.585092 milliseconds in repetition 376
tcp_ping received 49152 bytes back
Round trip time was 0.532477 milliseconds in repetition 377
tcp_ping received 49152 bytes back
Round trip time was 0.568557 milliseconds in repetition 378
tcp_ping received 49152 bytes back
Round trip time was 0.518134 milliseconds in repetition 379
tcp_ping received 49152 bytes back
Round trip time was 0.557436 milliseconds in repetition 380
tcp_ping received 49152 bytes back
Round trip time was 0.527415 milliseconds in repetition 381
tcp_ping received 49152 bytes back
Round trip time was 0.560239 milliseconds in repetition 382
tcp_ping received 49152 bytes back
Round trip time was 0.551022 milliseconds in repetition 383
tcp_ping received 49152 bytes back
Round trip time was 0.536052 milliseconds in repetition 384
tcp_ping received 49152 bytes back
Round trip time was 0.546654 milliseconds in repetition 385
tcp_ping received 49152 bytes back
Round trip time was 0.532991 milliseconds in repetition 386
tcp_ping received 49152 bytes back
Round trip time was 0.513087 milliseconds in repetition 387
tcp_ping received 49152 bytes back
Round trip time was 0.509666 milliseconds in repetition 388
tcp_ping received 49152 bytes back
Round trip time was 0.517963 milliseconds in repetition 389
tcp_ping received 49152 bytes back
Round trip time was 0.510166 milliseconds in repetition 390
tcp_ping received 49152 bytes back
Round trip time was 0.594253 milliseconds in repetition 391
tcp_ping received 49152 bytes back
Round trip time was 0.531109 milliseconds in repetition 392
tcp_ping received 49152 bytes back
Round trip time was 0.543468 milliseconds in repetition 393
tcp_ping received 49152 bytes back
Round trip time was 0.563072 milliseconds in repetition 394
tcp_ping received 49152 bytes back
Round trip time was 0.518155 milliseconds in repetition 395
tcp_ping received 49152 bytes back
Round trip time was 0.522068 milliseconds in repetition 396
tcp_ping received 49152 bytes back
Round trip time was 0.524178 milliseconds in repetition 397
tcp_ping received 49152 bytes back
Round trip time was 0.556918 milliseconds in repetition 398
tcp_ping received 49152 bytes back
Round trip time was 0.555622 milliseconds in repetition 399
tcp_ping received 49152 bytes back
Round trip time was 0.542889 milliseconds in repetition 400
tcp_ping received 49152 bytes back
Round trip time was 0.568292 milliseconds in repetition 401
tcp_ping received 49152 bytes back
Round trip time was 0.545229 milliseconds in repetition 402
tcp_ping received 49152 bytes back
Round trip time was 0.562724 milliseconds in repetition 403
tcp_ping received 49152 bytes back
Round trip time was 0.550852 milliseconds in repetition 404
tcp_ping received 49152 bytes back
Round trip time was 0.578339 milliseconds in repetition 405
tcp_ping received 49152 bytes back
Round trip time was 0.541172 milliseconds in repetition 406
tcp_ping received 49152 bytes back
Round trip time was 0.563916 milliseconds in repetition 407
tcp_ping received 49152 bytes back
Round trip time was 0.585857 milliseconds in repetition 408
tcp_ping received 49152 bytes back
Round trip time was 0.531354 milliseconds in repetition 409
tcp_ping received 49152 bytes back
Round trip time was 0.510018 milliseconds in repetition 410
tcp_ping received 49152 bytes back
Round trip time was 0.533463 milliseconds in repetition 411
tcp_ping received 49152 bytes back
Round trip time was 0.564931 milliseconds in repetition 412
tcp_ping received 49152 bytes back
Round trip time was 0.532838 milliseconds in repetition 413
tcp_ping received 49152 bytes back
Round trip time was 0.572276 milliseconds in repetition 414
tcp_ping received 49152 bytes back
Round trip time was 0.690629 milliseconds in repetition 415
tcp_ping received 49152 bytes back
Round trip time was 0.524777 milliseconds in repetition 416
tcp_ping received 49152 bytes back
Round trip time was 0.526734 milliseconds in repetition 417
tcp_ping received 49152 bytes back
Round trip time was 0.508475 milliseconds in repetition 418
tcp_ping received 49152 bytes back
Round trip time was 0.546192 milliseconds in repetition 419
tcp_ping received 49152 bytes back
Round trip time was 0.531695 milliseconds in repetition 420
tcp_ping received 49152 bytes back
Round trip time was 0.558126 milliseconds in repetition 421
tcp_ping received 49152 bytes back
Round trip time was 0.597215 milliseconds in repetition 422
tcp_ping received 49152 bytes back
Round trip time was 0.533555 milliseconds in repetition 423
tcp_ping received 49152 bytes back
Round trip time was 0.540673 milliseconds in repetition 424
tcp_ping received 49152 bytes back
Round trip time was 0.539751 milliseconds in repetition 425
tcp_ping received 49152 bytes back
Round trip time was 0.569605 milliseconds in repetition 426
tcp_ping received 49152 bytes back
Round trip time was 0.549846 milliseconds in repetition 427
tcp_ping received 49152 bytes back
Round trip time was 0.553567 milliseconds in repetition 428
tcp_ping received 49152 bytes back
Round trip time was 0.604754 milliseconds in repetition 429
tcp_ping received 49152 bytes back
Round trip time was 0.540463 milliseconds in repetition 430
tcp_ping received 49152 bytes back
Round trip time was 0.591971 milliseconds in repetition 431
tcp_ping received 49152 bytes back
Round trip time was 0.527568 milliseconds in repetition 432
tcp_ping received 49152 bytes back
Round trip time was 0.576124 milliseconds in repetition 433
tcp_ping received 49152 bytes back
Round trip time was 0.549983 milliseconds in repetition 434
tcp_ping received 49152 bytes back
Round trip time was 0.53222 milliseconds in repetition 435
tcp_ping received 49152 bytes back
Round trip time was 0.559429 milliseconds in repetition 436
tcp_ping received 49152 bytes back
Round trip time was 0.53266 milliseconds in repetition 437
tcp_ping received 49152 bytes back
Round trip time was 0.522347 milliseconds in repetition 438
tcp_ping received 49152 bytes back
Round trip time was 0.515455 milliseconds in repetition 439
tcp_ping received 49152 bytes back
Round trip time was 0.565908 milliseconds in repetition 440
tcp_ping received 49152 bytes back
Round trip time was 0.514807 milliseconds in repetition 441
tcp_ping received 49152 bytes back
Round trip time was 0.555828 milliseconds in repetition 442
tcp_ping received 49152 bytes back
Round trip time was 0.554432 milliseconds in repetition 443
tcp_ping received 49152 bytes back
Round trip time was 0.516421 milliseconds in repetition 444
tcp_ping received 49152 bytes back
Round trip time was 0.546179 milliseconds in repetition 445
tcp_ping received 49152 bytes back
Round trip time was 0.524655 milliseconds in repetition 446
tcp_ping received 49152 bytes back
Round trip time was 0.559219 milliseconds in repetition 447
tcp_ping received 49152 bytes back
Round trip time was 0.52294 milliseconds in repetition 448
tcp_ping received 49152 bytes back
Round trip time was 0.561127 milliseconds in repetition 449
tcp_ping received 49152 bytes back
Round trip time was 0.529831 milliseconds in repetition 450
tcp_ping received 49152 bytes back
Round trip time was 0.654166 milliseconds in repetition 451
tcp_ping received 49152 bytes back
Round trip time was 0.531334 milliseconds in repetition 452
tcp_ping received 49152 bytes back
Round trip time was 0.509051 milliseconds in repetition 453
tcp_ping received 49152 bytes back
Round trip time was 0.542346 milliseconds in repetition 454
tcp_ping received 49152 bytes back
Round trip time was 0.525035 milliseconds in repetition 455
tcp_ping received 49152 bytes back
Round trip time was 0.5402 milliseconds in repetition 456
tcp_ping received 49152 bytes back
Round trip time was 0.507409 milliseconds in repetition 457
tcp_ping received 49152 bytes back
Round trip time was 0.570633 milliseconds in repetition 458
tcp_ping received 49152 bytes back
Round trip time was 0.540838 milliseconds in repetition 459
tcp_ping received 49152 bytes back
Round trip time was 0.55287 milliseconds in repetition 460
tcp_ping received 49152 bytes back
Round trip time was 0.54405 milliseconds in repetition 461
tcp_ping received 49152 bytes back
Round trip time was 0.513688 milliseconds in repetition 462
tcp_ping received 49152 bytes back
Round trip time was 0.507203 milliseconds in repetition 463
tcp_ping received 49152 bytes back
Round trip time was 0.507621 milliseconds in repetition 464
tcp_ping received 49152 bytes back
Round trip time was 0.582912 milliseconds in repetition 465
tcp_ping received 49152 bytes back
Round trip time was 0.509839 milliseconds in repetition 466
tcp_ping received 49152 bytes back
Round trip time was 0.591659 milliseconds in repetition 467
tcp_ping received 49152 bytes back
Round trip time was 0.544654 milliseconds in repetition 468
tcp_ping received 49152 bytes back
Round trip time was 0.536072 milliseconds in repetition 469
tcp_ping received 49152 bytes back
Round trip time was 0.548655 milliseconds in repetition 470
tcp_ping received 49152 bytes back
Round trip time was 0.509995 milliseconds in repetition 471
tcp_ping received 49152 bytes back
Round trip time was 0.554495 milliseconds in repetition 472
tcp_ping received 49152 bytes back
Round trip time was 0.610132 milliseconds in repetition 473
tcp_ping received 49152 bytes back
Round trip time was 0.555291 milliseconds in repetition 474
tcp_ping received 49152 bytes back
Round trip time was 0.521988 milliseconds in repetition 475
tcp_ping received 49152 bytes back
Round trip time was 0.55981 milliseconds in repetition 476
tcp_ping received 49152 bytes back
Round trip time was 0.527793 milliseconds in repetition 477
tcp_ping received 49152 bytes back
Round trip time was 0.53435 milliseconds in repetition 478
tcp_ping received 49152 bytes back
Round trip time was 0.556351 milliseconds in repetition 479
tcp_ping received 49152 bytes back
Round trip time was 0.512327 milliseconds in repetition 480
tcp_ping received 49152 bytes back
Round trip time was 0.513201 milliseconds in repetition 481
tcp_ping received 49152 bytes back
Round trip time was 0.530265 milliseconds in repetition 482
tcp_ping received 49152 bytes back
Round trip time was 0.619669 milliseconds in repetition 483
tcp_ping received 49152 bytes back
Round trip time was 0.608295 milliseconds in repetition 484
tcp_ping received 49152 bytes back
Round trip time was 0.544405 milliseconds in repetition 485
tcp_ping received 49152 bytes back
Round trip time was 0.562629 milliseconds in repetition 486
tcp_ping received 49152 bytes back
Round trip time was 0.55177 milliseconds in repetition 487
tcp_ping received 49152 bytes back
Round trip time was 0.570396 milliseconds in repetition 488
tcp_ping received 49152 bytes back
Round trip time was 0.606923 milliseconds in repetition 489
tcp_ping received 49152 bytes back
Round trip time was 0.520138 milliseconds in repetition 490
tcp_ping received 49152 bytes back
Round trip time was 0.526399 milliseconds in repetition 491
tcp_ping received 49152 bytes back
Round trip time was 0.509035 milliseconds in repetition 492
tcp_ping received 49152 bytes back
Round trip time was 0.545291 milliseconds in repetition 493
tcp_ping received 49152 bytes back
Round trip time was 0.50835 milliseconds in repetition 494
tcp_ping received 49152 bytes back
Round trip time was 0.543534 milliseconds in repetition 495
tcp_ping received 49152 bytes back
Round trip time was 0.521266 milliseconds in repetition 496
tcp_ping received 49152 bytes back
Round trip time was 0.5657 milliseconds in repetition 497
tcp_ping received 49152 bytes back
Round trip time was 0.561929 milliseconds in repetition 498
tcp_ping received 49152 bytes back
Round trip time was 0.526759 milliseconds in repetition 499
tcp_ping received 49152 bytes back
Round trip time was 0.549957 milliseconds in repetition 500
tcp_ping received 49152 bytes back
Round trip time was 0.527128 milliseconds in repetition 501

 ... clock resolution was 1e-06
TCP Ping:  Statistics over 501 repetitions of 49152 byte messages

RTT : percentile 10: 0.397053, median: 0.544654, percentile 90: 0.597215, average: 0.5647, variance: 0.275264

RTT histogram:
0.28403 251
0.806352 243
1.32867 3
1.85099 2
2.37331 0
2.89564 0
3.41796 0
3.94028 0
4.4626 0
4.98492 0
5.50724 1
6.02956 0
6.55188 0
7.0742 0
7.59653 0
8.11885 0
8.64117 0
9.16349 0
9.68581 0
10.2081 0
10.7305 1

   median Throughput : 180489 KB/s   overall Throughput : 174082 KB/s

