TCP Ping trying to connect to server localhost (127.0.0.1) on port 1491
 ... connected to Pong server: asking for 501 repetitions of 98304 bytes TCP messages
 ... Pong server agreed :-)
tcp_ping received 98304 bytes back
Round trip time was 1.7643 milliseconds in repetition 1
tcp_ping received 98304 bytes back
Round trip time was 1.666 milliseconds in repetition 2
tcp_ping received 98304 bytes back
Round trip time was 1.9262 milliseconds in repetition 3
tcp_ping received 98304 bytes back
Round trip time was 1.7238 milliseconds in repetition 4
tcp_ping received 98304 bytes back
Round trip time was 2.1713 milliseconds in repetition 5
tcp_ping received 98304 bytes back
Round trip time was 1.6279 milliseconds in repetition 6
tcp_ping received 98304 bytes back
Round trip time was 1.607 milliseconds in repetition 7
tcp_ping received 98304 bytes back
Round trip time was 1.5835 milliseconds in repetition 8
tcp_ping received 98304 bytes back
Round trip time was 1.634 milliseconds in repetition 9
tcp_ping received 98304 bytes back
Round trip time was 1.5752 milliseconds in repetition 10
tcp_ping received 98304 bytes back
Round trip time was 1.6579 milliseconds in repetition 11
tcp_ping received 98304 bytes back
Round trip time was 1.8348 milliseconds in repetition 12
tcp_ping received 98304 bytes back
Round trip time was 1.8102 milliseconds in repetition 13
tcp_ping received 98304 bytes back
Round trip time was 1.6888 milliseconds in repetition 14
tcp_ping received 98304 bytes back
Round trip time was 1.6523 milliseconds in repetition 15
tcp_ping received 98304 bytes back
Round trip time was 1.6465 milliseconds in repetition 16
tcp_ping received 98304 bytes back
Round trip time was 1.8264 milliseconds in repetition 17
tcp_ping received 98304 bytes back
Round trip time was 1.9058 milliseconds in repetition 18
tcp_ping received 98304 bytes back
Round trip time was 1.64 milliseconds in repetition 19
tcp_ping received 98304 bytes back
Round trip time was 1.7919 milliseconds in repetition 20
tcp_ping received 98304 bytes back
Round trip time was 2.0171 milliseconds in repetition 21
tcp_ping received 98304 bytes back
Round trip time was 1.7989 milliseconds in repetition 22
tcp_ping received 98304 bytes back
Round trip time was 2.0099 milliseconds in repetition 23
tcp_ping received 98304 bytes back
Round trip time was 1.8097 milliseconds in repetition 24
tcp_ping received 98304 bytes back
Round trip time was 1.7233 milliseconds in repetition 25
tcp_ping received 98304 bytes back
Round trip time was 1.5926 milliseconds in repetition 26
tcp_ping received 98304 bytes back
Round trip time was 1.607 milliseconds in repetition 27
tcp_ping received 98304 bytes back
Round trip time was 1.6195 milliseconds in repetition 28
tcp_ping received 98304 bytes back
Round trip time was 1.9429 milliseconds in repetition 29
tcp_ping received 98304 bytes back
Round trip time was 2.1418 milliseconds in repetition 30
tcp_ping received 98304 bytes back
Round trip time was 1.7514 milliseconds in repetition 31
tcp_ping received 98304 bytes back
Round trip time was 1.7195 milliseconds in repetition 32
tcp_ping received 98304 bytes back
Round trip time was 1.586 milliseconds in repetition 33
tcp_ping received 98304 bytes back
Round trip time was 1.5436 milliseconds in repetition 34
tcp_ping received 98304 bytes back
Round trip time was 1.6574 milliseconds in repetition 35
tcp_ping received 98304 bytes back
Round trip time was 1.5258 milliseconds in repetition 36
tcp_ping received 98304 bytes back
Round trip time was 1.5449 milliseconds in repetition 37
tcp_ping received 98304 bytes back
Round trip time was 1.5171 milliseconds in repetition 38
tcp_ping received 98304 bytes back
Round trip time was 1.6036 milliseconds in repetition 39
tcp_ping received 98304 bytes back
Round trip time was 1.6701 milliseconds in repetition 40
tcp_ping received 98304 bytes back
Round trip time was 1.7337 milliseconds in repetition 41
tcp_ping received 98304 bytes back
Round trip time was 1.531 milliseconds in repetition 42
tcp_ping received 98304 bytes back
Round trip time was 1.6272 milliseconds in repetition 43
tcp_ping received 98304 bytes back
Round trip time was 1.4929 milliseconds in repetition 44
tcp_ping received 98304 bytes back
Round trip time was 1.449 milliseconds in repetition 45
tcp_ping received 98304 bytes back
Round trip time was 1.4083 milliseconds in repetition 46
tcp_ping received 98304 bytes back
Round trip time was 1.5194 milliseconds in repetition 47
tcp_ping received 98304 bytes back
Round trip time was 1.6502 milliseconds in repetition 48
tcp_ping received 98304 bytes back
Round trip time was 1.9365 milliseconds in repetition 49
tcp_ping received 98304 bytes back
Round trip time was 1.7132 milliseconds in repetition 50
tcp_ping received 98304 bytes back
Round trip time was 1.3163 milliseconds in repetition 51
tcp_ping received 98304 bytes back
Round trip time was 1.4058 milliseconds in repetition 52
tcp_ping received 98304 bytes back
Round trip time was 1.4439 milliseconds in repetition 53
tcp_ping received 98304 bytes back
Round trip time was 1.3978 milliseconds in repetition 54
tcp_ping received 98304 bytes back
Round trip time was 1.421 milliseconds in repetition 55
tcp_ping received 98304 bytes back
Round trip time was 1.4013 milliseconds in repetition 56
tcp_ping received 98304 bytes back
Round trip time was 1.3415 milliseconds in repetition 57
tcp_ping received 98304 bytes back
Round trip time was 1.3034 milliseconds in repetition 58
tcp_ping received 98304 bytes back
Round trip time was 1.4871 milliseconds in repetition 59
tcp_ping received 98304 bytes back
Round trip time was 1.5632 milliseconds in repetition 60
tcp_ping received 98304 bytes back
Round trip time was 1.4846 milliseconds in repetition 61
tcp_ping received 98304 bytes back
Round trip time was 1.4146 milliseconds in repetition 62
tcp_ping received 98304 bytes back
Round trip time was 1.4115 milliseconds in repetition 63
tcp_ping received 98304 bytes back
Round trip time was 1.4145 milliseconds in repetition 64
tcp_ping received 98304 bytes back
Round trip time was 1.57 milliseconds in repetition 65
tcp_ping received 98304 bytes back
Round trip time was 1.4815 milliseconds in repetition 66
tcp_ping received 98304 bytes back
Round trip time was 1.6081 milliseconds in repetition 67
tcp_ping received 98304 bytes back
Round trip time was 2.7113 milliseconds in repetition 68
tcp_ping received 98304 bytes back
Round trip time was 2.0057 milliseconds in repetition 69
tcp_ping received 98304 bytes back
Round trip time was 1.6982 milliseconds in repetition 70
tcp_ping received 98304 bytes back
Round trip time was 2.3161 milliseconds in repetition 71
tcp_ping received 98304 bytes back
Round trip time was 2.5431 milliseconds in repetition 72
tcp_ping received 98304 bytes back
Round trip time was 1.6745 milliseconds in repetition 73
tcp_ping received 98304 bytes back
Round trip time was 1.5998 milliseconds in repetition 74
tcp_ping received 98304 bytes back
Round trip time was 3.0624 milliseconds in repetition 75
tcp_ping received 98304 bytes back
Round trip time was 1.8368 milliseconds in repetition 76
tcp_ping received 98304 bytes back
Round trip time was 1.8434 milliseconds in repetition 77
tcp_ping received 98304 bytes back
Round trip time was 1.7279 milliseconds in repetition 78
tcp_ping received 98304 bytes back
Round trip time was 1.6992 milliseconds in repetition 79
tcp_ping received 98304 bytes back
Round trip time was 1.5661 milliseconds in repetition 80
tcp_ping received 98304 bytes back
Round trip time was 1.5411 milliseconds in repetition 81
tcp_ping received 98304 bytes back
Round trip time was 1.7167 milliseconds in repetition 82
tcp_ping received 98304 bytes back
Round trip time was 3.3118 milliseconds in repetition 83
tcp_ping received 98304 bytes back
Round trip time was 1.7134 milliseconds in repetition 84
tcp_ping received 98304 bytes back
Round trip time was 1.5719 milliseconds in repetition 85
tcp_ping received 98304 bytes back
Round trip time was 1.4705 milliseconds in repetition 86
tcp_ping received 98304 bytes back
Round trip time was 1.5545 milliseconds in repetition 87
tcp_ping received 98304 bytes back
Round trip time was 1.5325 milliseconds in repetition 88
tcp_ping received 98304 bytes back
Round trip time was 1.5878 milliseconds in repetition 89
tcp_ping received 98304 bytes back
Round trip time was 1.6153 milliseconds in repetition 90
tcp_ping received 98304 bytes back
Round trip time was 2.6054 milliseconds in repetition 91
tcp_ping received 98304 bytes back
Round trip time was 1.8163 milliseconds in repetition 92
tcp_ping received 98304 bytes back
Round trip time was 1.5928 milliseconds in repetition 93
tcp_ping received 98304 bytes back
Round trip time was 1.6242 milliseconds in repetition 94
tcp_ping received 98304 bytes back
Round trip time was 1.5748 milliseconds in repetition 95
tcp_ping received 98304 bytes back
Round trip time was 1.5463 milliseconds in repetition 96
tcp_ping received 98304 bytes back
Round trip time was 1.7755 milliseconds in repetition 97
tcp_ping received 98304 bytes back
Round trip time was 1.5492 milliseconds in repetition 98
tcp_ping received 98304 bytes back
Round trip time was 1.8014 milliseconds in repetition 99
tcp_ping received 98304 bytes back
Round trip time was 2.2661 milliseconds in repetition 100
tcp_ping received 98304 bytes back
Round trip time was 1.6439 milliseconds in repetition 101
tcp_ping received 98304 bytes back
Round trip time was 1.676 milliseconds in repetition 102
tcp_ping received 98304 bytes back
Round trip time was 2.2338 milliseconds in repetition 103
tcp_ping received 98304 bytes back
Round trip time was 1.7377 milliseconds in repetition 104
tcp_ping received 98304 bytes back
Round trip time was 1.5563 milliseconds in repetition 105
tcp_ping received 98304 bytes back
Round trip time was 1.6505 milliseconds in repetition 106
tcp_ping received 98304 bytes back
Round trip time was 1.6264 milliseconds in repetition 107
tcp_ping received 98304 bytes back
Round trip time was 1.9643 milliseconds in repetition 108
tcp_ping received 98304 bytes back
Round trip time was 2.3846 milliseconds in repetition 109
tcp_ping received 98304 bytes back
Round trip time was 1.6869 milliseconds in repetition 110
tcp_ping received 98304 bytes back
Round trip time was 1.6922 milliseconds in repetition 111
tcp_ping received 98304 bytes back
Round trip time was 1.6436 milliseconds in repetition 112
tcp_ping received 98304 bytes back
Round trip time was 1.5847 milliseconds in repetition 113
tcp_ping received 98304 bytes back
Round trip time was 2.003 milliseconds in repetition 114
tcp_ping received 98304 bytes back
Round trip time was 1.7331 milliseconds in repetition 115
tcp_ping received 98304 bytes back
Round trip time was 1.939 milliseconds in repetition 116
tcp_ping received 98304 bytes back
Round trip time was 1.8737 milliseconds in repetition 117
tcp_ping received 98304 bytes back
Round trip time was 2.0342 milliseconds in repetition 118
tcp_ping received 98304 bytes back
Round trip time was 1.8217 milliseconds in repetition 119
tcp_ping received 98304 bytes back
Round trip time was 1.6291 milliseconds in repetition 120
tcp_ping received 98304 bytes back
Round trip time was 2.1567 milliseconds in repetition 121
tcp_ping received 98304 bytes back
Round trip time was 1.5996 milliseconds in repetition 122
tcp_ping received 98304 bytes back
Round trip time was 1.5909 milliseconds in repetition 123
tcp_ping received 98304 bytes back
Round trip time was 1.7053 milliseconds in repetition 124
tcp_ping received 98304 bytes back
Round trip time was 1.8333 milliseconds in repetition 125
tcp_ping received 98304 bytes back
Round trip time was 1.7664 milliseconds in repetition 126
tcp_ping received 98304 bytes back
Round trip time was 1.7144 milliseconds in repetition 127
tcp_ping received 98304 bytes back
Round trip time was 1.5733 milliseconds in repetition 128
tcp_ping received 98304 bytes back
Round trip time was 1.846 milliseconds in repetition 129
tcp_ping received 98304 bytes back
Round trip time was 2.268 milliseconds in repetition 130
tcp_ping received 98304 bytes back
Round trip time was 1.6281 milliseconds in repetition 131
tcp_ping received 98304 bytes back
Round trip time was 1.5192 milliseconds in repetition 132
tcp_ping received 98304 bytes back
Round trip time was 1.8238 milliseconds in repetition 133
tcp_ping received 98304 bytes back
Round trip time was 2.2778 milliseconds in repetition 134
tcp_ping received 98304 bytes back
Round trip time was 2.3076 milliseconds in repetition 135
tcp_ping received 98304 bytes back
Round trip time was 1.6614 milliseconds in repetition 136
tcp_ping received 98304 bytes back
Round trip time was 2.2406 milliseconds in repetition 137
tcp_ping received 98304 bytes back
Round trip time was 2.1854 milliseconds in repetition 138
tcp_ping received 98304 bytes back
Round trip time was 2.3999 milliseconds in repetition 139
tcp_ping received 98304 bytes back
Round trip time was 1.6021 milliseconds in repetition 140
tcp_ping received 98304 bytes back
Round trip time was 3.0929 milliseconds in repetition 141
tcp_ping received 98304 bytes back
Round trip time was 2.0521 milliseconds in repetition 142
tcp_ping received 98304 bytes back
Round trip time was 2.2916 milliseconds in repetition 143
tcp_ping received 98304 bytes back
Round trip time was 2.3991 milliseconds in repetition 144
tcp_ping received 98304 bytes back
Round trip time was 2.3455 milliseconds in repetition 145
tcp_ping received 98304 bytes back
Round trip time was 2.3053 milliseconds in repetition 146
tcp_ping received 98304 bytes back
Round trip time was 3.3614 milliseconds in repetition 147
tcp_ping received 98304 bytes back
Round trip time was 2.7587 milliseconds in repetition 148
tcp_ping received 98304 bytes back
Round trip time was 1.6027 milliseconds in repetition 149
tcp_ping received 98304 bytes back
Round trip time was 2.045 milliseconds in repetition 150
tcp_ping received 98304 bytes back
Round trip time was 1.5835 milliseconds in repetition 151
tcp_ping received 98304 bytes back
Round trip time was 1.8051 milliseconds in repetition 152
tcp_ping received 98304 bytes back
Round trip time was 1.9311 milliseconds in repetition 153
tcp_ping received 98304 bytes back
Round trip time was 2.5622 milliseconds in repetition 154
tcp_ping received 98304 bytes back
Round trip time was 1.7078 milliseconds in repetition 155
tcp_ping received 98304 bytes back
Round trip time was 2.1126 milliseconds in repetition 156
tcp_ping received 98304 bytes back
Round trip time was 1.7866 milliseconds in repetition 157
tcp_ping received 98304 bytes back
Round trip time was 1.6441 milliseconds in repetition 158
tcp_ping received 98304 bytes back
Round trip time was 1.5976 milliseconds in repetition 159
tcp_ping received 98304 bytes back
Round trip time was 1.7646 milliseconds in repetition 160
tcp_ping received 98304 bytes back
Round trip time was 1.7784 milliseconds in repetition 161
tcp_ping received 98304 bytes back
Round trip time was 2.0838 milliseconds in repetition 162
tcp_ping received 98304 bytes back
Round trip time was 2.4843 milliseconds in repetition 163
tcp_ping received 98304 bytes back
Round trip time was 1.7903 milliseconds in repetition 164
tcp_ping received 98304 bytes back
Round trip time was 1.6102 milliseconds in repetition 165
tcp_ping received 98304 bytes back
Round trip time was 2.6801 milliseconds in repetition 166
tcp_ping received 98304 bytes back
Round trip time was 1.8037 milliseconds in repetition 167
tcp_ping received 98304 bytes back
Round trip time was 1.6091 milliseconds in repetition 168
tcp_ping received 98304 bytes back
Round trip time was 1.6366 milliseconds in repetition 169
tcp_ping received 98304 bytes back
Round trip time was 1.9961 milliseconds in repetition 170
tcp_ping received 98304 bytes back
Round trip time was 2.1701 milliseconds in repetition 171
tcp_ping received 98304 bytes back
Round trip time was 1.5549 milliseconds in repetition 172
tcp_ping received 98304 bytes back
Round trip time was 2.3235 milliseconds in repetition 173
tcp_ping received 98304 bytes back
Round trip time was 2.2742 milliseconds in repetition 174
tcp_ping received 98304 bytes back
Round trip time was 1.5817 milliseconds in repetition 175
tcp_ping received 98304 bytes back
Round trip time was 1.4822 milliseconds in repetition 176
tcp_ping received 98304 bytes back
Round trip time was 2.278 milliseconds in repetition 177
tcp_ping received 98304 bytes back
Round trip time was 2.1179 milliseconds in repetition 178
tcp_ping received 98304 bytes back
Round trip time was 2.3914 milliseconds in repetition 179
tcp_ping received 98304 bytes back
Round trip time was 1.7907 milliseconds in repetition 180
tcp_ping received 98304 bytes back
Round trip time was 1.5823 milliseconds in repetition 181
tcp_ping received 98304 bytes back
Round trip time was 1.4281 milliseconds in repetition 182
tcp_ping received 98304 bytes back
Round trip time was 1.2002 milliseconds in repetition 183
tcp_ping received 98304 bytes back
Round trip time was 1.2048 milliseconds in repetition 184
tcp_ping received 98304 bytes back
Round trip time was 1.1779 milliseconds in repetition 185
tcp_ping received 98304 bytes back
Round trip time was 1.7111 milliseconds in repetition 186
tcp_ping received 98304 bytes back
Round trip time was 1.632 milliseconds in repetition 187
tcp_ping received 98304 bytes back
Round trip time was 1.6773 milliseconds in repetition 188
tcp_ping received 98304 bytes back
Round trip time was 1.2004 milliseconds in repetition 189
tcp_ping received 98304 bytes back
Round trip time was 1.3952 milliseconds in repetition 190
tcp_ping received 98304 bytes back
Round trip time was 1.6995 milliseconds in repetition 191
tcp_ping received 98304 bytes back
Round trip time was 1.3487 milliseconds in repetition 192
tcp_ping received 98304 bytes back
Round trip time was 1.2062 milliseconds in repetition 193
tcp_ping received 98304 bytes back
Round trip time was 1.1947 milliseconds in repetition 194
tcp_ping received 98304 bytes back
Round trip time was 1.1417 milliseconds in repetition 195
tcp_ping received 98304 bytes back
Round trip time was 1.1667 milliseconds in repetition 196
tcp_ping received 98304 bytes back
Round trip time was 1.3711 milliseconds in repetition 197
tcp_ping received 98304 bytes back
Round trip time was 1.2723 milliseconds in repetition 198
tcp_ping received 98304 bytes back
Round trip time was 1.8937 milliseconds in repetition 199
tcp_ping received 98304 bytes back
Round trip time was 1.3026 milliseconds in repetition 200
tcp_ping received 98304 bytes back
Round trip time was 1.3213 milliseconds in repetition 201
tcp_ping received 98304 bytes back
Round trip time was 1.1172 milliseconds in repetition 202
tcp_ping received 98304 bytes back
Round trip time was 1.1563 milliseconds in repetition 203
tcp_ping received 98304 bytes back
Round trip time was 1.311 milliseconds in repetition 204
tcp_ping received 98304 bytes back
Round trip time was 1.2666 milliseconds in repetition 205
tcp_ping received 98304 bytes back
Round trip time was 1.1405 milliseconds in repetition 206
tcp_ping received 98304 bytes back
Round trip time was 1.2228 milliseconds in repetition 207
tcp_ping received 98304 bytes back
Round trip time was 0.8635 milliseconds in repetition 208
tcp_ping received 98304 bytes back
Round trip time was 1.0882 milliseconds in repetition 209
tcp_ping received 98304 bytes back
Round trip time was 0.8944 milliseconds in repetition 210
tcp_ping received 98304 bytes back
Round trip time was 0.9727 milliseconds in repetition 211
tcp_ping received 98304 bytes back
Round trip time was 1.7966 milliseconds in repetition 212
tcp_ping received 98304 bytes back
Round trip time was 1.2741 milliseconds in repetition 213
tcp_ping received 98304 bytes back
Round trip time was 1.2468 milliseconds in repetition 214
tcp_ping received 98304 bytes back
Round trip time was 0.8592 milliseconds in repetition 215
tcp_ping received 98304 bytes back
Round trip time was 0.8942 milliseconds in repetition 216
tcp_ping received 98304 bytes back
Round trip time was 0.8062 milliseconds in repetition 217
tcp_ping received 98304 bytes back
Round trip time was 0.864 milliseconds in repetition 218
tcp_ping received 98304 bytes back
Round trip time was 0.8366 milliseconds in repetition 219
tcp_ping received 98304 bytes back
Round trip time was 0.8368 milliseconds in repetition 220
tcp_ping received 98304 bytes back
Round trip time was 0.8992 milliseconds in repetition 221
tcp_ping received 98304 bytes back
Round trip time was 1.29 milliseconds in repetition 222
tcp_ping received 98304 bytes back
Round trip time was 1.0313 milliseconds in repetition 223
tcp_ping received 98304 bytes back
Round trip time was 0.8321 milliseconds in repetition 224
tcp_ping received 98304 bytes back
Round trip time was 1.2192 milliseconds in repetition 225
tcp_ping received 98304 bytes back
Round trip time was 2.1307 milliseconds in repetition 226
tcp_ping received 98304 bytes back
Round trip time was 1.3993 milliseconds in repetition 227
tcp_ping received 98304 bytes back
Round trip time was 1.6784 milliseconds in repetition 228
tcp_ping received 98304 bytes back
Round trip time was 0.8439 milliseconds in repetition 229
tcp_ping received 98304 bytes back
Round trip time was 1.1526 milliseconds in repetition 230
tcp_ping received 98304 bytes back
Round trip time was 1.0184 milliseconds in repetition 231
tcp_ping received 98304 bytes back
Round trip time was 1.3436 milliseconds in repetition 232
tcp_ping received 98304 bytes back
Round trip time was 1.4731 milliseconds in repetition 233
tcp_ping received 98304 bytes back
Round trip time was 1.2269 milliseconds in repetition 234
tcp_ping received 98304 bytes back
Round trip time was 1.1098 milliseconds in repetition 235
tcp_ping received 98304 bytes back
Round trip time was 0.9491 milliseconds in repetition 236
tcp_ping received 98304 bytes back
Round trip time was 1.1873 milliseconds in repetition 237
tcp_ping received 98304 bytes back
Round trip time was 1.0046 milliseconds in repetition 238
tcp_ping received 98304 bytes back
Round trip time was 1.0138 milliseconds in repetition 239
tcp_ping received 98304 bytes back
Round trip time was 0.9113 milliseconds in repetition 240
tcp_ping received 98304 bytes back
Round trip time was 0.8931 milliseconds in repetition 241
tcp_ping received 98304 bytes back
Round trip time was 0.9006 milliseconds in repetition 242
tcp_ping received 98304 bytes back
Round trip time was 0.9325 milliseconds in repetition 243
tcp_ping received 98304 bytes back
Round trip time was 0.9275 milliseconds in repetition 244
tcp_ping received 98304 bytes back
Round trip time was 1.0613 milliseconds in repetition 245
tcp_ping received 98304 bytes back
Round trip time was 0.8955 milliseconds in repetition 246
tcp_ping received 98304 bytes back
Round trip time was 0.9467 milliseconds in repetition 247
tcp_ping received 98304 bytes back
Round trip time was 1.4194 milliseconds in repetition 248
tcp_ping received 98304 bytes back
Round trip time was 1.3569 milliseconds in repetition 249
tcp_ping received 98304 bytes back
Round trip time was 1.2329 milliseconds in repetition 250
tcp_ping received 98304 bytes back
Round trip time was 1.5376 milliseconds in repetition 251
tcp_ping received 98304 bytes back
Round trip time was 1.096 milliseconds in repetition 252
tcp_ping received 98304 bytes back
Round trip time was 1.0457 milliseconds in repetition 253
tcp_ping received 98304 bytes back
Round trip time was 0.934 milliseconds in repetition 254
tcp_ping received 98304 bytes back
Round trip time was 0.8822 milliseconds in repetition 255
tcp_ping received 98304 bytes back
Round trip time was 1.1755 milliseconds in repetition 256
tcp_ping received 98304 bytes back
Round trip time was 1.5251 milliseconds in repetition 257
tcp_ping received 98304 bytes back
Round trip time was 0.9462 milliseconds in repetition 258
tcp_ping received 98304 bytes back
Round trip time was 0.9852 milliseconds in repetition 259
tcp_ping received 98304 bytes back
Round trip time was 1.109 milliseconds in repetition 260
tcp_ping received 98304 bytes back
Round trip time was 0.8933 milliseconds in repetition 261
tcp_ping received 98304 bytes back
Round trip time was 0.9094 milliseconds in repetition 262
tcp_ping received 98304 bytes back
Round trip time was 0.9196 milliseconds in repetition 263
tcp_ping received 98304 bytes back
Round trip time was 1.0842 milliseconds in repetition 264
tcp_ping received 98304 bytes back
Round trip time was 1.3195 milliseconds in repetition 265
tcp_ping received 98304 bytes back
Round trip time was 1.017 milliseconds in repetition 266
tcp_ping received 98304 bytes back
Round trip time was 0.8476 milliseconds in repetition 267
tcp_ping received 98304 bytes back
Round trip time was 1.0103 milliseconds in repetition 268
tcp_ping received 98304 bytes back
Round trip time was 0.8979 milliseconds in repetition 269
tcp_ping received 98304 bytes back
Round trip time was 0.906 milliseconds in repetition 270
tcp_ping received 98304 bytes back
Round trip time was 0.9617 milliseconds in repetition 271
tcp_ping received 98304 bytes back
Round trip time was 0.9436 milliseconds in repetition 272
tcp_ping received 98304 bytes back
Round trip time was 0.9072 milliseconds in repetition 273
tcp_ping received 98304 bytes back
Round trip time was 0.9444 milliseconds in repetition 274
tcp_ping received 98304 bytes back
Round trip time was 0.9095 milliseconds in repetition 275
tcp_ping received 98304 bytes back
Round trip time was 1.2014 milliseconds in repetition 276
tcp_ping received 98304 bytes back
Round trip time was 1.0196 milliseconds in repetition 277
tcp_ping received 98304 bytes back
Round trip time was 1.1195 milliseconds in repetition 278
tcp_ping received 98304 bytes back
Round trip time was 1.2679 milliseconds in repetition 279
tcp_ping received 98304 bytes back
Round trip time was 1.2049 milliseconds in repetition 280
tcp_ping received 98304 bytes back
Round trip time was 1.2745 milliseconds in repetition 281
tcp_ping received 98304 bytes back
Round trip time was 0.9529 milliseconds in repetition 282
tcp_ping received 98304 bytes back
Round trip time was 0.8679 milliseconds in repetition 283
tcp_ping received 98304 bytes back
Round trip time was 0.907 milliseconds in repetition 284
tcp_ping received 98304 bytes back
Round trip time was 1.1324 milliseconds in repetition 285
tcp_ping received 98304 bytes back
Round trip time was 0.9731 milliseconds in repetition 286
tcp_ping received 98304 bytes back
Round trip time was 0.8807 milliseconds in repetition 287
tcp_ping received 98304 bytes back
Round trip time was 0.9199 milliseconds in repetition 288
tcp_ping received 98304 bytes back
Round trip time was 0.9201 milliseconds in repetition 289
tcp_ping received 98304 bytes back
Round trip time was 0.9322 milliseconds in repetition 290
tcp_ping received 98304 bytes back
Round trip time was 0.9249 milliseconds in repetition 291
tcp_ping received 98304 bytes back
Round trip time was 0.9339 milliseconds in repetition 292
tcp_ping received 98304 bytes back
Round trip time was 1.3468 milliseconds in repetition 293
tcp_ping received 98304 bytes back
Round trip time was 1.0763 milliseconds in repetition 294
tcp_ping received 98304 bytes back
Round trip time was 0.9951 milliseconds in repetition 295
tcp_ping received 98304 bytes back
Round trip time was 0.8923 milliseconds in repetition 296
tcp_ping received 98304 bytes back
Round trip time was 0.8768 milliseconds in repetition 297
tcp_ping received 98304 bytes back
Round trip time was 0.8503 milliseconds in repetition 298
tcp_ping received 98304 bytes back
Round trip time was 1.0734 milliseconds in repetition 299
tcp_ping received 98304 bytes back
Round trip time was 0.917 milliseconds in repetition 300
tcp_ping received 98304 bytes back
Round trip time was 0.937 milliseconds in repetition 301
tcp_ping received 98304 bytes back
Round trip time was 0.885 milliseconds in repetition 302
tcp_ping received 98304 bytes back
Round trip time was 0.9192 milliseconds in repetition 303
tcp_ping received 98304 bytes back
Round trip time was 0.974 milliseconds in repetition 304
tcp_ping received 98304 bytes back
Round trip time was 0.8652 milliseconds in repetition 305
tcp_ping received 98304 bytes back
Round trip time was 0.8417 milliseconds in repetition 306
tcp_ping received 98304 bytes back
Round trip time was 0.9047 milliseconds in repetition 307
tcp_ping received 98304 bytes back
Round trip time was 0.8901 milliseconds in repetition 308
tcp_ping received 98304 bytes back
Round trip time was 1.3689 milliseconds in repetition 309
tcp_ping received 98304 bytes back
Round trip time was 1.012 milliseconds in repetition 310
tcp_ping received 98304 bytes back
Round trip time was 0.917 milliseconds in repetition 311
tcp_ping received 98304 bytes back
Round trip time was 0.9709 milliseconds in repetition 312
tcp_ping received 98304 bytes back
Round trip time was 0.8733 milliseconds in repetition 313
tcp_ping received 98304 bytes back
Round trip time was 1.2407 milliseconds in repetition 314
tcp_ping received 98304 bytes back
Round trip time was 1.1604 milliseconds in repetition 315
tcp_ping received 98304 bytes back
Round trip time was 0.902 milliseconds in repetition 316
tcp_ping received 98304 bytes back
Round trip time was 0.9444 milliseconds in repetition 317
tcp_ping received 98304 bytes back
Round trip time was 0.9278 milliseconds in repetition 318
tcp_ping received 98304 bytes back
Round trip time was 0.8994 milliseconds in repetition 319
tcp_ping received 98304 bytes back
Round trip time was 0.915 milliseconds in repetition 320
tcp_ping received 98304 bytes back
Round trip time was 1.2325 milliseconds in repetition 321
tcp_ping received 98304 bytes back
Round trip time was 0.9126 milliseconds in repetition 322
tcp_ping received 98304 bytes back
Round trip time was 1.424 milliseconds in repetition 323
tcp_ping received 98304 bytes back
Round trip time was 1.162 milliseconds in repetition 324
tcp_ping received 98304 bytes back
Round trip time was 0.9669 milliseconds in repetition 325
tcp_ping received 98304 bytes back
Round trip time was 1.1026 milliseconds in repetition 326
tcp_ping received 98304 bytes back
Round trip time was 1.1152 milliseconds in repetition 327
tcp_ping received 98304 bytes back
Round trip time was 1.0011 milliseconds in repetition 328
tcp_ping received 98304 bytes back
Round trip time was 1.0988 milliseconds in repetition 329
tcp_ping received 98304 bytes back
Round trip time was 1.0969 milliseconds in repetition 330
tcp_ping received 98304 bytes back
Round trip time was 1.1117 milliseconds in repetition 331
tcp_ping received 98304 bytes back
Round trip time was 1.0845 milliseconds in repetition 332
tcp_ping received 98304 bytes back
Round trip time was 1.221 milliseconds in repetition 333
tcp_ping received 98304 bytes back
Round trip time was 1.0606 milliseconds in repetition 334
tcp_ping received 98304 bytes back
Round trip time was 1.0673 milliseconds in repetition 335
tcp_ping received 98304 bytes back
Round trip time was 1.1879 milliseconds in repetition 336
tcp_ping received 98304 bytes back
Round trip time was 1.5428 milliseconds in repetition 337
tcp_ping received 98304 bytes back
Round trip time was 1.4218 milliseconds in repetition 338
tcp_ping received 98304 bytes back
Round trip time was 1.2904 milliseconds in repetition 339
tcp_ping received 98304 bytes back
Round trip time was 1.1222 milliseconds in repetition 340
tcp_ping received 98304 bytes back
Round trip time was 1.0679 milliseconds in repetition 341
tcp_ping received 98304 bytes back
Round trip time was 1.0484 milliseconds in repetition 342
tcp_ping received 98304 bytes back
Round trip time was 1.1976 milliseconds in repetition 343
tcp_ping received 98304 bytes back
Round trip time was 1.1836 milliseconds in repetition 344
tcp_ping received 98304 bytes back
Round trip time was 1.161 milliseconds in repetition 345
tcp_ping received 98304 bytes back
Round trip time was 1.2438 milliseconds in repetition 346
tcp_ping received 98304 bytes back
Round trip time was 1.1729 milliseconds in repetition 347
tcp_ping received 98304 bytes back
Round trip time was 1.1363 milliseconds in repetition 348
tcp_ping received 98304 bytes back
Round trip time was 1.4221 milliseconds in repetition 349
tcp_ping received 98304 bytes back
Round trip time was 1.2483 milliseconds in repetition 350
tcp_ping received 98304 bytes back
Round trip time was 1.121 milliseconds in repetition 351
tcp_ping received 98304 bytes back
Round trip time was 1.1498 milliseconds in repetition 352
tcp_ping received 98304 bytes back
Round trip time was 1.1866 milliseconds in repetition 353
tcp_ping received 98304 bytes back
Round trip time was 1.1762 milliseconds in repetition 354
tcp_ping received 98304 bytes back
Round trip time was 1.1458 milliseconds in repetition 355
tcp_ping received 98304 bytes back
Round trip time was 1.1057 milliseconds in repetition 356
tcp_ping received 98304 bytes back
Round trip time was 1.0939 milliseconds in repetition 357
tcp_ping received 98304 bytes back
Round trip time was 1.1405 milliseconds in repetition 358
tcp_ping received 98304 bytes back
Round trip time was 1.1684 milliseconds in repetition 359
tcp_ping received 98304 bytes back
Round trip time was 1.14 milliseconds in repetition 360
tcp_ping received 98304 bytes back
Round trip time was 1.2211 milliseconds in repetition 361
tcp_ping received 98304 bytes back
Round trip time was 1.4389 milliseconds in repetition 362
tcp_ping received 98304 bytes back
Round trip time was 1.2686 milliseconds in repetition 363
tcp_ping received 98304 bytes back
Round trip time was 1.2471 milliseconds in repetition 364
tcp_ping received 98304 bytes back
Round trip time was 1.0541 milliseconds in repetition 365
tcp_ping received 98304 bytes back
Round trip time was 1.1321 milliseconds in repetition 366
tcp_ping received 98304 bytes back
Round trip time was 1.0626 milliseconds in repetition 367
tcp_ping received 98304 bytes back
Round trip time was 1.0865 milliseconds in repetition 368
tcp_ping received 98304 bytes back
Round trip time was 1.1333 milliseconds in repetition 369
tcp_ping received 98304 bytes back
Round trip time was 1.1691 milliseconds in repetition 370
tcp_ping received 98304 bytes back
Round trip time was 1.1025 milliseconds in repetition 371
tcp_ping received 98304 bytes back
Round trip time was 1.1924 milliseconds in repetition 372
tcp_ping received 98304 bytes back
Round trip time was 1.129 milliseconds in repetition 373
tcp_ping received 98304 bytes back
Round trip time was 1.2415 milliseconds in repetition 374
tcp_ping received 98304 bytes back
Round trip time was 1.5854 milliseconds in repetition 375
tcp_ping received 98304 bytes back
Round trip time was 1.1776 milliseconds in repetition 376
tcp_ping received 98304 bytes back
Round trip time was 1.0847 milliseconds in repetition 377
tcp_ping received 98304 bytes back
Round trip time was 1.1159 milliseconds in repetition 378
tcp_ping received 98304 bytes back
Round trip time was 1.078 milliseconds in repetition 379
tcp_ping received 98304 bytes back
Round trip time was 1.0938 milliseconds in repetition 380
tcp_ping received 98304 bytes back
Round trip time was 1.1008 milliseconds in repetition 381
tcp_ping received 98304 bytes back
Round trip time was 1.1646 milliseconds in repetition 382
tcp_ping received 98304 bytes back
Round trip time was 1.1649 milliseconds in repetition 383
tcp_ping received 98304 bytes back
Round trip time was 1.2778 milliseconds in repetition 384
tcp_ping received 98304 bytes back
Round trip time was 1.1723 milliseconds in repetition 385
tcp_ping received 98304 bytes back
Round trip time was 1.1842 milliseconds in repetition 386
tcp_ping received 98304 bytes back
Round trip time was 1.696 milliseconds in repetition 387
tcp_ping received 98304 bytes back
Round trip time was 1.2641 milliseconds in repetition 388
tcp_ping received 98304 bytes back
Round trip time was 1.142 milliseconds in repetition 389
tcp_ping received 98304 bytes back
Round trip time was 1.1798 milliseconds in repetition 390
tcp_ping received 98304 bytes back
Round trip time was 1.1441 milliseconds in repetition 391
tcp_ping received 98304 bytes back
Round trip time was 1.3288 milliseconds in repetition 392
tcp_ping received 98304 bytes back
Round trip time was 1.1705 milliseconds in repetition 393
tcp_ping received 98304 bytes back
Round trip time was 1.1606 milliseconds in repetition 394
tcp_ping received 98304 bytes back
Round trip time was 1.2014 milliseconds in repetition 395
tcp_ping received 98304 bytes back
Round trip time was 1.1741 milliseconds in repetition 396
tcp_ping received 98304 bytes back
Round trip time was 1.2246 milliseconds in repetition 397
tcp_ping received 98304 bytes back
Round trip time was 1.3106 milliseconds in repetition 398
tcp_ping received 98304 bytes back
Round trip time was 1.6076 milliseconds in repetition 399
tcp_ping received 98304 bytes back
Round trip time was 1.1579 milliseconds in repetition 400
tcp_ping received 98304 bytes back
Round trip time was 1.1317 milliseconds in repetition 401
tcp_ping received 98304 bytes back
Round trip time was 1.1293 milliseconds in repetition 402
tcp_ping received 98304 bytes back
Round trip time was 1.1905 milliseconds in repetition 403
tcp_ping received 98304 bytes back
Round trip time was 1.1827 milliseconds in repetition 404
tcp_ping received 98304 bytes back
Round trip time was 1.156 milliseconds in repetition 405
tcp_ping received 98304 bytes back
Round trip time was 1.2232 milliseconds in repetition 406
tcp_ping received 98304 bytes back
Round trip time was 1.165 milliseconds in repetition 407
tcp_ping received 98304 bytes back
Round trip time was 1.1651 milliseconds in repetition 408
tcp_ping received 98304 bytes back
Round trip time was 1.3527 milliseconds in repetition 409
tcp_ping received 98304 bytes back
Round trip time was 1.1988 milliseconds in repetition 410
tcp_ping received 98304 bytes back
Round trip time was 1.2037 milliseconds in repetition 411
tcp_ping received 98304 bytes back
Round trip time was 1.5992 milliseconds in repetition 412
tcp_ping received 98304 bytes back
Round trip time was 1.23 milliseconds in repetition 413
tcp_ping received 98304 bytes back
Round trip time was 1.1986 milliseconds in repetition 414
tcp_ping received 98304 bytes back
Round trip time was 1.1328 milliseconds in repetition 415
tcp_ping received 98304 bytes back
Round trip time was 1.221 milliseconds in repetition 416
tcp_ping received 98304 bytes back
Round trip time was 1.1545 milliseconds in repetition 417
tcp_ping received 98304 bytes back
Round trip time was 1.1613 milliseconds in repetition 418
tcp_ping received 98304 bytes back
Round trip time was 1.1702 milliseconds in repetition 419
tcp_ping received 98304 bytes back
Round trip time was 1.2496 milliseconds in repetition 420
tcp_ping received 98304 bytes back
Round trip time was 1.4856 milliseconds in repetition 421
tcp_ping received 98304 bytes back
Round trip time was 1.13 milliseconds in repetition 422
tcp_ping received 98304 bytes back
Round trip time was 1.2712 milliseconds in repetition 423
tcp_ping received 98304 bytes back
Round trip time was 1.2265 milliseconds in repetition 424
tcp_ping received 98304 bytes back
Round trip time was 1.2156 milliseconds in repetition 425
tcp_ping received 98304 bytes back
Round trip time was 1.0858 milliseconds in repetition 426
tcp_ping received 98304 bytes back
Round trip time was 1.157 milliseconds in repetition 427
tcp_ping received 98304 bytes back
Round trip time was 1.2022 milliseconds in repetition 428
tcp_ping received 98304 bytes back
Round trip time was 1.1723 milliseconds in repetition 429
tcp_ping received 98304 bytes back
Round trip time was 1.1614 milliseconds in repetition 430
tcp_ping received 98304 bytes back
Round trip time was 1.1906 milliseconds in repetition 431
tcp_ping received 98304 bytes back
Round trip time was 1.1981 milliseconds in repetition 432
tcp_ping received 98304 bytes back
Round trip time was 1.1346 milliseconds in repetition 433
tcp_ping received 98304 bytes back
Round trip time was 1.2184 milliseconds in repetition 434
tcp_ping received 98304 bytes back
Round trip time was 1.1266 milliseconds in repetition 435
tcp_ping received 98304 bytes back
Round trip time was 1.2786 milliseconds in repetition 436
tcp_ping received 98304 bytes back
Round trip time was 1.7842 milliseconds in repetition 437
tcp_ping received 98304 bytes back
Round trip time was 1.6065 milliseconds in repetition 438
tcp_ping received 98304 bytes back
Round trip time was 1.1435 milliseconds in repetition 439
tcp_ping received 98304 bytes back
Round trip time was 1.1421 milliseconds in repetition 440
tcp_ping received 98304 bytes back
Round trip time was 1.3778 milliseconds in repetition 441
tcp_ping received 98304 bytes back
Round trip time was 1.8002 milliseconds in repetition 442
tcp_ping received 98304 bytes back
Round trip time was 1.6206 milliseconds in repetition 443
tcp_ping received 98304 bytes back
Round trip time was 1.1095 milliseconds in repetition 444
tcp_ping received 98304 bytes back
Round trip time was 1.2679 milliseconds in repetition 445
tcp_ping received 98304 bytes back
Round trip time was 1.1235 milliseconds in repetition 446
tcp_ping received 98304 bytes back
Round trip time was 1.3899 milliseconds in repetition 447
tcp_ping received 98304 bytes back
Round trip time was 1.2888 milliseconds in repetition 448
tcp_ping received 98304 bytes back
Round trip time was 1.159 milliseconds in repetition 449
tcp_ping received 98304 bytes back
Round trip time was 1.169 milliseconds in repetition 450
tcp_ping received 98304 bytes back
Round trip time was 1.1751 milliseconds in repetition 451
tcp_ping received 98304 bytes back
Round trip time was 1.1392 milliseconds in repetition 452
tcp_ping received 98304 bytes back
Round trip time was 1.2745 milliseconds in repetition 453
tcp_ping received 98304 bytes back
Round trip time was 1.1811 milliseconds in repetition 454
tcp_ping received 98304 bytes back
Round trip time was 1.1488 milliseconds in repetition 455
tcp_ping received 98304 bytes back
Round trip time was 1.276 milliseconds in repetition 456
tcp_ping received 98304 bytes back
Round trip time was 1.1844 milliseconds in repetition 457
tcp_ping received 98304 bytes back
Round trip time was 1.1963 milliseconds in repetition 458
tcp_ping received 98304 bytes back
Round trip time was 1.1911 milliseconds in repetition 459
tcp_ping received 98304 bytes back
Round trip time was 1.3177 milliseconds in repetition 460
tcp_ping received 98304 bytes back
Round trip time was 1.3856 milliseconds in repetition 461
tcp_ping received 98304 bytes back
Round trip time was 1.2097 milliseconds in repetition 462
tcp_ping received 98304 bytes back
Round trip time was 1.1008 milliseconds in repetition 463
tcp_ping received 98304 bytes back
Round trip time was 1.1908 milliseconds in repetition 464
tcp_ping received 98304 bytes back
Round trip time was 1.1844 milliseconds in repetition 465
tcp_ping received 98304 bytes back
Round trip time was 1.1369 milliseconds in repetition 466
tcp_ping received 98304 bytes back
Round trip time was 1.1799 milliseconds in repetition 467
tcp_ping received 98304 bytes back
Round trip time was 1.1753 milliseconds in repetition 468
tcp_ping received 98304 bytes back
Round trip time was 1.183 milliseconds in repetition 469
tcp_ping received 98304 bytes back
Round trip time was 1.1603 milliseconds in repetition 470
tcp_ping received 98304 bytes back
Round trip time was 1.1932 milliseconds in repetition 471
tcp_ping received 98304 bytes back
Round trip time was 1.5005 milliseconds in repetition 472
tcp_ping received 98304 bytes back
Round trip time was 1.2249 milliseconds in repetition 473
tcp_ping received 98304 bytes back
Round trip time was 1.1949 milliseconds in repetition 474
tcp_ping received 98304 bytes back
Round trip time was 1.1846 milliseconds in repetition 475
tcp_ping received 98304 bytes back
Round trip time was 1.1943 milliseconds in repetition 476
tcp_ping received 98304 bytes back
Round trip time was 1.2317 milliseconds in repetition 477
tcp_ping received 98304 bytes back
Round trip time was 1.2438 milliseconds in repetition 478
tcp_ping received 98304 bytes back
Round trip time was 1.0876 milliseconds in repetition 479
tcp_ping received 98304 bytes back
Round trip time was 1.2108 milliseconds in repetition 480
tcp_ping received 98304 bytes back
Round trip time was 1.1327 milliseconds in repetition 481
tcp_ping received 98304 bytes back
Round trip time was 1.1808 milliseconds in repetition 482
tcp_ping received 98304 bytes back
Round trip time was 1.1528 milliseconds in repetition 483
tcp_ping received 98304 bytes back
Round trip time was 1.2006 milliseconds in repetition 484
tcp_ping received 98304 bytes back
Round trip time was 1.2131 milliseconds in repetition 485
tcp_ping received 98304 bytes back
Round trip time was 1.3042 milliseconds in repetition 486
tcp_ping received 98304 bytes back
Round trip time was 1.1011 milliseconds in repetition 487
tcp_ping received 98304 bytes back
Round trip time was 1.0956 milliseconds in repetition 488
tcp_ping received 98304 bytes back
Round trip time was 1.2633 milliseconds in repetition 489
tcp_ping received 98304 bytes back
Round trip time was 1.1411 milliseconds in repetition 490
tcp_ping received 98304 bytes back
Round trip time was 1.187 milliseconds in repetition 491
tcp_ping received 98304 bytes back
Round trip time was 1.1514 milliseconds in repetition 492
tcp_ping received 98304 bytes back
Round trip time was 1.212 milliseconds in repetition 493
tcp_ping received 98304 bytes back
Round trip time was 1.0919 milliseconds in repetition 494
tcp_ping received 98304 bytes back
Round trip time was 1.1601 milliseconds in repetition 495
tcp_ping received 98304 bytes back
Round trip time was 1.1287 milliseconds in repetition 496
tcp_ping received 98304 bytes back
Round trip time was 1.3257 milliseconds in repetition 497
tcp_ping received 98304 bytes back
Round trip time was 1.1957 milliseconds in repetition 498
tcp_ping received 98304 bytes back
Round trip time was 1.1421 milliseconds in repetition 499
tcp_ping received 98304 bytes back
Round trip time was 1.3364 milliseconds in repetition 500
tcp_ping received 98304 bytes back
Round trip time was 1.1671 milliseconds in repetition 501

 ... clock resolution was 1e-06
TCP Ping:  Statistics over 501 repetitions of 98304 byte messages

RTT : percentile 10: 0.9339, median: 1.2471, percentile 90: 1.9262, average: 1.39848, variance: 0.174206

RTT histogram:
0.806199 13
0.93396 55
1.06172 51
1.18948 134
1.31724 38
1.445 29
1.57276 61
1.70052 40
1.82828 27
1.95604 13
2.0838 8
2.21156 9
2.33932 12
2.46708 1
2.59484 3
2.7226 3
2.85036 0
2.97812 0
3.10588 2
3.23364 0
3.3614 2

   median Throughput : 157652 KB/s   overall Throughput : 140587 KB/s

