TCP Ping trying to connect to server localhost (127.0.0.1) on port 1491
 ... connected to Pong server: asking for 501 repetitions of 131072 bytes TCP messages
 ... Pong server agreed :-)
tcp_ping received 131072 bytes back
Round trip time was 0.4749 milliseconds in repetition 1
tcp_ping received 131072 bytes back
Round trip time was 0.4941 milliseconds in repetition 2
tcp_ping received 131072 bytes back
Round trip time was 0.5165 milliseconds in repetition 3
tcp_ping received 131072 bytes back
Round trip time was 0.512 milliseconds in repetition 4
tcp_ping received 131072 bytes back
Round trip time was 0.5371 milliseconds in repetition 5
tcp_ping received 131072 bytes back
Round trip time was 0.5476 milliseconds in repetition 6
tcp_ping received 131072 bytes back
Round trip time was 0.5581 milliseconds in repetition 7
tcp_ping received 131072 bytes back
Round trip time was 0.5339 milliseconds in repetition 8
tcp_ping received 131072 bytes back
Round trip time was 0.5566 milliseconds in repetition 9
tcp_ping received 131072 bytes back
Round trip time was 0.5429 milliseconds in repetition 10
tcp_ping received 131072 bytes back
Round trip time was 0.5628 milliseconds in repetition 11
tcp_ping received 131072 bytes back
Round trip time was 0.5906 milliseconds in repetition 12
tcp_ping received 131072 bytes back
Round trip time was 0.593 milliseconds in repetition 13
tcp_ping received 131072 bytes back
Round trip time was 0.5557 milliseconds in repetition 14
tcp_ping received 131072 bytes back
Round trip time was 0.8061 milliseconds in repetition 15
tcp_ping received 131072 bytes back
Round trip time was 0.5987 milliseconds in repetition 16
tcp_ping received 131072 bytes back
Round trip time was 0.5719 milliseconds in repetition 17
tcp_ping received 131072 bytes back
Round trip time was 0.5599 milliseconds in repetition 18
tcp_ping received 131072 bytes back
Round trip time was 0.5491 milliseconds in repetition 19
tcp_ping received 131072 bytes back
Round trip time was 0.5635 milliseconds in repetition 20
tcp_ping received 131072 bytes back
Round trip time was 0.5741 milliseconds in repetition 21
tcp_ping received 131072 bytes back
Round trip time was 0.5688 milliseconds in repetition 22
tcp_ping received 131072 bytes back
Round trip time was 0.6199 milliseconds in repetition 23
tcp_ping received 131072 bytes back
Round trip time was 0.6297 milliseconds in repetition 24
tcp_ping received 131072 bytes back
Round trip time was 0.5412 milliseconds in repetition 25
tcp_ping received 131072 bytes back
Round trip time was 0.5442 milliseconds in repetition 26
tcp_ping received 131072 bytes back
Round trip time was 0.5578 milliseconds in repetition 27
tcp_ping received 131072 bytes back
Round trip time was 0.5526 milliseconds in repetition 28
tcp_ping received 131072 bytes back
Round trip time was 0.5348 milliseconds in repetition 29
tcp_ping received 131072 bytes back
Round trip time was 0.5151 milliseconds in repetition 30
tcp_ping received 131072 bytes back
Round trip time was 0.5358 milliseconds in repetition 31
tcp_ping received 131072 bytes back
Round trip time was 0.5292 milliseconds in repetition 32
tcp_ping received 131072 bytes back
Round trip time was 0.5262 milliseconds in repetition 33
tcp_ping received 131072 bytes back
Round trip time was 0.5202 milliseconds in repetition 34
tcp_ping received 131072 bytes back
Round trip time was 0.5132 milliseconds in repetition 35
tcp_ping received 131072 bytes back
Round trip time was 0.5119 milliseconds in repetition 36
tcp_ping received 131072 bytes back
Round trip time was 0.513 milliseconds in repetition 37
tcp_ping received 131072 bytes back
Round trip time was 0.5157 milliseconds in repetition 38
tcp_ping received 131072 bytes back
Round trip time was 0.5184 milliseconds in repetition 39
tcp_ping received 131072 bytes back
Round trip time was 0.5223 milliseconds in repetition 40
tcp_ping received 131072 bytes back
Round trip time was 0.5345 milliseconds in repetition 41
tcp_ping received 131072 bytes back
Round trip time was 0.5251 milliseconds in repetition 42
tcp_ping received 131072 bytes back
Round trip time was 0.531 milliseconds in repetition 43
tcp_ping received 131072 bytes back
Round trip time was 0.5295 milliseconds in repetition 44
tcp_ping received 131072 bytes back
Round trip time was 0.6968 milliseconds in repetition 45
tcp_ping received 131072 bytes back
Round trip time was 0.7418 milliseconds in repetition 46
tcp_ping received 131072 bytes back
Round trip time was 0.5647 milliseconds in repetition 47
tcp_ping received 131072 bytes back
Round trip time was 0.5632 milliseconds in repetition 48
tcp_ping received 131072 bytes back
Round trip time was 0.5688 milliseconds in repetition 49
tcp_ping received 131072 bytes back
Round trip time was 0.511 milliseconds in repetition 50
tcp_ping received 131072 bytes back
Round trip time was 0.5838 milliseconds in repetition 51
tcp_ping received 131072 bytes back
Round trip time was 0.5551 milliseconds in repetition 52
tcp_ping received 131072 bytes back
Round trip time was 0.7513 milliseconds in repetition 53
tcp_ping received 131072 bytes back
Round trip time was 0.6959 milliseconds in repetition 54
tcp_ping received 131072 bytes back
Round trip time was 0.5836 milliseconds in repetition 55
tcp_ping received 131072 bytes back
Round trip time was 0.9901 milliseconds in repetition 56
tcp_ping received 131072 bytes back
Round trip time was 0.5239 milliseconds in repetition 57
tcp_ping received 131072 bytes back
Round trip time was 0.7423 milliseconds in repetition 58
tcp_ping received 131072 bytes back
Round trip time was 0.5755 milliseconds in repetition 59
tcp_ping received 131072 bytes back
Round trip time was 0.7065 milliseconds in repetition 60
tcp_ping received 131072 bytes back
Round trip time was 0.5199 milliseconds in repetition 61
tcp_ping received 131072 bytes back
Round trip time was 0.4667 milliseconds in repetition 62
tcp_ping received 131072 bytes back
Round trip time was 0.5176 milliseconds in repetition 63
tcp_ping received 131072 bytes back
Round trip time was 0.5664 milliseconds in repetition 64
tcp_ping received 131072 bytes back
Round trip time was 0.5308 milliseconds in repetition 65
tcp_ping received 131072 bytes back
Round trip time was 0.5438 milliseconds in repetition 66
tcp_ping received 131072 bytes back
Round trip time was 0.5473 milliseconds in repetition 67
tcp_ping received 131072 bytes back
Round trip time was 0.553 milliseconds in repetition 68
tcp_ping received 131072 bytes back
Round trip time was 0.5465 milliseconds in repetition 69
tcp_ping received 131072 bytes back
Round trip time was 0.4927 milliseconds in repetition 70
tcp_ping received 131072 bytes back
Round trip time was 0.5491 milliseconds in repetition 71
tcp_ping received 131072 bytes back
Round trip time was 0.5433 milliseconds in repetition 72
tcp_ping received 131072 bytes back
Round trip time was 0.54 milliseconds in repetition 73
tcp_ping received 131072 bytes back
Round trip time was 0.5445 milliseconds in repetition 74
tcp_ping received 131072 bytes back
Round trip time was 0.5456 milliseconds in repetition 75
tcp_ping received 131072 bytes back
Round trip time was 0.5663 milliseconds in repetition 76
tcp_ping received 131072 bytes back
Round trip time was 0.5857 milliseconds in repetition 77
tcp_ping received 131072 bytes back
Round trip time was 0.6827 milliseconds in repetition 78
tcp_ping received 131072 bytes back
Round trip time was 0.9202 milliseconds in repetition 79
tcp_ping received 131072 bytes back
Round trip time was 0.9021 milliseconds in repetition 80
tcp_ping received 131072 bytes back
Round trip time was 0.5755 milliseconds in repetition 81
tcp_ping received 131072 bytes back
Round trip time was 0.5321 milliseconds in repetition 82
tcp_ping received 131072 bytes back
Round trip time was 0.5197 milliseconds in repetition 83
tcp_ping received 131072 bytes back
Round trip time was 0.5294 milliseconds in repetition 84
tcp_ping received 131072 bytes back
Round trip time was 0.5269 milliseconds in repetition 85
tcp_ping received 131072 bytes back
Round trip time was 0.5356 milliseconds in repetition 86
tcp_ping received 131072 bytes back
Round trip time was 0.5315 milliseconds in repetition 87
tcp_ping received 131072 bytes back
Round trip time was 0.5506 milliseconds in repetition 88
tcp_ping received 131072 bytes back
Round trip time was 0.5372 milliseconds in repetition 89
tcp_ping received 131072 bytes back
Round trip time was 0.5604 milliseconds in repetition 90
tcp_ping received 131072 bytes back
Round trip time was 0.5165 milliseconds in repetition 91
tcp_ping received 131072 bytes back
Round trip time was 0.5053 milliseconds in repetition 92
tcp_ping received 131072 bytes back
Round trip time was 0.7078 milliseconds in repetition 93
tcp_ping received 131072 bytes back
Round trip time was 0.6693 milliseconds in repetition 94
tcp_ping received 131072 bytes back
Round trip time was 0.5287 milliseconds in repetition 95
tcp_ping received 131072 bytes back
Round trip time was 0.5183 milliseconds in repetition 96
tcp_ping received 131072 bytes back
Round trip time was 0.5201 milliseconds in repetition 97
tcp_ping received 131072 bytes back
Round trip time was 0.5166 milliseconds in repetition 98
tcp_ping received 131072 bytes back
Round trip time was 0.5227 milliseconds in repetition 99
tcp_ping received 131072 bytes back
Round trip time was 0.5242 milliseconds in repetition 100
tcp_ping received 131072 bytes back
Round trip time was 0.5435 milliseconds in repetition 101
tcp_ping received 131072 bytes back
Round trip time was 0.5324 milliseconds in repetition 102
tcp_ping received 131072 bytes back
Round trip time was 0.5728 milliseconds in repetition 103
tcp_ping received 131072 bytes back
Round trip time was 0.7285 milliseconds in repetition 104
tcp_ping received 131072 bytes back
Round trip time was 0.7921 milliseconds in repetition 105
tcp_ping received 131072 bytes back
Round trip time was 0.8742 milliseconds in repetition 106
tcp_ping received 131072 bytes back
Round trip time was 0.6799 milliseconds in repetition 107
tcp_ping received 131072 bytes back
Round trip time was 0.5443 milliseconds in repetition 108
tcp_ping received 131072 bytes back
Round trip time was 0.8337 milliseconds in repetition 109
tcp_ping received 131072 bytes back
Round trip time was 0.5319 milliseconds in repetition 110
tcp_ping received 131072 bytes back
Round trip time was 0.5245 milliseconds in repetition 111
tcp_ping received 131072 bytes back
Round trip time was 0.686 milliseconds in repetition 112
tcp_ping received 131072 bytes back
Round trip time was 0.5651 milliseconds in repetition 113
tcp_ping received 131072 bytes back
Round trip time was 0.6854 milliseconds in repetition 114
tcp_ping received 131072 bytes back
Round trip time was 0.5216 milliseconds in repetition 115
tcp_ping received 131072 bytes back
Round trip time was 0.5853 milliseconds in repetition 116
tcp_ping received 131072 bytes back
Round trip time was 0.5298 milliseconds in repetition 117
tcp_ping received 131072 bytes back
Round trip time was 0.5395 milliseconds in repetition 118
tcp_ping received 131072 bytes back
Round trip time was 0.6076 milliseconds in repetition 119
tcp_ping received 131072 bytes back
Round trip time was 0.5736 milliseconds in repetition 120
tcp_ping received 131072 bytes back
Round trip time was 0.5362 milliseconds in repetition 121
tcp_ping received 131072 bytes back
Round trip time was 0.5613 milliseconds in repetition 122
tcp_ping received 131072 bytes back
Round trip time was 0.4693 milliseconds in repetition 123
tcp_ping received 131072 bytes back
Round trip time was 0.505 milliseconds in repetition 124
tcp_ping received 131072 bytes back
Round trip time was 0.5534 milliseconds in repetition 125
tcp_ping received 131072 bytes back
Round trip time was 0.5515 milliseconds in repetition 126
tcp_ping received 131072 bytes back
Round trip time was 0.5628 milliseconds in repetition 127
tcp_ping received 131072 bytes back
Round trip time was 0.6865 milliseconds in repetition 128
tcp_ping received 131072 bytes back
Round trip time was 0.7367 milliseconds in repetition 129
tcp_ping received 131072 bytes back
Round trip time was 0.8127 milliseconds in repetition 130
tcp_ping received 131072 bytes back
Round trip time was 0.5351 milliseconds in repetition 131
tcp_ping received 131072 bytes back
Round trip time was 0.5377 milliseconds in repetition 132
tcp_ping received 131072 bytes back
Round trip time was 0.5203 milliseconds in repetition 133
tcp_ping received 131072 bytes back
Round trip time was 0.5555 milliseconds in repetition 134
tcp_ping received 131072 bytes back
Round trip time was 0.5384 milliseconds in repetition 135
tcp_ping received 131072 bytes back
Round trip time was 0.5301 milliseconds in repetition 136
tcp_ping received 131072 bytes back
Round trip time was 0.5461 milliseconds in repetition 137
tcp_ping received 131072 bytes back
Round trip time was 0.592 milliseconds in repetition 138
tcp_ping received 131072 bytes back
Round trip time was 0.5127 milliseconds in repetition 139
tcp_ping received 131072 bytes back
Round trip time was 0.5065 milliseconds in repetition 140
tcp_ping received 131072 bytes back
Round trip time was 0.5451 milliseconds in repetition 141
tcp_ping received 131072 bytes back
Round trip time was 0.5264 milliseconds in repetition 142
tcp_ping received 131072 bytes back
Round trip time was 0.5441 milliseconds in repetition 143
tcp_ping received 131072 bytes back
Round trip time was 0.5288 milliseconds in repetition 144
tcp_ping received 131072 bytes back
Round trip time was 0.5578 milliseconds in repetition 145
tcp_ping received 131072 bytes back
Round trip time was 0.5087 milliseconds in repetition 146
tcp_ping received 131072 bytes back
Round trip time was 0.5306 milliseconds in repetition 147
tcp_ping received 131072 bytes back
Round trip time was 0.5469 milliseconds in repetition 148
tcp_ping received 131072 bytes back
Round trip time was 0.5374 milliseconds in repetition 149
tcp_ping received 131072 bytes back
Round trip time was 0.5319 milliseconds in repetition 150
tcp_ping received 131072 bytes back
Round trip time was 0.5369 milliseconds in repetition 151
tcp_ping received 131072 bytes back
Round trip time was 0.5256 milliseconds in repetition 152
tcp_ping received 131072 bytes back
Round trip time was 0.5429 milliseconds in repetition 153
tcp_ping received 131072 bytes back
Round trip time was 0.5501 milliseconds in repetition 154
tcp_ping received 131072 bytes back
Round trip time was 0.6028 milliseconds in repetition 155
tcp_ping received 131072 bytes back
Round trip time was 0.5999 milliseconds in repetition 156
tcp_ping received 131072 bytes back
Round trip time was 0.6126 milliseconds in repetition 157
tcp_ping received 131072 bytes back
Round trip time was 0.579 milliseconds in repetition 158
tcp_ping received 131072 bytes back
Round trip time was 0.5186 milliseconds in repetition 159
tcp_ping received 131072 bytes back
Round trip time was 0.5287 milliseconds in repetition 160
tcp_ping received 131072 bytes back
Round trip time was 0.5342 milliseconds in repetition 161
tcp_ping received 131072 bytes back
Round trip time was 0.5301 milliseconds in repetition 162
tcp_ping received 131072 bytes back
Round trip time was 0.5084 milliseconds in repetition 163
tcp_ping received 131072 bytes back
Round trip time was 0.5201 milliseconds in repetition 164
tcp_ping received 131072 bytes back
Round trip time was 0.5441 milliseconds in repetition 165
tcp_ping received 131072 bytes back
Round trip time was 0.5285 milliseconds in repetition 166
tcp_ping received 131072 bytes back
Round trip time was 0.5453 milliseconds in repetition 167
tcp_ping received 131072 bytes back
Round trip time was 0.5184 milliseconds in repetition 168
tcp_ping received 131072 bytes back
Round trip time was 0.5126 milliseconds in repetition 169
tcp_ping received 131072 bytes back
Round trip time was 0.537 milliseconds in repetition 170
tcp_ping received 131072 bytes back
Round trip time was 0.5424 milliseconds in repetition 171
tcp_ping received 131072 bytes back
Round trip time was 0.6004 milliseconds in repetition 172
tcp_ping received 131072 bytes back
Round trip time was 0.5962 milliseconds in repetition 173
tcp_ping received 131072 bytes back
Round trip time was 0.5352 milliseconds in repetition 174
tcp_ping received 131072 bytes back
Round trip time was 0.5211 milliseconds in repetition 175
tcp_ping received 131072 bytes back
Round trip time was 0.4861 milliseconds in repetition 176
tcp_ping received 131072 bytes back
Round trip time was 0.5139 milliseconds in repetition 177
tcp_ping received 131072 bytes back
Round trip time was 0.4916 milliseconds in repetition 178
tcp_ping received 131072 bytes back
Round trip time was 0.5213 milliseconds in repetition 179
tcp_ping received 131072 bytes back
Round trip time was 0.527 milliseconds in repetition 180
tcp_ping received 131072 bytes back
Round trip time was 0.5477 milliseconds in repetition 181
tcp_ping received 131072 bytes back
Round trip time was 0.5427 milliseconds in repetition 182
tcp_ping received 131072 bytes back
Round trip time was 0.8762 milliseconds in repetition 183
tcp_ping received 131072 bytes back
Round trip time was 1.1963 milliseconds in repetition 184
tcp_ping received 131072 bytes back
Round trip time was 0.6953 milliseconds in repetition 185
tcp_ping received 131072 bytes back
Round trip time was 0.5522 milliseconds in repetition 186
tcp_ping received 131072 bytes back
Round trip time was 0.6216 milliseconds in repetition 187
tcp_ping received 131072 bytes back
Round trip time was 0.5929 milliseconds in repetition 188
tcp_ping received 131072 bytes back
Round trip time was 0.5331 milliseconds in repetition 189
tcp_ping received 131072 bytes back
Round trip time was 0.5505 milliseconds in repetition 190
tcp_ping received 131072 bytes back
Round trip time was 0.5378 milliseconds in repetition 191
tcp_ping received 131072 bytes back
Round trip time was 0.5288 milliseconds in repetition 192
tcp_ping received 131072 bytes back
Round trip time was 0.538 milliseconds in repetition 193
tcp_ping received 131072 bytes back
Round trip time was 0.5302 milliseconds in repetition 194
tcp_ping received 131072 bytes back
Round trip time was 0.5287 milliseconds in repetition 195
tcp_ping received 131072 bytes back
Round trip time was 0.7309 milliseconds in repetition 196
tcp_ping received 131072 bytes back
Round trip time was 0.5368 milliseconds in repetition 197
tcp_ping received 131072 bytes back
Round trip time was 0.5232 milliseconds in repetition 198
tcp_ping received 131072 bytes back
Round trip time was 0.5156 milliseconds in repetition 199
tcp_ping received 131072 bytes back
Round trip time was 0.5167 milliseconds in repetition 200
tcp_ping received 131072 bytes back
Round trip time was 0.5181 milliseconds in repetition 201
tcp_ping received 131072 bytes back
Round trip time was 0.5258 milliseconds in repetition 202
tcp_ping received 131072 bytes back
Round trip time was 0.5425 milliseconds in repetition 203
tcp_ping received 131072 bytes back
Round trip time was 0.5291 milliseconds in repetition 204
tcp_ping received 131072 bytes back
Round trip time was 0.5406 milliseconds in repetition 205
tcp_ping received 131072 bytes back
Round trip time was 0.5245 milliseconds in repetition 206
tcp_ping received 131072 bytes back
Round trip time was 0.5293 milliseconds in repetition 207
tcp_ping received 131072 bytes back
Round trip time was 0.6638 milliseconds in repetition 208
tcp_ping received 131072 bytes back
Round trip time was 0.806 milliseconds in repetition 209
tcp_ping received 131072 bytes back
Round trip time was 0.7676 milliseconds in repetition 210
tcp_ping received 131072 bytes back
Round trip time was 0.6742 milliseconds in repetition 211
tcp_ping received 131072 bytes back
Round trip time was 0.5673 milliseconds in repetition 212
tcp_ping received 131072 bytes back
Round trip time was 0.5452 milliseconds in repetition 213
tcp_ping received 131072 bytes back
Round trip time was 0.5503 milliseconds in repetition 214
tcp_ping received 131072 bytes back
Round trip time was 0.5187 milliseconds in repetition 215
tcp_ping received 131072 bytes back
Round trip time was 0.6727 milliseconds in repetition 216
tcp_ping received 131072 bytes back
Round trip time was 0.6107 milliseconds in repetition 217
tcp_ping received 131072 bytes back
Round trip time was 1.1229 milliseconds in repetition 218
tcp_ping received 131072 bytes back
Round trip time was 1.0185 milliseconds in repetition 219
tcp_ping received 131072 bytes back
Round trip time was 0.7301 milliseconds in repetition 220
tcp_ping received 131072 bytes back
Round trip time was 0.8502 milliseconds in repetition 221
tcp_ping received 131072 bytes back
Round trip time was 0.9075 milliseconds in repetition 222
tcp_ping received 131072 bytes back
Round trip time was 0.6385 milliseconds in repetition 223
tcp_ping received 131072 bytes back
Round trip time was 0.7398 milliseconds in repetition 224
tcp_ping received 131072 bytes back
Round trip time was 0.6661 milliseconds in repetition 225
tcp_ping received 131072 bytes back
Round trip time was 0.5754 milliseconds in repetition 226
tcp_ping received 131072 bytes back
Round trip time was 0.6966 milliseconds in repetition 227
tcp_ping received 131072 bytes back
Round trip time was 0.7277 milliseconds in repetition 228
tcp_ping received 131072 bytes back
Round trip time was 0.7911 milliseconds in repetition 229
tcp_ping received 131072 bytes back
Round trip time was 0.8911 milliseconds in repetition 230
tcp_ping received 131072 bytes back
Round trip time was 1.0617 milliseconds in repetition 231
tcp_ping received 131072 bytes back
Round trip time was 0.671 milliseconds in repetition 232
tcp_ping received 131072 bytes back
Round trip time was 0.7083 milliseconds in repetition 233
tcp_ping received 131072 bytes back
Round trip time was 0.643 milliseconds in repetition 234
tcp_ping received 131072 bytes back
Round trip time was 0.5333 milliseconds in repetition 235
tcp_ping received 131072 bytes back
Round trip time was 0.5385 milliseconds in repetition 236
tcp_ping received 131072 bytes back
Round trip time was 0.5216 milliseconds in repetition 237
tcp_ping received 131072 bytes back
Round trip time was 0.6455 milliseconds in repetition 238
tcp_ping received 131072 bytes back
Round trip time was 0.5394 milliseconds in repetition 239
tcp_ping received 131072 bytes back
Round trip time was 0.53 milliseconds in repetition 240
tcp_ping received 131072 bytes back
Round trip time was 0.5625 milliseconds in repetition 241
tcp_ping received 131072 bytes back
Round trip time was 0.5211 milliseconds in repetition 242
tcp_ping received 131072 bytes back
Round trip time was 0.4984 milliseconds in repetition 243
tcp_ping received 131072 bytes back
Round trip time was 0.5869 milliseconds in repetition 244
tcp_ping received 131072 bytes back
Round trip time was 0.5274 milliseconds in repetition 245
tcp_ping received 131072 bytes back
Round trip time was 0.5251 milliseconds in repetition 246
tcp_ping received 131072 bytes back
Round trip time was 0.5306 milliseconds in repetition 247
tcp_ping received 131072 bytes back
Round trip time was 0.5599 milliseconds in repetition 248
tcp_ping received 131072 bytes back
Round trip time was 0.5393 milliseconds in repetition 249
tcp_ping received 131072 bytes back
Round trip time was 0.5208 milliseconds in repetition 250
tcp_ping received 131072 bytes back
Round trip time was 0.5214 milliseconds in repetition 251
tcp_ping received 131072 bytes back
Round trip time was 0.5072 milliseconds in repetition 252
tcp_ping received 131072 bytes back
Round trip time was 0.5776 milliseconds in repetition 253
tcp_ping received 131072 bytes back
Round trip time was 0.5282 milliseconds in repetition 254
tcp_ping received 131072 bytes back
Round trip time was 0.6063 milliseconds in repetition 255
tcp_ping received 131072 bytes back
Round trip time was 0.5861 milliseconds in repetition 256
tcp_ping received 131072 bytes back
Round trip time was 0.7093 milliseconds in repetition 257
tcp_ping received 131072 bytes back
Round trip time was 0.5702 milliseconds in repetition 258
tcp_ping received 131072 bytes back
Round trip time was 0.6519 milliseconds in repetition 259
tcp_ping received 131072 bytes back
Round trip time was 0.5757 milliseconds in repetition 260
tcp_ping received 131072 bytes back
Round trip time was 0.5225 milliseconds in repetition 261
tcp_ping received 131072 bytes back
Round trip time was 0.5258 milliseconds in repetition 262
tcp_ping received 131072 bytes back
Round trip time was 0.5622 milliseconds in repetition 263
tcp_ping received 131072 bytes back
Round trip time was 0.5366 milliseconds in repetition 264
tcp_ping received 131072 bytes back
Round trip time was 0.5789 milliseconds in repetition 265
tcp_ping received 131072 bytes back
Round trip time was 0.5343 milliseconds in repetition 266
tcp_ping received 131072 bytes back
Round trip time was 0.5508 milliseconds in repetition 267
tcp_ping received 131072 bytes back
Round trip time was 0.5485 milliseconds in repetition 268
tcp_ping received 131072 bytes back
Round trip time was 0.5509 milliseconds in repetition 269
tcp_ping received 131072 bytes back
Round trip time was 0.7931 milliseconds in repetition 270
tcp_ping received 131072 bytes back
Round trip time was 0.5815 milliseconds in repetition 271
tcp_ping received 131072 bytes back
Round trip time was 0.6071 milliseconds in repetition 272
tcp_ping received 131072 bytes back
Round trip time was 0.5372 milliseconds in repetition 273
tcp_ping received 131072 bytes back
Round trip time was 0.5202 milliseconds in repetition 274
tcp_ping received 131072 bytes back
Round trip time was 0.562 milliseconds in repetition 275
tcp_ping received 131072 bytes back
Round trip time was 0.6677 milliseconds in repetition 276
tcp_ping received 131072 bytes back
Round trip time was 0.6126 milliseconds in repetition 277
tcp_ping received 131072 bytes back
Round trip time was 0.6681 milliseconds in repetition 278
tcp_ping received 131072 bytes back
Round trip time was 0.5481 milliseconds in repetition 279
tcp_ping received 131072 bytes back
Round trip time was 0.6703 milliseconds in repetition 280
tcp_ping received 131072 bytes back
Round trip time was 0.6324 milliseconds in repetition 281
tcp_ping received 131072 bytes back
Round trip time was 0.7726 milliseconds in repetition 282
tcp_ping received 131072 bytes back
Round trip time was 0.5365 milliseconds in repetition 283
tcp_ping received 131072 bytes back
Round trip time was 0.6887 milliseconds in repetition 284
tcp_ping received 131072 bytes back
Round trip time was 0.5915 milliseconds in repetition 285
tcp_ping received 131072 bytes back
Round trip time was 0.5108 milliseconds in repetition 286
tcp_ping received 131072 bytes back
Round trip time was 0.522 milliseconds in repetition 287
tcp_ping received 131072 bytes back
Round trip time was 0.5103 milliseconds in repetition 288
tcp_ping received 131072 bytes back
Round trip time was 0.5458 milliseconds in repetition 289
tcp_ping received 131072 bytes back
Round trip time was 0.5441 milliseconds in repetition 290
tcp_ping received 131072 bytes back
Round trip time was 0.5592 milliseconds in repetition 291
tcp_ping received 131072 bytes back
Round trip time was 0.5273 milliseconds in repetition 292
tcp_ping received 131072 bytes back
Round trip time was 0.5467 milliseconds in repetition 293
tcp_ping received 131072 bytes back
Round trip time was 0.5292 milliseconds in repetition 294
tcp_ping received 131072 bytes back
Round trip time was 0.5171 milliseconds in repetition 295
tcp_ping received 131072 bytes back
Round trip time was 0.551 milliseconds in repetition 296
tcp_ping received 131072 bytes back
Round trip time was 0.5316 milliseconds in repetition 297
tcp_ping received 131072 bytes back
Round trip time was 0.5397 milliseconds in repetition 298
tcp_ping received 131072 bytes back
Round trip time was 0.5335 milliseconds in repetition 299
tcp_ping received 131072 bytes back
Round trip time was 0.5437 milliseconds in repetition 300
tcp_ping received 131072 bytes back
Round trip time was 0.5395 milliseconds in repetition 301
tcp_ping received 131072 bytes back
Round trip time was 0.5392 milliseconds in repetition 302
tcp_ping received 131072 bytes back
Round trip time was 0.552 milliseconds in repetition 303
tcp_ping received 131072 bytes back
Round trip time was 0.538 milliseconds in repetition 304
tcp_ping received 131072 bytes back
Round trip time was 0.5605 milliseconds in repetition 305
tcp_ping received 131072 bytes back
Round trip time was 0.5375 milliseconds in repetition 306
tcp_ping received 131072 bytes back
Round trip time was 0.5432 milliseconds in repetition 307
tcp_ping received 131072 bytes back
Round trip time was 0.7415 milliseconds in repetition 308
tcp_ping received 131072 bytes back
Round trip time was 0.7285 milliseconds in repetition 309
tcp_ping received 131072 bytes back
Round trip time was 0.7605 milliseconds in repetition 310
tcp_ping received 131072 bytes back
Round trip time was 0.5521 milliseconds in repetition 311
tcp_ping received 131072 bytes back
Round trip time was 0.5394 milliseconds in repetition 312
tcp_ping received 131072 bytes back
Round trip time was 0.5168 milliseconds in repetition 313
tcp_ping received 131072 bytes back
Round trip time was 0.5326 milliseconds in repetition 314
tcp_ping received 131072 bytes back
Round trip time was 0.5233 milliseconds in repetition 315
tcp_ping received 131072 bytes back
Round trip time was 0.5151 milliseconds in repetition 316
tcp_ping received 131072 bytes back
Round trip time was 0.6869 milliseconds in repetition 317
tcp_ping received 131072 bytes back
Round trip time was 0.5293 milliseconds in repetition 318
tcp_ping received 131072 bytes back
Round trip time was 0.5535 milliseconds in repetition 319
tcp_ping received 131072 bytes back
Round trip time was 0.5226 milliseconds in repetition 320
tcp_ping received 131072 bytes back
Round trip time was 0.5305 milliseconds in repetition 321
tcp_ping received 131072 bytes back
Round trip time was 0.5259 milliseconds in repetition 322
tcp_ping received 131072 bytes back
Round trip time was 0.5607 milliseconds in repetition 323
tcp_ping received 131072 bytes back
Round trip time was 0.5349 milliseconds in repetition 324
tcp_ping received 131072 bytes back
Round trip time was 0.52 milliseconds in repetition 325
tcp_ping received 131072 bytes back
Round trip time was 0.5128 milliseconds in repetition 326
tcp_ping received 131072 bytes back
Round trip time was 0.5579 milliseconds in repetition 327
tcp_ping received 131072 bytes back
Round trip time was 0.5322 milliseconds in repetition 328
tcp_ping received 131072 bytes back
Round trip time was 0.5406 milliseconds in repetition 329
tcp_ping received 131072 bytes back
Round trip time was 0.5228 milliseconds in repetition 330
tcp_ping received 131072 bytes back
Round trip time was 0.5415 milliseconds in repetition 331
tcp_ping received 131072 bytes back
Round trip time was 0.5418 milliseconds in repetition 332
tcp_ping received 131072 bytes back
Round trip time was 0.5429 milliseconds in repetition 333
tcp_ping received 131072 bytes back
Round trip time was 0.5381 milliseconds in repetition 334
tcp_ping received 131072 bytes back
Round trip time was 0.6749 milliseconds in repetition 335
tcp_ping received 131072 bytes back
Round trip time was 0.6779 milliseconds in repetition 336
tcp_ping received 131072 bytes back
Round trip time was 0.6841 milliseconds in repetition 337
tcp_ping received 131072 bytes back
Round trip time was 0.5314 milliseconds in repetition 338
tcp_ping received 131072 bytes back
Round trip time was 0.5312 milliseconds in repetition 339
tcp_ping received 131072 bytes back
Round trip time was 0.563 milliseconds in repetition 340
tcp_ping received 131072 bytes back
Round trip time was 0.5201 milliseconds in repetition 341
tcp_ping received 131072 bytes back
Round trip time was 0.5563 milliseconds in repetition 342
tcp_ping received 131072 bytes back
Round trip time was 0.595 milliseconds in repetition 343
tcp_ping received 131072 bytes back
Round trip time was 0.5179 milliseconds in repetition 344
tcp_ping received 131072 bytes back
Round trip time was 0.5391 milliseconds in repetition 345
tcp_ping received 131072 bytes back
Round trip time was 0.5292 milliseconds in repetition 346
tcp_ping received 131072 bytes back
Round trip time was 0.5535 milliseconds in repetition 347
tcp_ping received 131072 bytes back
Round trip time was 0.552 milliseconds in repetition 348
tcp_ping received 131072 bytes back
Round trip time was 0.6173 milliseconds in repetition 349
tcp_ping received 131072 bytes back
Round trip time was 0.5781 milliseconds in repetition 350
tcp_ping received 131072 bytes back
Round trip time was 0.5155 milliseconds in repetition 351
tcp_ping received 131072 bytes back
Round trip time was 0.5478 milliseconds in repetition 352
tcp_ping received 131072 bytes back
Round trip time was 0.5651 milliseconds in repetition 353
tcp_ping received 131072 bytes back
Round trip time was 0.5269 milliseconds in repetition 354
tcp_ping received 131072 bytes back
Round trip time was 0.5741 milliseconds in repetition 355
tcp_ping received 131072 bytes back
Round trip time was 0.5928 milliseconds in repetition 356
tcp_ping received 131072 bytes back
Round trip time was 0.5124 milliseconds in repetition 357
tcp_ping received 131072 bytes back
Round trip time was 0.5402 milliseconds in repetition 358
tcp_ping received 131072 bytes back
Round trip time was 0.5478 milliseconds in repetition 359
tcp_ping received 131072 bytes back
Round trip time was 0.5686 milliseconds in repetition 360
tcp_ping received 131072 bytes back
Round trip time was 0.5126 milliseconds in repetition 361
tcp_ping received 131072 bytes back
Round trip time was 0.5302 milliseconds in repetition 362
tcp_ping received 131072 bytes back
Round trip time was 0.6379 milliseconds in repetition 363
tcp_ping received 131072 bytes back
Round trip time was 0.6682 milliseconds in repetition 364
tcp_ping received 131072 bytes back
Round trip time was 0.6606 milliseconds in repetition 365
tcp_ping received 131072 bytes back
Round trip time was 0.5533 milliseconds in repetition 366
tcp_ping received 131072 bytes back
Round trip time was 0.5247 milliseconds in repetition 367
tcp_ping received 131072 bytes back
Round trip time was 0.5971 milliseconds in repetition 368
tcp_ping received 131072 bytes back
Round trip time was 0.598 milliseconds in repetition 369
tcp_ping received 131072 bytes back
Round trip time was 0.5602 milliseconds in repetition 370
tcp_ping received 131072 bytes back
Round trip time was 0.522 milliseconds in repetition 371
tcp_ping received 131072 bytes back
Round trip time was 0.5584 milliseconds in repetition 372
tcp_ping received 131072 bytes back
Round trip time was 0.5198 milliseconds in repetition 373
tcp_ping received 131072 bytes back
Round trip time was 0.5389 milliseconds in repetition 374
tcp_ping received 131072 bytes back
Round trip time was 0.5453 milliseconds in repetition 375
tcp_ping received 131072 bytes back
Round trip time was 0.5393 milliseconds in repetition 376
tcp_ping received 131072 bytes back
Round trip time was 0.519 milliseconds in repetition 377
tcp_ping received 131072 bytes back
Round trip time was 0.5148 milliseconds in repetition 378
tcp_ping received 131072 bytes back
Round trip time was 0.5501 milliseconds in repetition 379
tcp_ping received 131072 bytes back
Round trip time was 0.5472 milliseconds in repetition 380
tcp_ping received 131072 bytes back
Round trip time was 0.5415 milliseconds in repetition 381
tcp_ping received 131072 bytes back
Round trip time was 0.5184 milliseconds in repetition 382
tcp_ping received 131072 bytes back
Round trip time was 0.5323 milliseconds in repetition 383
tcp_ping received 131072 bytes back
Round trip time was 0.5197 milliseconds in repetition 384
tcp_ping received 131072 bytes back
Round trip time was 0.5204 milliseconds in repetition 385
tcp_ping received 131072 bytes back
Round trip time was 0.5484 milliseconds in repetition 386
tcp_ping received 131072 bytes back
Round trip time was 0.5213 milliseconds in repetition 387
tcp_ping received 131072 bytes back
Round trip time was 0.6223 milliseconds in repetition 388
tcp_ping received 131072 bytes back
Round trip time was 0.6437 milliseconds in repetition 389
tcp_ping received 131072 bytes back
Round trip time was 0.5745 milliseconds in repetition 390
tcp_ping received 131072 bytes back
Round trip time was 0.6806 milliseconds in repetition 391
tcp_ping received 131072 bytes back
Round trip time was 0.6537 milliseconds in repetition 392
tcp_ping received 131072 bytes back
Round trip time was 0.5218 milliseconds in repetition 393
tcp_ping received 131072 bytes back
Round trip time was 0.5438 milliseconds in repetition 394
tcp_ping received 131072 bytes back
Round trip time was 0.5013 milliseconds in repetition 395
tcp_ping received 131072 bytes back
Round trip time was 0.5583 milliseconds in repetition 396
tcp_ping received 131072 bytes back
Round trip time was 0.527 milliseconds in repetition 397
tcp_ping received 131072 bytes back
Round trip time was 0.4951 milliseconds in repetition 398
tcp_ping received 131072 bytes back
Round trip time was 0.5213 milliseconds in repetition 399
tcp_ping received 131072 bytes back
Round trip time was 0.5325 milliseconds in repetition 400
tcp_ping received 131072 bytes back
Round trip time was 0.5248 milliseconds in repetition 401
tcp_ping received 131072 bytes back
Round trip time was 0.5372 milliseconds in repetition 402
tcp_ping received 131072 bytes back
Round trip time was 0.5404 milliseconds in repetition 403
tcp_ping received 131072 bytes back
Round trip time was 0.5555 milliseconds in repetition 404
tcp_ping received 131072 bytes back
Round trip time was 0.5643 milliseconds in repetition 405
tcp_ping received 131072 bytes back
Round trip time was 0.5199 milliseconds in repetition 406
tcp_ping received 131072 bytes back
Round trip time was 0.5286 milliseconds in repetition 407
tcp_ping received 131072 bytes back
Round trip time was 0.5633 milliseconds in repetition 408
tcp_ping received 131072 bytes back
Round trip time was 0.5276 milliseconds in repetition 409
tcp_ping received 131072 bytes back
Round trip time was 0.5374 milliseconds in repetition 410
tcp_ping received 131072 bytes back
Round trip time was 0.569 milliseconds in repetition 411
tcp_ping received 131072 bytes back
Round trip time was 0.5286 milliseconds in repetition 412
tcp_ping received 131072 bytes back
Round trip time was 0.5424 milliseconds in repetition 413
tcp_ping received 131072 bytes back
Round trip time was 0.5282 milliseconds in repetition 414
tcp_ping received 131072 bytes back
Round trip time was 0.5275 milliseconds in repetition 415
tcp_ping received 131072 bytes back
Round trip time was 0.5416 milliseconds in repetition 416
tcp_ping received 131072 bytes back
Round trip time was 0.6051 milliseconds in repetition 417
tcp_ping received 131072 bytes back
Round trip time was 0.6995 milliseconds in repetition 418
tcp_ping received 131072 bytes back
Round trip time was 0.5922 milliseconds in repetition 419
tcp_ping received 131072 bytes back
Round trip time was 0.5788 milliseconds in repetition 420
tcp_ping received 131072 bytes back
Round trip time was 0.5259 milliseconds in repetition 421
tcp_ping received 131072 bytes back
Round trip time was 0.7784 milliseconds in repetition 422
tcp_ping received 131072 bytes back
Round trip time was 0.6065 milliseconds in repetition 423
tcp_ping received 131072 bytes back
Round trip time was 0.5101 milliseconds in repetition 424
tcp_ping received 131072 bytes back
Round trip time was 0.5027 milliseconds in repetition 425
tcp_ping received 131072 bytes back
Round trip time was 0.5914 milliseconds in repetition 426
tcp_ping received 131072 bytes back
Round trip time was 0.5279 milliseconds in repetition 427
tcp_ping received 131072 bytes back
Round trip time was 0.5372 milliseconds in repetition 428
tcp_ping received 131072 bytes back
Round trip time was 0.5197 milliseconds in repetition 429
tcp_ping received 131072 bytes back
Round trip time was 0.5177 milliseconds in repetition 430
tcp_ping received 131072 bytes back
Round trip time was 0.5327 milliseconds in repetition 431
tcp_ping received 131072 bytes back
Round trip time was 0.5373 milliseconds in repetition 432
tcp_ping received 131072 bytes back
Round trip time was 0.5185 milliseconds in repetition 433
tcp_ping received 131072 bytes back
Round trip time was 0.5159 milliseconds in repetition 434
tcp_ping received 131072 bytes back
Round trip time was 0.5226 milliseconds in repetition 435
tcp_ping received 131072 bytes back
Round trip time was 0.516 milliseconds in repetition 436
tcp_ping received 131072 bytes back
Round trip time was 0.569 milliseconds in repetition 437
tcp_ping received 131072 bytes back
Round trip time was 0.5763 milliseconds in repetition 438
tcp_ping received 131072 bytes back
Round trip time was 0.5239 milliseconds in repetition 439
tcp_ping received 131072 bytes back
Round trip time was 0.552 milliseconds in repetition 440
tcp_ping received 131072 bytes back
Round trip time was 0.5277 milliseconds in repetition 441
tcp_ping received 131072 bytes back
Round trip time was 0.5564 milliseconds in repetition 442
tcp_ping received 131072 bytes back
Round trip time was 0.5156 milliseconds in repetition 443
tcp_ping received 131072 bytes back
Round trip time was 0.5562 milliseconds in repetition 444
tcp_ping received 131072 bytes back
Round trip time was 0.5553 milliseconds in repetition 445
tcp_ping received 131072 bytes back
Round trip time was 0.5197 milliseconds in repetition 446
tcp_ping received 131072 bytes back
Round trip time was 0.5177 milliseconds in repetition 447
tcp_ping received 131072 bytes back
Round trip time was 0.7674 milliseconds in repetition 448
tcp_ping received 131072 bytes back
Round trip time was 0.559 milliseconds in repetition 449
tcp_ping received 131072 bytes back
Round trip time was 0.5748 milliseconds in repetition 450
tcp_ping received 131072 bytes back
Round trip time was 0.5432 milliseconds in repetition 451
tcp_ping received 131072 bytes back
Round trip time was 0.5793 milliseconds in repetition 452
tcp_ping received 131072 bytes back
Round trip time was 0.5342 milliseconds in repetition 453
tcp_ping received 131072 bytes back
Round trip time was 0.6258 milliseconds in repetition 454
tcp_ping received 131072 bytes back
Round trip time was 0.5231 milliseconds in repetition 455
tcp_ping received 131072 bytes back
Round trip time was 0.5749 milliseconds in repetition 456
tcp_ping received 131072 bytes back
Round trip time was 0.5181 milliseconds in repetition 457
tcp_ping received 131072 bytes back
Round trip time was 0.5722 milliseconds in repetition 458
tcp_ping received 131072 bytes back
Round trip time was 0.6451 milliseconds in repetition 459
tcp_ping received 131072 bytes back
Round trip time was 0.5173 milliseconds in repetition 460
tcp_ping received 131072 bytes back
Round trip time was 0.744 milliseconds in repetition 461
tcp_ping received 131072 bytes back
Round trip time was 0.6427 milliseconds in repetition 462
tcp_ping received 131072 bytes back
Round trip time was 0.6188 milliseconds in repetition 463
tcp_ping received 131072 bytes back
Round trip time was 0.5877 milliseconds in repetition 464
tcp_ping received 131072 bytes back
Round trip time was 0.5018 milliseconds in repetition 465
tcp_ping received 131072 bytes back
Round trip time was 0.475 milliseconds in repetition 466
tcp_ping received 131072 bytes back
Round trip time was 0.647 milliseconds in repetition 467
tcp_ping received 131072 bytes back
Round trip time was 0.5205 milliseconds in repetition 468
tcp_ping received 131072 bytes back
Round trip time was 0.6018 milliseconds in repetition 469
tcp_ping received 131072 bytes back
Round trip time was 0.5409 milliseconds in repetition 470
tcp_ping received 131072 bytes back
Round trip time was 0.6055 milliseconds in repetition 471
tcp_ping received 131072 bytes back
Round trip time was 0.6815 milliseconds in repetition 472
tcp_ping received 131072 bytes back
Round trip time was 0.5619 milliseconds in repetition 473
tcp_ping received 131072 bytes back
Round trip time was 0.6002 milliseconds in repetition 474
tcp_ping received 131072 bytes back
Round trip time was 0.548 milliseconds in repetition 475
tcp_ping received 131072 bytes back
Round trip time was 0.5334 milliseconds in repetition 476
tcp_ping received 131072 bytes back
Round trip time was 0.6097 milliseconds in repetition 477
tcp_ping received 131072 bytes back
Round trip time was 0.7462 milliseconds in repetition 478
tcp_ping received 131072 bytes back
Round trip time was 0.9336 milliseconds in repetition 479
tcp_ping received 131072 bytes back
Round trip time was 0.659 milliseconds in repetition 480
tcp_ping received 131072 bytes back
Round trip time was 0.5492 milliseconds in repetition 481
tcp_ping received 131072 bytes back
Round trip time was 0.653 milliseconds in repetition 482
tcp_ping received 131072 bytes back
Round trip time was 0.5639 milliseconds in repetition 483
tcp_ping received 131072 bytes back
Round trip time was 0.6107 milliseconds in repetition 484
tcp_ping received 131072 bytes back
Round trip time was 0.4768 milliseconds in repetition 485
tcp_ping received 131072 bytes back
Round trip time was 0.5466 milliseconds in repetition 486
tcp_ping received 131072 bytes back
Round trip time was 0.5273 milliseconds in repetition 487
tcp_ping received 131072 bytes back
Round trip time was 0.5255 milliseconds in repetition 488
tcp_ping received 131072 bytes back
Round trip time was 0.5371 milliseconds in repetition 489
tcp_ping received 131072 bytes back
Round trip time was 0.6033 milliseconds in repetition 490
tcp_ping received 131072 bytes back
Round trip time was 0.6033 milliseconds in repetition 491
tcp_ping received 131072 bytes back
Round trip time was 0.7453 milliseconds in repetition 492
tcp_ping received 131072 bytes back
Round trip time was 0.6468 milliseconds in repetition 493
tcp_ping received 131072 bytes back
Round trip time was 0.6437 milliseconds in repetition 494
tcp_ping received 131072 bytes back
Round trip time was 0.7877 milliseconds in repetition 495
tcp_ping received 131072 bytes back
Round trip time was 0.6493 milliseconds in repetition 496
tcp_ping received 131072 bytes back
Round trip time was 0.6264 milliseconds in repetition 497
tcp_ping received 131072 bytes back
Round trip time was 0.5107 milliseconds in repetition 498
tcp_ping received 131072 bytes back
Round trip time was 0.5758 milliseconds in repetition 499
tcp_ping received 131072 bytes back
Round trip time was 0.5333 milliseconds in repetition 500
tcp_ping received 131072 bytes back
Round trip time was 0.6156 milliseconds in repetition 501

 ... clock resolution was 1e-06
TCP Ping:  Statistics over 501 repetitions of 131072 byte messages

RTT : percentile 10: 0.5173, median: 0.5443, percentile 90: 0.6869, average: 0.578689, variance: 0.00858074

RTT histogram:
0.466699 5
0.50318 83
0.53966 219
0.57614 74
0.61262 32
0.6491 19
0.68558 25
0.72206 11
0.75854 11
0.79502 8
0.8315 1
0.86798 3
0.90446 4
0.94094 1
0.97742 1
1.0139 1
1.05038 1
1.08686 0
1.12334 1
1.15982 0
1.1963 1

   median Throughput : 481617 KB/s   overall Throughput : 452996 KB/s

