TCP Ping trying to connect to server localhost (127.0.0.1) on port 1491
 ... connected to Pong server: asking for 501 repetitions of 192 bytes TCP messages
 ... Pong server agreed :-)
tcp_ping received 192 bytes back
Round trip time was 0.2191 milliseconds in repetition 1
tcp_ping received 192 bytes back
Round trip time was 0.2577 milliseconds in repetition 2
tcp_ping received 192 bytes back
Round trip time was 0.2605 milliseconds in repetition 3
tcp_ping received 192 bytes back
Round trip time was 0.2661 milliseconds in repetition 4
tcp_ping received 192 bytes back
Round trip time was 0.2736 milliseconds in repetition 5
tcp_ping received 192 bytes back
Round trip time was 0.2661 milliseconds in repetition 6
tcp_ping received 192 bytes back
Round trip time was 0.2662 milliseconds in repetition 7
tcp_ping received 192 bytes back
Round trip time was 0.2886 milliseconds in repetition 8
tcp_ping received 192 bytes back
Round trip time was 0.2788 milliseconds in repetition 9
tcp_ping received 192 bytes back
Round trip time was 0.2712 milliseconds in repetition 10
tcp_ping received 192 bytes back
Round trip time was 0.3834 milliseconds in repetition 11
tcp_ping received 192 bytes back
Round trip time was 0.222 milliseconds in repetition 12
tcp_ping received 192 bytes back
Round trip time was 0.2222 milliseconds in repetition 13
tcp_ping received 192 bytes back
Round trip time was 0.2032 milliseconds in repetition 14
tcp_ping received 192 bytes back
Round trip time was 0.2277 milliseconds in repetition 15
tcp_ping received 192 bytes back
Round trip time was 0.2169 milliseconds in repetition 16
tcp_ping received 192 bytes back
Round trip time was 0.2768 milliseconds in repetition 17
tcp_ping received 192 bytes back
Round trip time was 0.2595 milliseconds in repetition 18
tcp_ping received 192 bytes back
Round trip time was 0.233 milliseconds in repetition 19
tcp_ping received 192 bytes back
Round trip time was 0.2229 milliseconds in repetition 20
tcp_ping received 192 bytes back
Round trip time was 0.2269 milliseconds in repetition 21
tcp_ping received 192 bytes back
Round trip time was 0.321 milliseconds in repetition 22
tcp_ping received 192 bytes back
Round trip time was 0.2587 milliseconds in repetition 23
tcp_ping received 192 bytes back
Round trip time was 0.2246 milliseconds in repetition 24
tcp_ping received 192 bytes back
Round trip time was 0.2553 milliseconds in repetition 25
tcp_ping received 192 bytes back
Round trip time was 0.2579 milliseconds in repetition 26
tcp_ping received 192 bytes back
Round trip time was 0.2822 milliseconds in repetition 27
tcp_ping received 192 bytes back
Round trip time was 0.2706 milliseconds in repetition 28
tcp_ping received 192 bytes back
Round trip time was 0.2667 milliseconds in repetition 29
tcp_ping received 192 bytes back
Round trip time was 0.275 milliseconds in repetition 30
tcp_ping received 192 bytes back
Round trip time was 0.2083 milliseconds in repetition 31
tcp_ping received 192 bytes back
Round trip time was 0.2759 milliseconds in repetition 32
tcp_ping received 192 bytes back
Round trip time was 0.2769 milliseconds in repetition 33
tcp_ping received 192 bytes back
Round trip time was 0.296 milliseconds in repetition 34
tcp_ping received 192 bytes back
Round trip time was 0.2154 milliseconds in repetition 35
tcp_ping received 192 bytes back
Round trip time was 0.2403 milliseconds in repetition 36
tcp_ping received 192 bytes back
Round trip time was 0.2789 milliseconds in repetition 37
tcp_ping received 192 bytes back
Round trip time was 0.2382 milliseconds in repetition 38
tcp_ping received 192 bytes back
Round trip time was 0.239 milliseconds in repetition 39
tcp_ping received 192 bytes back
Round trip time was 0.2278 milliseconds in repetition 40
tcp_ping received 192 bytes back
Round trip time was 0.2415 milliseconds in repetition 41
tcp_ping received 192 bytes back
Round trip time was 0.221 milliseconds in repetition 42
tcp_ping received 192 bytes back
Round trip time was 0.223 milliseconds in repetition 43
tcp_ping received 192 bytes back
Round trip time was 0.1937 milliseconds in repetition 44
tcp_ping received 192 bytes back
Round trip time was 0.2788 milliseconds in repetition 45
tcp_ping received 192 bytes back
Round trip time was 0.2615 milliseconds in repetition 46
tcp_ping received 192 bytes back
Round trip time was 0.2617 milliseconds in repetition 47
tcp_ping received 192 bytes back
Round trip time was 0.2631 milliseconds in repetition 48
tcp_ping received 192 bytes back
Round trip time was 0.2808 milliseconds in repetition 49
tcp_ping received 192 bytes back
Round trip time was 0.358 milliseconds in repetition 50
tcp_ping received 192 bytes back
Round trip time was 0.2296 milliseconds in repetition 51
tcp_ping received 192 bytes back
Round trip time was 0.2594 milliseconds in repetition 52
tcp_ping received 192 bytes back
Round trip time was 0.255 milliseconds in repetition 53
tcp_ping received 192 bytes back
Round trip time was 0.2114 milliseconds in repetition 54
tcp_ping received 192 bytes back
Round trip time was 0.2178 milliseconds in repetition 55
tcp_ping received 192 bytes back
Round trip time was 0.2209 milliseconds in repetition 56
tcp_ping received 192 bytes back
Round trip time was 0.3187 milliseconds in repetition 57
tcp_ping received 192 bytes back
Round trip time was 0.293 milliseconds in repetition 58
tcp_ping received 192 bytes back
Round trip time was 0.2424 milliseconds in repetition 59
tcp_ping received 192 bytes back
Round trip time was 0.2401 milliseconds in repetition 60
tcp_ping received 192 bytes back
Round trip time was 0.2434 milliseconds in repetition 61
tcp_ping received 192 bytes back
Round trip time was 0.3155 milliseconds in repetition 62
tcp_ping received 192 bytes back
Round trip time was 0.2458 milliseconds in repetition 63
tcp_ping received 192 bytes back
Round trip time was 0.2367 milliseconds in repetition 64
tcp_ping received 192 bytes back
Round trip time was 0.2503 milliseconds in repetition 65
tcp_ping received 192 bytes back
Round trip time was 0.3164 milliseconds in repetition 66
tcp_ping received 192 bytes back
Round trip time was 0.4292 milliseconds in repetition 67
tcp_ping received 192 bytes back
Round trip time was 0.2702 milliseconds in repetition 68
tcp_ping received 192 bytes back
Round trip time was 0.2097 milliseconds in repetition 69
tcp_ping received 192 bytes back
Round trip time was 0.2558 milliseconds in repetition 70
tcp_ping received 192 bytes back
Round trip time was 0.2746 milliseconds in repetition 71
tcp_ping received 192 bytes back
Round trip time was 0.2496 milliseconds in repetition 72
tcp_ping received 192 bytes back
Round trip time was 0.4059 milliseconds in repetition 73
tcp_ping received 192 bytes back
Round trip time was 0.2535 milliseconds in repetition 74
tcp_ping received 192 bytes back
Round trip time was 0.242 milliseconds in repetition 75
tcp_ping received 192 bytes back
Round trip time was 0.2501 milliseconds in repetition 76
tcp_ping received 192 bytes back
Round trip time was 0.2416 milliseconds in repetition 77
tcp_ping received 192 bytes back
Round trip time was 0.2555 milliseconds in repetition 78
tcp_ping received 192 bytes back
Round trip time was 0.255 milliseconds in repetition 79
tcp_ping received 192 bytes back
Round trip time was 0.24 milliseconds in repetition 80
tcp_ping received 192 bytes back
Round trip time was 0.2471 milliseconds in repetition 81
tcp_ping received 192 bytes back
Round trip time was 0.2329 milliseconds in repetition 82
tcp_ping received 192 bytes back
Round trip time was 0.2374 milliseconds in repetition 83
tcp_ping received 192 bytes back
Round trip time was 0.246 milliseconds in repetition 84
tcp_ping received 192 bytes back
Round trip time was 0.2922 milliseconds in repetition 85
tcp_ping received 192 bytes back
Round trip time was 0.2332 milliseconds in repetition 86
tcp_ping received 192 bytes back
Round trip time was 0.2941 milliseconds in repetition 87
tcp_ping received 192 bytes back
Round trip time was 0.2675 milliseconds in repetition 88
tcp_ping received 192 bytes back
Round trip time was 0.2817 milliseconds in repetition 89
tcp_ping received 192 bytes back
Round trip time was 0.3513 milliseconds in repetition 90
tcp_ping received 192 bytes back
Round trip time was 0.2885 milliseconds in repetition 91
tcp_ping received 192 bytes back
Round trip time was 0.2829 milliseconds in repetition 92
tcp_ping received 192 bytes back
Round trip time was 0.2747 milliseconds in repetition 93
tcp_ping received 192 bytes back
Round trip time was 0.1997 milliseconds in repetition 94
tcp_ping received 192 bytes back
Round trip time was 0.2622 milliseconds in repetition 95
tcp_ping received 192 bytes back
Round trip time was 0.3068 milliseconds in repetition 96
tcp_ping received 192 bytes back
Round trip time was 0.237 milliseconds in repetition 97
tcp_ping received 192 bytes back
Round trip time was 0.295 milliseconds in repetition 98
tcp_ping received 192 bytes back
Round trip time was 0.4489 milliseconds in repetition 99
tcp_ping received 192 bytes back
Round trip time was 0.2547 milliseconds in repetition 100
tcp_ping received 192 bytes back
Round trip time was 0.511 milliseconds in repetition 101
tcp_ping received 192 bytes back
Round trip time was 0.3586 milliseconds in repetition 102
tcp_ping received 192 bytes back
Round trip time was 0.2328 milliseconds in repetition 103
tcp_ping received 192 bytes back
Round trip time was 0.4622 milliseconds in repetition 104
tcp_ping received 192 bytes back
Round trip time was 0.3869 milliseconds in repetition 105
tcp_ping received 192 bytes back
Round trip time was 0.2953 milliseconds in repetition 106
tcp_ping received 192 bytes back
Round trip time was 0.2869 milliseconds in repetition 107
tcp_ping received 192 bytes back
Round trip time was 0.2912 milliseconds in repetition 108
tcp_ping received 192 bytes back
Round trip time was 0.2833 milliseconds in repetition 109
tcp_ping received 192 bytes back
Round trip time was 0.2653 milliseconds in repetition 110
tcp_ping received 192 bytes back
Round trip time was 0.2344 milliseconds in repetition 111
tcp_ping received 192 bytes back
Round trip time was 0.259 milliseconds in repetition 112
tcp_ping received 192 bytes back
Round trip time was 0.3292 milliseconds in repetition 113
tcp_ping received 192 bytes back
Round trip time was 0.2763 milliseconds in repetition 114
tcp_ping received 192 bytes back
Round trip time was 0.2397 milliseconds in repetition 115
tcp_ping received 192 bytes back
Round trip time was 0.2699 milliseconds in repetition 116
tcp_ping received 192 bytes back
Round trip time was 0.2909 milliseconds in repetition 117
tcp_ping received 192 bytes back
Round trip time was 0.2888 milliseconds in repetition 118
tcp_ping received 192 bytes back
Round trip time was 0.3145 milliseconds in repetition 119
tcp_ping received 192 bytes back
Round trip time was 0.2896 milliseconds in repetition 120
tcp_ping received 192 bytes back
Round trip time was 0.2934 milliseconds in repetition 121
tcp_ping received 192 bytes back
Round trip time was 0.279 milliseconds in repetition 122
tcp_ping received 192 bytes back
Round trip time was 0.3113 milliseconds in repetition 123
tcp_ping received 192 bytes back
Round trip time was 0.2846 milliseconds in repetition 124
tcp_ping received 192 bytes back
Round trip time was 0.3363 milliseconds in repetition 125
tcp_ping received 192 bytes back
Round trip time was 0.3054 milliseconds in repetition 126
tcp_ping received 192 bytes back
Round trip time was 0.3207 milliseconds in repetition 127
tcp_ping received 192 bytes back
Round trip time was 0.2893 milliseconds in repetition 128
tcp_ping received 192 bytes back
Round trip time was 0.274 milliseconds in repetition 129
tcp_ping received 192 bytes back
Round trip time was 0.2921 milliseconds in repetition 130
tcp_ping received 192 bytes back
Round trip time was 0.3047 milliseconds in repetition 131
tcp_ping received 192 bytes back
Round trip time was 0.287 milliseconds in repetition 132
tcp_ping received 192 bytes back
Round trip time was 0.2834 milliseconds in repetition 133
tcp_ping received 192 bytes back
Round trip time was 0.2779 milliseconds in repetition 134
tcp_ping received 192 bytes back
Round trip time was 0.2933 milliseconds in repetition 135
tcp_ping received 192 bytes back
Round trip time was 0.3014 milliseconds in repetition 136
tcp_ping received 192 bytes back
Round trip time was 0.2375 milliseconds in repetition 137
tcp_ping received 192 bytes back
Round trip time was 0.3109 milliseconds in repetition 138
tcp_ping received 192 bytes back
Round trip time was 0.2877 milliseconds in repetition 139
tcp_ping received 192 bytes back
Round trip time was 0.25 milliseconds in repetition 140
tcp_ping received 192 bytes back
Round trip time was 0.2628 milliseconds in repetition 141
tcp_ping received 192 bytes back
Round trip time was 0.3037 milliseconds in repetition 142
tcp_ping received 192 bytes back
Round trip time was 0.2593 milliseconds in repetition 143
tcp_ping received 192 bytes back
Round trip time was 0.275 milliseconds in repetition 144
tcp_ping received 192 bytes back
Round trip time was 0.2236 milliseconds in repetition 145
tcp_ping received 192 bytes back
Round trip time was 0.3461 milliseconds in repetition 146
tcp_ping received 192 bytes back
Round trip time was 0.3068 milliseconds in repetition 147
tcp_ping received 192 bytes back
Round trip time was 0.2214 milliseconds in repetition 148
tcp_ping received 192 bytes back
Round trip time was 0.2274 milliseconds in repetition 149
tcp_ping received 192 bytes back
Round trip time was 0.2164 milliseconds in repetition 150
tcp_ping received 192 bytes back
Round trip time was 0.2597 milliseconds in repetition 151
tcp_ping received 192 bytes back
Round trip time was 0.2619 milliseconds in repetition 152
tcp_ping received 192 bytes back
Round trip time was 0.3015 milliseconds in repetition 153
tcp_ping received 192 bytes back
Round trip time was 0.2719 milliseconds in repetition 154
tcp_ping received 192 bytes back
Round trip time was 0.2714 milliseconds in repetition 155
tcp_ping received 192 bytes back
Round trip time was 0.2446 milliseconds in repetition 156
tcp_ping received 192 bytes back
Round trip time was 0.3039 milliseconds in repetition 157
tcp_ping received 192 bytes back
Round trip time was 0.2849 milliseconds in repetition 158
tcp_ping received 192 bytes back
Round trip time was 0.2882 milliseconds in repetition 159
tcp_ping received 192 bytes back
Round trip time was 0.2223 milliseconds in repetition 160
tcp_ping received 192 bytes back
Round trip time was 0.2645 milliseconds in repetition 161
tcp_ping received 192 bytes back
Round trip time was 0.2736 milliseconds in repetition 162
tcp_ping received 192 bytes back
Round trip time was 0.2828 milliseconds in repetition 163
tcp_ping received 192 bytes back
Round trip time was 0.2986 milliseconds in repetition 164
tcp_ping received 192 bytes back
Round trip time was 0.2129 milliseconds in repetition 165
tcp_ping received 192 bytes back
Round trip time was 0.2416 milliseconds in repetition 166
tcp_ping received 192 bytes back
Round trip time was 0.2209 milliseconds in repetition 167
tcp_ping received 192 bytes back
Round trip time was 0.2254 milliseconds in repetition 168
tcp_ping received 192 bytes back
Round trip time was 0.2547 milliseconds in repetition 169
tcp_ping received 192 bytes back
Round trip time was 0.3095 milliseconds in repetition 170
tcp_ping received 192 bytes back
Round trip time was 0.2748 milliseconds in repetition 171
tcp_ping received 192 bytes back
Round trip time was 0.281 milliseconds in repetition 172
tcp_ping received 192 bytes back
Round trip time was 0.2176 milliseconds in repetition 173
tcp_ping received 192 bytes back
Round trip time was 0.2444 milliseconds in repetition 174
tcp_ping received 192 bytes back
Round trip time was 0.2496 milliseconds in repetition 175
tcp_ping received 192 bytes back
Round trip time was 0.2803 milliseconds in repetition 176
tcp_ping received 192 bytes back
Round trip time was 0.2508 milliseconds in repetition 177
tcp_ping received 192 bytes back
Round trip time was 0.277 milliseconds in repetition 178
tcp_ping received 192 bytes back
Round trip time was 0.2674 milliseconds in repetition 179
tcp_ping received 192 bytes back
Round trip time was 0.2262 milliseconds in repetition 180
tcp_ping received 192 bytes back
Round trip time was 0.2513 milliseconds in repetition 181
tcp_ping received 192 bytes back
Round trip time was 0.2584 milliseconds in repetition 182
tcp_ping received 192 bytes back
Round trip time was 0.2882 milliseconds in repetition 183
tcp_ping received 192 bytes back
Round trip time was 0.2256 milliseconds in repetition 184
tcp_ping received 192 bytes back
Round trip time was 0.2513 milliseconds in repetition 185
tcp_ping received 192 bytes back
Round trip time was 0.2444 milliseconds in repetition 186
tcp_ping received 192 bytes back
Round trip time was 0.2811 milliseconds in repetition 187
tcp_ping received 192 bytes back
Round trip time was 0.2545 milliseconds in repetition 188
tcp_ping received 192 bytes back
Round trip time was 0.2577 milliseconds in repetition 189
tcp_ping received 192 bytes back
Round trip time was 0.3031 milliseconds in repetition 190
tcp_ping received 192 bytes back
Round trip time was 0.2931 milliseconds in repetition 191
tcp_ping received 192 bytes back
Round trip time was 0.2876 milliseconds in repetition 192
tcp_ping received 192 bytes back
Round trip time was 0.282 milliseconds in repetition 193
tcp_ping received 192 bytes back
Round trip time was 0.3007 milliseconds in repetition 194
tcp_ping received 192 bytes back
Round trip time was 0.2776 milliseconds in repetition 195
tcp_ping received 192 bytes back
Round trip time was 0.2695 milliseconds in repetition 196
tcp_ping received 192 bytes back
Round trip time was 0.286 milliseconds in repetition 197
tcp_ping received 192 bytes back
Round trip time was 0.3763 milliseconds in repetition 198
tcp_ping received 192 bytes back
Round trip time was 0.2845 milliseconds in repetition 199
tcp_ping received 192 bytes back
Round trip time was 0.2788 milliseconds in repetition 200
tcp_ping received 192 bytes back
Round trip time was 0.2777 milliseconds in repetition 201
tcp_ping received 192 bytes back
Round trip time was 0.2786 milliseconds in repetition 202
tcp_ping received 192 bytes back
Round trip time was 0.2888 milliseconds in repetition 203
tcp_ping received 192 bytes back
Round trip time was 0.2788 milliseconds in repetition 204
tcp_ping received 192 bytes back
Round trip time was 0.3075 milliseconds in repetition 205
tcp_ping received 192 bytes back
Round trip time was 0.2884 milliseconds in repetition 206
tcp_ping received 192 bytes back
Round trip time was 0.2323 milliseconds in repetition 207
tcp_ping received 192 bytes back
Round trip time was 0.2565 milliseconds in repetition 208
tcp_ping received 192 bytes back
Round trip time was 0.283 milliseconds in repetition 209
tcp_ping received 192 bytes back
Round trip time was 0.2802 milliseconds in repetition 210
tcp_ping received 192 bytes back
Round trip time was 0.275 milliseconds in repetition 211
tcp_ping received 192 bytes back
Round trip time was 0.2817 milliseconds in repetition 212
tcp_ping received 192 bytes back
Round trip time was 0.2696 milliseconds in repetition 213
tcp_ping received 192 bytes back
Round trip time was 0.2738 milliseconds in repetition 214
tcp_ping received 192 bytes back
Round trip time was 0.2806 milliseconds in repetition 215
tcp_ping received 192 bytes back
Round trip time was 0.2753 milliseconds in repetition 216
tcp_ping received 192 bytes back
Round trip time was 0.2695 milliseconds in repetition 217
tcp_ping received 192 bytes back
Round trip time was 0.2708 milliseconds in repetition 218
tcp_ping received 192 bytes back
Round trip time was 0.2538 milliseconds in repetition 219
tcp_ping received 192 bytes back
Round trip time was 0.275 milliseconds in repetition 220
tcp_ping received 192 bytes back
Round trip time was 0.2656 milliseconds in repetition 221
tcp_ping received 192 bytes back
Round trip time was 0.2518 milliseconds in repetition 222
tcp_ping received 192 bytes back
Round trip time was 0.2864 milliseconds in repetition 223
tcp_ping received 192 bytes back
Round trip time was 0.2345 milliseconds in repetition 224
tcp_ping received 192 bytes back
Round trip time was 0.3121 milliseconds in repetition 225
tcp_ping received 192 bytes back
Round trip time was 0.2597 milliseconds in repetition 226
tcp_ping received 192 bytes back
Round trip time was 0.2233 milliseconds in repetition 227
tcp_ping received 192 bytes back
Round trip time was 0.2178 milliseconds in repetition 228
tcp_ping received 192 bytes back
Round trip time was 0.2194 milliseconds in repetition 229
tcp_ping received 192 bytes back
Round trip time was 0.1968 milliseconds in repetition 230
tcp_ping received 192 bytes back
Round trip time was 0.2964 milliseconds in repetition 231
tcp_ping received 192 bytes back
Round trip time was 0.3155 milliseconds in repetition 232
tcp_ping received 192 bytes back
Round trip time was 0.2702 milliseconds in repetition 233
tcp_ping received 192 bytes back
Round trip time was 0.2648 milliseconds in repetition 234
tcp_ping received 192 bytes back
Round trip time was 0.2359 milliseconds in repetition 235
tcp_ping received 192 bytes back
Round trip time was 0.3172 milliseconds in repetition 236
tcp_ping received 192 bytes back
Round trip time was 0.2896 milliseconds in repetition 237
tcp_ping received 192 bytes back
Round trip time was 0.2718 milliseconds in repetition 238
tcp_ping received 192 bytes back
Round trip time was 0.2383 milliseconds in repetition 239
tcp_ping received 192 bytes back
Round trip time was 0.2642 milliseconds in repetition 240
tcp_ping received 192 bytes back
Round trip time was 0.2755 milliseconds in repetition 241
tcp_ping received 192 bytes back
Round trip time was 0.2621 milliseconds in repetition 242
tcp_ping received 192 bytes back
Round trip time was 0.2723 milliseconds in repetition 243
tcp_ping received 192 bytes back
Round trip time was 0.2263 milliseconds in repetition 244
tcp_ping received 192 bytes back
Round trip time was 0.1997 milliseconds in repetition 245
tcp_ping received 192 bytes back
Round trip time was 0.2408 milliseconds in repetition 246
tcp_ping received 192 bytes back
Round trip time was 0.2658 milliseconds in repetition 247
tcp_ping received 192 bytes back
Round trip time was 0.2645 milliseconds in repetition 248
tcp_ping received 192 bytes back
Round trip time was 0.2675 milliseconds in repetition 249
tcp_ping received 192 bytes back
Round trip time was 0.2379 milliseconds in repetition 250
tcp_ping received 192 bytes back
Round trip time was 0.2606 milliseconds in repetition 251
tcp_ping received 192 bytes back
Round trip time was 0.2798 milliseconds in repetition 252
tcp_ping received 192 bytes back
Round trip time was 0.2752 milliseconds in repetition 253
tcp_ping received 192 bytes back
Round trip time was 0.3104 milliseconds in repetition 254
tcp_ping received 192 bytes back
Round trip time was 0.2777 milliseconds in repetition 255
tcp_ping received 192 bytes back
Round trip time was 0.2714 milliseconds in repetition 256
tcp_ping received 192 bytes back
Round trip time was 0.2694 milliseconds in repetition 257
tcp_ping received 192 bytes back
Round trip time was 0.2268 milliseconds in repetition 258
tcp_ping received 192 bytes back
Round trip time was 0.2254 milliseconds in repetition 259
tcp_ping received 192 bytes back
Round trip time was 0.2738 milliseconds in repetition 260
tcp_ping received 192 bytes back
Round trip time was 0.2766 milliseconds in repetition 261
tcp_ping received 192 bytes back
Round trip time was 0.2828 milliseconds in repetition 262
tcp_ping received 192 bytes back
Round trip time was 0.2564 milliseconds in repetition 263
tcp_ping received 192 bytes back
Round trip time was 0.2312 milliseconds in repetition 264
tcp_ping received 192 bytes back
Round trip time was 0.2872 milliseconds in repetition 265
tcp_ping received 192 bytes back
Round trip time was 0.2912 milliseconds in repetition 266
tcp_ping received 192 bytes back
Round trip time was 0.3088 milliseconds in repetition 267
tcp_ping received 192 bytes back
Round trip time was 0.2374 milliseconds in repetition 268
tcp_ping received 192 bytes back
Round trip time was 0.2749 milliseconds in repetition 269
tcp_ping received 192 bytes back
Round trip time was 0.2364 milliseconds in repetition 270
tcp_ping received 192 bytes back
Round trip time was 0.3075 milliseconds in repetition 271
tcp_ping received 192 bytes back
Round trip time was 0.3505 milliseconds in repetition 272
tcp_ping received 192 bytes back
Round trip time was 0.2847 milliseconds in repetition 273
tcp_ping received 192 bytes back
Round trip time was 0.3388 milliseconds in repetition 274
tcp_ping received 192 bytes back
Round trip time was 0.2758 milliseconds in repetition 275
tcp_ping received 192 bytes back
Round trip time was 0.2519 milliseconds in repetition 276
tcp_ping received 192 bytes back
Round trip time was 0.2778 milliseconds in repetition 277
tcp_ping received 192 bytes back
Round trip time was 0.2691 milliseconds in repetition 278
tcp_ping received 192 bytes back
Round trip time was 0.2718 milliseconds in repetition 279
tcp_ping received 192 bytes back
Round trip time was 0.2378 milliseconds in repetition 280
tcp_ping received 192 bytes back
Round trip time was 0.2823 milliseconds in repetition 281
tcp_ping received 192 bytes back
Round trip time was 0.2587 milliseconds in repetition 282
tcp_ping received 192 bytes back
Round trip time was 0.2242 milliseconds in repetition 283
tcp_ping received 192 bytes back
Round trip time was 0.2471 milliseconds in repetition 284
tcp_ping received 192 bytes back
Round trip time was 0.2168 milliseconds in repetition 285
tcp_ping received 192 bytes back
Round trip time was 0.2397 milliseconds in repetition 286
tcp_ping received 192 bytes back
Round trip time was 0.271 milliseconds in repetition 287
tcp_ping received 192 bytes back
Round trip time was 0.2746 milliseconds in repetition 288
tcp_ping received 192 bytes back
Round trip time was 0.2475 milliseconds in repetition 289
tcp_ping received 192 bytes back
Round trip time was 0.2807 milliseconds in repetition 290
tcp_ping received 192 bytes back
Round trip time was 0.2363 milliseconds in repetition 291
tcp_ping received 192 bytes back
Round trip time was 0.2875 milliseconds in repetition 292
tcp_ping received 192 bytes back
Round trip time was 0.2653 milliseconds in repetition 293
tcp_ping received 192 bytes back
Round trip time was 0.2544 milliseconds in repetition 294
tcp_ping received 192 bytes back
Round trip time was 0.28 milliseconds in repetition 295
tcp_ping received 192 bytes back
Round trip time was 0.2512 milliseconds in repetition 296
tcp_ping received 192 bytes back
Round trip time was 0.2824 milliseconds in repetition 297
tcp_ping received 192 bytes back
Round trip time was 0.2177 milliseconds in repetition 298
tcp_ping received 192 bytes back
Round trip time was 0.2631 milliseconds in repetition 299
tcp_ping received 192 bytes back
Round trip time was 0.2695 milliseconds in repetition 300
tcp_ping received 192 bytes back
Round trip time was 0.2416 milliseconds in repetition 301
tcp_ping received 192 bytes back
Round trip time was 0.2802 milliseconds in repetition 302
tcp_ping received 192 bytes back
Round trip time was 0.2726 milliseconds in repetition 303
tcp_ping received 192 bytes back
Round trip time was 0.2781 milliseconds in repetition 304
tcp_ping received 192 bytes back
Round trip time was 0.2498 milliseconds in repetition 305
tcp_ping received 192 bytes back
Round trip time was 0.2388 milliseconds in repetition 306
tcp_ping received 192 bytes back
Round trip time was 0.239 milliseconds in repetition 307
tcp_ping received 192 bytes back
Round trip time was 0.29 milliseconds in repetition 308
tcp_ping received 192 bytes back
Round trip time was 0.2302 milliseconds in repetition 309
tcp_ping received 192 bytes back
Round trip time was 0.31 milliseconds in repetition 310
tcp_ping received 192 bytes back
Round trip time was 0.2168 milliseconds in repetition 311
tcp_ping received 192 bytes back
Round trip time was 0.2404 milliseconds in repetition 312
tcp_ping received 192 bytes back
Round trip time was 0.3064 milliseconds in repetition 313
tcp_ping received 192 bytes back
Round trip time was 0.245 milliseconds in repetition 314
tcp_ping received 192 bytes back
Round trip time was 0.2271 milliseconds in repetition 315
tcp_ping received 192 bytes back
Round trip time was 0.3815 milliseconds in repetition 316
tcp_ping received 192 bytes back
Round trip time was 0.3415 milliseconds in repetition 317
tcp_ping received 192 bytes back
Round trip time was 0.3349 milliseconds in repetition 318
tcp_ping received 192 bytes back
Round trip time was 0.2512 milliseconds in repetition 319
tcp_ping received 192 bytes back
Round trip time was 0.2619 milliseconds in repetition 320
tcp_ping received 192 bytes back
Round trip time was 0.2712 milliseconds in repetition 321
tcp_ping received 192 bytes back
Round trip time was 0.2499 milliseconds in repetition 322
tcp_ping received 192 bytes back
Round trip time was 0.2003 milliseconds in repetition 323
tcp_ping received 192 bytes back
Round trip time was 0.2435 milliseconds in repetition 324
tcp_ping received 192 bytes back
Round trip time was 0.2766 milliseconds in repetition 325
tcp_ping received 192 bytes back
Round trip time was 0.2667 milliseconds in repetition 326
tcp_ping received 192 bytes back
Round trip time was 0.2385 milliseconds in repetition 327
tcp_ping received 192 bytes back
Round trip time was 0.2693 milliseconds in repetition 328
tcp_ping received 192 bytes back
Round trip time was 0.2591 milliseconds in repetition 329
tcp_ping received 192 bytes back
Round trip time was 0.2607 milliseconds in repetition 330
tcp_ping received 192 bytes back
Round trip time was 0.2776 milliseconds in repetition 331
tcp_ping received 192 bytes back
Round trip time was 0.2755 milliseconds in repetition 332
tcp_ping received 192 bytes back
Round trip time was 0.2642 milliseconds in repetition 333
tcp_ping received 192 bytes back
Round trip time was 0.3066 milliseconds in repetition 334
tcp_ping received 192 bytes back
Round trip time was 0.2313 milliseconds in repetition 335
tcp_ping received 192 bytes back
Round trip time was 0.2147 milliseconds in repetition 336
tcp_ping received 192 bytes back
Round trip time was 0.2387 milliseconds in repetition 337
tcp_ping received 192 bytes back
Round trip time was 0.2643 milliseconds in repetition 338
tcp_ping received 192 bytes back
Round trip time was 0.2787 milliseconds in repetition 339
tcp_ping received 192 bytes back
Round trip time was 0.224 milliseconds in repetition 340
tcp_ping received 192 bytes back
Round trip time was 0.2623 milliseconds in repetition 341
tcp_ping received 192 bytes back
Round trip time was 0.2489 milliseconds in repetition 342
tcp_ping received 192 bytes back
Round trip time was 0.27 milliseconds in repetition 343
tcp_ping received 192 bytes back
Round trip time was 0.2142 milliseconds in repetition 344
tcp_ping received 192 bytes back
Round trip time was 0.2689 milliseconds in repetition 345
tcp_ping received 192 bytes back
Round trip time was 0.2663 milliseconds in repetition 346
tcp_ping received 192 bytes back
Round trip time was 0.2686 milliseconds in repetition 347
tcp_ping received 192 bytes back
Round trip time was 0.2308 milliseconds in repetition 348
tcp_ping received 192 bytes back
Round trip time was 0.28 milliseconds in repetition 349
tcp_ping received 192 bytes back
Round trip time was 0.3006 milliseconds in repetition 350
tcp_ping received 192 bytes back
Round trip time was 0.2561 milliseconds in repetition 351
tcp_ping received 192 bytes back
Round trip time was 0.2393 milliseconds in repetition 352
tcp_ping received 192 bytes back
Round trip time was 0.2266 milliseconds in repetition 353
tcp_ping received 192 bytes back
Round trip time was 0.2332 milliseconds in repetition 354
tcp_ping received 192 bytes back
Round trip time was 0.225 milliseconds in repetition 355
tcp_ping received 192 bytes back
Round trip time was 0.2397 milliseconds in repetition 356
tcp_ping received 192 bytes back
Round trip time was 0.2285 milliseconds in repetition 357
tcp_ping received 192 bytes back
Round trip time was 0.3456 milliseconds in repetition 358
tcp_ping received 192 bytes back
Round trip time was 0.284 milliseconds in repetition 359
tcp_ping received 192 bytes back
Round trip time was 0.3467 milliseconds in repetition 360
tcp_ping received 192 bytes back
Round trip time was 0.2668 milliseconds in repetition 361
tcp_ping received 192 bytes back
Round trip time was 0.2648 milliseconds in repetition 362
tcp_ping received 192 bytes back
Round trip time was 0.2063 milliseconds in repetition 363
tcp_ping received 192 bytes back
Round trip time was 0.2056 milliseconds in repetition 364
tcp_ping received 192 bytes back
Round trip time was 0.1934 milliseconds in repetition 365
tcp_ping received 192 bytes back
Round trip time was 0.2061 milliseconds in repetition 366
tcp_ping received 192 bytes back
Round trip time was 0.2559 milliseconds in repetition 367
tcp_ping received 192 bytes back
Round trip time was 0.2532 milliseconds in repetition 368
tcp_ping received 192 bytes back
Round trip time was 0.2495 milliseconds in repetition 369
tcp_ping received 192 bytes back
Round trip time was 0.2719 milliseconds in repetition 370
tcp_ping received 192 bytes back
Round trip time was 0.2634 milliseconds in repetition 371
tcp_ping received 192 bytes back
Round trip time was 0.2604 milliseconds in repetition 372
tcp_ping received 192 bytes back
Round trip time was 0.2259 milliseconds in repetition 373
tcp_ping received 192 bytes back
Round trip time was 0.254 milliseconds in repetition 374
tcp_ping received 192 bytes back
Round trip time was 0.1943 milliseconds in repetition 375
tcp_ping received 192 bytes back
Round trip time was 0.3059 milliseconds in repetition 376
tcp_ping received 192 bytes back
Round trip time was 0.2554 milliseconds in repetition 377
tcp_ping received 192 bytes back
Round trip time was 0.2994 milliseconds in repetition 378
tcp_ping received 192 bytes back
Round trip time was 0.2292 milliseconds in repetition 379
tcp_ping received 192 bytes back
Round trip time was 0.205 milliseconds in repetition 380
tcp_ping received 192 bytes back
Round trip time was 0.2309 milliseconds in repetition 381
tcp_ping received 192 bytes back
Round trip time was 0.2526 milliseconds in repetition 382
tcp_ping received 192 bytes back
Round trip time was 0.2727 milliseconds in repetition 383
tcp_ping received 192 bytes back
Round trip time was 0.2466 milliseconds in repetition 384
tcp_ping received 192 bytes back
Round trip time was 0.2845 milliseconds in repetition 385
tcp_ping received 192 bytes back
Round trip time was 0.2761 milliseconds in repetition 386
tcp_ping received 192 bytes back
Round trip time was 0.274 milliseconds in repetition 387
tcp_ping received 192 bytes back
Round trip time was 0.2797 milliseconds in repetition 388
tcp_ping received 192 bytes back
Round trip time was 0.2577 milliseconds in repetition 389
tcp_ping received 192 bytes back
Round trip time was 0.2723 milliseconds in repetition 390
tcp_ping received 192 bytes back
Round trip time was 0.2163 milliseconds in repetition 391
tcp_ping received 192 bytes back
Round trip time was 0.235 milliseconds in repetition 392
tcp_ping received 192 bytes back
Round trip time was 0.2687 milliseconds in repetition 393
tcp_ping received 192 bytes back
Round trip time was 0.282 milliseconds in repetition 394
tcp_ping received 192 bytes back
Round trip time was 0.2358 milliseconds in repetition 395
tcp_ping received 192 bytes back
Round trip time was 0.2261 milliseconds in repetition 396
tcp_ping received 192 bytes back
Round trip time was 0.2088 milliseconds in repetition 397
tcp_ping received 192 bytes back
Round trip time was 0.2498 milliseconds in repetition 398
tcp_ping received 192 bytes back
Round trip time was 0.2099 milliseconds in repetition 399
tcp_ping received 192 bytes back
Round trip time was 0.2674 milliseconds in repetition 400
tcp_ping received 192 bytes back
Round trip time was 0.3221 milliseconds in repetition 401
tcp_ping received 192 bytes back
Round trip time was 0.2771 milliseconds in repetition 402
tcp_ping received 192 bytes back
Round trip time was 0.2945 milliseconds in repetition 403
tcp_ping received 192 bytes back
Round trip time was 0.2656 milliseconds in repetition 404
tcp_ping received 192 bytes back
Round trip time was 0.209 milliseconds in repetition 405
tcp_ping received 192 bytes back
Round trip time was 0.2851 milliseconds in repetition 406
tcp_ping received 192 bytes back
Round trip time was 0.2705 milliseconds in repetition 407
tcp_ping received 192 bytes back
Round trip time was 0.2463 milliseconds in repetition 408
tcp_ping received 192 bytes back
Round trip time was 0.2826 milliseconds in repetition 409
tcp_ping received 192 bytes back
Round trip time was 0.2724 milliseconds in repetition 410
tcp_ping received 192 bytes back
Round trip time was 0.2314 milliseconds in repetition 411
tcp_ping received 192 bytes back
Round trip time was 0.2483 milliseconds in repetition 412
tcp_ping received 192 bytes back
Round trip time was 0.1968 milliseconds in repetition 413
tcp_ping received 192 bytes back
Round trip time was 0.2649 milliseconds in repetition 414
tcp_ping received 192 bytes back
Round trip time was 0.2533 milliseconds in repetition 415
tcp_ping received 192 bytes back
Round trip time was 0.2807 milliseconds in repetition 416
tcp_ping received 192 bytes back
Round trip time was 0.2454 milliseconds in repetition 417
tcp_ping received 192 bytes back
Round trip time was 0.2733 milliseconds in repetition 418
tcp_ping received 192 bytes back
Round trip time was 0.2813 milliseconds in repetition 419
tcp_ping received 192 bytes back
Round trip time was 0.2705 milliseconds in repetition 420
tcp_ping received 192 bytes back
Round trip time was 0.2719 milliseconds in repetition 421
tcp_ping received 192 bytes back
Round trip time was 0.2506 milliseconds in repetition 422
tcp_ping received 192 bytes back
Round trip time was 0.2944 milliseconds in repetition 423
tcp_ping received 192 bytes back
Round trip time was 0.2831 milliseconds in repetition 424
tcp_ping received 192 bytes back
Round trip time was 0.2445 milliseconds in repetition 425
tcp_ping received 192 bytes back
Round trip time was 0.2835 milliseconds in repetition 426
tcp_ping received 192 bytes back
Round trip time was 0.2845 milliseconds in repetition 427
tcp_ping received 192 bytes back
Round trip time was 0.2665 milliseconds in repetition 428
tcp_ping received 192 bytes back
Round trip time was 0.2864 milliseconds in repetition 429
tcp_ping received 192 bytes back
Round trip time was 0.272 milliseconds in repetition 430
tcp_ping received 192 bytes back
Round trip time was 0.2845 milliseconds in repetition 431
tcp_ping received 192 bytes back
Round trip time was 0.2992 milliseconds in repetition 432
tcp_ping received 192 bytes back
Round trip time was 0.2991 milliseconds in repetition 433
tcp_ping received 192 bytes back
Round trip time was 0.2902 milliseconds in repetition 434
tcp_ping received 192 bytes back
Round trip time was 0.2798 milliseconds in repetition 435
tcp_ping received 192 bytes back
Round trip time was 0.3274 milliseconds in repetition 436
tcp_ping received 192 bytes back
Round trip time was 0.2167 milliseconds in repetition 437
tcp_ping received 192 bytes back
Round trip time was 0.2111 milliseconds in repetition 438
tcp_ping received 192 bytes back
Round trip time was 0.216 milliseconds in repetition 439
tcp_ping received 192 bytes back
Round trip time was 0.2607 milliseconds in repetition 440
tcp_ping received 192 bytes back
Round trip time was 0.3378 milliseconds in repetition 441
tcp_ping received 192 bytes back
Round trip time was 0.2987 milliseconds in repetition 442
tcp_ping received 192 bytes back
Round trip time was 0.264 milliseconds in repetition 443
tcp_ping received 192 bytes back
Round trip time was 0.364 milliseconds in repetition 444
tcp_ping received 192 bytes back
Round trip time was 0.3292 milliseconds in repetition 445
tcp_ping received 192 bytes back
Round trip time was 0.3032 milliseconds in repetition 446
tcp_ping received 192 bytes back
Round trip time was 0.272 milliseconds in repetition 447
tcp_ping received 192 bytes back
Round trip time was 0.276 milliseconds in repetition 448
tcp_ping received 192 bytes back
Round trip time was 0.2595 milliseconds in repetition 449
tcp_ping received 192 bytes back
Round trip time was 0.2068 milliseconds in repetition 450
tcp_ping received 192 bytes back
Round trip time was 0.2907 milliseconds in repetition 451
tcp_ping received 192 bytes back
Round trip time was 0.2883 milliseconds in repetition 452
tcp_ping received 192 bytes back
Round trip time was 0.2758 milliseconds in repetition 453
tcp_ping received 192 bytes back
Round trip time was 0.2756 milliseconds in repetition 454
tcp_ping received 192 bytes back
Round trip time was 0.2415 milliseconds in repetition 455
tcp_ping received 192 bytes back
Round trip time was 0.2669 milliseconds in repetition 456
tcp_ping received 192 bytes back
Round trip time was 0.2866 milliseconds in repetition 457
tcp_ping received 192 bytes back
Round trip time was 0.3151 milliseconds in repetition 458
tcp_ping received 192 bytes back
Round trip time was 0.2763 milliseconds in repetition 459
tcp_ping received 192 bytes back
Round trip time was 0.242 milliseconds in repetition 460
tcp_ping received 192 bytes back
Round trip time was 0.3061 milliseconds in repetition 461
tcp_ping received 192 bytes back
Round trip time was 0.2791 milliseconds in repetition 462
tcp_ping received 192 bytes back
Round trip time was 0.2885 milliseconds in repetition 463
tcp_ping received 192 bytes back
Round trip time was 0.2906 milliseconds in repetition 464
tcp_ping received 192 bytes back
Round trip time was 0.2764 milliseconds in repetition 465
tcp_ping received 192 bytes back
Round trip time was 0.3112 milliseconds in repetition 466
tcp_ping received 192 bytes back
Round trip time was 0.291 milliseconds in repetition 467
tcp_ping received 192 bytes back
Round trip time was 0.2813 milliseconds in repetition 468
tcp_ping received 192 bytes back
Round trip time was 0.2781 milliseconds in repetition 469
tcp_ping received 192 bytes back
Round trip time was 0.2809 milliseconds in repetition 470
tcp_ping received 192 bytes back
Round trip time was 0.2454 milliseconds in repetition 471
tcp_ping received 192 bytes back
Round trip time was 0.2615 milliseconds in repetition 472
tcp_ping received 192 bytes back
Round trip time was 0.2683 milliseconds in repetition 473
tcp_ping received 192 bytes back
Round trip time was 0.3208 milliseconds in repetition 474
tcp_ping received 192 bytes back
Round trip time was 0.2833 milliseconds in repetition 475
tcp_ping received 192 bytes back
Round trip time was 0.278 milliseconds in repetition 476
tcp_ping received 192 bytes back
Round trip time was 0.3465 milliseconds in repetition 477
tcp_ping received 192 bytes back
Round trip time was 0.2342 milliseconds in repetition 478
tcp_ping received 192 bytes back
Round trip time was 0.2251 milliseconds in repetition 479
tcp_ping received 192 bytes back
Round trip time was 0.2695 milliseconds in repetition 480
tcp_ping received 192 bytes back
Round trip time was 0.2415 milliseconds in repetition 481
tcp_ping received 192 bytes back
Round trip time was 0.2863 milliseconds in repetition 482
tcp_ping received 192 bytes back
Round trip time was 0.3045 milliseconds in repetition 483
tcp_ping received 192 bytes back
Round trip time was 0.3026 milliseconds in repetition 484
tcp_ping received 192 bytes back
Round trip time was 0.2763 milliseconds in repetition 485
tcp_ping received 192 bytes back
Round trip time was 0.365 milliseconds in repetition 486
tcp_ping received 192 bytes back
Round trip time was 0.3047 milliseconds in repetition 487
tcp_ping received 192 bytes back
Round trip time was 0.3297 milliseconds in repetition 488
tcp_ping received 192 bytes back
Round trip time was 0.2387 milliseconds in repetition 489
tcp_ping received 192 bytes back
Round trip time was 0.2717 milliseconds in repetition 490
tcp_ping received 192 bytes back
Round trip time was 0.2496 milliseconds in repetition 491
tcp_ping received 192 bytes back
Round trip time was 0.1826 milliseconds in repetition 492
tcp_ping received 192 bytes back
Round trip time was 0.1981 milliseconds in repetition 493
tcp_ping received 192 bytes back
Round trip time was 0.2708 milliseconds in repetition 494
tcp_ping received 192 bytes back
Round trip time was 0.2631 milliseconds in repetition 495
tcp_ping received 192 bytes back
Round trip time was 0.273 milliseconds in repetition 496
tcp_ping received 192 bytes back
Round trip time was 0.2322 milliseconds in repetition 497
tcp_ping received 192 bytes back
Round trip time was 0.2577 milliseconds in repetition 498
tcp_ping received 192 bytes back
Round trip time was 0.2911 milliseconds in repetition 499
tcp_ping received 192 bytes back
Round trip time was 0.2674 milliseconds in repetition 500
tcp_ping received 192 bytes back
Round trip time was 0.2685 milliseconds in repetition 501

 ... clock resolution was 1e-06
TCP Ping:  Statistics over 501 repetitions of 192 byte messages

RTT : percentile 10: 0.2236, median: 0.2691, percentile 90: 0.3068, average: 0.268067, variance: 0.00145593

RTT histogram:
0.182599 1
0.19902 15
0.21544 35
0.23186 63
0.24828 68
0.2647 103
0.28112 119
0.29754 42
0.31396 27
0.33038 7
0.3468 8
0.36322 4
0.37964 4
0.39606 0
0.41248 1
0.4289 1
0.44532 1
0.46174 1
0.47816 0
0.49458 0
0.511001 1

   median Throughput : 1426.98 KB/s   overall Throughput : 1432.48 KB/s

