TCP Ping trying to connect to server localhost (127.0.0.1) on port 1491
 ... connected to Pong server: asking for 501 repetitions of 128 bytes TCP messages
 ... Pong server agreed :-)
tcp_ping received 128 bytes back
Round trip time was 0.056575 milliseconds in repetition 1
tcp_ping received 128 bytes back
Round trip time was 0.020021 milliseconds in repetition 2
tcp_ping received 128 bytes back
Round trip time was 0.018367 milliseconds in repetition 3
tcp_ping received 128 bytes back
Round trip time was 0.017342 milliseconds in repetition 4
tcp_ping received 128 bytes back
Round trip time was 0.017769 milliseconds in repetition 5
tcp_ping received 128 bytes back
Round trip time was 0.017087 milliseconds in repetition 6
tcp_ping received 128 bytes back
Round trip time was 0.017534 milliseconds in repetition 7
tcp_ping received 128 bytes back
Round trip time was 0.016716 milliseconds in repetition 8
tcp_ping received 128 bytes back
Round trip time was 0.017411 milliseconds in repetition 9
tcp_ping received 128 bytes back
Round trip time was 0.017036 milliseconds in repetition 10
tcp_ping received 128 bytes back
Round trip time was 0.017385 milliseconds in repetition 11
tcp_ping received 128 bytes back
Round trip time was 0.016854 milliseconds in repetition 12
tcp_ping received 128 bytes back
Round trip time was 0.017482 milliseconds in repetition 13
tcp_ping received 128 bytes back
Round trip time was 0.016909 milliseconds in repetition 14
tcp_ping received 128 bytes back
Round trip time was 0.017697 milliseconds in repetition 15
tcp_ping received 128 bytes back
Round trip time was 0.01705 milliseconds in repetition 16
tcp_ping received 128 bytes back
Round trip time was 0.017379 milliseconds in repetition 17
tcp_ping received 128 bytes back
Round trip time was 0.016766 milliseconds in repetition 18
tcp_ping received 128 bytes back
Round trip time was 0.017156 milliseconds in repetition 19
tcp_ping received 128 bytes back
Round trip time was 0.016841 milliseconds in repetition 20
tcp_ping received 128 bytes back
Round trip time was 0.017287 milliseconds in repetition 21
tcp_ping received 128 bytes back
Round trip time was 0.017039 milliseconds in repetition 22
tcp_ping received 128 bytes back
Round trip time was 0.058071 milliseconds in repetition 23
tcp_ping received 128 bytes back
Round trip time was 0.025412 milliseconds in repetition 24
tcp_ping received 128 bytes back
Round trip time was 0.018389 milliseconds in repetition 25
tcp_ping received 128 bytes back
Round trip time was 0.017119 milliseconds in repetition 26
tcp_ping received 128 bytes back
Round trip time was 0.017807 milliseconds in repetition 27
tcp_ping received 128 bytes back
Round trip time was 0.017023 milliseconds in repetition 28
tcp_ping received 128 bytes back
Round trip time was 0.017653 milliseconds in repetition 29
tcp_ping received 128 bytes back
Round trip time was 0.016907 milliseconds in repetition 30
tcp_ping received 128 bytes back
Round trip time was 0.017604 milliseconds in repetition 31
tcp_ping received 128 bytes back
Round trip time was 0.017175 milliseconds in repetition 32
tcp_ping received 128 bytes back
Round trip time was 0.01768 milliseconds in repetition 33
tcp_ping received 128 bytes back
Round trip time was 0.01684 milliseconds in repetition 34
tcp_ping received 128 bytes back
Round trip time was 0.01764 milliseconds in repetition 35
tcp_ping received 128 bytes back
Round trip time was 0.016982 milliseconds in repetition 36
tcp_ping received 128 bytes back
Round trip time was 0.017744 milliseconds in repetition 37
tcp_ping received 128 bytes back
Round trip time was 0.016885 milliseconds in repetition 38
tcp_ping received 128 bytes back
Round trip time was 0.017611 milliseconds in repetition 39
tcp_ping received 128 bytes back
Round trip time was 0.017257 milliseconds in repetition 40
tcp_ping received 128 bytes back
Round trip time was 0.017515 milliseconds in repetition 41
tcp_ping received 128 bytes back
Round trip time was 0.034057 milliseconds in repetition 42
tcp_ping received 128 bytes back
Round trip time was 0.018274 milliseconds in repetition 43
tcp_ping received 128 bytes back
Round trip time was 0.024269 milliseconds in repetition 44
tcp_ping received 128 bytes back
Round trip time was 0.018518 milliseconds in repetition 45
tcp_ping received 128 bytes back
Round trip time was 0.018484 milliseconds in repetition 46
tcp_ping received 128 bytes back
Round trip time was 0.018492 milliseconds in repetition 47
tcp_ping received 128 bytes back
Round trip time was 0.017652 milliseconds in repetition 48
tcp_ping received 128 bytes back
Round trip time was 0.018336 milliseconds in repetition 49
tcp_ping received 128 bytes back
Round trip time was 0.017731 milliseconds in repetition 50
tcp_ping received 128 bytes back
Round trip time was 0.01845 milliseconds in repetition 51
tcp_ping received 128 bytes back
Round trip time was 0.017679 milliseconds in repetition 52
tcp_ping received 128 bytes back
Round trip time was 0.018327 milliseconds in repetition 53
tcp_ping received 128 bytes back
Round trip time was 0.01747 milliseconds in repetition 54
tcp_ping received 128 bytes back
Round trip time was 0.018318 milliseconds in repetition 55
tcp_ping received 128 bytes back
Round trip time was 0.017945 milliseconds in repetition 56
tcp_ping received 128 bytes back
Round trip time was 0.01818 milliseconds in repetition 57
tcp_ping received 128 bytes back
Round trip time was 0.017452 milliseconds in repetition 58
tcp_ping received 128 bytes back
Round trip time was 0.018168 milliseconds in repetition 59
tcp_ping received 128 bytes back
Round trip time was 0.018001 milliseconds in repetition 60
tcp_ping received 128 bytes back
Round trip time was 0.018142 milliseconds in repetition 61
tcp_ping received 128 bytes back
Round trip time was 0.017432 milliseconds in repetition 62
tcp_ping received 128 bytes back
Round trip time was 0.018404 milliseconds in repetition 63
tcp_ping received 128 bytes back
Round trip time was 0.017808 milliseconds in repetition 64
tcp_ping received 128 bytes back
Round trip time was 0.057565 milliseconds in repetition 65
tcp_ping received 128 bytes back
Round trip time was 0.022018 milliseconds in repetition 66
tcp_ping received 128 bytes back
Round trip time was 0.018904 milliseconds in repetition 67
tcp_ping received 128 bytes back
Round trip time was 0.01837 milliseconds in repetition 68
tcp_ping received 128 bytes back
Round trip time was 0.018379 milliseconds in repetition 69
tcp_ping received 128 bytes back
Round trip time was 0.017847 milliseconds in repetition 70
tcp_ping received 128 bytes back
Round trip time was 0.018377 milliseconds in repetition 71
tcp_ping received 128 bytes back
Round trip time was 0.017959 milliseconds in repetition 72
tcp_ping received 128 bytes back
Round trip time was 0.018354 milliseconds in repetition 73
tcp_ping received 128 bytes back
Round trip time was 0.017922 milliseconds in repetition 74
tcp_ping received 128 bytes back
Round trip time was 0.01819 milliseconds in repetition 75
tcp_ping received 128 bytes back
Round trip time was 0.017817 milliseconds in repetition 76
tcp_ping received 128 bytes back
Round trip time was 0.018447 milliseconds in repetition 77
tcp_ping received 128 bytes back
Round trip time was 0.018001 milliseconds in repetition 78
tcp_ping received 128 bytes back
Round trip time was 0.018384 milliseconds in repetition 79
tcp_ping received 128 bytes back
Round trip time was 0.017727 milliseconds in repetition 80
tcp_ping received 128 bytes back
Round trip time was 0.018509 milliseconds in repetition 81
tcp_ping received 128 bytes back
Round trip time was 0.018194 milliseconds in repetition 82
tcp_ping received 128 bytes back
Round trip time was 0.018312 milliseconds in repetition 83
tcp_ping received 128 bytes back
Round trip time was 0.017978 milliseconds in repetition 84
tcp_ping received 128 bytes back
Round trip time was 0.017966 milliseconds in repetition 85
tcp_ping received 128 bytes back
Round trip time was 0.017281 milliseconds in repetition 86
tcp_ping received 128 bytes back
Round trip time was 0.017521 milliseconds in repetition 87
tcp_ping received 128 bytes back
Round trip time was 0.016986 milliseconds in repetition 88
tcp_ping received 128 bytes back
Round trip time was 0.023067 milliseconds in repetition 89
tcp_ping received 128 bytes back
Round trip time was 0.017579 milliseconds in repetition 90
tcp_ping received 128 bytes back
Round trip time was 0.017508 milliseconds in repetition 91
tcp_ping received 128 bytes back
Round trip time was 0.017699 milliseconds in repetition 92
tcp_ping received 128 bytes back
Round trip time was 0.017697 milliseconds in repetition 93
tcp_ping received 128 bytes back
Round trip time was 0.017564 milliseconds in repetition 94
tcp_ping received 128 bytes back
Round trip time was 0.01747 milliseconds in repetition 95
tcp_ping received 128 bytes back
Round trip time was 0.017099 milliseconds in repetition 96
tcp_ping received 128 bytes back
Round trip time was 0.017587 milliseconds in repetition 97
tcp_ping received 128 bytes back
Round trip time was 0.017275 milliseconds in repetition 98
tcp_ping received 128 bytes back
Round trip time was 0.017463 milliseconds in repetition 99
tcp_ping received 128 bytes back
Round trip time was 0.016859 milliseconds in repetition 100
tcp_ping received 128 bytes back
Round trip time was 0.017627 milliseconds in repetition 101
tcp_ping received 128 bytes back
Round trip time was 0.017327 milliseconds in repetition 102
tcp_ping received 128 bytes back
Round trip time was 0.017507 milliseconds in repetition 103
tcp_ping received 128 bytes back
Round trip time was 0.016933 milliseconds in repetition 104
tcp_ping received 128 bytes back
Round trip time was 0.017638 milliseconds in repetition 105
tcp_ping received 128 bytes back
Round trip time was 0.017242 milliseconds in repetition 106
tcp_ping received 128 bytes back
Round trip time was 0.017494 milliseconds in repetition 107
tcp_ping received 128 bytes back
Round trip time was 0.049293 milliseconds in repetition 108
tcp_ping received 128 bytes back
Round trip time was 0.021404 milliseconds in repetition 109
tcp_ping received 128 bytes back
Round trip time was 0.017981 milliseconds in repetition 110
tcp_ping received 128 bytes back
Round trip time was 0.01733 milliseconds in repetition 111
tcp_ping received 128 bytes back
Round trip time was 0.017849 milliseconds in repetition 112
tcp_ping received 128 bytes back
Round trip time was 0.017095 milliseconds in repetition 113
tcp_ping received 128 bytes back
Round trip time was 0.017497 milliseconds in repetition 114
tcp_ping received 128 bytes back
Round trip time was 0.016897 milliseconds in repetition 115
tcp_ping received 128 bytes back
Round trip time was 0.017904 milliseconds in repetition 116
tcp_ping received 128 bytes back
Round trip time was 0.017298 milliseconds in repetition 117
tcp_ping received 128 bytes back
Round trip time was 0.017555 milliseconds in repetition 118
tcp_ping received 128 bytes back
Round trip time was 0.016892 milliseconds in repetition 119
tcp_ping received 128 bytes back
Round trip time was 0.017694 milliseconds in repetition 120
tcp_ping received 128 bytes back
Round trip time was 0.016893 milliseconds in repetition 121
tcp_ping received 128 bytes back
Round trip time was 0.017394 milliseconds in repetition 122
tcp_ping received 128 bytes back
Round trip time was 0.017234 milliseconds in repetition 123
tcp_ping received 128 bytes back
Round trip time was 0.017591 milliseconds in repetition 124
tcp_ping received 128 bytes back
Round trip time was 0.017016 milliseconds in repetition 125
tcp_ping received 128 bytes back
Round trip time was 0.017464 milliseconds in repetition 126
tcp_ping received 128 bytes back
Round trip time was 0.017075 milliseconds in repetition 127
tcp_ping received 128 bytes back
Round trip time was 0.017541 milliseconds in repetition 128
tcp_ping received 128 bytes back
Round trip time was 0.01711 milliseconds in repetition 129
tcp_ping received 128 bytes back
Round trip time was 0.01743 milliseconds in repetition 130
tcp_ping received 128 bytes back
Round trip time was 0.033956 milliseconds in repetition 131
tcp_ping received 128 bytes back
Round trip time was 0.018111 milliseconds in repetition 132
tcp_ping received 128 bytes back
Round trip time was 0.232894 milliseconds in repetition 133
tcp_ping received 128 bytes back
Round trip time was 0.020134 milliseconds in repetition 134
tcp_ping received 128 bytes back
Round trip time was 0.018452 milliseconds in repetition 135
tcp_ping received 128 bytes back
Round trip time was 0.018274 milliseconds in repetition 136
tcp_ping received 128 bytes back
Round trip time was 0.018193 milliseconds in repetition 137
tcp_ping received 128 bytes back
Round trip time was 0.017838 milliseconds in repetition 138
tcp_ping received 128 bytes back
Round trip time was 0.017954 milliseconds in repetition 139
tcp_ping received 128 bytes back
Round trip time was 0.01819 milliseconds in repetition 140
tcp_ping received 128 bytes back
Round trip time was 0.053304 milliseconds in repetition 141
tcp_ping received 128 bytes back
Round trip time was 0.029457 milliseconds in repetition 142
tcp_ping received 128 bytes back
Round trip time was 0.019478 milliseconds in repetition 143
tcp_ping received 128 bytes back
Round trip time was 0.018031 milliseconds in repetition 144
tcp_ping received 128 bytes back
Round trip time was 0.018715 milliseconds in repetition 145
tcp_ping received 128 bytes back
Round trip time was 0.018034 milliseconds in repetition 146
tcp_ping received 128 bytes back
Round trip time was 0.018276 milliseconds in repetition 147
tcp_ping received 128 bytes back
Round trip time was 0.01741 milliseconds in repetition 148
tcp_ping received 128 bytes back
Round trip time was 0.018453 milliseconds in repetition 149
tcp_ping received 128 bytes back
Round trip time was 0.017765 milliseconds in repetition 150
tcp_ping received 128 bytes back
Round trip time was 0.018314 milliseconds in repetition 151
tcp_ping received 128 bytes back
Round trip time was 0.01743 milliseconds in repetition 152
tcp_ping received 128 bytes back
Round trip time was 0.018576 milliseconds in repetition 153
tcp_ping received 128 bytes back
Round trip time was 0.017586 milliseconds in repetition 154
tcp_ping received 128 bytes back
Round trip time was 0.018378 milliseconds in repetition 155
tcp_ping received 128 bytes back
Round trip time was 0.017712 milliseconds in repetition 156
tcp_ping received 128 bytes back
Round trip time was 0.018531 milliseconds in repetition 157
tcp_ping received 128 bytes back
Round trip time was 0.017518 milliseconds in repetition 158
tcp_ping received 128 bytes back
Round trip time was 0.018458 milliseconds in repetition 159
tcp_ping received 128 bytes back
Round trip time was 0.017887 milliseconds in repetition 160
tcp_ping received 128 bytes back
Round trip time was 0.01853 milliseconds in repetition 161
tcp_ping received 128 bytes back
Round trip time was 0.017656 milliseconds in repetition 162
tcp_ping received 128 bytes back
Round trip time was 0.034661 milliseconds in repetition 163
tcp_ping received 128 bytes back
Round trip time was 0.017019 milliseconds in repetition 164
tcp_ping received 128 bytes back
Round trip time was 11.0997 milliseconds in repetition 165
tcp_ping received 128 bytes back
Round trip time was 0.036402 milliseconds in repetition 166
tcp_ping received 128 bytes back
Round trip time was 0.018987 milliseconds in repetition 167
tcp_ping received 128 bytes back
Round trip time was 0.017512 milliseconds in repetition 168
tcp_ping received 128 bytes back
Round trip time was 0.018066 milliseconds in repetition 169
tcp_ping received 128 bytes back
Round trip time was 0.350402 milliseconds in repetition 170
tcp_ping received 128 bytes back
Round trip time was 0.018906 milliseconds in repetition 171
tcp_ping received 128 bytes back
Round trip time was 0.017972 milliseconds in repetition 172
tcp_ping received 128 bytes back
Round trip time was 0.017489 milliseconds in repetition 173
tcp_ping received 128 bytes back
Round trip time was 0.017732 milliseconds in repetition 174
tcp_ping received 128 bytes back
Round trip time was 0.01684 milliseconds in repetition 175
tcp_ping received 128 bytes back
Round trip time was 0.018019 milliseconds in repetition 176
tcp_ping received 128 bytes back
Round trip time was 0.040119 milliseconds in repetition 177
tcp_ping received 128 bytes back
Round trip time was 0.018523 milliseconds in repetition 178
tcp_ping received 128 bytes back
Round trip time was 0.018244 milliseconds in repetition 179
tcp_ping received 128 bytes back
Round trip time was 0.017696 milliseconds in repetition 180
tcp_ping received 128 bytes back
Round trip time was 0.017764 milliseconds in repetition 181
tcp_ping received 128 bytes back
Round trip time was 0.017093 milliseconds in repetition 182
tcp_ping received 128 bytes back
Round trip time was 0.017608 milliseconds in repetition 183
tcp_ping received 128 bytes back
Round trip time was 0.017387 milliseconds in repetition 184
tcp_ping received 128 bytes back
Round trip time was 0.017813 milliseconds in repetition 185
tcp_ping received 128 bytes back
Round trip time was 0.017062 milliseconds in repetition 186
tcp_ping received 128 bytes back
Round trip time was 0.017709 milliseconds in repetition 187
tcp_ping received 128 bytes back
Round trip time was 0.017599 milliseconds in repetition 188
tcp_ping received 128 bytes back
Round trip time was 0.017784 milliseconds in repetition 189
tcp_ping received 128 bytes back
Round trip time was 0.017168 milliseconds in repetition 190
tcp_ping received 128 bytes back
Round trip time was 0.017539 milliseconds in repetition 191
tcp_ping received 128 bytes back
Round trip time was 0.017372 milliseconds in repetition 192
tcp_ping received 128 bytes back
Round trip time was 0.017763 milliseconds in repetition 193
tcp_ping received 128 bytes back
Round trip time was 0.017176 milliseconds in repetition 194
tcp_ping received 128 bytes back
Round trip time was 0.017679 milliseconds in repetition 195
tcp_ping received 128 bytes back
Round trip time was 0.017357 milliseconds in repetition 196
tcp_ping received 128 bytes back
Round trip time was 0.017896 milliseconds in repetition 197
tcp_ping received 128 bytes back
Round trip time was 0.017158 milliseconds in repetition 198
tcp_ping received 128 bytes back
Round trip time was 0.01773 milliseconds in repetition 199
tcp_ping received 128 bytes back
Round trip time was 0.017474 milliseconds in repetition 200
tcp_ping received 128 bytes back
Round trip time was 0.017963 milliseconds in repetition 201
tcp_ping received 128 bytes back
Round trip time was 0.017272 milliseconds in repetition 202
tcp_ping received 128 bytes back
Round trip time was 0.017621 milliseconds in repetition 203
tcp_ping received 128 bytes back
Round trip time was 0.017143 milliseconds in repetition 204
tcp_ping received 128 bytes back
Round trip time was 0.017958 milliseconds in repetition 205
tcp_ping received 128 bytes back
Round trip time was 0.017681 milliseconds in repetition 206
tcp_ping received 128 bytes back
Round trip time was 0.017598 milliseconds in repetition 207
tcp_ping received 128 bytes back
Round trip time was 0.017169 milliseconds in repetition 208
tcp_ping received 128 bytes back
Round trip time was 0.017607 milliseconds in repetition 209
tcp_ping received 128 bytes back
Round trip time was 0.017378 milliseconds in repetition 210
tcp_ping received 128 bytes back
Round trip time was 0.017707 milliseconds in repetition 211
tcp_ping received 128 bytes back
Round trip time was 0.017358 milliseconds in repetition 212
tcp_ping received 128 bytes back
Round trip time was 0.017609 milliseconds in repetition 213
tcp_ping received 128 bytes back
Round trip time was 0.017348 milliseconds in repetition 214
tcp_ping received 128 bytes back
Round trip time was 0.017723 milliseconds in repetition 215
tcp_ping received 128 bytes back
Round trip time was 0.017311 milliseconds in repetition 216
tcp_ping received 128 bytes back
Round trip time was 0.056912 milliseconds in repetition 217
tcp_ping received 128 bytes back
Round trip time was 0.019099 milliseconds in repetition 218
tcp_ping received 128 bytes back
Round trip time was 0.018096 milliseconds in repetition 219
tcp_ping received 128 bytes back
Round trip time was 0.017513 milliseconds in repetition 220
tcp_ping received 128 bytes back
Round trip time was 0.041234 milliseconds in repetition 221
tcp_ping received 128 bytes back
Round trip time was 0.018514 milliseconds in repetition 222
tcp_ping received 128 bytes back
Round trip time was 0.017828 milliseconds in repetition 223
tcp_ping received 128 bytes back
Round trip time was 0.017608 milliseconds in repetition 224
tcp_ping received 128 bytes back
Round trip time was 0.017608 milliseconds in repetition 225
tcp_ping received 128 bytes back
Round trip time was 0.017174 milliseconds in repetition 226
tcp_ping received 128 bytes back
Round trip time was 0.017533 milliseconds in repetition 227
tcp_ping received 128 bytes back
Round trip time was 0.017376 milliseconds in repetition 228
tcp_ping received 128 bytes back
Round trip time was 0.017744 milliseconds in repetition 229
tcp_ping received 128 bytes back
Round trip time was 0.017193 milliseconds in repetition 230
tcp_ping received 128 bytes back
Round trip time was 0.01737 milliseconds in repetition 231
tcp_ping received 128 bytes back
Round trip time was 0.017332 milliseconds in repetition 232
tcp_ping received 128 bytes back
Round trip time was 0.017468 milliseconds in repetition 233
tcp_ping received 128 bytes back
Round trip time was 0.017066 milliseconds in repetition 234
tcp_ping received 128 bytes back
Round trip time was 0.017529 milliseconds in repetition 235
tcp_ping received 128 bytes back
Round trip time was 0.017476 milliseconds in repetition 236
tcp_ping received 128 bytes back
Round trip time was 0.017586 milliseconds in repetition 237
tcp_ping received 128 bytes back
Round trip time was 0.017028 milliseconds in repetition 238
tcp_ping received 128 bytes back
Round trip time was 0.01731 milliseconds in repetition 239
tcp_ping received 128 bytes back
Round trip time was 0.01726 milliseconds in repetition 240
tcp_ping received 128 bytes back
Round trip time was 0.017597 milliseconds in repetition 241
tcp_ping received 128 bytes back
Round trip time was 0.016972 milliseconds in repetition 242
tcp_ping received 128 bytes back
Round trip time was 0.017415 milliseconds in repetition 243
tcp_ping received 128 bytes back
Round trip time was 0.017267 milliseconds in repetition 244
tcp_ping received 128 bytes back
Round trip time was 0.017879 milliseconds in repetition 245
tcp_ping received 128 bytes back
Round trip time was 0.017005 milliseconds in repetition 246
tcp_ping received 128 bytes back
Round trip time was 0.017419 milliseconds in repetition 247
tcp_ping received 128 bytes back
Round trip time was 0.017199 milliseconds in repetition 248
tcp_ping received 128 bytes back
Round trip time was 0.017748 milliseconds in repetition 249
tcp_ping received 128 bytes back
Round trip time was 0.01748 milliseconds in repetition 250
tcp_ping received 128 bytes back
Round trip time was 0.017302 milliseconds in repetition 251
tcp_ping received 128 bytes back
Round trip time was 0.017177 milliseconds in repetition 252
tcp_ping received 128 bytes back
Round trip time was 0.017503 milliseconds in repetition 253
tcp_ping received 128 bytes back
Round trip time was 0.01743 milliseconds in repetition 254
tcp_ping received 128 bytes back
Round trip time was 0.017547 milliseconds in repetition 255
tcp_ping received 128 bytes back
Round trip time was 0.017313 milliseconds in repetition 256
tcp_ping received 128 bytes back
Round trip time was 0.056569 milliseconds in repetition 257
tcp_ping received 128 bytes back
Round trip time was 0.018566 milliseconds in repetition 258
tcp_ping received 128 bytes back
Round trip time was 0.017769 milliseconds in repetition 259
tcp_ping received 128 bytes back
Round trip time was 0.017131 milliseconds in repetition 260
tcp_ping received 128 bytes back
Round trip time was 0.017933 milliseconds in repetition 261
tcp_ping received 128 bytes back
Round trip time was 0.017311 milliseconds in repetition 262
tcp_ping received 128 bytes back
Round trip time was 0.017318 milliseconds in repetition 263
tcp_ping received 128 bytes back
Round trip time was 0.017737 milliseconds in repetition 264
tcp_ping received 128 bytes back
Round trip time was 0.039018 milliseconds in repetition 265
tcp_ping received 128 bytes back
Round trip time was 0.018333 milliseconds in repetition 266
tcp_ping received 128 bytes back
Round trip time was 0.017957 milliseconds in repetition 267
tcp_ping received 128 bytes back
Round trip time was 0.017751 milliseconds in repetition 268
tcp_ping received 128 bytes back
Round trip time was 0.017761 milliseconds in repetition 269
tcp_ping received 128 bytes back
Round trip time was 0.017338 milliseconds in repetition 270
tcp_ping received 128 bytes back
Round trip time was 0.017807 milliseconds in repetition 271
tcp_ping received 128 bytes back
Round trip time was 0.017243 milliseconds in repetition 272
tcp_ping received 128 bytes back
Round trip time was 0.017665 milliseconds in repetition 273
tcp_ping received 128 bytes back
Round trip time was 0.017185 milliseconds in repetition 274
tcp_ping received 128 bytes back
Round trip time was 0.017596 milliseconds in repetition 275
tcp_ping received 128 bytes back
Round trip time was 0.017507 milliseconds in repetition 276
tcp_ping received 128 bytes back
Round trip time was 0.017586 milliseconds in repetition 277
tcp_ping received 128 bytes back
Round trip time was 0.017004 milliseconds in repetition 278
tcp_ping received 128 bytes back
Round trip time was 0.017599 milliseconds in repetition 279
tcp_ping received 128 bytes back
Round trip time was 0.017149 milliseconds in repetition 280
tcp_ping received 128 bytes back
Round trip time was 0.01752 milliseconds in repetition 281
tcp_ping received 128 bytes back
Round trip time was 0.017169 milliseconds in repetition 282
tcp_ping received 128 bytes back
Round trip time was 0.017548 milliseconds in repetition 283
tcp_ping received 128 bytes back
Round trip time was 0.017332 milliseconds in repetition 284
tcp_ping received 128 bytes back
Round trip time was 0.017493 milliseconds in repetition 285
tcp_ping received 128 bytes back
Round trip time was 0.017142 milliseconds in repetition 286
tcp_ping received 128 bytes back
Round trip time was 0.017607 milliseconds in repetition 287
tcp_ping received 128 bytes back
Round trip time was 0.017328 milliseconds in repetition 288
tcp_ping received 128 bytes back
Round trip time was 0.017704 milliseconds in repetition 289
tcp_ping received 128 bytes back
Round trip time was 0.017253 milliseconds in repetition 290
tcp_ping received 128 bytes back
Round trip time was 0.01729 milliseconds in repetition 291
tcp_ping received 128 bytes back
Round trip time was 0.017252 milliseconds in repetition 292
tcp_ping received 128 bytes back
Round trip time was 0.017674 milliseconds in repetition 293
tcp_ping received 128 bytes back
Round trip time was 0.017687 milliseconds in repetition 294
tcp_ping received 128 bytes back
Round trip time was 0.017487 milliseconds in repetition 295
tcp_ping received 128 bytes back
Round trip time was 0.01718 milliseconds in repetition 296
tcp_ping received 128 bytes back
Round trip time was 0.059737 milliseconds in repetition 297
tcp_ping received 128 bytes back
Round trip time was 0.02006 milliseconds in repetition 298
tcp_ping received 128 bytes back
Round trip time was 0.017947 milliseconds in repetition 299
tcp_ping received 128 bytes back
Round trip time was 0.017382 milliseconds in repetition 300
tcp_ping received 128 bytes back
Round trip time was 0.017636 milliseconds in repetition 301
tcp_ping received 128 bytes back
Round trip time was 0.017311 milliseconds in repetition 302
tcp_ping received 128 bytes back
Round trip time was 0.017426 milliseconds in repetition 303
tcp_ping received 128 bytes back
Round trip time was 0.016912 milliseconds in repetition 304
tcp_ping received 128 bytes back
Round trip time was 0.017772 milliseconds in repetition 305
tcp_ping received 128 bytes back
Round trip time was 0.017176 milliseconds in repetition 306
tcp_ping received 128 bytes back
Round trip time was 0.017444 milliseconds in repetition 307
tcp_ping received 128 bytes back
Round trip time was 0.017432 milliseconds in repetition 308
tcp_ping received 128 bytes back
Round trip time was 0.039451 milliseconds in repetition 309
tcp_ping received 128 bytes back
Round trip time was 0.018612 milliseconds in repetition 310
tcp_ping received 128 bytes back
Round trip time was 0.017887 milliseconds in repetition 311
tcp_ping received 128 bytes back
Round trip time was 0.017358 milliseconds in repetition 312
tcp_ping received 128 bytes back
Round trip time was 0.017868 milliseconds in repetition 313
tcp_ping received 128 bytes back
Round trip time was 0.017434 milliseconds in repetition 314
tcp_ping received 128 bytes back
Round trip time was 0.017527 milliseconds in repetition 315
tcp_ping received 128 bytes back
Round trip time was 0.016972 milliseconds in repetition 316
tcp_ping received 128 bytes back
Round trip time was 0.01766 milliseconds in repetition 317
tcp_ping received 128 bytes back
Round trip time was 0.017089 milliseconds in repetition 318
tcp_ping received 128 bytes back
Round trip time was 0.017427 milliseconds in repetition 319
tcp_ping received 128 bytes back
Round trip time was 0.017243 milliseconds in repetition 320
tcp_ping received 128 bytes back
Round trip time was 0.017446 milliseconds in repetition 321
tcp_ping received 128 bytes back
Round trip time was 0.017058 milliseconds in repetition 322
tcp_ping received 128 bytes back
Round trip time was 0.017076 milliseconds in repetition 323
tcp_ping received 128 bytes back
Round trip time was 0.01691 milliseconds in repetition 324
tcp_ping received 128 bytes back
Round trip time was 0.017471 milliseconds in repetition 325
tcp_ping received 128 bytes back
Round trip time was 0.017534 milliseconds in repetition 326
tcp_ping received 128 bytes back
Round trip time was 0.017271 milliseconds in repetition 327
tcp_ping received 128 bytes back
Round trip time was 0.016985 milliseconds in repetition 328
tcp_ping received 128 bytes back
Round trip time was 0.017259 milliseconds in repetition 329
tcp_ping received 128 bytes back
Round trip time was 0.017172 milliseconds in repetition 330
tcp_ping received 128 bytes back
Round trip time was 0.017666 milliseconds in repetition 331
tcp_ping received 128 bytes back
Round trip time was 0.017169 milliseconds in repetition 332
tcp_ping received 128 bytes back
Round trip time was 0.017423 milliseconds in repetition 333
tcp_ping received 128 bytes back
Round trip time was 0.017032 milliseconds in repetition 334
tcp_ping received 128 bytes back
Round trip time was 0.017457 milliseconds in repetition 335
tcp_ping received 128 bytes back
Round trip time was 0.017055 milliseconds in repetition 336
tcp_ping received 128 bytes back
Round trip time was 0.017462 milliseconds in repetition 337
tcp_ping received 128 bytes back
Round trip time was 0.01706 milliseconds in repetition 338
tcp_ping received 128 bytes back
Round trip time was 0.017621 milliseconds in repetition 339
tcp_ping received 128 bytes back
Round trip time was 0.016964 milliseconds in repetition 340
tcp_ping received 128 bytes back
Round trip time was 0.017377 milliseconds in repetition 341
tcp_ping received 128 bytes back
Round trip time was 0.016825 milliseconds in repetition 342
tcp_ping received 128 bytes back
Round trip time was 0.017617 milliseconds in repetition 343
tcp_ping received 128 bytes back
Round trip time was 0.017283 milliseconds in repetition 344
tcp_ping received 128 bytes back
Round trip time was 0.017482 milliseconds in repetition 345
tcp_ping received 128 bytes back
Round trip time was 0.016966 milliseconds in repetition 346
tcp_ping received 128 bytes back
Round trip time was 0.017497 milliseconds in repetition 347
tcp_ping received 128 bytes back
Round trip time was 0.017502 milliseconds in repetition 348
tcp_ping received 128 bytes back
Round trip time was 0.017447 milliseconds in repetition 349
tcp_ping received 128 bytes back
Round trip time was 0.017003 milliseconds in repetition 350
tcp_ping received 128 bytes back
Round trip time was 0.018346 milliseconds in repetition 351
tcp_ping received 128 bytes back
Round trip time was 0.017322 milliseconds in repetition 352
tcp_ping received 128 bytes back
Round trip time was 0.678642 milliseconds in repetition 353
tcp_ping received 128 bytes back
Round trip time was 0.03319 milliseconds in repetition 354
tcp_ping received 128 bytes back
Round trip time was 0.01852 milliseconds in repetition 355
tcp_ping received 128 bytes back
Round trip time was 0.017039 milliseconds in repetition 356
tcp_ping received 128 bytes back
Round trip time was 0.017464 milliseconds in repetition 357
tcp_ping received 128 bytes back
Round trip time was 0.016857 milliseconds in repetition 358
tcp_ping received 128 bytes back
Round trip time was 0.017389 milliseconds in repetition 359
tcp_ping received 128 bytes back
Round trip time was 0.016827 milliseconds in repetition 360
tcp_ping received 128 bytes back
Round trip time was 0.047129 milliseconds in repetition 361
tcp_ping received 128 bytes back
Round trip time was 0.016739 milliseconds in repetition 362
tcp_ping received 128 bytes back
Round trip time was 0.018656 milliseconds in repetition 363
tcp_ping received 128 bytes back
Round trip time was 0.016617 milliseconds in repetition 364
tcp_ping received 128 bytes back
Round trip time was 0.017464 milliseconds in repetition 365
tcp_ping received 128 bytes back
Round trip time was 0.017007 milliseconds in repetition 366
tcp_ping received 128 bytes back
Round trip time was 0.017547 milliseconds in repetition 367
tcp_ping received 128 bytes back
Round trip time was 0.016597 milliseconds in repetition 368
tcp_ping received 128 bytes back
Round trip time was 0.063895 milliseconds in repetition 369
tcp_ping received 128 bytes back
Round trip time was 0.022059 milliseconds in repetition 370
tcp_ping received 128 bytes back
Round trip time was 0.018351 milliseconds in repetition 371
tcp_ping received 128 bytes back
Round trip time was 0.016851 milliseconds in repetition 372
tcp_ping received 128 bytes back
Round trip time was 0.017729 milliseconds in repetition 373
tcp_ping received 128 bytes back
Round trip time was 0.017154 milliseconds in repetition 374
tcp_ping received 128 bytes back
Round trip time was 0.017546 milliseconds in repetition 375
tcp_ping received 128 bytes back
Round trip time was 0.016577 milliseconds in repetition 376
tcp_ping received 128 bytes back
Round trip time was 0.01756 milliseconds in repetition 377
tcp_ping received 128 bytes back
Round trip time was 0.017126 milliseconds in repetition 378
tcp_ping received 128 bytes back
Round trip time was 0.01766 milliseconds in repetition 379
tcp_ping received 128 bytes back
Round trip time was 0.016638 milliseconds in repetition 380
tcp_ping received 128 bytes back
Round trip time was 0.017651 milliseconds in repetition 381
tcp_ping received 128 bytes back
Round trip time was 0.017185 milliseconds in repetition 382
tcp_ping received 128 bytes back
Round trip time was 0.017722 milliseconds in repetition 383
tcp_ping received 128 bytes back
Round trip time was 0.016877 milliseconds in repetition 384
tcp_ping received 128 bytes back
Round trip time was 0.017831 milliseconds in repetition 385
tcp_ping received 128 bytes back
Round trip time was 0.016746 milliseconds in repetition 386
tcp_ping received 128 bytes back
Round trip time was 0.017588 milliseconds in repetition 387
tcp_ping received 128 bytes back
Round trip time was 0.016956 milliseconds in repetition 388
tcp_ping received 128 bytes back
Round trip time was 0.017609 milliseconds in repetition 389
tcp_ping received 128 bytes back
Round trip time was 0.016861 milliseconds in repetition 390
tcp_ping received 128 bytes back
Round trip time was 0.017439 milliseconds in repetition 391
tcp_ping received 128 bytes back
Round trip time was 0.016882 milliseconds in repetition 392
tcp_ping received 128 bytes back
Round trip time was 0.017503 milliseconds in repetition 393
tcp_ping received 128 bytes back
Round trip time was 0.016828 milliseconds in repetition 394
tcp_ping received 128 bytes back
Round trip time was 0.017562 milliseconds in repetition 395
tcp_ping received 128 bytes back
Round trip time was 0.016787 milliseconds in repetition 396
tcp_ping received 128 bytes back
Round trip time was 0.0386 milliseconds in repetition 397
tcp_ping received 128 bytes back
Round trip time was 0.018214 milliseconds in repetition 398
tcp_ping received 128 bytes back
Round trip time was 0.018138 milliseconds in repetition 399
tcp_ping received 128 bytes back
Round trip time was 0.01749 milliseconds in repetition 400
tcp_ping received 128 bytes back
Round trip time was 0.017445 milliseconds in repetition 401
tcp_ping received 128 bytes back
Round trip time was 0.01698 milliseconds in repetition 402
tcp_ping received 128 bytes back
Round trip time was 0.017422 milliseconds in repetition 403
tcp_ping received 128 bytes back
Round trip time was 0.017391 milliseconds in repetition 404
tcp_ping received 128 bytes back
Round trip time was 0.017228 milliseconds in repetition 405
tcp_ping received 128 bytes back
Round trip time was 0.017839 milliseconds in repetition 406
tcp_ping received 128 bytes back
Round trip time was 0.034326 milliseconds in repetition 407
tcp_ping received 128 bytes back
Round trip time was 0.054023 milliseconds in repetition 408
tcp_ping received 128 bytes back
Round trip time was 0.017954 milliseconds in repetition 409
tcp_ping received 128 bytes back
Round trip time was 0.017503 milliseconds in repetition 410
tcp_ping received 128 bytes back
Round trip time was 0.01716 milliseconds in repetition 411
tcp_ping received 128 bytes back
Round trip time was 0.016757 milliseconds in repetition 412
tcp_ping received 128 bytes back
Round trip time was 0.016728 milliseconds in repetition 413
tcp_ping received 128 bytes back
Round trip time was 0.016967 milliseconds in repetition 414
tcp_ping received 128 bytes back
Round trip time was 0.016797 milliseconds in repetition 415
tcp_ping received 128 bytes back
Round trip time was 0.016896 milliseconds in repetition 416
tcp_ping received 128 bytes back
Round trip time was 0.016425 milliseconds in repetition 417
tcp_ping received 128 bytes back
Round trip time was 0.017127 milliseconds in repetition 418
tcp_ping received 128 bytes back
Round trip time was 0.016597 milliseconds in repetition 419
tcp_ping received 128 bytes back
Round trip time was 0.016945 milliseconds in repetition 420
tcp_ping received 128 bytes back
Round trip time was 0.016639 milliseconds in repetition 421
tcp_ping received 128 bytes back
Round trip time was 0.017012 milliseconds in repetition 422
tcp_ping received 128 bytes back
Round trip time was 0.016655 milliseconds in repetition 423
tcp_ping received 128 bytes back
Round trip time was 0.016881 milliseconds in repetition 424
tcp_ping received 128 bytes back
Round trip time was 0.016664 milliseconds in repetition 425
tcp_ping received 128 bytes back
Round trip time was 0.016987 milliseconds in repetition 426
tcp_ping received 128 bytes back
Round trip time was 0.016848 milliseconds in repetition 427
tcp_ping received 128 bytes back
Round trip time was 0.016698 milliseconds in repetition 428
tcp_ping received 128 bytes back
Round trip time was 0.016613 milliseconds in repetition 429
tcp_ping received 128 bytes back
Round trip time was 0.016987 milliseconds in repetition 430
tcp_ping received 128 bytes back
Round trip time was 0.016735 milliseconds in repetition 431
tcp_ping received 128 bytes back
Round trip time was 0.016891 milliseconds in repetition 432
tcp_ping received 128 bytes back
Round trip time was 0.016732 milliseconds in repetition 433
tcp_ping received 128 bytes back
Round trip time was 0.017034 milliseconds in repetition 434
tcp_ping received 128 bytes back
Round trip time was 0.01663 milliseconds in repetition 435
tcp_ping received 128 bytes back
Round trip time was 0.016894 milliseconds in repetition 436
tcp_ping received 128 bytes back
Round trip time was 0.01664 milliseconds in repetition 437
tcp_ping received 128 bytes back
Round trip time was 0.01676 milliseconds in repetition 438
tcp_ping received 128 bytes back
Round trip time was 0.016506 milliseconds in repetition 439
tcp_ping received 128 bytes back
Round trip time was 0.016809 milliseconds in repetition 440
tcp_ping received 128 bytes back
Round trip time was 0.016704 milliseconds in repetition 441
tcp_ping received 128 bytes back
Round trip time was 0.037164 milliseconds in repetition 442
tcp_ping received 128 bytes back
Round trip time was 0.017359 milliseconds in repetition 443
tcp_ping received 128 bytes back
Round trip time was 0.016985 milliseconds in repetition 444
tcp_ping received 128 bytes back
Round trip time was 0.016809 milliseconds in repetition 445
tcp_ping received 128 bytes back
Round trip time was 0.01697 milliseconds in repetition 446
tcp_ping received 128 bytes back
Round trip time was 0.016546 milliseconds in repetition 447
tcp_ping received 128 bytes back
Round trip time was 0.016774 milliseconds in repetition 448
tcp_ping received 128 bytes back
Round trip time was 0.016587 milliseconds in repetition 449
tcp_ping received 128 bytes back
Round trip time was 0.054976 milliseconds in repetition 450
tcp_ping received 128 bytes back
Round trip time was 0.019328 milliseconds in repetition 451
tcp_ping received 128 bytes back
Round trip time was 0.017809 milliseconds in repetition 452
tcp_ping received 128 bytes back
Round trip time was 0.016674 milliseconds in repetition 453
tcp_ping received 128 bytes back
Round trip time was 0.231961 milliseconds in repetition 454
tcp_ping received 128 bytes back
Round trip time was 0.028499 milliseconds in repetition 455
tcp_ping received 128 bytes back
Round trip time was 0.017772 milliseconds in repetition 456
tcp_ping received 128 bytes back
Round trip time was 0.017043 milliseconds in repetition 457
tcp_ping received 128 bytes back
Round trip time was 0.017347 milliseconds in repetition 458
tcp_ping received 128 bytes back
Round trip time was 0.016964 milliseconds in repetition 459
tcp_ping received 128 bytes back
Round trip time was 0.016878 milliseconds in repetition 460
tcp_ping received 128 bytes back
Round trip time was 0.016734 milliseconds in repetition 461
tcp_ping received 128 bytes back
Round trip time was 0.016982 milliseconds in repetition 462
tcp_ping received 128 bytes back
Round trip time was 0.016661 milliseconds in repetition 463
tcp_ping received 128 bytes back
Round trip time was 0.01673 milliseconds in repetition 464
tcp_ping received 128 bytes back
Round trip time was 0.016792 milliseconds in repetition 465
tcp_ping received 128 bytes back
Round trip time was 0.016728 milliseconds in repetition 466
tcp_ping received 128 bytes back
Round trip time was 0.016718 milliseconds in repetition 467
tcp_ping received 128 bytes back
Round trip time was 0.016682 milliseconds in repetition 468
tcp_ping received 128 bytes back
Round trip time was 0.01689 milliseconds in repetition 469
tcp_ping received 128 bytes back
Round trip time was 0.016954 milliseconds in repetition 470
tcp_ping received 128 bytes back
Round trip time was 0.016656 milliseconds in repetition 471
tcp_ping received 128 bytes back
Round trip time was 0.016693 milliseconds in repetition 472
tcp_ping received 128 bytes back
Round trip time was 0.017614 milliseconds in repetition 473
tcp_ping received 128 bytes back
Round trip time was 0.016799 milliseconds in repetition 474
tcp_ping received 128 bytes back
Round trip time was 0.016685 milliseconds in repetition 475
tcp_ping received 128 bytes back
Round trip time was 0.016899 milliseconds in repetition 476
tcp_ping received 128 bytes back
Round trip time was 0.016411 milliseconds in repetition 477
tcp_ping received 128 bytes back
Round trip time was 0.016943 milliseconds in repetition 478
tcp_ping received 128 bytes back
Round trip time was 0.016866 milliseconds in repetition 479
tcp_ping received 128 bytes back
Round trip time was 0.017008 milliseconds in repetition 480
tcp_ping received 128 bytes back
Round trip time was 0.016411 milliseconds in repetition 481
tcp_ping received 128 bytes back
Round trip time was 0.01675 milliseconds in repetition 482
tcp_ping received 128 bytes back
Round trip time was 0.016634 milliseconds in repetition 483
tcp_ping received 128 bytes back
Round trip time was 0.016756 milliseconds in repetition 484
tcp_ping received 128 bytes back
Round trip time was 0.041482 milliseconds in repetition 485
tcp_ping received 128 bytes back
Round trip time was 0.029984 milliseconds in repetition 486
tcp_ping received 128 bytes back
Round trip time was 0.018217 milliseconds in repetition 487
tcp_ping received 128 bytes back
Round trip time was 0.016745 milliseconds in repetition 488
tcp_ping received 128 bytes back
Round trip time was 0.017203 milliseconds in repetition 489
tcp_ping received 128 bytes back
Round trip time was 0.01679 milliseconds in repetition 490
tcp_ping received 128 bytes back
Round trip time was 0.016793 milliseconds in repetition 491
tcp_ping received 128 bytes back
Round trip time was 0.016135 milliseconds in repetition 492
tcp_ping received 128 bytes back
Round trip time was 0.016866 milliseconds in repetition 493
tcp_ping received 128 bytes back
Round trip time was 0.016457 milliseconds in repetition 494
tcp_ping received 128 bytes back
Round trip time was 0.016746 milliseconds in repetition 495
tcp_ping received 128 bytes back
Round trip time was 0.016343 milliseconds in repetition 496
tcp_ping received 128 bytes back
Round trip time was 0.016899 milliseconds in repetition 497
tcp_ping received 128 bytes back
Round trip time was 0.016468 milliseconds in repetition 498
tcp_ping received 128 bytes back
Round trip time was 0.016724 milliseconds in repetition 499
tcp_ping received 128 bytes back
Round trip time was 0.016204 milliseconds in repetition 500
tcp_ping received 128 bytes back
Round trip time was 7.25394 milliseconds in repetition 501

 ... clock resolution was 1e-06
TCP Ping:  Statistics over 501 repetitions of 128 byte messages

RTT : percentile 10: 0.016787, median: 0.017476, percentile 90: 0.018656, average: 0.0584247, variance: 0.350014

RTT histogram:
0.0161345 497
0.570315 2
1.1245 0
1.67868 0
2.23286 0
2.78704 0
3.34122 0
3.8954 0
4.44958 0
5.00376 0
5.55794 0
6.11212 0
6.6663 0
7.22048 1
7.77466 0
8.32884 0
8.88302 0
9.4372 0
9.99138 0
10.5456 0
11.0997 1

   median Throughput : 14648.7 KB/s   overall Throughput : 4381.71 KB/s

