TCP Ping trying to connect to server localhost (127.0.0.1) on port 1491
 ... connected to Pong server: asking for 501 repetitions of 1024 bytes TCP messages
 ... Pong server agreed :-)
tcp_ping received 1024 bytes back
Round trip time was 0.078336 milliseconds in repetition 1
tcp_ping received 1024 bytes back
Round trip time was 0.279554 milliseconds in repetition 2
tcp_ping received 1024 bytes back
Round trip time was 0.02515 milliseconds in repetition 3
tcp_ping received 1024 bytes back
Round trip time was 0.023033 milliseconds in repetition 4
tcp_ping received 1024 bytes back
Round trip time was 0.021915 milliseconds in repetition 5
tcp_ping received 1024 bytes back
Round trip time was 0.240142 milliseconds in repetition 6
tcp_ping received 1024 bytes back
Round trip time was 0.027535 milliseconds in repetition 7
tcp_ping received 1024 bytes back
Round trip time was 0.022414 milliseconds in repetition 8
tcp_ping received 1024 bytes back
Round trip time was 0.022204 milliseconds in repetition 9
tcp_ping received 1024 bytes back
Round trip time was 0.021901 milliseconds in repetition 10
tcp_ping received 1024 bytes back
Round trip time was 0.021754 milliseconds in repetition 11
tcp_ping received 1024 bytes back
Round trip time was 0.022255 milliseconds in repetition 12
tcp_ping received 1024 bytes back
Round trip time was 0.02191 milliseconds in repetition 13
tcp_ping received 1024 bytes back
Round trip time was 0.021906 milliseconds in repetition 14
tcp_ping received 1024 bytes back
Round trip time was 0.021976 milliseconds in repetition 15
tcp_ping received 1024 bytes back
Round trip time was 0.022079 milliseconds in repetition 16
tcp_ping received 1024 bytes back
Round trip time was 0.021961 milliseconds in repetition 17
tcp_ping received 1024 bytes back
Round trip time was 0.022 milliseconds in repetition 18
tcp_ping received 1024 bytes back
Round trip time was 0.021426 milliseconds in repetition 19
tcp_ping received 1024 bytes back
Round trip time was 0.021709 milliseconds in repetition 20
tcp_ping received 1024 bytes back
Round trip time was 0.021631 milliseconds in repetition 21
tcp_ping received 1024 bytes back
Round trip time was 0.02191 milliseconds in repetition 22
tcp_ping received 1024 bytes back
Round trip time was 0.021539 milliseconds in repetition 23
tcp_ping received 1024 bytes back
Round trip time was 0.021661 milliseconds in repetition 24
tcp_ping received 1024 bytes back
Round trip time was 0.021531 milliseconds in repetition 25
tcp_ping received 1024 bytes back
Round trip time was 0.021718 milliseconds in repetition 26
tcp_ping received 1024 bytes back
Round trip time was 0.02156 milliseconds in repetition 27
tcp_ping received 1024 bytes back
Round trip time was 0.021695 milliseconds in repetition 28
tcp_ping received 1024 bytes back
Round trip time was 0.021572 milliseconds in repetition 29
tcp_ping received 1024 bytes back
Round trip time was 0.022533 milliseconds in repetition 30
tcp_ping received 1024 bytes back
Round trip time was 0.021704 milliseconds in repetition 31
tcp_ping received 1024 bytes back
Round trip time was 0.021618 milliseconds in repetition 32
tcp_ping received 1024 bytes back
Round trip time was 0.021421 milliseconds in repetition 33
tcp_ping received 1024 bytes back
Round trip time was 0.021749 milliseconds in repetition 34
tcp_ping received 1024 bytes back
Round trip time was 0.021524 milliseconds in repetition 35
tcp_ping received 1024 bytes back
Round trip time was 0.021641 milliseconds in repetition 36
tcp_ping received 1024 bytes back
Round trip time was 0.021628 milliseconds in repetition 37
tcp_ping received 1024 bytes back
Round trip time was 0.021647 milliseconds in repetition 38
tcp_ping received 1024 bytes back
Round trip time was 0.021536 milliseconds in repetition 39
tcp_ping received 1024 bytes back
Round trip time was 0.021617 milliseconds in repetition 40
tcp_ping received 1024 bytes back
Round trip time was 0.021514 milliseconds in repetition 41
tcp_ping received 1024 bytes back
Round trip time was 0.021762 milliseconds in repetition 42
tcp_ping received 1024 bytes back
Round trip time was 0.021798 milliseconds in repetition 43
tcp_ping received 1024 bytes back
Round trip time was 0.027822 milliseconds in repetition 44
tcp_ping received 1024 bytes back
Round trip time was 0.021628 milliseconds in repetition 45
tcp_ping received 1024 bytes back
Round trip time was 0.022 milliseconds in repetition 46
tcp_ping received 1024 bytes back
Round trip time was 0.021489 milliseconds in repetition 47
tcp_ping received 1024 bytes back
Round trip time was 0.022022 milliseconds in repetition 48
tcp_ping received 1024 bytes back
Round trip time was 0.021668 milliseconds in repetition 49
tcp_ping received 1024 bytes back
Round trip time was 0.021818 milliseconds in repetition 50
tcp_ping received 1024 bytes back
Round trip time was 0.021411 milliseconds in repetition 51
tcp_ping received 1024 bytes back
Round trip time was 0.021975 milliseconds in repetition 52
tcp_ping received 1024 bytes back
Round trip time was 0.021715 milliseconds in repetition 53
tcp_ping received 1024 bytes back
Round trip time was 0.021952 milliseconds in repetition 54
tcp_ping received 1024 bytes back
Round trip time was 0.02128 milliseconds in repetition 55
tcp_ping received 1024 bytes back
Round trip time was 0.021953 milliseconds in repetition 56
tcp_ping received 1024 bytes back
Round trip time was 0.021857 milliseconds in repetition 57
tcp_ping received 1024 bytes back
Round trip time was 0.021804 milliseconds in repetition 58
tcp_ping received 1024 bytes back
Round trip time was 0.02122 milliseconds in repetition 59
tcp_ping received 1024 bytes back
Round trip time was 0.021963 milliseconds in repetition 60
tcp_ping received 1024 bytes back
Round trip time was 0.021461 milliseconds in repetition 61
tcp_ping received 1024 bytes back
Round trip time was 0.022127 milliseconds in repetition 62
tcp_ping received 1024 bytes back
Round trip time was 0.021836 milliseconds in repetition 63
tcp_ping received 1024 bytes back
Round trip time was 0.021962 milliseconds in repetition 64
tcp_ping received 1024 bytes back
Round trip time was 0.021543 milliseconds in repetition 65
tcp_ping received 1024 bytes back
Round trip time was 0.02205 milliseconds in repetition 66
tcp_ping received 1024 bytes back
Round trip time was 0.021567 milliseconds in repetition 67
tcp_ping received 1024 bytes back
Round trip time was 0.021938 milliseconds in repetition 68
tcp_ping received 1024 bytes back
Round trip time was 0.021274 milliseconds in repetition 69
tcp_ping received 1024 bytes back
Round trip time was 0.021949 milliseconds in repetition 70
tcp_ping received 1024 bytes back
Round trip time was 0.022343 milliseconds in repetition 71
tcp_ping received 1024 bytes back
Round trip time was 0.02207 milliseconds in repetition 72
tcp_ping received 1024 bytes back
Round trip time was 0.0213 milliseconds in repetition 73
tcp_ping received 1024 bytes back
Round trip time was 0.021998 milliseconds in repetition 74
tcp_ping received 1024 bytes back
Round trip time was 0.02157 milliseconds in repetition 75
tcp_ping received 1024 bytes back
Round trip time was 0.021803 milliseconds in repetition 76
tcp_ping received 1024 bytes back
Round trip time was 0.021522 milliseconds in repetition 77
tcp_ping received 1024 bytes back
Round trip time was 0.021953 milliseconds in repetition 78
tcp_ping received 1024 bytes back
Round trip time was 0.021512 milliseconds in repetition 79
tcp_ping received 1024 bytes back
Round trip time was 0.021918 milliseconds in repetition 80
tcp_ping received 1024 bytes back
Round trip time was 0.021567 milliseconds in repetition 81
tcp_ping received 1024 bytes back
Round trip time was 0.021841 milliseconds in repetition 82
tcp_ping received 1024 bytes back
Round trip time was 0.02138 milliseconds in repetition 83
tcp_ping received 1024 bytes back
Round trip time was 0.021822 milliseconds in repetition 84
tcp_ping received 1024 bytes back
Round trip time was 0.021897 milliseconds in repetition 85
tcp_ping received 1024 bytes back
Round trip time was 0.02187 milliseconds in repetition 86
tcp_ping received 1024 bytes back
Round trip time was 0.021173 milliseconds in repetition 87
tcp_ping received 1024 bytes back
Round trip time was 0.026251 milliseconds in repetition 88
tcp_ping received 1024 bytes back
Round trip time was 0.172117 milliseconds in repetition 89
tcp_ping received 1024 bytes back
Round trip time was 0.037466 milliseconds in repetition 90
tcp_ping received 1024 bytes back
Round trip time was 0.036617 milliseconds in repetition 91
tcp_ping received 1024 bytes back
Round trip time was 0.036948 milliseconds in repetition 92
tcp_ping received 1024 bytes back
Round trip time was 0.023322 milliseconds in repetition 93
tcp_ping received 1024 bytes back
Round trip time was 0.021763 milliseconds in repetition 94
tcp_ping received 1024 bytes back
Round trip time was 0.022117 milliseconds in repetition 95
tcp_ping received 1024 bytes back
Round trip time was 0.022839 milliseconds in repetition 96
tcp_ping received 1024 bytes back
Round trip time was 0.038542 milliseconds in repetition 97
tcp_ping received 1024 bytes back
Round trip time was 0.023847 milliseconds in repetition 98
tcp_ping received 1024 bytes back
Round trip time was 0.022332 milliseconds in repetition 99
tcp_ping received 1024 bytes back
Round trip time was 0.0215 milliseconds in repetition 100
tcp_ping received 1024 bytes back
Round trip time was 0.022264 milliseconds in repetition 101
tcp_ping received 1024 bytes back
Round trip time was 0.285539 milliseconds in repetition 102
tcp_ping received 1024 bytes back
Round trip time was 0.025022 milliseconds in repetition 103
tcp_ping received 1024 bytes back
Round trip time was 0.022953 milliseconds in repetition 104
tcp_ping received 1024 bytes back
Round trip time was 0.021475 milliseconds in repetition 105
tcp_ping received 1024 bytes back
Round trip time was 0.022281 milliseconds in repetition 106
tcp_ping received 1024 bytes back
Round trip time was 0.021476 milliseconds in repetition 107
tcp_ping received 1024 bytes back
Round trip time was 0.022695 milliseconds in repetition 108
tcp_ping received 1024 bytes back
Round trip time was 0.021782 milliseconds in repetition 109
tcp_ping received 1024 bytes back
Round trip time was 0.021961 milliseconds in repetition 110
tcp_ping received 1024 bytes back
Round trip time was 0.021785 milliseconds in repetition 111
tcp_ping received 1024 bytes back
Round trip time was 0.022511 milliseconds in repetition 112
tcp_ping received 1024 bytes back
Round trip time was 0.021579 milliseconds in repetition 113
tcp_ping received 1024 bytes back
Round trip time was 0.022298 milliseconds in repetition 114
tcp_ping received 1024 bytes back
Round trip time was 0.021606 milliseconds in repetition 115
tcp_ping received 1024 bytes back
Round trip time was 0.022568 milliseconds in repetition 116
tcp_ping received 1024 bytes back
Round trip time was 0.021652 milliseconds in repetition 117
tcp_ping received 1024 bytes back
Round trip time was 0.022938 milliseconds in repetition 118
tcp_ping received 1024 bytes back
Round trip time was 0.021569 milliseconds in repetition 119
tcp_ping received 1024 bytes back
Round trip time was 0.022276 milliseconds in repetition 120
tcp_ping received 1024 bytes back
Round trip time was 0.02168 milliseconds in repetition 121
tcp_ping received 1024 bytes back
Round trip time was 0.02251 milliseconds in repetition 122
tcp_ping received 1024 bytes back
Round trip time was 0.022502 milliseconds in repetition 123
tcp_ping received 1024 bytes back
Round trip time was 0.022954 milliseconds in repetition 124
tcp_ping received 1024 bytes back
Round trip time was 0.113322 milliseconds in repetition 125
tcp_ping received 1024 bytes back
Round trip time was 0.041021 milliseconds in repetition 126
tcp_ping received 1024 bytes back
Round trip time was 0.022471 milliseconds in repetition 127
tcp_ping received 1024 bytes back
Round trip time was 0.022587 milliseconds in repetition 128
tcp_ping received 1024 bytes back
Round trip time was 0.021783 milliseconds in repetition 129
tcp_ping received 1024 bytes back
Round trip time was 0.02308 milliseconds in repetition 130
tcp_ping received 1024 bytes back
Round trip time was 0.02184 milliseconds in repetition 131
tcp_ping received 1024 bytes back
Round trip time was 0.027788 milliseconds in repetition 132
tcp_ping received 1024 bytes back
Round trip time was 0.021931 milliseconds in repetition 133
tcp_ping received 1024 bytes back
Round trip time was 0.022352 milliseconds in repetition 134
tcp_ping received 1024 bytes back
Round trip time was 0.022565 milliseconds in repetition 135
tcp_ping received 1024 bytes back
Round trip time was 0.022287 milliseconds in repetition 136
tcp_ping received 1024 bytes back
Round trip time was 0.021783 milliseconds in repetition 137
tcp_ping received 1024 bytes back
Round trip time was 0.022384 milliseconds in repetition 138
tcp_ping received 1024 bytes back
Round trip time was 0.021967 milliseconds in repetition 139
tcp_ping received 1024 bytes back
Round trip time was 0.022328 milliseconds in repetition 140
tcp_ping received 1024 bytes back
Round trip time was 0.022041 milliseconds in repetition 141
tcp_ping received 1024 bytes back
Round trip time was 0.022131 milliseconds in repetition 142
tcp_ping received 1024 bytes back
Round trip time was 0.021859 milliseconds in repetition 143
tcp_ping received 1024 bytes back
Round trip time was 0.022158 milliseconds in repetition 144
tcp_ping received 1024 bytes back
Round trip time was 0.021777 milliseconds in repetition 145
tcp_ping received 1024 bytes back
Round trip time was 0.022099 milliseconds in repetition 146
tcp_ping received 1024 bytes back
Round trip time was 0.021789 milliseconds in repetition 147
tcp_ping received 1024 bytes back
Round trip time was 0.022273 milliseconds in repetition 148
tcp_ping received 1024 bytes back
Round trip time was 0.021988 milliseconds in repetition 149
tcp_ping received 1024 bytes back
Round trip time was 0.022032 milliseconds in repetition 150
tcp_ping received 1024 bytes back
Round trip time was 0.021621 milliseconds in repetition 151
tcp_ping received 1024 bytes back
Round trip time was 0.0224 milliseconds in repetition 152
tcp_ping received 1024 bytes back
Round trip time was 0.021723 milliseconds in repetition 153
tcp_ping received 1024 bytes back
Round trip time was 0.022149 milliseconds in repetition 154
tcp_ping received 1024 bytes back
Round trip time was 0.021923 milliseconds in repetition 155
tcp_ping received 1024 bytes back
Round trip time was 0.022382 milliseconds in repetition 156
tcp_ping received 1024 bytes back
Round trip time was 0.021923 milliseconds in repetition 157
tcp_ping received 1024 bytes back
Round trip time was 0.021973 milliseconds in repetition 158
tcp_ping received 1024 bytes back
Round trip time was 0.021695 milliseconds in repetition 159
tcp_ping received 1024 bytes back
Round trip time was 0.022105 milliseconds in repetition 160
tcp_ping received 1024 bytes back
Round trip time was 0.021732 milliseconds in repetition 161
tcp_ping received 1024 bytes back
Round trip time was 0.022359 milliseconds in repetition 162
tcp_ping received 1024 bytes back
Round trip time was 0.022271 milliseconds in repetition 163
tcp_ping received 1024 bytes back
Round trip time was 0.022137 milliseconds in repetition 164
tcp_ping received 1024 bytes back
Round trip time was 0.021719 milliseconds in repetition 165
tcp_ping received 1024 bytes back
Round trip time was 0.022404 milliseconds in repetition 166
tcp_ping received 1024 bytes back
Round trip time was 0.021844 milliseconds in repetition 167
tcp_ping received 1024 bytes back
Round trip time was 0.022276 milliseconds in repetition 168
tcp_ping received 1024 bytes back
Round trip time was 0.021828 milliseconds in repetition 169
tcp_ping received 1024 bytes back
Round trip time was 0.022834 milliseconds in repetition 170
tcp_ping received 1024 bytes back
Round trip time was 0.02201 milliseconds in repetition 171
tcp_ping received 1024 bytes back
Round trip time was 0.022229 milliseconds in repetition 172
tcp_ping received 1024 bytes back
Round trip time was 0.021969 milliseconds in repetition 173
tcp_ping received 1024 bytes back
Round trip time was 0.021986 milliseconds in repetition 174
tcp_ping received 1024 bytes back
Round trip time was 0.026362 milliseconds in repetition 175
tcp_ping received 1024 bytes back
Round trip time was 0.022157 milliseconds in repetition 176
tcp_ping received 1024 bytes back
Round trip time was 0.022081 milliseconds in repetition 177
tcp_ping received 1024 bytes back
Round trip time was 0.022065 milliseconds in repetition 178
tcp_ping received 1024 bytes back
Round trip time was 0.022056 milliseconds in repetition 179
tcp_ping received 1024 bytes back
Round trip time was 0.022008 milliseconds in repetition 180
tcp_ping received 1024 bytes back
Round trip time was 0.022099 milliseconds in repetition 181
tcp_ping received 1024 bytes back
Round trip time was 0.021929 milliseconds in repetition 182
tcp_ping received 1024 bytes back
Round trip time was 0.021935 milliseconds in repetition 183
tcp_ping received 1024 bytes back
Round trip time was 0.022063 milliseconds in repetition 184
tcp_ping received 1024 bytes back
Round trip time was 0.022223 milliseconds in repetition 185
tcp_ping received 1024 bytes back
Round trip time was 0.022008 milliseconds in repetition 186
tcp_ping received 1024 bytes back
Round trip time was 0.022026 milliseconds in repetition 187
tcp_ping received 1024 bytes back
Round trip time was 0.02157 milliseconds in repetition 188
tcp_ping received 1024 bytes back
Round trip time was 0.022008 milliseconds in repetition 189
tcp_ping received 1024 bytes back
Round trip time was 0.021907 milliseconds in repetition 190
tcp_ping received 1024 bytes back
Round trip time was 0.022171 milliseconds in repetition 191
tcp_ping received 1024 bytes back
Round trip time was 0.021963 milliseconds in repetition 192
tcp_ping received 1024 bytes back
Round trip time was 0.021945 milliseconds in repetition 193
tcp_ping received 1024 bytes back
Round trip time was 0.021946 milliseconds in repetition 194
tcp_ping received 1024 bytes back
Round trip time was 0.0221 milliseconds in repetition 195
tcp_ping received 1024 bytes back
Round trip time was 0.021827 milliseconds in repetition 196
tcp_ping received 1024 bytes back
Round trip time was 0.021845 milliseconds in repetition 197
tcp_ping received 1024 bytes back
Round trip time was 0.022091 milliseconds in repetition 198
tcp_ping received 1024 bytes back
Round trip time was 0.022077 milliseconds in repetition 199
tcp_ping received 1024 bytes back
Round trip time was 0.0218 milliseconds in repetition 200
tcp_ping received 1024 bytes back
Round trip time was 0.021808 milliseconds in repetition 201
tcp_ping received 1024 bytes back
Round trip time was 0.02155 milliseconds in repetition 202
tcp_ping received 1024 bytes back
Round trip time was 0.021873 milliseconds in repetition 203
tcp_ping received 1024 bytes back
Round trip time was 0.021839 milliseconds in repetition 204
tcp_ping received 1024 bytes back
Round trip time was 0.022004 milliseconds in repetition 205
tcp_ping received 1024 bytes back
Round trip time was 0.021905 milliseconds in repetition 206
tcp_ping received 1024 bytes back
Round trip time was 0.021826 milliseconds in repetition 207
tcp_ping received 1024 bytes back
Round trip time was 0.021718 milliseconds in repetition 208
tcp_ping received 1024 bytes back
Round trip time was 0.02187 milliseconds in repetition 209
tcp_ping received 1024 bytes back
Round trip time was 0.022035 milliseconds in repetition 210
tcp_ping received 1024 bytes back
Round trip time was 0.021927 milliseconds in repetition 211
tcp_ping received 1024 bytes back
Round trip time was 0.022416 milliseconds in repetition 212
tcp_ping received 1024 bytes back
Round trip time was 0.022265 milliseconds in repetition 213
tcp_ping received 1024 bytes back
Round trip time was 0.02194 milliseconds in repetition 214
tcp_ping received 1024 bytes back
Round trip time was 0.02178 milliseconds in repetition 215
tcp_ping received 1024 bytes back
Round trip time was 0.021546 milliseconds in repetition 216
tcp_ping received 1024 bytes back
Round trip time was 0.021733 milliseconds in repetition 217
tcp_ping received 1024 bytes back
Round trip time was 0.021624 milliseconds in repetition 218
tcp_ping received 1024 bytes back
Round trip time was 0.026163 milliseconds in repetition 219
tcp_ping received 1024 bytes back
Round trip time was 0.021694 milliseconds in repetition 220
tcp_ping received 1024 bytes back
Round trip time was 0.022518 milliseconds in repetition 221
tcp_ping received 1024 bytes back
Round trip time was 5.44691 milliseconds in repetition 222
tcp_ping received 1024 bytes back
Round trip time was 3.36049 milliseconds in repetition 223
tcp_ping received 1024 bytes back
Round trip time was 5.25742 milliseconds in repetition 224
tcp_ping received 1024 bytes back
Round trip time was 0.086669 milliseconds in repetition 225
tcp_ping received 1024 bytes back
Round trip time was 0.130119 milliseconds in repetition 226
tcp_ping received 1024 bytes back
Round trip time was 0.026046 milliseconds in repetition 227
tcp_ping received 1024 bytes back
Round trip time was 0.022507 milliseconds in repetition 228
tcp_ping received 1024 bytes back
Round trip time was 0.021383 milliseconds in repetition 229
tcp_ping received 1024 bytes back
Round trip time was 0.022363 milliseconds in repetition 230
tcp_ping received 1024 bytes back
Round trip time was 0.021609 milliseconds in repetition 231
tcp_ping received 1024 bytes back
Round trip time was 0.021904 milliseconds in repetition 232
tcp_ping received 1024 bytes back
Round trip time was 0.021381 milliseconds in repetition 233
tcp_ping received 1024 bytes back
Round trip time was 0.022051 milliseconds in repetition 234
tcp_ping received 1024 bytes back
Round trip time was 0.021497 milliseconds in repetition 235
tcp_ping received 1024 bytes back
Round trip time was 0.022105 milliseconds in repetition 236
tcp_ping received 1024 bytes back
Round trip time was 0.02178 milliseconds in repetition 237
tcp_ping received 1024 bytes back
Round trip time was 0.022344 milliseconds in repetition 238
tcp_ping received 1024 bytes back
Round trip time was 0.021757 milliseconds in repetition 239
tcp_ping received 1024 bytes back
Round trip time was 0.022209 milliseconds in repetition 240
tcp_ping received 1024 bytes back
Round trip time was 0.02162 milliseconds in repetition 241
tcp_ping received 1024 bytes back
Round trip time was 0.026113 milliseconds in repetition 242
tcp_ping received 1024 bytes back
Round trip time was 0.030788 milliseconds in repetition 243
tcp_ping received 1024 bytes back
Round trip time was 0.022627 milliseconds in repetition 244
tcp_ping received 1024 bytes back
Round trip time was 0.021521 milliseconds in repetition 245
tcp_ping received 1024 bytes back
Round trip time was 0.022009 milliseconds in repetition 246
tcp_ping received 1024 bytes back
Round trip time was 0.021587 milliseconds in repetition 247
tcp_ping received 1024 bytes back
Round trip time was 0.022027 milliseconds in repetition 248
tcp_ping received 1024 bytes back
Round trip time was 0.021496 milliseconds in repetition 249
tcp_ping received 1024 bytes back
Round trip time was 0.022431 milliseconds in repetition 250
tcp_ping received 1024 bytes back
Round trip time was 0.021764 milliseconds in repetition 251
tcp_ping received 1024 bytes back
Round trip time was 0.022441 milliseconds in repetition 252
tcp_ping received 1024 bytes back
Round trip time was 0.021492 milliseconds in repetition 253
tcp_ping received 1024 bytes back
Round trip time was 0.022651 milliseconds in repetition 254
tcp_ping received 1024 bytes back
Round trip time was 0.022136 milliseconds in repetition 255
tcp_ping received 1024 bytes back
Round trip time was 0.022398 milliseconds in repetition 256
tcp_ping received 1024 bytes back
Round trip time was 0.021291 milliseconds in repetition 257
tcp_ping received 1024 bytes back
Round trip time was 0.022646 milliseconds in repetition 258
tcp_ping received 1024 bytes back
Round trip time was 0.021654 milliseconds in repetition 259
tcp_ping received 1024 bytes back
Round trip time was 0.022997 milliseconds in repetition 260
tcp_ping received 1024 bytes back
Round trip time was 0.021676 milliseconds in repetition 261
tcp_ping received 1024 bytes back
Round trip time was 0.02423 milliseconds in repetition 262
tcp_ping received 1024 bytes back
Round trip time was 0.034476 milliseconds in repetition 263
tcp_ping received 1024 bytes back
Round trip time was 0.024742 milliseconds in repetition 264
tcp_ping received 1024 bytes back
Round trip time was 0.023295 milliseconds in repetition 265
tcp_ping received 1024 bytes back
Round trip time was 0.024847 milliseconds in repetition 266
tcp_ping received 1024 bytes back
Round trip time was 0.024095 milliseconds in repetition 267
tcp_ping received 1024 bytes back
Round trip time was 0.027388 milliseconds in repetition 268
tcp_ping received 1024 bytes back
Round trip time was 0.026231 milliseconds in repetition 269
tcp_ping received 1024 bytes back
Round trip time was 0.024792 milliseconds in repetition 270
tcp_ping received 1024 bytes back
Round trip time was 0.027925 milliseconds in repetition 271
tcp_ping received 1024 bytes back
Round trip time was 0.029868 milliseconds in repetition 272
tcp_ping received 1024 bytes back
Round trip time was 0.027559 milliseconds in repetition 273
tcp_ping received 1024 bytes back
Round trip time was 0.02817 milliseconds in repetition 274
tcp_ping received 1024 bytes back
Round trip time was 0.029132 milliseconds in repetition 275
tcp_ping received 1024 bytes back
Round trip time was 0.028727 milliseconds in repetition 276
tcp_ping received 1024 bytes back
Round trip time was 0.029999 milliseconds in repetition 277
tcp_ping received 1024 bytes back
Round trip time was 0.028873 milliseconds in repetition 278
tcp_ping received 1024 bytes back
Round trip time was 0.028965 milliseconds in repetition 279
tcp_ping received 1024 bytes back
Round trip time was 0.030617 milliseconds in repetition 280
tcp_ping received 1024 bytes back
Round trip time was 0.02996 milliseconds in repetition 281
tcp_ping received 1024 bytes back
Round trip time was 0.029674 milliseconds in repetition 282
tcp_ping received 1024 bytes back
Round trip time was 0.028618 milliseconds in repetition 283
tcp_ping received 1024 bytes back
Round trip time was 0.029542 milliseconds in repetition 284
tcp_ping received 1024 bytes back
Round trip time was 0.027185 milliseconds in repetition 285
tcp_ping received 1024 bytes back
Round trip time was 0.196188 milliseconds in repetition 286
tcp_ping received 1024 bytes back
Round trip time was 0.02308 milliseconds in repetition 287
tcp_ping received 1024 bytes back
Round trip time was 0.022691 milliseconds in repetition 288
tcp_ping received 1024 bytes back
Round trip time was 0.021745 milliseconds in repetition 289
tcp_ping received 1024 bytes back
Round trip time was 0.022456 milliseconds in repetition 290
tcp_ping received 1024 bytes back
Round trip time was 0.02179 milliseconds in repetition 291
tcp_ping received 1024 bytes back
Round trip time was 0.022315 milliseconds in repetition 292
tcp_ping received 1024 bytes back
Round trip time was 0.022708 milliseconds in repetition 293
tcp_ping received 1024 bytes back
Round trip time was 0.022529 milliseconds in repetition 294
tcp_ping received 1024 bytes back
Round trip time was 0.022023 milliseconds in repetition 295
tcp_ping received 1024 bytes back
Round trip time was 0.022298 milliseconds in repetition 296
tcp_ping received 1024 bytes back
Round trip time was 0.021414 milliseconds in repetition 297
tcp_ping received 1024 bytes back
Round trip time was 0.022242 milliseconds in repetition 298
tcp_ping received 1024 bytes back
Round trip time was 0.021937 milliseconds in repetition 299
tcp_ping received 1024 bytes back
Round trip time was 0.022129 milliseconds in repetition 300
tcp_ping received 1024 bytes back
Round trip time was 0.021363 milliseconds in repetition 301
tcp_ping received 1024 bytes back
Round trip time was 0.022193 milliseconds in repetition 302
tcp_ping received 1024 bytes back
Round trip time was 0.021988 milliseconds in repetition 303
tcp_ping received 1024 bytes back
Round trip time was 0.02231 milliseconds in repetition 304
tcp_ping received 1024 bytes back
Round trip time was 0.021478 milliseconds in repetition 305
tcp_ping received 1024 bytes back
Round trip time was 0.027201 milliseconds in repetition 306
tcp_ping received 1024 bytes back
Round trip time was 0.021943 milliseconds in repetition 307
tcp_ping received 1024 bytes back
Round trip time was 0.022029 milliseconds in repetition 308
tcp_ping received 1024 bytes back
Round trip time was 0.021819 milliseconds in repetition 309
tcp_ping received 1024 bytes back
Round trip time was 0.022192 milliseconds in repetition 310
tcp_ping received 1024 bytes back
Round trip time was 0.021828 milliseconds in repetition 311
tcp_ping received 1024 bytes back
Round trip time was 0.022155 milliseconds in repetition 312
tcp_ping received 1024 bytes back
Round trip time was 0.021949 milliseconds in repetition 313
tcp_ping received 1024 bytes back
Round trip time was 0.022328 milliseconds in repetition 314
tcp_ping received 1024 bytes back
Round trip time was 0.021697 milliseconds in repetition 315
tcp_ping received 1024 bytes back
Round trip time was 0.02232 milliseconds in repetition 316
tcp_ping received 1024 bytes back
Round trip time was 0.02214 milliseconds in repetition 317
tcp_ping received 1024 bytes back
Round trip time was 0.022138 milliseconds in repetition 318
tcp_ping received 1024 bytes back
Round trip time was 0.021685 milliseconds in repetition 319
tcp_ping received 1024 bytes back
Round trip time was 0.022385 milliseconds in repetition 320
tcp_ping received 1024 bytes back
Round trip time was 0.021853 milliseconds in repetition 321
tcp_ping received 1024 bytes back
Round trip time was 0.022196 milliseconds in repetition 322
tcp_ping received 1024 bytes back
Round trip time was 0.021879 milliseconds in repetition 323
tcp_ping received 1024 bytes back
Round trip time was 0.022134 milliseconds in repetition 324
tcp_ping received 1024 bytes back
Round trip time was 0.021615 milliseconds in repetition 325
tcp_ping received 1024 bytes back
Round trip time was 0.022178 milliseconds in repetition 326
tcp_ping received 1024 bytes back
Round trip time was 0.021912 milliseconds in repetition 327
tcp_ping received 1024 bytes back
Round trip time was 0.022151 milliseconds in repetition 328
tcp_ping received 1024 bytes back
Round trip time was 0.021647 milliseconds in repetition 329
tcp_ping received 1024 bytes back
Round trip time was 0.022317 milliseconds in repetition 330
tcp_ping received 1024 bytes back
Round trip time was 0.021939 milliseconds in repetition 331
tcp_ping received 1024 bytes back
Round trip time was 0.022125 milliseconds in repetition 332
tcp_ping received 1024 bytes back
Round trip time was 0.021994 milliseconds in repetition 333
tcp_ping received 1024 bytes back
Round trip time was 0.022317 milliseconds in repetition 334
tcp_ping received 1024 bytes back
Round trip time was 0.021864 milliseconds in repetition 335
tcp_ping received 1024 bytes back
Round trip time was 0.021991 milliseconds in repetition 336
tcp_ping received 1024 bytes back
Round trip time was 0.021777 milliseconds in repetition 337
tcp_ping received 1024 bytes back
Round trip time was 0.022099 milliseconds in repetition 338
tcp_ping received 1024 bytes back
Round trip time was 0.021661 milliseconds in repetition 339
tcp_ping received 1024 bytes back
Round trip time was 0.022199 milliseconds in repetition 340
tcp_ping received 1024 bytes back
Round trip time was 0.021744 milliseconds in repetition 341
tcp_ping received 1024 bytes back
Round trip time was 0.022003 milliseconds in repetition 342
tcp_ping received 1024 bytes back
Round trip time was 0.038435 milliseconds in repetition 343
tcp_ping received 1024 bytes back
Round trip time was 0.023241 milliseconds in repetition 344
tcp_ping received 1024 bytes back
Round trip time was 0.022942 milliseconds in repetition 345
tcp_ping received 1024 bytes back
Round trip time was 0.022972 milliseconds in repetition 346
tcp_ping received 1024 bytes back
Round trip time was 0.022551 milliseconds in repetition 347
tcp_ping received 1024 bytes back
Round trip time was 0.0234 milliseconds in repetition 348
tcp_ping received 1024 bytes back
Round trip time was 0.022827 milliseconds in repetition 349
tcp_ping received 1024 bytes back
Round trip time was 0.0297 milliseconds in repetition 350
tcp_ping received 1024 bytes back
Round trip time was 0.023293 milliseconds in repetition 351
tcp_ping received 1024 bytes back
Round trip time was 0.022832 milliseconds in repetition 352
tcp_ping received 1024 bytes back
Round trip time was 0.023008 milliseconds in repetition 353
tcp_ping received 1024 bytes back
Round trip time was 0.022917 milliseconds in repetition 354
tcp_ping received 1024 bytes back
Round trip time was 0.023098 milliseconds in repetition 355
tcp_ping received 1024 bytes back
Round trip time was 0.022955 milliseconds in repetition 356
tcp_ping received 1024 bytes back
Round trip time was 0.022954 milliseconds in repetition 357
tcp_ping received 1024 bytes back
Round trip time was 0.022881 milliseconds in repetition 358
tcp_ping received 1024 bytes back
Round trip time was 0.023106 milliseconds in repetition 359
tcp_ping received 1024 bytes back
Round trip time was 0.022922 milliseconds in repetition 360
tcp_ping received 1024 bytes back
Round trip time was 0.022873 milliseconds in repetition 361
tcp_ping received 1024 bytes back
Round trip time was 0.022919 milliseconds in repetition 362
tcp_ping received 1024 bytes back
Round trip time was 0.023294 milliseconds in repetition 363
tcp_ping received 1024 bytes back
Round trip time was 0.022992 milliseconds in repetition 364
tcp_ping received 1024 bytes back
Round trip time was 0.02289 milliseconds in repetition 365
tcp_ping received 1024 bytes back
Round trip time was 0.022651 milliseconds in repetition 366
tcp_ping received 1024 bytes back
Round trip time was 0.023045 milliseconds in repetition 367
tcp_ping received 1024 bytes back
Round trip time was 0.022913 milliseconds in repetition 368
tcp_ping received 1024 bytes back
Round trip time was 0.02313 milliseconds in repetition 369
tcp_ping received 1024 bytes back
Round trip time was 0.023023 milliseconds in repetition 370
tcp_ping received 1024 bytes back
Round trip time was 0.02308 milliseconds in repetition 371
tcp_ping received 1024 bytes back
Round trip time was 0.022869 milliseconds in repetition 372
tcp_ping received 1024 bytes back
Round trip time was 0.023508 milliseconds in repetition 373
tcp_ping received 1024 bytes back
Round trip time was 0.023146 milliseconds in repetition 374
tcp_ping received 1024 bytes back
Round trip time was 0.023034 milliseconds in repetition 375
tcp_ping received 1024 bytes back
Round trip time was 0.022851 milliseconds in repetition 376
tcp_ping received 1024 bytes back
Round trip time was 0.023125 milliseconds in repetition 377
tcp_ping received 1024 bytes back
Round trip time was 0.023057 milliseconds in repetition 378
tcp_ping received 1024 bytes back
Round trip time was 0.022977 milliseconds in repetition 379
tcp_ping received 1024 bytes back
Round trip time was 0.022516 milliseconds in repetition 380
tcp_ping received 1024 bytes back
Round trip time was 0.023147 milliseconds in repetition 381
tcp_ping received 1024 bytes back
Round trip time was 0.023012 milliseconds in repetition 382
tcp_ping received 1024 bytes back
Round trip time was 0.023031 milliseconds in repetition 383
tcp_ping received 1024 bytes back
Round trip time was 0.023036 milliseconds in repetition 384
tcp_ping received 1024 bytes back
Round trip time was 0.022886 milliseconds in repetition 385
tcp_ping received 1024 bytes back
Round trip time was 0.02293 milliseconds in repetition 386
tcp_ping received 1024 bytes back
Round trip time was 0.023209 milliseconds in repetition 387
tcp_ping received 1024 bytes back
Round trip time was 0.022985 milliseconds in repetition 388
tcp_ping received 1024 bytes back
Round trip time was 0.0229 milliseconds in repetition 389
tcp_ping received 1024 bytes back
Round trip time was 0.022907 milliseconds in repetition 390
tcp_ping received 1024 bytes back
Round trip time was 0.023028 milliseconds in repetition 391
tcp_ping received 1024 bytes back
Round trip time was 0.022949 milliseconds in repetition 392
tcp_ping received 1024 bytes back
Round trip time was 0.027241 milliseconds in repetition 393
tcp_ping received 1024 bytes back
Round trip time was 0.022444 milliseconds in repetition 394
tcp_ping received 1024 bytes back
Round trip time was 0.023297 milliseconds in repetition 395
tcp_ping received 1024 bytes back
Round trip time was 0.022532 milliseconds in repetition 396
tcp_ping received 1024 bytes back
Round trip time was 0.023118 milliseconds in repetition 397
tcp_ping received 1024 bytes back
Round trip time was 0.022053 milliseconds in repetition 398
tcp_ping received 1024 bytes back
Round trip time was 0.02328 milliseconds in repetition 399
tcp_ping received 1024 bytes back
Round trip time was 0.022666 milliseconds in repetition 400
tcp_ping received 1024 bytes back
Round trip time was 0.023103 milliseconds in repetition 401
tcp_ping received 1024 bytes back
Round trip time was 0.022036 milliseconds in repetition 402
tcp_ping received 1024 bytes back
Round trip time was 0.023234 milliseconds in repetition 403
tcp_ping received 1024 bytes back
Round trip time was 0.022698 milliseconds in repetition 404
tcp_ping received 1024 bytes back
Round trip time was 0.023103 milliseconds in repetition 405
tcp_ping received 1024 bytes back
Round trip time was 0.022127 milliseconds in repetition 406
tcp_ping received 1024 bytes back
Round trip time was 0.023136 milliseconds in repetition 407
tcp_ping received 1024 bytes back
Round trip time was 0.022503 milliseconds in repetition 408
tcp_ping received 1024 bytes back
Round trip time was 0.023303 milliseconds in repetition 409
tcp_ping received 1024 bytes back
Round trip time was 0.022574 milliseconds in repetition 410
tcp_ping received 1024 bytes back
Round trip time was 0.023355 milliseconds in repetition 411
tcp_ping received 1024 bytes back
Round trip time was 0.022305 milliseconds in repetition 412
tcp_ping received 1024 bytes back
Round trip time was 0.023636 milliseconds in repetition 413
tcp_ping received 1024 bytes back
Round trip time was 0.022534 milliseconds in repetition 414
tcp_ping received 1024 bytes back
Round trip time was 0.023186 milliseconds in repetition 415
tcp_ping received 1024 bytes back
Round trip time was 0.022232 milliseconds in repetition 416
tcp_ping received 1024 bytes back
Round trip time was 0.023194 milliseconds in repetition 417
tcp_ping received 1024 bytes back
Round trip time was 0.038302 milliseconds in repetition 418
tcp_ping received 1024 bytes back
Round trip time was 0.022411 milliseconds in repetition 419
tcp_ping received 1024 bytes back
Round trip time was 0.021424 milliseconds in repetition 420
tcp_ping received 1024 bytes back
Round trip time was 0.022356 milliseconds in repetition 421
tcp_ping received 1024 bytes back
Round trip time was 0.021479 milliseconds in repetition 422
tcp_ping received 1024 bytes back
Round trip time was 0.02224 milliseconds in repetition 423
tcp_ping received 1024 bytes back
Round trip time was 0.021572 milliseconds in repetition 424
tcp_ping received 1024 bytes back
Round trip time was 0.02234 milliseconds in repetition 425
tcp_ping received 1024 bytes back
Round trip time was 0.021447 milliseconds in repetition 426
tcp_ping received 1024 bytes back
Round trip time was 0.022141 milliseconds in repetition 427
tcp_ping received 1024 bytes back
Round trip time was 0.021592 milliseconds in repetition 428
tcp_ping received 1024 bytes back
Round trip time was 0.02226 milliseconds in repetition 429
tcp_ping received 1024 bytes back
Round trip time was 0.0714 milliseconds in repetition 430
tcp_ping received 1024 bytes back
Round trip time was 0.026063 milliseconds in repetition 431
tcp_ping received 1024 bytes back
Round trip time was 0.022588 milliseconds in repetition 432
tcp_ping received 1024 bytes back
Round trip time was 0.02147 milliseconds in repetition 433
tcp_ping received 1024 bytes back
Round trip time was 0.022205 milliseconds in repetition 434
tcp_ping received 1024 bytes back
Round trip time was 0.021723 milliseconds in repetition 435
tcp_ping received 1024 bytes back
Round trip time was 0.022229 milliseconds in repetition 436
tcp_ping received 1024 bytes back
Round trip time was 0.026519 milliseconds in repetition 437
tcp_ping received 1024 bytes back
Round trip time was 0.022369 milliseconds in repetition 438
tcp_ping received 1024 bytes back
Round trip time was 0.021865 milliseconds in repetition 439
tcp_ping received 1024 bytes back
Round trip time was 0.022317 milliseconds in repetition 440
tcp_ping received 1024 bytes back
Round trip time was 0.021691 milliseconds in repetition 441
tcp_ping received 1024 bytes back
Round trip time was 0.022357 milliseconds in repetition 442
tcp_ping received 1024 bytes back
Round trip time was 0.021699 milliseconds in repetition 443
tcp_ping received 1024 bytes back
Round trip time was 0.022101 milliseconds in repetition 444
tcp_ping received 1024 bytes back
Round trip time was 0.021682 milliseconds in repetition 445
tcp_ping received 1024 bytes back
Round trip time was 0.022165 milliseconds in repetition 446
tcp_ping received 1024 bytes back
Round trip time was 0.021833 milliseconds in repetition 447
tcp_ping received 1024 bytes back
Round trip time was 0.022267 milliseconds in repetition 448
tcp_ping received 1024 bytes back
Round trip time was 0.021821 milliseconds in repetition 449
tcp_ping received 1024 bytes back
Round trip time was 0.022226 milliseconds in repetition 450
tcp_ping received 1024 bytes back
Round trip time was 0.021646 milliseconds in repetition 451
tcp_ping received 1024 bytes back
Round trip time was 0.02308 milliseconds in repetition 452
tcp_ping received 1024 bytes back
Round trip time was 0.022045 milliseconds in repetition 453
tcp_ping received 1024 bytes back
Round trip time was 0.022247 milliseconds in repetition 454
tcp_ping received 1024 bytes back
Round trip time was 0.021451 milliseconds in repetition 455
tcp_ping received 1024 bytes back
Round trip time was 0.021997 milliseconds in repetition 456
tcp_ping received 1024 bytes back
Round trip time was 0.021733 milliseconds in repetition 457
tcp_ping received 1024 bytes back
Round trip time was 0.022092 milliseconds in repetition 458
tcp_ping received 1024 bytes back
Round trip time was 0.021779 milliseconds in repetition 459
tcp_ping received 1024 bytes back
Round trip time was 0.022313 milliseconds in repetition 460
tcp_ping received 1024 bytes back
Round trip time was 0.02177 milliseconds in repetition 461
tcp_ping received 1024 bytes back
Round trip time was 0.021932 milliseconds in repetition 462
tcp_ping received 1024 bytes back
Round trip time was 0.021891 milliseconds in repetition 463
tcp_ping received 1024 bytes back
Round trip time was 0.02231 milliseconds in repetition 464
tcp_ping received 1024 bytes back
Round trip time was 0.021868 milliseconds in repetition 465
tcp_ping received 1024 bytes back
Round trip time was 0.022425 milliseconds in repetition 466
tcp_ping received 1024 bytes back
Round trip time was 0.022068 milliseconds in repetition 467
tcp_ping received 1024 bytes back
Round trip time was 0.022554 milliseconds in repetition 468
tcp_ping received 1024 bytes back
Round trip time was 0.022034 milliseconds in repetition 469
tcp_ping received 1024 bytes back
Round trip time was 0.022393 milliseconds in repetition 470
tcp_ping received 1024 bytes back
Round trip time was 0.021822 milliseconds in repetition 471
tcp_ping received 1024 bytes back
Round trip time was 0.02229 milliseconds in repetition 472
tcp_ping received 1024 bytes back
Round trip time was 0.021701 milliseconds in repetition 473
tcp_ping received 1024 bytes back
Round trip time was 0.02227 milliseconds in repetition 474
tcp_ping received 1024 bytes back
Round trip time was 0.021561 milliseconds in repetition 475
tcp_ping received 1024 bytes back
Round trip time was 0.0221 milliseconds in repetition 476
tcp_ping received 1024 bytes back
Round trip time was 0.02201 milliseconds in repetition 477
tcp_ping received 1024 bytes back
Round trip time was 0.022294 milliseconds in repetition 478
tcp_ping received 1024 bytes back
Round trip time was 0.021463 milliseconds in repetition 479
tcp_ping received 1024 bytes back
Round trip time was 0.022806 milliseconds in repetition 480
tcp_ping received 1024 bytes back
Round trip time was 0.026056 milliseconds in repetition 481
tcp_ping received 1024 bytes back
Round trip time was 0.022486 milliseconds in repetition 482
tcp_ping received 1024 bytes back
Round trip time was 0.021902 milliseconds in repetition 483
tcp_ping received 1024 bytes back
Round trip time was 0.022426 milliseconds in repetition 484
tcp_ping received 1024 bytes back
Round trip time was 0.021762 milliseconds in repetition 485
tcp_ping received 1024 bytes back
Round trip time was 0.022104 milliseconds in repetition 486
tcp_ping received 1024 bytes back
Round trip time was 0.021604 milliseconds in repetition 487
tcp_ping received 1024 bytes back
Round trip time was 0.022146 milliseconds in repetition 488
tcp_ping received 1024 bytes back
Round trip time was 0.021889 milliseconds in repetition 489
tcp_ping received 1024 bytes back
Round trip time was 0.021939 milliseconds in repetition 490
tcp_ping received 1024 bytes back
Round trip time was 0.02163 milliseconds in repetition 491
tcp_ping received 1024 bytes back
Round trip time was 0.022132 milliseconds in repetition 492
tcp_ping received 1024 bytes back
Round trip time was 0.021717 milliseconds in repetition 493
tcp_ping received 1024 bytes back
Round trip time was 0.022411 milliseconds in repetition 494
tcp_ping received 1024 bytes back
Round trip time was 0.021768 milliseconds in repetition 495
tcp_ping received 1024 bytes back
Round trip time was 0.02216 milliseconds in repetition 496
tcp_ping received 1024 bytes back
Round trip time was 0.02171 milliseconds in repetition 497
tcp_ping received 1024 bytes back
Round trip time was 0.022147 milliseconds in repetition 498
tcp_ping received 1024 bytes back
Round trip time was 0.021823 milliseconds in repetition 499
tcp_ping received 1024 bytes back
Round trip time was 0.022141 milliseconds in repetition 500
tcp_ping received 1024 bytes back
Round trip time was 0.355552 milliseconds in repetition 501

 ... clock resolution was 1e-06
TCP Ping:  Statistics over 501 repetitions of 1024 byte messages

RTT : percentile 10: 0.021587, median: 0.022129, percentile 90: 0.026113, average: 0.0542695, variance: 0.135688

RTT histogram:
0.0211725 492
0.292459 6
0.563746 0
0.835033 0
1.10632 0
1.37761 0
1.64889 0
1.92018 0
2.19147 0
2.46275 0
2.73404 0
3.00533 0
3.27661 1
3.5479 0
3.81919 0
4.09048 0
4.36176 0
4.63305 0
4.90434 0
5.17562 1
5.44691 1

   median Throughput : 92548.2 KB/s   overall Throughput : 37737.6 KB/s

