TCP Ping trying to connect to server localhost (127.0.0.1) on port 1492
 ... connected to Pong server: asking for 501 repetitions of 65536 bytes TCP messages
 ... Pong server agreed :-)
tcp_ping received 65536 bytes back
Round trip time was 1.5322 milliseconds in repetition 1
tcp_ping received 65536 bytes back
Round trip time was 1.5928 milliseconds in repetition 2
tcp_ping received 65536 bytes back
Round trip time was 1.5008 milliseconds in repetition 3
tcp_ping received 65536 bytes back
Round trip time was 1.6613 milliseconds in repetition 4
tcp_ping received 65536 bytes back
Round trip time was 1.759 milliseconds in repetition 5
tcp_ping received 65536 bytes back
Round trip time was 1.518 milliseconds in repetition 6
tcp_ping received 65536 bytes back
Round trip time was 1.7104 milliseconds in repetition 7
tcp_ping received 65536 bytes back
Round trip time was 2.1093 milliseconds in repetition 8
tcp_ping received 65536 bytes back
Round trip time was 1.6365 milliseconds in repetition 9
tcp_ping received 65536 bytes back
Round trip time was 1.577 milliseconds in repetition 10
tcp_ping received 65536 bytes back
Round trip time was 1.5864 milliseconds in repetition 11
tcp_ping received 65536 bytes back
Round trip time was 1.5291 milliseconds in repetition 12
tcp_ping received 65536 bytes back
Round trip time was 1.6542 milliseconds in repetition 13
tcp_ping received 65536 bytes back
Round trip time was 1.6421 milliseconds in repetition 14
tcp_ping received 65536 bytes back
Round trip time was 1.6842 milliseconds in repetition 15
tcp_ping received 65536 bytes back
Round trip time was 1.5296 milliseconds in repetition 16
tcp_ping received 65536 bytes back
Round trip time was 1.5829 milliseconds in repetition 17
tcp_ping received 65536 bytes back
Round trip time was 1.4395 milliseconds in repetition 18
tcp_ping received 65536 bytes back
Round trip time was 2.1402 milliseconds in repetition 19
tcp_ping received 65536 bytes back
Round trip time was 1.511 milliseconds in repetition 20
tcp_ping received 65536 bytes back
Round trip time was 1.5004 milliseconds in repetition 21
tcp_ping received 65536 bytes back
Round trip time was 1.6886 milliseconds in repetition 22
tcp_ping received 65536 bytes back
Round trip time was 1.6193 milliseconds in repetition 23
tcp_ping received 65536 bytes back
Round trip time was 2.0884 milliseconds in repetition 24
tcp_ping received 65536 bytes back
Round trip time was 1.5489 milliseconds in repetition 25
tcp_ping received 65536 bytes back
Round trip time was 1.6894 milliseconds in repetition 26
tcp_ping received 65536 bytes back
Round trip time was 1.586 milliseconds in repetition 27
tcp_ping received 65536 bytes back
Round trip time was 1.6181 milliseconds in repetition 28
tcp_ping received 65536 bytes back
Round trip time was 1.5407 milliseconds in repetition 29
tcp_ping received 65536 bytes back
Round trip time was 1.5927 milliseconds in repetition 30
tcp_ping received 65536 bytes back
Round trip time was 1.8461 milliseconds in repetition 31
tcp_ping received 65536 bytes back
Round trip time was 1.5213 milliseconds in repetition 32
tcp_ping received 65536 bytes back
Round trip time was 1.6858 milliseconds in repetition 33
tcp_ping received 65536 bytes back
Round trip time was 2.1336 milliseconds in repetition 34
tcp_ping received 65536 bytes back
Round trip time was 1.5918 milliseconds in repetition 35
tcp_ping received 65536 bytes back
Round trip time was 2.1493 milliseconds in repetition 36
tcp_ping received 65536 bytes back
Round trip time was 1.9452 milliseconds in repetition 37
tcp_ping received 65536 bytes back
Round trip time was 2.1312 milliseconds in repetition 38
tcp_ping received 65536 bytes back
Round trip time was 2.2326 milliseconds in repetition 39
tcp_ping received 65536 bytes back
Round trip time was 2.0839 milliseconds in repetition 40
tcp_ping received 65536 bytes back
Round trip time was 2.0049 milliseconds in repetition 41
tcp_ping received 65536 bytes back
Round trip time was 2.0422 milliseconds in repetition 42
tcp_ping received 65536 bytes back
Round trip time was 2.0628 milliseconds in repetition 43
tcp_ping received 65536 bytes back
Round trip time was 1.6706 milliseconds in repetition 44
tcp_ping received 65536 bytes back
Round trip time was 1.9354 milliseconds in repetition 45
tcp_ping received 65536 bytes back
Round trip time was 1.6261 milliseconds in repetition 46
tcp_ping received 65536 bytes back
Round trip time was 1.7505 milliseconds in repetition 47
tcp_ping received 65536 bytes back
Round trip time was 1.7707 milliseconds in repetition 48
tcp_ping received 65536 bytes back
Round trip time was 2.2496 milliseconds in repetition 49
tcp_ping received 65536 bytes back
Round trip time was 2.5445 milliseconds in repetition 50
tcp_ping received 65536 bytes back
Round trip time was 2.0431 milliseconds in repetition 51
tcp_ping received 65536 bytes back
Round trip time was 1.5937 milliseconds in repetition 52
tcp_ping received 65536 bytes back
Round trip time was 1.6405 milliseconds in repetition 53
tcp_ping received 65536 bytes back
Round trip time was 1.5039 milliseconds in repetition 54
tcp_ping received 65536 bytes back
Round trip time was 1.7379 milliseconds in repetition 55
tcp_ping received 65536 bytes back
Round trip time was 1.742 milliseconds in repetition 56
tcp_ping received 65536 bytes back
Round trip time was 1.6958 milliseconds in repetition 57
tcp_ping received 65536 bytes back
Round trip time was 1.7038 milliseconds in repetition 58
tcp_ping received 65536 bytes back
Round trip time was 1.6198 milliseconds in repetition 59
tcp_ping received 65536 bytes back
Round trip time was 2.0375 milliseconds in repetition 60
tcp_ping received 65536 bytes back
Round trip time was 1.527 milliseconds in repetition 61
tcp_ping received 65536 bytes back
Round trip time was 1.4853 milliseconds in repetition 62
tcp_ping received 65536 bytes back
Round trip time was 1.5094 milliseconds in repetition 63
tcp_ping received 65536 bytes back
Round trip time was 1.981 milliseconds in repetition 64
tcp_ping received 65536 bytes back
Round trip time was 2.5111 milliseconds in repetition 65
tcp_ping received 65536 bytes back
Round trip time was 1.5678 milliseconds in repetition 66
tcp_ping received 65536 bytes back
Round trip time was 1.6356 milliseconds in repetition 67
tcp_ping received 65536 bytes back
Round trip time was 1.7046 milliseconds in repetition 68
tcp_ping received 65536 bytes back
Round trip time was 1.6781 milliseconds in repetition 69
tcp_ping received 65536 bytes back
Round trip time was 1.5573 milliseconds in repetition 70
tcp_ping received 65536 bytes back
Round trip time was 1.5066 milliseconds in repetition 71
tcp_ping received 65536 bytes back
Round trip time was 1.7837 milliseconds in repetition 72
tcp_ping received 65536 bytes back
Round trip time was 2.6433 milliseconds in repetition 73
tcp_ping received 65536 bytes back
Round trip time was 1.5527 milliseconds in repetition 74
tcp_ping received 65536 bytes back
Round trip time was 1.6759 milliseconds in repetition 75
tcp_ping received 65536 bytes back
Round trip time was 1.6816 milliseconds in repetition 76
tcp_ping received 65536 bytes back
Round trip time was 1.4994 milliseconds in repetition 77
tcp_ping received 65536 bytes back
Round trip time was 1.5127 milliseconds in repetition 78
tcp_ping received 65536 bytes back
Round trip time was 1.5001 milliseconds in repetition 79
tcp_ping received 65536 bytes back
Round trip time was 1.5725 milliseconds in repetition 80
tcp_ping received 65536 bytes back
Round trip time was 1.8672 milliseconds in repetition 81
tcp_ping received 65536 bytes back
Round trip time was 1.649 milliseconds in repetition 82
tcp_ping received 65536 bytes back
Round trip time was 1.6404 milliseconds in repetition 83
tcp_ping received 65536 bytes back
Round trip time was 1.6323 milliseconds in repetition 84
tcp_ping received 65536 bytes back
Round trip time was 1.5293 milliseconds in repetition 85
tcp_ping received 65536 bytes back
Round trip time was 1.5567 milliseconds in repetition 86
tcp_ping received 65536 bytes back
Round trip time was 1.5049 milliseconds in repetition 87
tcp_ping received 65536 bytes back
Round trip time was 1.5007 milliseconds in repetition 88
tcp_ping received 65536 bytes back
Round trip time was 1.518 milliseconds in repetition 89
tcp_ping received 65536 bytes back
Round trip time was 1.9699 milliseconds in repetition 90
tcp_ping received 65536 bytes back
Round trip time was 2.4121 milliseconds in repetition 91
tcp_ping received 65536 bytes back
Round trip time was 1.7478 milliseconds in repetition 92
tcp_ping received 65536 bytes back
Round trip time was 1.853 milliseconds in repetition 93
tcp_ping received 65536 bytes back
Round trip time was 1.5503 milliseconds in repetition 94
tcp_ping received 65536 bytes back
Round trip time was 1.5489 milliseconds in repetition 95
tcp_ping received 65536 bytes back
Round trip time was 1.558 milliseconds in repetition 96
tcp_ping received 65536 bytes back
Round trip time was 1.5618 milliseconds in repetition 97
tcp_ping received 65536 bytes back
Round trip time was 1.5392 milliseconds in repetition 98
tcp_ping received 65536 bytes back
Round trip time was 1.9084 milliseconds in repetition 99
tcp_ping received 65536 bytes back
Round trip time was 1.5861 milliseconds in repetition 100
tcp_ping received 65536 bytes back
Round trip time was 1.6665 milliseconds in repetition 101
tcp_ping received 65536 bytes back
Round trip time was 1.5262 milliseconds in repetition 102
tcp_ping received 65536 bytes back
Round trip time was 1.5163 milliseconds in repetition 103
tcp_ping received 65536 bytes back
Round trip time was 1.5052 milliseconds in repetition 104
tcp_ping received 65536 bytes back
Round trip time was 1.5969 milliseconds in repetition 105
tcp_ping received 65536 bytes back
Round trip time was 1.5064 milliseconds in repetition 106
tcp_ping received 65536 bytes back
Round trip time was 1.7055 milliseconds in repetition 107
tcp_ping received 65536 bytes back
Round trip time was 1.6408 milliseconds in repetition 108
tcp_ping received 65536 bytes back
Round trip time was 1.5769 milliseconds in repetition 109
tcp_ping received 65536 bytes back
Round trip time was 1.5182 milliseconds in repetition 110
tcp_ping received 65536 bytes back
Round trip time was 1.5699 milliseconds in repetition 111
tcp_ping received 65536 bytes back
Round trip time was 1.5144 milliseconds in repetition 112
tcp_ping received 65536 bytes back
Round trip time was 1.5321 milliseconds in repetition 113
tcp_ping received 65536 bytes back
Round trip time was 1.5056 milliseconds in repetition 114
tcp_ping received 65536 bytes back
Round trip time was 1.5846 milliseconds in repetition 115
tcp_ping received 65536 bytes back
Round trip time was 1.5209 milliseconds in repetition 116
tcp_ping received 65536 bytes back
Round trip time was 1.7644 milliseconds in repetition 117
tcp_ping received 65536 bytes back
Round trip time was 2.2292 milliseconds in repetition 118
tcp_ping received 65536 bytes back
Round trip time was 1.5151 milliseconds in repetition 119
tcp_ping received 65536 bytes back
Round trip time was 1.5185 milliseconds in repetition 120
tcp_ping received 65536 bytes back
Round trip time was 1.5074 milliseconds in repetition 121
tcp_ping received 65536 bytes back
Round trip time was 1.466 milliseconds in repetition 122
tcp_ping received 65536 bytes back
Round trip time was 1.5092 milliseconds in repetition 123
tcp_ping received 65536 bytes back
Round trip time was 1.4802 milliseconds in repetition 124
tcp_ping received 65536 bytes back
Round trip time was 1.3587 milliseconds in repetition 125
tcp_ping received 65536 bytes back
Round trip time was 1.3324 milliseconds in repetition 126
tcp_ping received 65536 bytes back
Round trip time was 1.4924 milliseconds in repetition 127
tcp_ping received 65536 bytes back
Round trip time was 1.3314 milliseconds in repetition 128
tcp_ping received 65536 bytes back
Round trip time was 1.4516 milliseconds in repetition 129
tcp_ping received 65536 bytes back
Round trip time was 1.3938 milliseconds in repetition 130
tcp_ping received 65536 bytes back
Round trip time was 1.3535 milliseconds in repetition 131
tcp_ping received 65536 bytes back
Round trip time was 1.3332 milliseconds in repetition 132
tcp_ping received 65536 bytes back
Round trip time was 1.4269 milliseconds in repetition 133
tcp_ping received 65536 bytes back
Round trip time was 1.3331 milliseconds in repetition 134
tcp_ping received 65536 bytes back
Round trip time was 1.3668 milliseconds in repetition 135
tcp_ping received 65536 bytes back
Round trip time was 1.3324 milliseconds in repetition 136
tcp_ping received 65536 bytes back
Round trip time was 1.4602 milliseconds in repetition 137
tcp_ping received 65536 bytes back
Round trip time was 1.5595 milliseconds in repetition 138
tcp_ping received 65536 bytes back
Round trip time was 1.415 milliseconds in repetition 139
tcp_ping received 65536 bytes back
Round trip time was 1.3355 milliseconds in repetition 140
tcp_ping received 65536 bytes back
Round trip time was 1.3996 milliseconds in repetition 141
tcp_ping received 65536 bytes back
Round trip time was 1.3228 milliseconds in repetition 142
tcp_ping received 65536 bytes back
Round trip time was 1.418 milliseconds in repetition 143
tcp_ping received 65536 bytes back
Round trip time was 1.3409 milliseconds in repetition 144
tcp_ping received 65536 bytes back
Round trip time was 1.3413 milliseconds in repetition 145
tcp_ping received 65536 bytes back
Round trip time was 1.3858 milliseconds in repetition 146
tcp_ping received 65536 bytes back
Round trip time was 1.3233 milliseconds in repetition 147
tcp_ping received 65536 bytes back
Round trip time was 1.3045 milliseconds in repetition 148
tcp_ping received 65536 bytes back
Round trip time was 1.604 milliseconds in repetition 149
tcp_ping received 65536 bytes back
Round trip time was 1.3553 milliseconds in repetition 150
tcp_ping received 65536 bytes back
Round trip time was 1.4309 milliseconds in repetition 151
tcp_ping received 65536 bytes back
Round trip time was 1.3235 milliseconds in repetition 152
tcp_ping received 65536 bytes back
Round trip time was 1.3085 milliseconds in repetition 153
tcp_ping received 65536 bytes back
Round trip time was 1.3407 milliseconds in repetition 154
tcp_ping received 65536 bytes back
Round trip time was 1.421 milliseconds in repetition 155
tcp_ping received 65536 bytes back
Round trip time was 1.8672 milliseconds in repetition 156
tcp_ping received 65536 bytes back
Round trip time was 1.5046 milliseconds in repetition 157
tcp_ping received 65536 bytes back
Round trip time was 1.9279 milliseconds in repetition 158
tcp_ping received 65536 bytes back
Round trip time was 1.4278 milliseconds in repetition 159
tcp_ping received 65536 bytes back
Round trip time was 1.4391 milliseconds in repetition 160
tcp_ping received 65536 bytes back
Round trip time was 1.3771 milliseconds in repetition 161
tcp_ping received 65536 bytes back
Round trip time was 1.3319 milliseconds in repetition 162
tcp_ping received 65536 bytes back
Round trip time was 1.3557 milliseconds in repetition 163
tcp_ping received 65536 bytes back
Round trip time was 1.5245 milliseconds in repetition 164
tcp_ping received 65536 bytes back
Round trip time was 1.3273 milliseconds in repetition 165
tcp_ping received 65536 bytes back
Round trip time was 1.3409 milliseconds in repetition 166
tcp_ping received 65536 bytes back
Round trip time was 1.3574 milliseconds in repetition 167
tcp_ping received 65536 bytes back
Round trip time was 1.3315 milliseconds in repetition 168
tcp_ping received 65536 bytes back
Round trip time was 1.3908 milliseconds in repetition 169
tcp_ping received 65536 bytes back
Round trip time was 1.426 milliseconds in repetition 170
tcp_ping received 65536 bytes back
Round trip time was 1.4499 milliseconds in repetition 171
tcp_ping received 65536 bytes back
Round trip time was 1.3762 milliseconds in repetition 172
tcp_ping received 65536 bytes back
Round trip time was 1.3291 milliseconds in repetition 173
tcp_ping received 65536 bytes back
Round trip time was 1.3541 milliseconds in repetition 174
tcp_ping received 65536 bytes back
Round trip time was 1.5174 milliseconds in repetition 175
tcp_ping received 65536 bytes back
Round trip time was 1.4388 milliseconds in repetition 176
tcp_ping received 65536 bytes back
Round trip time was 1.3765 milliseconds in repetition 177
tcp_ping received 65536 bytes back
Round trip time was 1.3323 milliseconds in repetition 178
tcp_ping received 65536 bytes back
Round trip time was 1.3566 milliseconds in repetition 179
tcp_ping received 65536 bytes back
Round trip time was 1.6332 milliseconds in repetition 180
tcp_ping received 65536 bytes back
Round trip time was 1.3887 milliseconds in repetition 181
tcp_ping received 65536 bytes back
Round trip time was 1.4202 milliseconds in repetition 182
tcp_ping received 65536 bytes back
Round trip time was 1.4147 milliseconds in repetition 183
tcp_ping received 65536 bytes back
Round trip time was 1.3305 milliseconds in repetition 184
tcp_ping received 65536 bytes back
Round trip time was 1.3869 milliseconds in repetition 185
tcp_ping received 65536 bytes back
Round trip time was 1.3384 milliseconds in repetition 186
tcp_ping received 65536 bytes back
Round trip time was 1.3561 milliseconds in repetition 187
tcp_ping received 65536 bytes back
Round trip time was 1.544 milliseconds in repetition 188
tcp_ping received 65536 bytes back
Round trip time was 1.3329 milliseconds in repetition 189
tcp_ping received 65536 bytes back
Round trip time was 1.3587 milliseconds in repetition 190
tcp_ping received 65536 bytes back
Round trip time was 1.5793 milliseconds in repetition 191
tcp_ping received 65536 bytes back
Round trip time was 1.3681 milliseconds in repetition 192
tcp_ping received 65536 bytes back
Round trip time was 1.378 milliseconds in repetition 193
tcp_ping received 65536 bytes back
Round trip time was 1.5187 milliseconds in repetition 194
tcp_ping received 65536 bytes back
Round trip time was 1.3597 milliseconds in repetition 195
tcp_ping received 65536 bytes back
Round trip time was 1.3292 milliseconds in repetition 196
tcp_ping received 65536 bytes back
Round trip time was 1.3566 milliseconds in repetition 197
tcp_ping received 65536 bytes back
Round trip time was 1.3328 milliseconds in repetition 198
tcp_ping received 65536 bytes back
Round trip time was 1.3733 milliseconds in repetition 199
tcp_ping received 65536 bytes back
Round trip time was 1.3593 milliseconds in repetition 200
tcp_ping received 65536 bytes back
Round trip time was 1.6341 milliseconds in repetition 201
tcp_ping received 65536 bytes back
Round trip time was 1.4151 milliseconds in repetition 202
tcp_ping received 65536 bytes back
Round trip time was 1.4428 milliseconds in repetition 203
tcp_ping received 65536 bytes back
Round trip time was 1.3292 milliseconds in repetition 204
tcp_ping received 65536 bytes back
Round trip time was 1.3415 milliseconds in repetition 205
tcp_ping received 65536 bytes back
Round trip time was 1.3873 milliseconds in repetition 206
tcp_ping received 65536 bytes back
Round trip time was 1.5377 milliseconds in repetition 207
tcp_ping received 65536 bytes back
Round trip time was 1.3655 milliseconds in repetition 208
tcp_ping received 65536 bytes back
Round trip time was 1.3595 milliseconds in repetition 209
tcp_ping received 65536 bytes back
Round trip time was 1.4281 milliseconds in repetition 210
tcp_ping received 65536 bytes back
Round trip time was 1.4051 milliseconds in repetition 211
tcp_ping received 65536 bytes back
Round trip time was 1.4522 milliseconds in repetition 212
tcp_ping received 65536 bytes back
Round trip time was 1.6793 milliseconds in repetition 213
tcp_ping received 65536 bytes back
Round trip time was 1.3506 milliseconds in repetition 214
tcp_ping received 65536 bytes back
Round trip time was 1.3838 milliseconds in repetition 215
tcp_ping received 65536 bytes back
Round trip time was 1.4319 milliseconds in repetition 216
tcp_ping received 65536 bytes back
Round trip time was 1.3667 milliseconds in repetition 217
tcp_ping received 65536 bytes back
Round trip time was 1.3516 milliseconds in repetition 218
tcp_ping received 65536 bytes back
Round trip time was 1.3216 milliseconds in repetition 219
tcp_ping received 65536 bytes back
Round trip time was 1.4377 milliseconds in repetition 220
tcp_ping received 65536 bytes back
Round trip time was 1.3561 milliseconds in repetition 221
tcp_ping received 65536 bytes back
Round trip time was 1.5169 milliseconds in repetition 222
tcp_ping received 65536 bytes back
Round trip time was 1.4201 milliseconds in repetition 223
tcp_ping received 65536 bytes back
Round trip time was 1.2593 milliseconds in repetition 224
tcp_ping received 65536 bytes back
Round trip time was 1.4055 milliseconds in repetition 225
tcp_ping received 65536 bytes back
Round trip time was 1.4224 milliseconds in repetition 226
tcp_ping received 65536 bytes back
Round trip time was 1.5115 milliseconds in repetition 227
tcp_ping received 65536 bytes back
Round trip time was 1.9753 milliseconds in repetition 228
tcp_ping received 65536 bytes back
Round trip time was 1.911 milliseconds in repetition 229
tcp_ping received 65536 bytes back
Round trip time was 1.4083 milliseconds in repetition 230
tcp_ping received 65536 bytes back
Round trip time was 1.3607 milliseconds in repetition 231
tcp_ping received 65536 bytes back
Round trip time was 1.4723 milliseconds in repetition 232
tcp_ping received 65536 bytes back
Round trip time was 1.4514 milliseconds in repetition 233
tcp_ping received 65536 bytes back
Round trip time was 1.4379 milliseconds in repetition 234
tcp_ping received 65536 bytes back
Round trip time was 1.329 milliseconds in repetition 235
tcp_ping received 65536 bytes back
Round trip time was 1.3542 milliseconds in repetition 236
tcp_ping received 65536 bytes back
Round trip time was 1.71 milliseconds in repetition 237
tcp_ping received 65536 bytes back
Round trip time was 1.5286 milliseconds in repetition 238
tcp_ping received 65536 bytes back
Round trip time was 1.3549 milliseconds in repetition 239
tcp_ping received 65536 bytes back
Round trip time was 1.3397 milliseconds in repetition 240
tcp_ping received 65536 bytes back
Round trip time was 1.3635 milliseconds in repetition 241
tcp_ping received 65536 bytes back
Round trip time was 1.3325 milliseconds in repetition 242
tcp_ping received 65536 bytes back
Round trip time was 1.334 milliseconds in repetition 243
tcp_ping received 65536 bytes back
Round trip time was 1.7623 milliseconds in repetition 244
tcp_ping received 65536 bytes back
Round trip time was 1.4147 milliseconds in repetition 245
tcp_ping received 65536 bytes back
Round trip time was 1.4076 milliseconds in repetition 246
tcp_ping received 65536 bytes back
Round trip time was 1.3333 milliseconds in repetition 247
tcp_ping received 65536 bytes back
Round trip time was 1.3538 milliseconds in repetition 248
tcp_ping received 65536 bytes back
Round trip time was 1.3815 milliseconds in repetition 249
tcp_ping received 65536 bytes back
Round trip time was 1.3602 milliseconds in repetition 250
tcp_ping received 65536 bytes back
Round trip time was 1.3288 milliseconds in repetition 251
tcp_ping received 65536 bytes back
Round trip time was 1.3793 milliseconds in repetition 252
tcp_ping received 65536 bytes back
Round trip time was 1.3865 milliseconds in repetition 253
tcp_ping received 65536 bytes back
Round trip time was 1.4428 milliseconds in repetition 254
tcp_ping received 65536 bytes back
Round trip time was 1.3359 milliseconds in repetition 255
tcp_ping received 65536 bytes back
Round trip time was 1.3303 milliseconds in repetition 256
tcp_ping received 65536 bytes back
Round trip time was 1.5314 milliseconds in repetition 257
tcp_ping received 65536 bytes back
Round trip time was 1.3737 milliseconds in repetition 258
tcp_ping received 65536 bytes back
Round trip time was 1.398 milliseconds in repetition 259
tcp_ping received 65536 bytes back
Round trip time was 1.4001 milliseconds in repetition 260
tcp_ping received 65536 bytes back
Round trip time was 1.3306 milliseconds in repetition 261
tcp_ping received 65536 bytes back
Round trip time was 1.3602 milliseconds in repetition 262
tcp_ping received 65536 bytes back
Round trip time was 1.4426 milliseconds in repetition 263
tcp_ping received 65536 bytes back
Round trip time was 1.3832 milliseconds in repetition 264
tcp_ping received 65536 bytes back
Round trip time was 1.4596 milliseconds in repetition 265
tcp_ping received 65536 bytes back
Round trip time was 1.4118 milliseconds in repetition 266
tcp_ping received 65536 bytes back
Round trip time was 1.3297 milliseconds in repetition 267
tcp_ping received 65536 bytes back
Round trip time was 1.7557 milliseconds in repetition 268
tcp_ping received 65536 bytes back
Round trip time was 1.3318 milliseconds in repetition 269
tcp_ping received 65536 bytes back
Round trip time was 1.5768 milliseconds in repetition 270
tcp_ping received 65536 bytes back
Round trip time was 1.3667 milliseconds in repetition 271
tcp_ping received 65536 bytes back
Round trip time was 1.3284 milliseconds in repetition 272
tcp_ping received 65536 bytes back
Round trip time was 1.4058 milliseconds in repetition 273
tcp_ping received 65536 bytes back
Round trip time was 1.3676 milliseconds in repetition 274
tcp_ping received 65536 bytes back
Round trip time was 1.3616 milliseconds in repetition 275
tcp_ping received 65536 bytes back
Round trip time was 1.5949 milliseconds in repetition 276
tcp_ping received 65536 bytes back
Round trip time was 1.3332 milliseconds in repetition 277
tcp_ping received 65536 bytes back
Round trip time was 1.5272 milliseconds in repetition 278
tcp_ping received 65536 bytes back
Round trip time was 1.3384 milliseconds in repetition 279
tcp_ping received 65536 bytes back
Round trip time was 1.3183 milliseconds in repetition 280
tcp_ping received 65536 bytes back
Round trip time was 1.3345 milliseconds in repetition 281
tcp_ping received 65536 bytes back
Round trip time was 1.4244 milliseconds in repetition 282
tcp_ping received 65536 bytes back
Round trip time was 1.3685 milliseconds in repetition 283
tcp_ping received 65536 bytes back
Round trip time was 1.4119 milliseconds in repetition 284
tcp_ping received 65536 bytes back
Round trip time was 1.3566 milliseconds in repetition 285
tcp_ping received 65536 bytes back
Round trip time was 1.3345 milliseconds in repetition 286
tcp_ping received 65536 bytes back
Round trip time was 1.3759 milliseconds in repetition 287
tcp_ping received 65536 bytes back
Round trip time was 1.3573 milliseconds in repetition 288
tcp_ping received 65536 bytes back
Round trip time was 1.5485 milliseconds in repetition 289
tcp_ping received 65536 bytes back
Round trip time was 1.3394 milliseconds in repetition 290
tcp_ping received 65536 bytes back
Round trip time was 1.3684 milliseconds in repetition 291
tcp_ping received 65536 bytes back
Round trip time was 1.3305 milliseconds in repetition 292
tcp_ping received 65536 bytes back
Round trip time was 1.4689 milliseconds in repetition 293
tcp_ping received 65536 bytes back
Round trip time was 1.5738 milliseconds in repetition 294
tcp_ping received 65536 bytes back
Round trip time was 1.335 milliseconds in repetition 295
tcp_ping received 65536 bytes back
Round trip time was 1.3708 milliseconds in repetition 296
tcp_ping received 65536 bytes back
Round trip time was 1.3508 milliseconds in repetition 297
tcp_ping received 65536 bytes back
Round trip time was 1.4691 milliseconds in repetition 298
tcp_ping received 65536 bytes back
Round trip time was 1.3336 milliseconds in repetition 299
tcp_ping received 65536 bytes back
Round trip time was 1.3646 milliseconds in repetition 300
tcp_ping received 65536 bytes back
Round trip time was 1.3297 milliseconds in repetition 301
tcp_ping received 65536 bytes back
Round trip time was 1.3714 milliseconds in repetition 302
tcp_ping received 65536 bytes back
Round trip time was 1.3707 milliseconds in repetition 303
tcp_ping received 65536 bytes back
Round trip time was 1.481 milliseconds in repetition 304
tcp_ping received 65536 bytes back
Round trip time was 1.43 milliseconds in repetition 305
tcp_ping received 65536 bytes back
Round trip time was 1.3329 milliseconds in repetition 306
tcp_ping received 65536 bytes back
Round trip time was 1.3532 milliseconds in repetition 307
tcp_ping received 65536 bytes back
Round trip time was 1.39 milliseconds in repetition 308
tcp_ping received 65536 bytes back
Round trip time was 1.3379 milliseconds in repetition 309
tcp_ping received 65536 bytes back
Round trip time was 1.3283 milliseconds in repetition 310
tcp_ping received 65536 bytes back
Round trip time was 1.3647 milliseconds in repetition 311
tcp_ping received 65536 bytes back
Round trip time was 1.3567 milliseconds in repetition 312
tcp_ping received 65536 bytes back
Round trip time was 1.3346 milliseconds in repetition 313
tcp_ping received 65536 bytes back
Round trip time was 1.3948 milliseconds in repetition 314
tcp_ping received 65536 bytes back
Round trip time was 1.7299 milliseconds in repetition 315
tcp_ping received 65536 bytes back
Round trip time was 1.4079 milliseconds in repetition 316
tcp_ping received 65536 bytes back
Round trip time was 1.3313 milliseconds in repetition 317
tcp_ping received 65536 bytes back
Round trip time was 1.4622 milliseconds in repetition 318
tcp_ping received 65536 bytes back
Round trip time was 1.3118 milliseconds in repetition 319
tcp_ping received 65536 bytes back
Round trip time was 1.3884 milliseconds in repetition 320
tcp_ping received 65536 bytes back
Round trip time was 1.3319 milliseconds in repetition 321
tcp_ping received 65536 bytes back
Round trip time was 1.4024 milliseconds in repetition 322
tcp_ping received 65536 bytes back
Round trip time was 1.3982 milliseconds in repetition 323
tcp_ping received 65536 bytes back
Round trip time was 1.329 milliseconds in repetition 324
tcp_ping received 65536 bytes back
Round trip time was 1.3506 milliseconds in repetition 325
tcp_ping received 65536 bytes back
Round trip time was 1.4676 milliseconds in repetition 326
tcp_ping received 65536 bytes back
Round trip time was 1.3791 milliseconds in repetition 327
tcp_ping received 65536 bytes back
Round trip time was 1.5276 milliseconds in repetition 328
tcp_ping received 65536 bytes back
Round trip time was 1.4256 milliseconds in repetition 329
tcp_ping received 65536 bytes back
Round trip time was 1.3451 milliseconds in repetition 330
tcp_ping received 65536 bytes back
Round trip time was 1.3609 milliseconds in repetition 331
tcp_ping received 65536 bytes back
Round trip time was 1.3611 milliseconds in repetition 332
tcp_ping received 65536 bytes back
Round trip time was 1.3298 milliseconds in repetition 333
tcp_ping received 65536 bytes back
Round trip time was 1.5371 milliseconds in repetition 334
tcp_ping received 65536 bytes back
Round trip time was 1.329 milliseconds in repetition 335
tcp_ping received 65536 bytes back
Round trip time was 1.3561 milliseconds in repetition 336
tcp_ping received 65536 bytes back
Round trip time was 1.3976 milliseconds in repetition 337
tcp_ping received 65536 bytes back
Round trip time was 1.4702 milliseconds in repetition 338
tcp_ping received 65536 bytes back
Round trip time was 1.3802 milliseconds in repetition 339
tcp_ping received 65536 bytes back
Round trip time was 1.4685 milliseconds in repetition 340
tcp_ping received 65536 bytes back
Round trip time was 1.5197 milliseconds in repetition 341
tcp_ping received 65536 bytes back
Round trip time was 1.4946 milliseconds in repetition 342
tcp_ping received 65536 bytes back
Round trip time was 1.4166 milliseconds in repetition 343
tcp_ping received 65536 bytes back
Round trip time was 1.4659 milliseconds in repetition 344
tcp_ping received 65536 bytes back
Round trip time was 1.3812 milliseconds in repetition 345
tcp_ping received 65536 bytes back
Round trip time was 1.5463 milliseconds in repetition 346
tcp_ping received 65536 bytes back
Round trip time was 2.3039 milliseconds in repetition 347
tcp_ping received 65536 bytes back
Round trip time was 1.8976 milliseconds in repetition 348
tcp_ping received 65536 bytes back
Round trip time was 1.857 milliseconds in repetition 349
tcp_ping received 65536 bytes back
Round trip time was 1.4029 milliseconds in repetition 350
tcp_ping received 65536 bytes back
Round trip time was 1.4024 milliseconds in repetition 351
tcp_ping received 65536 bytes back
Round trip time was 1.8586 milliseconds in repetition 352
tcp_ping received 65536 bytes back
Round trip time was 1.4677 milliseconds in repetition 353
tcp_ping received 65536 bytes back
Round trip time was 1.4237 milliseconds in repetition 354
tcp_ping received 65536 bytes back
Round trip time was 1.4099 milliseconds in repetition 355
tcp_ping received 65536 bytes back
Round trip time was 1.4519 milliseconds in repetition 356
tcp_ping received 65536 bytes back
Round trip time was 1.3197 milliseconds in repetition 357
tcp_ping received 65536 bytes back
Round trip time was 1.4375 milliseconds in repetition 358
tcp_ping received 65536 bytes back
Round trip time was 1.3589 milliseconds in repetition 359
tcp_ping received 65536 bytes back
Round trip time was 1.4393 milliseconds in repetition 360
tcp_ping received 65536 bytes back
Round trip time was 1.5132 milliseconds in repetition 361
tcp_ping received 65536 bytes back
Round trip time was 1.4047 milliseconds in repetition 362
tcp_ping received 65536 bytes back
Round trip time was 1.3488 milliseconds in repetition 363
tcp_ping received 65536 bytes back
Round trip time was 1.3501 milliseconds in repetition 364
tcp_ping received 65536 bytes back
Round trip time was 1.4988 milliseconds in repetition 365
tcp_ping received 65536 bytes back
Round trip time was 1.5194 milliseconds in repetition 366
tcp_ping received 65536 bytes back
Round trip time was 1.4141 milliseconds in repetition 367
tcp_ping received 65536 bytes back
Round trip time was 1.4396 milliseconds in repetition 368
tcp_ping received 65536 bytes back
Round trip time was 1.3201 milliseconds in repetition 369
tcp_ping received 65536 bytes back
Round trip time was 1.3503 milliseconds in repetition 370
tcp_ping received 65536 bytes back
Round trip time was 1.5286 milliseconds in repetition 371
tcp_ping received 65536 bytes back
Round trip time was 1.3205 milliseconds in repetition 372
tcp_ping received 65536 bytes back
Round trip time was 1.3736 milliseconds in repetition 373
tcp_ping received 65536 bytes back
Round trip time was 1.3439 milliseconds in repetition 374
tcp_ping received 65536 bytes back
Round trip time was 1.3448 milliseconds in repetition 375
tcp_ping received 65536 bytes back
Round trip time was 1.4179 milliseconds in repetition 376
tcp_ping received 65536 bytes back
Round trip time was 1.6279 milliseconds in repetition 377
tcp_ping received 65536 bytes back
Round trip time was 1.4257 milliseconds in repetition 378
tcp_ping received 65536 bytes back
Round trip time was 1.3248 milliseconds in repetition 379
tcp_ping received 65536 bytes back
Round trip time was 1.3605 milliseconds in repetition 380
tcp_ping received 65536 bytes back
Round trip time was 1.4982 milliseconds in repetition 381
tcp_ping received 65536 bytes back
Round trip time was 1.4004 milliseconds in repetition 382
tcp_ping received 65536 bytes back
Round trip time was 1.3344 milliseconds in repetition 383
tcp_ping received 65536 bytes back
Round trip time was 1.4849 milliseconds in repetition 384
tcp_ping received 65536 bytes back
Round trip time was 1.2979 milliseconds in repetition 385
tcp_ping received 65536 bytes back
Round trip time was 1.55 milliseconds in repetition 386
tcp_ping received 65536 bytes back
Round trip time was 1.2787 milliseconds in repetition 387
tcp_ping received 65536 bytes back
Round trip time was 1.5248 milliseconds in repetition 388
tcp_ping received 65536 bytes back
Round trip time was 1.4809 milliseconds in repetition 389
tcp_ping received 65536 bytes back
Round trip time was 1.2564 milliseconds in repetition 390
tcp_ping received 65536 bytes back
Round trip time was 1.7605 milliseconds in repetition 391
tcp_ping received 65536 bytes back
Round trip time was 1.6038 milliseconds in repetition 392
tcp_ping received 65536 bytes back
Round trip time was 1.4143 milliseconds in repetition 393
tcp_ping received 65536 bytes back
Round trip time was 1.4338 milliseconds in repetition 394
tcp_ping received 65536 bytes back
Round trip time was 1.4003 milliseconds in repetition 395
tcp_ping received 65536 bytes back
Round trip time was 1.4376 milliseconds in repetition 396
tcp_ping received 65536 bytes back
Round trip time was 1.4238 milliseconds in repetition 397
tcp_ping received 65536 bytes back
Round trip time was 1.5249 milliseconds in repetition 398
tcp_ping received 65536 bytes back
Round trip time was 1.3838 milliseconds in repetition 399
tcp_ping received 65536 bytes back
Round trip time was 1.4643 milliseconds in repetition 400
tcp_ping received 65536 bytes back
Round trip time was 1.3538 milliseconds in repetition 401
tcp_ping received 65536 bytes back
Round trip time was 1.3749 milliseconds in repetition 402
tcp_ping received 65536 bytes back
Round trip time was 1.4183 milliseconds in repetition 403
tcp_ping received 65536 bytes back
Round trip time was 1.4138 milliseconds in repetition 404
tcp_ping received 65536 bytes back
Round trip time was 1.548 milliseconds in repetition 405
tcp_ping received 65536 bytes back
Round trip time was 1.7138 milliseconds in repetition 406
tcp_ping received 65536 bytes back
Round trip time was 1.396 milliseconds in repetition 407
tcp_ping received 65536 bytes back
Round trip time was 2.3339 milliseconds in repetition 408
tcp_ping received 65536 bytes back
Round trip time was 1.4847 milliseconds in repetition 409
tcp_ping received 65536 bytes back
Round trip time was 1.6594 milliseconds in repetition 410
tcp_ping received 65536 bytes back
Round trip time was 1.707 milliseconds in repetition 411
tcp_ping received 65536 bytes back
Round trip time was 1.4675 milliseconds in repetition 412
tcp_ping received 65536 bytes back
Round trip time was 1.662 milliseconds in repetition 413
tcp_ping received 65536 bytes back
Round trip time was 1.8283 milliseconds in repetition 414
tcp_ping received 65536 bytes back
Round trip time was 1.6174 milliseconds in repetition 415
tcp_ping received 65536 bytes back
Round trip time was 1.6762 milliseconds in repetition 416
tcp_ping received 65536 bytes back
Round trip time was 1.4588 milliseconds in repetition 417
tcp_ping received 65536 bytes back
Round trip time was 1.3608 milliseconds in repetition 418
tcp_ping received 65536 bytes back
Round trip time was 1.3589 milliseconds in repetition 419
tcp_ping received 65536 bytes back
Round trip time was 1.4315 milliseconds in repetition 420
tcp_ping received 65536 bytes back
Round trip time was 1.5618 milliseconds in repetition 421
tcp_ping received 65536 bytes back
Round trip time was 1.8449 milliseconds in repetition 422
tcp_ping received 65536 bytes back
Round trip time was 1.6149 milliseconds in repetition 423
tcp_ping received 65536 bytes back
Round trip time was 1.333 milliseconds in repetition 424
tcp_ping received 65536 bytes back
Round trip time was 1.5143 milliseconds in repetition 425
tcp_ping received 65536 bytes back
Round trip time was 1.5634 milliseconds in repetition 426
tcp_ping received 65536 bytes back
Round trip time was 1.4477 milliseconds in repetition 427
tcp_ping received 65536 bytes back
Round trip time was 1.3249 milliseconds in repetition 428
tcp_ping received 65536 bytes back
Round trip time was 1.39 milliseconds in repetition 429
tcp_ping received 65536 bytes back
Round trip time was 1.3038 milliseconds in repetition 430
tcp_ping received 65536 bytes back
Round trip time was 1.8362 milliseconds in repetition 431
tcp_ping received 65536 bytes back
Round trip time was 1.3984 milliseconds in repetition 432
tcp_ping received 65536 bytes back
Round trip time was 1.4122 milliseconds in repetition 433
tcp_ping received 65536 bytes back
Round trip time was 1.7051 milliseconds in repetition 434
tcp_ping received 65536 bytes back
Round trip time was 1.4526 milliseconds in repetition 435
tcp_ping received 65536 bytes back
Round trip time was 1.5729 milliseconds in repetition 436
tcp_ping received 65536 bytes back
Round trip time was 1.44 milliseconds in repetition 437
tcp_ping received 65536 bytes back
Round trip time was 1.5581 milliseconds in repetition 438
tcp_ping received 65536 bytes back
Round trip time was 1.3932 milliseconds in repetition 439
tcp_ping received 65536 bytes back
Round trip time was 1.4225 milliseconds in repetition 440
tcp_ping received 65536 bytes back
Round trip time was 1.7927 milliseconds in repetition 441
tcp_ping received 65536 bytes back
Round trip time was 1.7726 milliseconds in repetition 442
tcp_ping received 65536 bytes back
Round trip time was 1.8999 milliseconds in repetition 443
tcp_ping received 65536 bytes back
Round trip time was 1.7666 milliseconds in repetition 444
tcp_ping received 65536 bytes back
Round trip time was 1.3849 milliseconds in repetition 445
tcp_ping received 65536 bytes back
Round trip time was 1.3258 milliseconds in repetition 446
tcp_ping received 65536 bytes back
Round trip time was 1.5048 milliseconds in repetition 447
tcp_ping received 65536 bytes back
Round trip time was 1.4415 milliseconds in repetition 448
tcp_ping received 65536 bytes back
Round trip time was 1.4955 milliseconds in repetition 449
tcp_ping received 65536 bytes back
Round trip time was 1.391 milliseconds in repetition 450
tcp_ping received 65536 bytes back
Round trip time was 2.3125 milliseconds in repetition 451
tcp_ping received 65536 bytes back
Round trip time was 1.7208 milliseconds in repetition 452
tcp_ping received 65536 bytes back
Round trip time was 1.764 milliseconds in repetition 453
tcp_ping received 65536 bytes back
Round trip time was 1.5972 milliseconds in repetition 454
tcp_ping received 65536 bytes back
Round trip time was 1.6729 milliseconds in repetition 455
tcp_ping received 65536 bytes back
Round trip time was 1.7225 milliseconds in repetition 456
tcp_ping received 65536 bytes back
Round trip time was 1.6584 milliseconds in repetition 457
tcp_ping received 65536 bytes back
Round trip time was 1.3963 milliseconds in repetition 458
tcp_ping received 65536 bytes back
Round trip time was 1.3597 milliseconds in repetition 459
tcp_ping received 65536 bytes back
Round trip time was 2.4429 milliseconds in repetition 460
tcp_ping received 65536 bytes back
Round trip time was 1.5396 milliseconds in repetition 461
tcp_ping received 65536 bytes back
Round trip time was 1.9312 milliseconds in repetition 462
tcp_ping received 65536 bytes back
Round trip time was 1.3344 milliseconds in repetition 463
tcp_ping received 65536 bytes back
Round trip time was 1.6765 milliseconds in repetition 464
tcp_ping received 65536 bytes back
Round trip time was 1.432 milliseconds in repetition 465
tcp_ping received 65536 bytes back
Round trip time was 1.551 milliseconds in repetition 466
tcp_ping received 65536 bytes back
Round trip time was 1.3543 milliseconds in repetition 467
tcp_ping received 65536 bytes back
Round trip time was 1.361 milliseconds in repetition 468
tcp_ping received 65536 bytes back
Round trip time was 2.5226 milliseconds in repetition 469
tcp_ping received 65536 bytes back
Round trip time was 1.7102 milliseconds in repetition 470
tcp_ping received 65536 bytes back
Round trip time was 1.5511 milliseconds in repetition 471
tcp_ping received 65536 bytes back
Round trip time was 1.3803 milliseconds in repetition 472
tcp_ping received 65536 bytes back
Round trip time was 1.3802 milliseconds in repetition 473
tcp_ping received 65536 bytes back
Round trip time was 1.3709 milliseconds in repetition 474
tcp_ping received 65536 bytes back
Round trip time was 1.4114 milliseconds in repetition 475
tcp_ping received 65536 bytes back
Round trip time was 1.3898 milliseconds in repetition 476
tcp_ping received 65536 bytes back
Round trip time was 1.3932 milliseconds in repetition 477
tcp_ping received 65536 bytes back
Round trip time was 1.4164 milliseconds in repetition 478
tcp_ping received 65536 bytes back
Round trip time was 1.9968 milliseconds in repetition 479
tcp_ping received 65536 bytes back
Round trip time was 1.8966 milliseconds in repetition 480
tcp_ping received 65536 bytes back
Round trip time was 1.399 milliseconds in repetition 481
tcp_ping received 65536 bytes back
Round trip time was 1.8728 milliseconds in repetition 482
tcp_ping received 65536 bytes back
Round trip time was 1.5663 milliseconds in repetition 483
tcp_ping received 65536 bytes back
Round trip time was 1.4072 milliseconds in repetition 484
tcp_ping received 65536 bytes back
Round trip time was 1.3582 milliseconds in repetition 485
tcp_ping received 65536 bytes back
Round trip time was 1.9526 milliseconds in repetition 486
tcp_ping received 65536 bytes back
Round trip time was 1.314 milliseconds in repetition 487
tcp_ping received 65536 bytes back
Round trip time was 1.5125 milliseconds in repetition 488
tcp_ping received 65536 bytes back
Round trip time was 1.7078 milliseconds in repetition 489
tcp_ping received 65536 bytes back
Round trip time was 1.8411 milliseconds in repetition 490
tcp_ping received 65536 bytes back
Round trip time was 1.5004 milliseconds in repetition 491
tcp_ping received 65536 bytes back
Round trip time was 1.382 milliseconds in repetition 492
tcp_ping received 65536 bytes back
Round trip time was 1.403 milliseconds in repetition 493
tcp_ping received 65536 bytes back
Round trip time was 1.3601 milliseconds in repetition 494
tcp_ping received 65536 bytes back
Round trip time was 1.5003 milliseconds in repetition 495
tcp_ping received 65536 bytes back
Round trip time was 1.3319 milliseconds in repetition 496
tcp_ping received 65536 bytes back
Round trip time was 1.5482 milliseconds in repetition 497
tcp_ping received 65536 bytes back
Round trip time was 1.4679 milliseconds in repetition 498
tcp_ping received 65536 bytes back
Round trip time was 1.4535 milliseconds in repetition 499
tcp_ping received 65536 bytes back
Round trip time was 1.5341 milliseconds in repetition 500
tcp_ping received 65536 bytes back
Round trip time was 1.3894 milliseconds in repetition 501

 ... clock resolution was 1e-06
TCP Ping:  Statistics over 501 repetitions of 65536 byte messages

RTT : percentile 10: 1.3329, median: 1.4477, percentile 90: 1.7837, average: 1.52133, variance: 0.0502949

RTT histogram:
1.2564 3
1.32574 114
1.39509 113
1.46443 55
1.53378 81
1.60312 34
1.67247 29
1.74181 21
1.81116 6
1.8805 12
1.94985 8
2.0192 5
2.08854 4
2.15789 4
2.22723 3
2.29658 2
2.36592 1
2.43527 2
2.50461 2
2.57396 1
2.6433 1

   median Throughput : 90538.1 KB/s   overall Throughput : 86156.3 KB/s

