TCP Ping trying to connect to server localhost (127.0.0.1) on port 1491
 ... connected to Pong server: asking for 501 repetitions of 2048 bytes TCP messages
 ... Pong server agreed :-)
tcp_ping received 2048 bytes back
Round trip time was 0.045733 milliseconds in repetition 1
tcp_ping received 2048 bytes back
Round trip time was 0.031697 milliseconds in repetition 2
tcp_ping received 2048 bytes back
Round trip time was 0.028621 milliseconds in repetition 3
tcp_ping received 2048 bytes back
Round trip time was 0.028425 milliseconds in repetition 4
tcp_ping received 2048 bytes back
Round trip time was 0.028613 milliseconds in repetition 5
tcp_ping received 2048 bytes back
Round trip time was 0.028368 milliseconds in repetition 6
tcp_ping received 2048 bytes back
Round trip time was 0.027973 milliseconds in repetition 7
tcp_ping received 2048 bytes back
Round trip time was 0.028378 milliseconds in repetition 8
tcp_ping received 2048 bytes back
Round trip time was 0.039026 milliseconds in repetition 9
tcp_ping received 2048 bytes back
Round trip time was 0.049333 milliseconds in repetition 10
tcp_ping received 2048 bytes back
Round trip time was 0.043141 milliseconds in repetition 11
tcp_ping received 2048 bytes back
Round trip time was 0.044681 milliseconds in repetition 12
tcp_ping received 2048 bytes back
Round trip time was 0.037986 milliseconds in repetition 13
tcp_ping received 2048 bytes back
Round trip time was 0.028995 milliseconds in repetition 14
tcp_ping received 2048 bytes back
Round trip time was 0.028127 milliseconds in repetition 15
tcp_ping received 2048 bytes back
Round trip time was 0.028281 milliseconds in repetition 16
tcp_ping received 2048 bytes back
Round trip time was 0.028261 milliseconds in repetition 17
tcp_ping received 2048 bytes back
Round trip time was 0.028243 milliseconds in repetition 18
tcp_ping received 2048 bytes back
Round trip time was 0.027732 milliseconds in repetition 19
tcp_ping received 2048 bytes back
Round trip time was 0.028256 milliseconds in repetition 20
tcp_ping received 2048 bytes back
Round trip time was 0.028541 milliseconds in repetition 21
tcp_ping received 2048 bytes back
Round trip time was 0.028242 milliseconds in repetition 22
tcp_ping received 2048 bytes back
Round trip time was 0.028361 milliseconds in repetition 23
tcp_ping received 2048 bytes back
Round trip time was 0.029068 milliseconds in repetition 24
tcp_ping received 2048 bytes back
Round trip time was 0.028548 milliseconds in repetition 25
tcp_ping received 2048 bytes back
Round trip time was 0.028272 milliseconds in repetition 26
tcp_ping received 2048 bytes back
Round trip time was 0.02865 milliseconds in repetition 27
tcp_ping received 2048 bytes back
Round trip time was 0.028437 milliseconds in repetition 28
tcp_ping received 2048 bytes back
Round trip time was 0.028796 milliseconds in repetition 29
tcp_ping received 2048 bytes back
Round trip time was 0.02848 milliseconds in repetition 30
tcp_ping received 2048 bytes back
Round trip time was 0.02801 milliseconds in repetition 31
tcp_ping received 2048 bytes back
Round trip time was 0.028098 milliseconds in repetition 32
tcp_ping received 2048 bytes back
Round trip time was 0.028295 milliseconds in repetition 33
tcp_ping received 2048 bytes back
Round trip time was 0.028756 milliseconds in repetition 34
tcp_ping received 2048 bytes back
Round trip time was 0.028915 milliseconds in repetition 35
tcp_ping received 2048 bytes back
Round trip time was 0.036707 milliseconds in repetition 36
tcp_ping received 2048 bytes back
Round trip time was 0.046036 milliseconds in repetition 37
tcp_ping received 2048 bytes back
Round trip time was 0.045361 milliseconds in repetition 38
tcp_ping received 2048 bytes back
Round trip time was 0.043314 milliseconds in repetition 39
tcp_ping received 2048 bytes back
Round trip time was 0.044797 milliseconds in repetition 40
tcp_ping received 2048 bytes back
Round trip time was 0.043157 milliseconds in repetition 41
tcp_ping received 2048 bytes back
Round trip time was 0.044343 milliseconds in repetition 42
tcp_ping received 2048 bytes back
Round trip time was 0.042944 milliseconds in repetition 43
tcp_ping received 2048 bytes back
Round trip time was 0.355595 milliseconds in repetition 44
tcp_ping received 2048 bytes back
Round trip time was 0.045179 milliseconds in repetition 45
tcp_ping received 2048 bytes back
Round trip time was 0.028825 milliseconds in repetition 46
tcp_ping received 2048 bytes back
Round trip time was 0.032602 milliseconds in repetition 47
tcp_ping received 2048 bytes back
Round trip time was 0.041989 milliseconds in repetition 48
tcp_ping received 2048 bytes back
Round trip time was 0.029703 milliseconds in repetition 49
tcp_ping received 2048 bytes back
Round trip time was 0.027744 milliseconds in repetition 50
tcp_ping received 2048 bytes back
Round trip time was 0.028851 milliseconds in repetition 51
tcp_ping received 2048 bytes back
Round trip time was 0.028077 milliseconds in repetition 52
tcp_ping received 2048 bytes back
Round trip time was 0.028526 milliseconds in repetition 53
tcp_ping received 2048 bytes back
Round trip time was 0.027768 milliseconds in repetition 54
tcp_ping received 2048 bytes back
Round trip time was 0.028662 milliseconds in repetition 55
tcp_ping received 2048 bytes back
Round trip time was 0.028056 milliseconds in repetition 56
tcp_ping received 2048 bytes back
Round trip time was 0.028571 milliseconds in repetition 57
tcp_ping received 2048 bytes back
Round trip time was 0.027594 milliseconds in repetition 58
tcp_ping received 2048 bytes back
Round trip time was 0.028509 milliseconds in repetition 59
tcp_ping received 2048 bytes back
Round trip time was 0.028109 milliseconds in repetition 60
tcp_ping received 2048 bytes back
Round trip time was 0.028643 milliseconds in repetition 61
tcp_ping received 2048 bytes back
Round trip time was 0.027548 milliseconds in repetition 62
tcp_ping received 2048 bytes back
Round trip time was 0.028255 milliseconds in repetition 63
tcp_ping received 2048 bytes back
Round trip time was 0.027966 milliseconds in repetition 64
tcp_ping received 2048 bytes back
Round trip time was 0.028481 milliseconds in repetition 65
tcp_ping received 2048 bytes back
Round trip time was 0.027669 milliseconds in repetition 66
tcp_ping received 2048 bytes back
Round trip time was 0.028454 milliseconds in repetition 67
tcp_ping received 2048 bytes back
Round trip time was 0.028017 milliseconds in repetition 68
tcp_ping received 2048 bytes back
Round trip time was 0.029681 milliseconds in repetition 69
tcp_ping received 2048 bytes back
Round trip time was 0.028239 milliseconds in repetition 70
tcp_ping received 2048 bytes back
Round trip time was 0.029307 milliseconds in repetition 71
tcp_ping received 2048 bytes back
Round trip time was 0.027632 milliseconds in repetition 72
tcp_ping received 2048 bytes back
Round trip time was 0.028537 milliseconds in repetition 73
tcp_ping received 2048 bytes back
Round trip time was 0.027732 milliseconds in repetition 74
tcp_ping received 2048 bytes back
Round trip time was 0.029531 milliseconds in repetition 75
tcp_ping received 2048 bytes back
Round trip time was 0.028414 milliseconds in repetition 76
tcp_ping received 2048 bytes back
Round trip time was 0.044111 milliseconds in repetition 77
tcp_ping received 2048 bytes back
Round trip time was 0.052839 milliseconds in repetition 78
tcp_ping received 2048 bytes back
Round trip time was 0.046021 milliseconds in repetition 79
tcp_ping received 2048 bytes back
Round trip time was 0.033646 milliseconds in repetition 80
tcp_ping received 2048 bytes back
Round trip time was 0.029737 milliseconds in repetition 81
tcp_ping received 2048 bytes back
Round trip time was 0.028075 milliseconds in repetition 82
tcp_ping received 2048 bytes back
Round trip time was 0.028897 milliseconds in repetition 83
tcp_ping received 2048 bytes back
Round trip time was 0.028007 milliseconds in repetition 84
tcp_ping received 2048 bytes back
Round trip time was 0.029118 milliseconds in repetition 85
tcp_ping received 2048 bytes back
Round trip time was 0.027794 milliseconds in repetition 86
tcp_ping received 2048 bytes back
Round trip time was 0.044803 milliseconds in repetition 87
tcp_ping received 2048 bytes back
Round trip time was 0.53966 milliseconds in repetition 88
tcp_ping received 2048 bytes back
Round trip time was 0.049289 milliseconds in repetition 89
tcp_ping received 2048 bytes back
Round trip time was 0.04713 milliseconds in repetition 90
tcp_ping received 2048 bytes back
Round trip time was 0.043426 milliseconds in repetition 91
tcp_ping received 2048 bytes back
Round trip time was 0.049479 milliseconds in repetition 92
tcp_ping received 2048 bytes back
Round trip time was 0.049977 milliseconds in repetition 93
tcp_ping received 2048 bytes back
Round trip time was 0.053533 milliseconds in repetition 94
tcp_ping received 2048 bytes back
Round trip time was 0.051379 milliseconds in repetition 95
tcp_ping received 2048 bytes back
Round trip time was 0.051866 milliseconds in repetition 96
tcp_ping received 2048 bytes back
Round trip time was 0.052644 milliseconds in repetition 97
tcp_ping received 2048 bytes back
Round trip time was 0.051399 milliseconds in repetition 98
tcp_ping received 2048 bytes back
Round trip time was 0.049559 milliseconds in repetition 99
tcp_ping received 2048 bytes back
Round trip time was 0.050277 milliseconds in repetition 100
tcp_ping received 2048 bytes back
Round trip time was 0.051784 milliseconds in repetition 101
tcp_ping received 2048 bytes back
Round trip time was 0.05153 milliseconds in repetition 102
tcp_ping received 2048 bytes back
Round trip time was 0.035375 milliseconds in repetition 103
tcp_ping received 2048 bytes back
Round trip time was 0.056065 milliseconds in repetition 104
tcp_ping received 2048 bytes back
Round trip time was 0.047981 milliseconds in repetition 105
tcp_ping received 2048 bytes back
Round trip time was 0.047679 milliseconds in repetition 106
tcp_ping received 2048 bytes back
Round trip time was 0.032227 milliseconds in repetition 107
tcp_ping received 2048 bytes back
Round trip time was 0.032282 milliseconds in repetition 108
tcp_ping received 2048 bytes back
Round trip time was 0.031872 milliseconds in repetition 109
tcp_ping received 2048 bytes back
Round trip time was 0.049926 milliseconds in repetition 110
tcp_ping received 2048 bytes back
Round trip time was 0.051913 milliseconds in repetition 111
tcp_ping received 2048 bytes back
Round trip time was 0.059931 milliseconds in repetition 112
tcp_ping received 2048 bytes back
Round trip time was 0.033622 milliseconds in repetition 113
tcp_ping received 2048 bytes back
Round trip time was 0.031347 milliseconds in repetition 114
tcp_ping received 2048 bytes back
Round trip time was 0.21365 milliseconds in repetition 115
tcp_ping received 2048 bytes back
Round trip time was 0.031395 milliseconds in repetition 116
tcp_ping received 2048 bytes back
Round trip time was 0.029707 milliseconds in repetition 117
tcp_ping received 2048 bytes back
Round trip time was 0.029079 milliseconds in repetition 118
tcp_ping received 2048 bytes back
Round trip time was 0.029437 milliseconds in repetition 119
tcp_ping received 2048 bytes back
Round trip time was 0.029957 milliseconds in repetition 120
tcp_ping received 2048 bytes back
Round trip time was 0.029731 milliseconds in repetition 121
tcp_ping received 2048 bytes back
Round trip time was 0.028878 milliseconds in repetition 122
tcp_ping received 2048 bytes back
Round trip time was 0.029444 milliseconds in repetition 123
tcp_ping received 2048 bytes back
Round trip time was 0.028872 milliseconds in repetition 124
tcp_ping received 2048 bytes back
Round trip time was 0.029529 milliseconds in repetition 125
tcp_ping received 2048 bytes back
Round trip time was 0.028832 milliseconds in repetition 126
tcp_ping received 2048 bytes back
Round trip time was 0.029284 milliseconds in repetition 127
tcp_ping received 2048 bytes back
Round trip time was 0.028728 milliseconds in repetition 128
tcp_ping received 2048 bytes back
Round trip time was 0.029381 milliseconds in repetition 129
tcp_ping received 2048 bytes back
Round trip time was 0.031457 milliseconds in repetition 130
tcp_ping received 2048 bytes back
Round trip time was 0.066377 milliseconds in repetition 131
tcp_ping received 2048 bytes back
Round trip time was 0.031253 milliseconds in repetition 132
tcp_ping received 2048 bytes back
Round trip time was 0.04589 milliseconds in repetition 133
tcp_ping received 2048 bytes back
Round trip time was 0.028068 milliseconds in repetition 134
tcp_ping received 2048 bytes back
Round trip time was 0.028236 milliseconds in repetition 135
tcp_ping received 2048 bytes back
Round trip time was 0.028388 milliseconds in repetition 136
tcp_ping received 2048 bytes back
Round trip time was 0.02755 milliseconds in repetition 137
tcp_ping received 2048 bytes back
Round trip time was 0.028188 milliseconds in repetition 138
tcp_ping received 2048 bytes back
Round trip time was 0.028293 milliseconds in repetition 139
tcp_ping received 2048 bytes back
Round trip time was 0.027946 milliseconds in repetition 140
tcp_ping received 2048 bytes back
Round trip time was 0.027689 milliseconds in repetition 141
tcp_ping received 2048 bytes back
Round trip time was 0.028051 milliseconds in repetition 142
tcp_ping received 2048 bytes back
Round trip time was 0.028004 milliseconds in repetition 143
tcp_ping received 2048 bytes back
Round trip time was 0.027965 milliseconds in repetition 144
tcp_ping received 2048 bytes back
Round trip time was 0.028617 milliseconds in repetition 145
tcp_ping received 2048 bytes back
Round trip time was 0.028332 milliseconds in repetition 146
tcp_ping received 2048 bytes back
Round trip time was 0.028087 milliseconds in repetition 147
tcp_ping received 2048 bytes back
Round trip time was 0.028109 milliseconds in repetition 148
tcp_ping received 2048 bytes back
Round trip time was 0.027703 milliseconds in repetition 149
tcp_ping received 2048 bytes back
Round trip time was 0.02816 milliseconds in repetition 150
tcp_ping received 2048 bytes back
Round trip time was 0.028225 milliseconds in repetition 151
tcp_ping received 2048 bytes back
Round trip time was 0.02791 milliseconds in repetition 152
tcp_ping received 2048 bytes back
Round trip time was 0.027317 milliseconds in repetition 153
tcp_ping received 2048 bytes back
Round trip time was 0.028111 milliseconds in repetition 154
tcp_ping received 2048 bytes back
Round trip time was 0.02825 milliseconds in repetition 155
tcp_ping received 2048 bytes back
Round trip time was 0.028181 milliseconds in repetition 156
tcp_ping received 2048 bytes back
Round trip time was 0.027948 milliseconds in repetition 157
tcp_ping received 2048 bytes back
Round trip time was 0.028395 milliseconds in repetition 158
tcp_ping received 2048 bytes back
Round trip time was 0.0393 milliseconds in repetition 159
tcp_ping received 2048 bytes back
Round trip time was 0.029801 milliseconds in repetition 160
tcp_ping received 2048 bytes back
Round trip time was 0.027849 milliseconds in repetition 161
tcp_ping received 2048 bytes back
Round trip time was 0.028353 milliseconds in repetition 162
tcp_ping received 2048 bytes back
Round trip time was 0.027952 milliseconds in repetition 163
tcp_ping received 2048 bytes back
Round trip time was 0.027995 milliseconds in repetition 164
tcp_ping received 2048 bytes back
Round trip time was 0.027683 milliseconds in repetition 165
tcp_ping received 2048 bytes back
Round trip time was 0.028058 milliseconds in repetition 166
tcp_ping received 2048 bytes back
Round trip time was 0.027795 milliseconds in repetition 167
tcp_ping received 2048 bytes back
Round trip time was 0.028058 milliseconds in repetition 168
tcp_ping received 2048 bytes back
Round trip time was 0.027627 milliseconds in repetition 169
tcp_ping received 2048 bytes back
Round trip time was 0.028149 milliseconds in repetition 170
tcp_ping received 2048 bytes back
Round trip time was 0.027746 milliseconds in repetition 171
tcp_ping received 2048 bytes back
Round trip time was 0.027983 milliseconds in repetition 172
tcp_ping received 2048 bytes back
Round trip time was 0.027577 milliseconds in repetition 173
tcp_ping received 2048 bytes back
Round trip time was 0.027789 milliseconds in repetition 174
tcp_ping received 2048 bytes back
Round trip time was 0.48945 milliseconds in repetition 175
tcp_ping received 2048 bytes back
Round trip time was 0.073742 milliseconds in repetition 176
tcp_ping received 2048 bytes back
Round trip time was 0.031779 milliseconds in repetition 177
tcp_ping received 2048 bytes back
Round trip time was 0.029294 milliseconds in repetition 178
tcp_ping received 2048 bytes back
Round trip time was 0.028088 milliseconds in repetition 179
tcp_ping received 2048 bytes back
Round trip time was 0.028893 milliseconds in repetition 180
tcp_ping received 2048 bytes back
Round trip time was 0.027766 milliseconds in repetition 181
tcp_ping received 2048 bytes back
Round trip time was 0.028884 milliseconds in repetition 182
tcp_ping received 2048 bytes back
Round trip time was 0.027843 milliseconds in repetition 183
tcp_ping received 2048 bytes back
Round trip time was 0.028587 milliseconds in repetition 184
tcp_ping received 2048 bytes back
Round trip time was 0.028026 milliseconds in repetition 185
tcp_ping received 2048 bytes back
Round trip time was 0.028673 milliseconds in repetition 186
tcp_ping received 2048 bytes back
Round trip time was 0.027652 milliseconds in repetition 187
tcp_ping received 2048 bytes back
Round trip time was 0.028539 milliseconds in repetition 188
tcp_ping received 2048 bytes back
Round trip time was 0.027803 milliseconds in repetition 189
tcp_ping received 2048 bytes back
Round trip time was 0.028812 milliseconds in repetition 190
tcp_ping received 2048 bytes back
Round trip time was 0.027903 milliseconds in repetition 191
tcp_ping received 2048 bytes back
Round trip time was 0.029536 milliseconds in repetition 192
tcp_ping received 2048 bytes back
Round trip time was 0.027974 milliseconds in repetition 193
tcp_ping received 2048 bytes back
Round trip time was 0.03126 milliseconds in repetition 194
tcp_ping received 2048 bytes back
Round trip time was 0.047991 milliseconds in repetition 195
tcp_ping received 2048 bytes back
Round trip time was 0.030483 milliseconds in repetition 196
tcp_ping received 2048 bytes back
Round trip time was 0.027503 milliseconds in repetition 197
tcp_ping received 2048 bytes back
Round trip time was 0.028031 milliseconds in repetition 198
tcp_ping received 2048 bytes back
Round trip time was 0.027482 milliseconds in repetition 199
tcp_ping received 2048 bytes back
Round trip time was 0.028172 milliseconds in repetition 200
tcp_ping received 2048 bytes back
Round trip time was 0.027292 milliseconds in repetition 201
tcp_ping received 2048 bytes back
Round trip time was 0.040587 milliseconds in repetition 202
tcp_ping received 2048 bytes back
Round trip time was 0.02953 milliseconds in repetition 203
tcp_ping received 2048 bytes back
Round trip time was 0.02854 milliseconds in repetition 204
tcp_ping received 2048 bytes back
Round trip time was 0.027656 milliseconds in repetition 205
tcp_ping received 2048 bytes back
Round trip time was 0.028189 milliseconds in repetition 206
tcp_ping received 2048 bytes back
Round trip time was 0.027536 milliseconds in repetition 207
tcp_ping received 2048 bytes back
Round trip time was 0.028122 milliseconds in repetition 208
tcp_ping received 2048 bytes back
Round trip time was 0.027418 milliseconds in repetition 209
tcp_ping received 2048 bytes back
Round trip time was 0.028114 milliseconds in repetition 210
tcp_ping received 2048 bytes back
Round trip time was 0.027573 milliseconds in repetition 211
tcp_ping received 2048 bytes back
Round trip time was 0.028102 milliseconds in repetition 212
tcp_ping received 2048 bytes back
Round trip time was 0.027284 milliseconds in repetition 213
tcp_ping received 2048 bytes back
Round trip time was 0.027948 milliseconds in repetition 214
tcp_ping received 2048 bytes back
Round trip time was 0.027522 milliseconds in repetition 215
tcp_ping received 2048 bytes back
Round trip time was 0.028103 milliseconds in repetition 216
tcp_ping received 2048 bytes back
Round trip time was 0.027348 milliseconds in repetition 217
tcp_ping received 2048 bytes back
Round trip time was 0.028038 milliseconds in repetition 218
tcp_ping received 2048 bytes back
Round trip time was 0.059554 milliseconds in repetition 219
tcp_ping received 2048 bytes back
Round trip time was 0.031762 milliseconds in repetition 220
tcp_ping received 2048 bytes back
Round trip time was 0.028472 milliseconds in repetition 221
tcp_ping received 2048 bytes back
Round trip time was 0.027813 milliseconds in repetition 222
tcp_ping received 2048 bytes back
Round trip time was 0.027992 milliseconds in repetition 223
tcp_ping received 2048 bytes back
Round trip time was 0.027355 milliseconds in repetition 224
tcp_ping received 2048 bytes back
Round trip time was 0.028208 milliseconds in repetition 225
tcp_ping received 2048 bytes back
Round trip time was 0.027579 milliseconds in repetition 226
tcp_ping received 2048 bytes back
Round trip time was 0.028158 milliseconds in repetition 227
tcp_ping received 2048 bytes back
Round trip time was 0.027579 milliseconds in repetition 228
tcp_ping received 2048 bytes back
Round trip time was 0.027948 milliseconds in repetition 229
tcp_ping received 2048 bytes back
Round trip time was 0.027643 milliseconds in repetition 230
tcp_ping received 2048 bytes back
Round trip time was 0.028246 milliseconds in repetition 231
tcp_ping received 2048 bytes back
Round trip time was 0.155301 milliseconds in repetition 232
tcp_ping received 2048 bytes back
Round trip time was 0.031729 milliseconds in repetition 233
tcp_ping received 2048 bytes back
Round trip time was 0.031668 milliseconds in repetition 234
tcp_ping received 2048 bytes back
Round trip time was 0.030065 milliseconds in repetition 235
tcp_ping received 2048 bytes back
Round trip time was 0.031409 milliseconds in repetition 236
tcp_ping received 2048 bytes back
Round trip time was 0.030075 milliseconds in repetition 237
tcp_ping received 2048 bytes back
Round trip time was 0.030853 milliseconds in repetition 238
tcp_ping received 2048 bytes back
Round trip time was 0.047723 milliseconds in repetition 239
tcp_ping received 2048 bytes back
Round trip time was 0.034452 milliseconds in repetition 240
tcp_ping received 2048 bytes back
Round trip time was 0.029709 milliseconds in repetition 241
tcp_ping received 2048 bytes back
Round trip time was 0.030955 milliseconds in repetition 242
tcp_ping received 2048 bytes back
Round trip time was 0.029733 milliseconds in repetition 243
tcp_ping received 2048 bytes back
Round trip time was 0.03074 milliseconds in repetition 244
tcp_ping received 2048 bytes back
Round trip time was 0.029676 milliseconds in repetition 245
tcp_ping received 2048 bytes back
Round trip time was 0.030672 milliseconds in repetition 246
tcp_ping received 2048 bytes back
Round trip time was 0.030613 milliseconds in repetition 247
tcp_ping received 2048 bytes back
Round trip time was 0.031061 milliseconds in repetition 248
tcp_ping received 2048 bytes back
Round trip time was 0.02957 milliseconds in repetition 249
tcp_ping received 2048 bytes back
Round trip time was 0.030929 milliseconds in repetition 250
tcp_ping received 2048 bytes back
Round trip time was 0.029648 milliseconds in repetition 251
tcp_ping received 2048 bytes back
Round trip time was 0.030879 milliseconds in repetition 252
tcp_ping received 2048 bytes back
Round trip time was 0.0298 milliseconds in repetition 253
tcp_ping received 2048 bytes back
Round trip time was 0.031055 milliseconds in repetition 254
tcp_ping received 2048 bytes back
Round trip time was 0.032525 milliseconds in repetition 255
tcp_ping received 2048 bytes back
Round trip time was 0.042187 milliseconds in repetition 256
tcp_ping received 2048 bytes back
Round trip time was 0.043283 milliseconds in repetition 257
tcp_ping received 2048 bytes back
Round trip time was 0.047588 milliseconds in repetition 258
tcp_ping received 2048 bytes back
Round trip time was 0.042931 milliseconds in repetition 259
tcp_ping received 2048 bytes back
Round trip time was 0.031464 milliseconds in repetition 260
tcp_ping received 2048 bytes back
Round trip time was 0.029971 milliseconds in repetition 261
tcp_ping received 2048 bytes back
Round trip time was 0.504748 milliseconds in repetition 262
tcp_ping received 2048 bytes back
Round trip time was 0.066409 milliseconds in repetition 263
tcp_ping received 2048 bytes back
Round trip time was 0.029582 milliseconds in repetition 264
tcp_ping received 2048 bytes back
Round trip time was 0.02898 milliseconds in repetition 265
tcp_ping received 2048 bytes back
Round trip time was 0.444543 milliseconds in repetition 266
tcp_ping received 2048 bytes back
Round trip time was 0.06531 milliseconds in repetition 267
tcp_ping received 2048 bytes back
Round trip time was 0.029498 milliseconds in repetition 268
tcp_ping received 2048 bytes back
Round trip time was 0.028437 milliseconds in repetition 269
tcp_ping received 2048 bytes back
Round trip time was 0.028856 milliseconds in repetition 270
tcp_ping received 2048 bytes back
Round trip time was 0.028542 milliseconds in repetition 271
tcp_ping received 2048 bytes back
Round trip time was 0.028793 milliseconds in repetition 272
tcp_ping received 2048 bytes back
Round trip time was 0.028271 milliseconds in repetition 273
tcp_ping received 2048 bytes back
Round trip time was 0.029858 milliseconds in repetition 274
tcp_ping received 2048 bytes back
Round trip time was 0.033044 milliseconds in repetition 275
tcp_ping received 2048 bytes back
Round trip time was 0.033917 milliseconds in repetition 276
tcp_ping received 2048 bytes back
Round trip time was 0.03307 milliseconds in repetition 277
tcp_ping received 2048 bytes back
Round trip time was 0.036678 milliseconds in repetition 278
tcp_ping received 2048 bytes back
Round trip time was 0.035435 milliseconds in repetition 279
tcp_ping received 2048 bytes back
Round trip time was 0.035105 milliseconds in repetition 280
tcp_ping received 2048 bytes back
Round trip time was 0.038164 milliseconds in repetition 281
tcp_ping received 2048 bytes back
Round trip time was 0.040245 milliseconds in repetition 282
tcp_ping received 2048 bytes back
Round trip time was 0.037968 milliseconds in repetition 283
tcp_ping received 2048 bytes back
Round trip time was 0.03584 milliseconds in repetition 284
tcp_ping received 2048 bytes back
Round trip time was 0.038632 milliseconds in repetition 285
tcp_ping received 2048 bytes back
Round trip time was 0.040076 milliseconds in repetition 286
tcp_ping received 2048 bytes back
Round trip time was 0.038809 milliseconds in repetition 287
tcp_ping received 2048 bytes back
Round trip time was 0.240411 milliseconds in repetition 288
tcp_ping received 2048 bytes back
Round trip time was 0.034019 milliseconds in repetition 289
tcp_ping received 2048 bytes back
Round trip time was 0.03127 milliseconds in repetition 290
tcp_ping received 2048 bytes back
Round trip time was 0.029896 milliseconds in repetition 291
tcp_ping received 2048 bytes back
Round trip time was 0.031052 milliseconds in repetition 292
tcp_ping received 2048 bytes back
Round trip time was 0.030235 milliseconds in repetition 293
tcp_ping received 2048 bytes back
Round trip time was 0.030665 milliseconds in repetition 294
tcp_ping received 2048 bytes back
Round trip time was 0.02984 milliseconds in repetition 295
tcp_ping received 2048 bytes back
Round trip time was 0.03189 milliseconds in repetition 296
tcp_ping received 2048 bytes back
Round trip time was 0.029989 milliseconds in repetition 297
tcp_ping received 2048 bytes back
Round trip time was 0.030988 milliseconds in repetition 298
tcp_ping received 2048 bytes back
Round trip time was 0.030147 milliseconds in repetition 299
tcp_ping received 2048 bytes back
Round trip time was 0.031232 milliseconds in repetition 300
tcp_ping received 2048 bytes back
Round trip time was 0.030112 milliseconds in repetition 301
tcp_ping received 2048 bytes back
Round trip time was 0.031258 milliseconds in repetition 302
tcp_ping received 2048 bytes back
Round trip time was 0.029875 milliseconds in repetition 303
tcp_ping received 2048 bytes back
Round trip time was 0.032357 milliseconds in repetition 304
tcp_ping received 2048 bytes back
Round trip time was 0.03016 milliseconds in repetition 305
tcp_ping received 2048 bytes back
Round trip time was 0.066088 milliseconds in repetition 306
tcp_ping received 2048 bytes back
Round trip time was 0.032653 milliseconds in repetition 307
tcp_ping received 2048 bytes back
Round trip time was 0.031316 milliseconds in repetition 308
tcp_ping received 2048 bytes back
Round trip time was 0.032638 milliseconds in repetition 309
tcp_ping received 2048 bytes back
Round trip time was 0.032566 milliseconds in repetition 310
tcp_ping received 2048 bytes back
Round trip time was 0.032141 milliseconds in repetition 311
tcp_ping received 2048 bytes back
Round trip time was 0.033996 milliseconds in repetition 312
tcp_ping received 2048 bytes back
Round trip time was 0.032689 milliseconds in repetition 313
tcp_ping received 2048 bytes back
Round trip time was 0.033938 milliseconds in repetition 314
tcp_ping received 2048 bytes back
Round trip time was 0.035845 milliseconds in repetition 315
tcp_ping received 2048 bytes back
Round trip time was 0.034463 milliseconds in repetition 316
tcp_ping received 2048 bytes back
Round trip time was 0.038962 milliseconds in repetition 317
tcp_ping received 2048 bytes back
Round trip time was 0.035167 milliseconds in repetition 318
tcp_ping received 2048 bytes back
Round trip time was 0.040372 milliseconds in repetition 319
tcp_ping received 2048 bytes back
Round trip time was 0.039776 milliseconds in repetition 320
tcp_ping received 2048 bytes back
Round trip time was 0.041779 milliseconds in repetition 321
tcp_ping received 2048 bytes back
Round trip time was 0.03935 milliseconds in repetition 322
tcp_ping received 2048 bytes back
Round trip time was 0.049299 milliseconds in repetition 323
tcp_ping received 2048 bytes back
Round trip time was 0.043015 milliseconds in repetition 324
tcp_ping received 2048 bytes back
Round trip time was 0.041382 milliseconds in repetition 325
tcp_ping received 2048 bytes back
Round trip time was 0.041879 milliseconds in repetition 326
tcp_ping received 2048 bytes back
Round trip time was 0.041354 milliseconds in repetition 327
tcp_ping received 2048 bytes back
Round trip time was 0.289219 milliseconds in repetition 328
tcp_ping received 2048 bytes back
Round trip time was 0.032584 milliseconds in repetition 329
tcp_ping received 2048 bytes back
Round trip time was 0.030317 milliseconds in repetition 330
tcp_ping received 2048 bytes back
Round trip time was 0.045987 milliseconds in repetition 331
tcp_ping received 2048 bytes back
Round trip time was 0.032504 milliseconds in repetition 332
tcp_ping received 2048 bytes back
Round trip time was 0.030308 milliseconds in repetition 333
tcp_ping received 2048 bytes back
Round trip time was 0.029599 milliseconds in repetition 334
tcp_ping received 2048 bytes back
Round trip time was 0.03027 milliseconds in repetition 335
tcp_ping received 2048 bytes back
Round trip time was 0.029917 milliseconds in repetition 336
tcp_ping received 2048 bytes back
Round trip time was 0.030371 milliseconds in repetition 337
tcp_ping received 2048 bytes back
Round trip time was 0.042057 milliseconds in repetition 338
tcp_ping received 2048 bytes back
Round trip time was 0.03108 milliseconds in repetition 339
tcp_ping received 2048 bytes back
Round trip time was 0.029897 milliseconds in repetition 340
tcp_ping received 2048 bytes back
Round trip time was 0.029749 milliseconds in repetition 341
tcp_ping received 2048 bytes back
Round trip time was 0.029674 milliseconds in repetition 342
tcp_ping received 2048 bytes back
Round trip time was 0.031234 milliseconds in repetition 343
tcp_ping received 2048 bytes back
Round trip time was 0.031484 milliseconds in repetition 344
tcp_ping received 2048 bytes back
Round trip time was 0.031322 milliseconds in repetition 345
tcp_ping received 2048 bytes back
Round trip time was 0.031126 milliseconds in repetition 346
tcp_ping received 2048 bytes back
Round trip time was 0.031182 milliseconds in repetition 347
tcp_ping received 2048 bytes back
Round trip time was 0.031152 milliseconds in repetition 348
tcp_ping received 2048 bytes back
Round trip time was 0.031297 milliseconds in repetition 349
tcp_ping received 2048 bytes back
Round trip time was 0.038175 milliseconds in repetition 350
tcp_ping received 2048 bytes back
Round trip time was 0.031661 milliseconds in repetition 351
tcp_ping received 2048 bytes back
Round trip time was 0.031383 milliseconds in repetition 352
tcp_ping received 2048 bytes back
Round trip time was 0.03159 milliseconds in repetition 353
tcp_ping received 2048 bytes back
Round trip time was 0.031287 milliseconds in repetition 354
tcp_ping received 2048 bytes back
Round trip time was 0.031404 milliseconds in repetition 355
tcp_ping received 2048 bytes back
Round trip time was 0.031279 milliseconds in repetition 356
tcp_ping received 2048 bytes back
Round trip time was 0.031561 milliseconds in repetition 357
tcp_ping received 2048 bytes back
Round trip time was 0.031092 milliseconds in repetition 358
tcp_ping received 2048 bytes back
Round trip time was 0.031302 milliseconds in repetition 359
tcp_ping received 2048 bytes back
Round trip time was 0.031163 milliseconds in repetition 360
tcp_ping received 2048 bytes back
Round trip time was 0.031287 milliseconds in repetition 361
tcp_ping received 2048 bytes back
Round trip time was 0.03071 milliseconds in repetition 362
tcp_ping received 2048 bytes back
Round trip time was 0.031337 milliseconds in repetition 363
tcp_ping received 2048 bytes back
Round trip time was 0.030801 milliseconds in repetition 364
tcp_ping received 2048 bytes back
Round trip time was 0.03125 milliseconds in repetition 365
tcp_ping received 2048 bytes back
Round trip time was 0.03154 milliseconds in repetition 366
tcp_ping received 2048 bytes back
Round trip time was 0.031683 milliseconds in repetition 367
tcp_ping received 2048 bytes back
Round trip time was 0.030815 milliseconds in repetition 368
tcp_ping received 2048 bytes back
Round trip time was 0.031731 milliseconds in repetition 369
tcp_ping received 2048 bytes back
Round trip time was 0.030693 milliseconds in repetition 370
tcp_ping received 2048 bytes back
Round trip time was 0.031349 milliseconds in repetition 371
tcp_ping received 2048 bytes back
Round trip time was 0.030867 milliseconds in repetition 372
tcp_ping received 2048 bytes back
Round trip time was 0.031426 milliseconds in repetition 373
tcp_ping received 2048 bytes back
Round trip time was 0.030717 milliseconds in repetition 374
tcp_ping received 2048 bytes back
Round trip time was 0.031453 milliseconds in repetition 375
tcp_ping received 2048 bytes back
Round trip time was 0.0307 milliseconds in repetition 376
tcp_ping received 2048 bytes back
Round trip time was 0.031337 milliseconds in repetition 377
tcp_ping received 2048 bytes back
Round trip time was 0.030863 milliseconds in repetition 378
tcp_ping received 2048 bytes back
Round trip time was 0.031665 milliseconds in repetition 379
tcp_ping received 2048 bytes back
Round trip time was 0.031019 milliseconds in repetition 380
tcp_ping received 2048 bytes back
Round trip time was 0.031826 milliseconds in repetition 381
tcp_ping received 2048 bytes back
Round trip time was 0.031102 milliseconds in repetition 382
tcp_ping received 2048 bytes back
Round trip time was 0.032207 milliseconds in repetition 383
tcp_ping received 2048 bytes back
Round trip time was 0.031307 milliseconds in repetition 384
tcp_ping received 2048 bytes back
Round trip time was 0.031712 milliseconds in repetition 385
tcp_ping received 2048 bytes back
Round trip time was 0.0309 milliseconds in repetition 386
tcp_ping received 2048 bytes back
Round trip time was 0.031823 milliseconds in repetition 387
tcp_ping received 2048 bytes back
Round trip time was 0.031109 milliseconds in repetition 388
tcp_ping received 2048 bytes back
Round trip time was 0.031754 milliseconds in repetition 389
tcp_ping received 2048 bytes back
Round trip time was 0.031548 milliseconds in repetition 390
tcp_ping received 2048 bytes back
Round trip time was 0.031558 milliseconds in repetition 391
tcp_ping received 2048 bytes back
Round trip time was 0.031395 milliseconds in repetition 392
tcp_ping received 2048 bytes back
Round trip time was 0.037008 milliseconds in repetition 393
tcp_ping received 2048 bytes back
Round trip time was 0.031202 milliseconds in repetition 394
tcp_ping received 2048 bytes back
Round trip time was 0.032498 milliseconds in repetition 395
tcp_ping received 2048 bytes back
Round trip time was 0.031347 milliseconds in repetition 396
tcp_ping received 2048 bytes back
Round trip time was 0.57783 milliseconds in repetition 397
tcp_ping received 2048 bytes back
Round trip time was 0.061173 milliseconds in repetition 398
tcp_ping received 2048 bytes back
Round trip time was 0.032653 milliseconds in repetition 399
tcp_ping received 2048 bytes back
Round trip time was 0.031336 milliseconds in repetition 400
tcp_ping received 2048 bytes back
Round trip time was 0.031688 milliseconds in repetition 401
tcp_ping received 2048 bytes back
Round trip time was 0.031063 milliseconds in repetition 402
tcp_ping received 2048 bytes back
Round trip time was 0.031399 milliseconds in repetition 403
tcp_ping received 2048 bytes back
Round trip time was 0.030919 milliseconds in repetition 404
tcp_ping received 2048 bytes back
Round trip time was 0.031806 milliseconds in repetition 405
tcp_ping received 2048 bytes back
Round trip time was 0.030985 milliseconds in repetition 406
tcp_ping received 2048 bytes back
Round trip time was 0.031411 milliseconds in repetition 407
tcp_ping received 2048 bytes back
Round trip time was 0.03085 milliseconds in repetition 408
tcp_ping received 2048 bytes back
Round trip time was 0.031415 milliseconds in repetition 409
tcp_ping received 2048 bytes back
Round trip time was 0.031951 milliseconds in repetition 410
tcp_ping received 2048 bytes back
Round trip time was 0.031539 milliseconds in repetition 411
tcp_ping received 2048 bytes back
Round trip time was 0.030875 milliseconds in repetition 412
tcp_ping received 2048 bytes back
Round trip time was 0.031488 milliseconds in repetition 413
tcp_ping received 2048 bytes back
Round trip time was 0.031635 milliseconds in repetition 414
tcp_ping received 2048 bytes back
Round trip time was 0.031339 milliseconds in repetition 415
tcp_ping received 2048 bytes back
Round trip time was 0.031128 milliseconds in repetition 416
tcp_ping received 2048 bytes back
Round trip time was 0.031381 milliseconds in repetition 417
tcp_ping received 2048 bytes back
Round trip time was 0.031575 milliseconds in repetition 418
tcp_ping received 2048 bytes back
Round trip time was 0.031327 milliseconds in repetition 419
tcp_ping received 2048 bytes back
Round trip time was 0.031066 milliseconds in repetition 420
tcp_ping received 2048 bytes back
Round trip time was 0.031408 milliseconds in repetition 421
tcp_ping received 2048 bytes back
Round trip time was 0.031714 milliseconds in repetition 422
tcp_ping received 2048 bytes back
Round trip time was 0.031278 milliseconds in repetition 423
tcp_ping received 2048 bytes back
Round trip time was 0.030958 milliseconds in repetition 424
tcp_ping received 2048 bytes back
Round trip time was 0.031562 milliseconds in repetition 425
tcp_ping received 2048 bytes back
Round trip time was 0.031701 milliseconds in repetition 426
tcp_ping received 2048 bytes back
Round trip time was 0.271825 milliseconds in repetition 427
tcp_ping received 2048 bytes back
Round trip time was 0.237156 milliseconds in repetition 428
tcp_ping received 2048 bytes back
Round trip time was 0.035882 milliseconds in repetition 429
tcp_ping received 2048 bytes back
Round trip time was 0.031622 milliseconds in repetition 430
tcp_ping received 2048 bytes back
Round trip time was 0.031959 milliseconds in repetition 431
tcp_ping received 2048 bytes back
Round trip time was 0.031513 milliseconds in repetition 432
tcp_ping received 2048 bytes back
Round trip time was 0.032135 milliseconds in repetition 433
tcp_ping received 2048 bytes back
Round trip time was 0.031463 milliseconds in repetition 434
tcp_ping received 2048 bytes back
Round trip time was 0.031983 milliseconds in repetition 435
tcp_ping received 2048 bytes back
Round trip time was 0.046684 milliseconds in repetition 436
tcp_ping received 2048 bytes back
Round trip time was 0.055217 milliseconds in repetition 437
tcp_ping received 2048 bytes back
Round trip time was 0.032695 milliseconds in repetition 438
tcp_ping received 2048 bytes back
Round trip time was 0.031325 milliseconds in repetition 439
tcp_ping received 2048 bytes back
Round trip time was 0.031812 milliseconds in repetition 440
tcp_ping received 2048 bytes back
Round trip time was 0.031382 milliseconds in repetition 441
tcp_ping received 2048 bytes back
Round trip time was 0.031978 milliseconds in repetition 442
tcp_ping received 2048 bytes back
Round trip time was 0.031075 milliseconds in repetition 443
tcp_ping received 2048 bytes back
Round trip time was 0.031981 milliseconds in repetition 444
tcp_ping received 2048 bytes back
Round trip time was 0.030878 milliseconds in repetition 445
tcp_ping received 2048 bytes back
Round trip time was 0.031515 milliseconds in repetition 446
tcp_ping received 2048 bytes back
Round trip time was 0.031199 milliseconds in repetition 447
tcp_ping received 2048 bytes back
Round trip time was 0.031785 milliseconds in repetition 448
tcp_ping received 2048 bytes back
Round trip time was 0.031217 milliseconds in repetition 449
tcp_ping received 2048 bytes back
Round trip time was 0.031596 milliseconds in repetition 450
tcp_ping received 2048 bytes back
Round trip time was 0.03105 milliseconds in repetition 451
tcp_ping received 2048 bytes back
Round trip time was 0.032384 milliseconds in repetition 452
tcp_ping received 2048 bytes back
Round trip time was 0.031362 milliseconds in repetition 453
tcp_ping received 2048 bytes back
Round trip time was 0.031745 milliseconds in repetition 454
tcp_ping received 2048 bytes back
Round trip time was 0.031066 milliseconds in repetition 455
tcp_ping received 2048 bytes back
Round trip time was 0.031923 milliseconds in repetition 456
tcp_ping received 2048 bytes back
Round trip time was 0.031328 milliseconds in repetition 457
tcp_ping received 2048 bytes back
Round trip time was 0.031704 milliseconds in repetition 458
tcp_ping received 2048 bytes back
Round trip time was 0.031283 milliseconds in repetition 459
tcp_ping received 2048 bytes back
Round trip time was 0.031672 milliseconds in repetition 460
tcp_ping received 2048 bytes back
Round trip time was 0.031925 milliseconds in repetition 461
tcp_ping received 2048 bytes back
Round trip time was 0.031672 milliseconds in repetition 462
tcp_ping received 2048 bytes back
Round trip time was 0.031318 milliseconds in repetition 463
tcp_ping received 2048 bytes back
Round trip time was 0.031819 milliseconds in repetition 464
tcp_ping received 2048 bytes back
Round trip time was 0.031849 milliseconds in repetition 465
tcp_ping received 2048 bytes back
Round trip time was 0.031773 milliseconds in repetition 466
tcp_ping received 2048 bytes back
Round trip time was 0.031248 milliseconds in repetition 467
tcp_ping received 2048 bytes back
Round trip time was 0.031754 milliseconds in repetition 468
tcp_ping received 2048 bytes back
Round trip time was 0.031884 milliseconds in repetition 469
tcp_ping received 2048 bytes back
Round trip time was 0.031988 milliseconds in repetition 470
tcp_ping received 2048 bytes back
Round trip time was 0.031229 milliseconds in repetition 471
tcp_ping received 2048 bytes back
Round trip time was 0.031847 milliseconds in repetition 472
tcp_ping received 2048 bytes back
Round trip time was 0.031814 milliseconds in repetition 473
tcp_ping received 2048 bytes back
Round trip time was 0.031994 milliseconds in repetition 474
tcp_ping received 2048 bytes back
Round trip time was 0.031795 milliseconds in repetition 475
tcp_ping received 2048 bytes back
Round trip time was 0.031663 milliseconds in repetition 476
tcp_ping received 2048 bytes back
Round trip time was 0.031842 milliseconds in repetition 477
tcp_ping received 2048 bytes back
Round trip time was 0.031706 milliseconds in repetition 478
tcp_ping received 2048 bytes back
Round trip time was 0.031251 milliseconds in repetition 479
tcp_ping received 2048 bytes back
Round trip time was 0.036954 milliseconds in repetition 480
tcp_ping received 2048 bytes back
Round trip time was 0.031749 milliseconds in repetition 481
tcp_ping received 2048 bytes back
Round trip time was 0.032626 milliseconds in repetition 482
tcp_ping received 2048 bytes back
Round trip time was 0.03158 milliseconds in repetition 483
tcp_ping received 2048 bytes back
Round trip time was 0.032033 milliseconds in repetition 484
tcp_ping received 2048 bytes back
Round trip time was 0.031745 milliseconds in repetition 485
tcp_ping received 2048 bytes back
Round trip time was 0.031926 milliseconds in repetition 486
tcp_ping received 2048 bytes back
Round trip time was 0.031394 milliseconds in repetition 487
tcp_ping received 2048 bytes back
Round trip time was 0.031841 milliseconds in repetition 488
tcp_ping received 2048 bytes back
Round trip time was 0.031097 milliseconds in repetition 489
tcp_ping received 2048 bytes back
Round trip time was 0.031988 milliseconds in repetition 490
tcp_ping received 2048 bytes back
Round trip time was 0.031138 milliseconds in repetition 491
tcp_ping received 2048 bytes back
Round trip time was 0.031885 milliseconds in repetition 492
tcp_ping received 2048 bytes back
Round trip time was 0.03115 milliseconds in repetition 493
tcp_ping received 2048 bytes back
Round trip time was 0.031751 milliseconds in repetition 494
tcp_ping received 2048 bytes back
Round trip time was 0.031345 milliseconds in repetition 495
tcp_ping received 2048 bytes back
Round trip time was 0.031769 milliseconds in repetition 496
tcp_ping received 2048 bytes back
Round trip time was 0.031012 milliseconds in repetition 497
tcp_ping received 2048 bytes back
Round trip time was 0.031789 milliseconds in repetition 498
tcp_ping received 2048 bytes back
Round trip time was 0.030998 milliseconds in repetition 499
tcp_ping received 2048 bytes back
Round trip time was 0.031649 milliseconds in repetition 500
tcp_ping received 2048 bytes back
Round trip time was 0.350946 milliseconds in repetition 501

 ... clock resolution was 1e-06
TCP Ping:  Statistics over 501 repetitions of 2048 byte messages

RTT : percentile 10: 0.027983, median: 0.031229, percentile 90: 0.04589, average: 0.0413769, variance: 0.00320693

RTT histogram:
0.0272835 427
0.0548108 60
0.0823382 1
0.109866 0
0.137393 0
0.16492 1
0.192448 0
0.219975 1
0.247502 2
0.27503 1
0.302557 1
0.330084 0
0.357612 2
0.385139 0
0.412666 0
0.440194 1
0.467721 0
0.495248 2
0.522776 0
0.550303 1
0.57783 1

   median Throughput : 131160 KB/s   overall Throughput : 98992.3 KB/s

