TCP Ping trying to connect to server localhost (127.0.0.1) on port 1491
 ... connected to Pong server: asking for 501 repetitions of 32 bytes TCP messages
 ... Pong server agreed :-)
tcp_ping received 32 bytes back
Round trip time was 658.021 milliseconds in repetition 1
tcp_ping received 32 bytes back
Round trip time was 659.854 milliseconds in repetition 2
tcp_ping received 32 bytes back
Round trip time was 658.977 milliseconds in repetition 3
tcp_ping received 32 bytes back
Round trip time was 658.993 milliseconds in repetition 4
tcp_ping received 32 bytes back
Round trip time was 659.017 milliseconds in repetition 5
tcp_ping received 32 bytes back
Round trip time was 659.042 milliseconds in repetition 6
tcp_ping received 32 bytes back
Round trip time was 659.066 milliseconds in repetition 7
tcp_ping received 32 bytes back
Round trip time was 659.095 milliseconds in repetition 8
tcp_ping received 32 bytes back
Round trip time was 659.119 milliseconds in repetition 9
tcp_ping received 32 bytes back
Round trip time was 659.143 milliseconds in repetition 10
tcp_ping received 32 bytes back
Round trip time was 659.168 milliseconds in repetition 11
tcp_ping received 32 bytes back
Round trip time was 659.192 milliseconds in repetition 12
tcp_ping received 32 bytes back
Round trip time was 659.216 milliseconds in repetition 13
tcp_ping received 32 bytes back
Round trip time was 659.24 milliseconds in repetition 14
tcp_ping received 32 bytes back
Round trip time was 659.265 milliseconds in repetition 15
tcp_ping received 32 bytes back
Round trip time was 659.289 milliseconds in repetition 16
tcp_ping received 32 bytes back
Round trip time was 659.313 milliseconds in repetition 17
tcp_ping received 32 bytes back
Round trip time was 659.337 milliseconds in repetition 18
tcp_ping received 32 bytes back
Round trip time was 659.361 milliseconds in repetition 19
tcp_ping received 32 bytes back
Round trip time was 659.386 milliseconds in repetition 20
tcp_ping received 32 bytes back
Round trip time was 659.41 milliseconds in repetition 21
tcp_ping received 32 bytes back
Round trip time was 659.434 milliseconds in repetition 22
tcp_ping received 32 bytes back
Round trip time was 659.458 milliseconds in repetition 23
tcp_ping received 32 bytes back
Round trip time was 659.482 milliseconds in repetition 24
tcp_ping received 32 bytes back
Round trip time was 659.506 milliseconds in repetition 25
tcp_ping received 32 bytes back
Round trip time was 659.531 milliseconds in repetition 26
tcp_ping received 32 bytes back
Round trip time was 659.555 milliseconds in repetition 27
tcp_ping received 32 bytes back
Round trip time was 659.579 milliseconds in repetition 28
tcp_ping received 32 bytes back
Round trip time was 659.603 milliseconds in repetition 29
tcp_ping received 32 bytes back
Round trip time was 659.628 milliseconds in repetition 30
tcp_ping received 32 bytes back
Round trip time was 659.652 milliseconds in repetition 31
tcp_ping received 32 bytes back
Round trip time was 659.676 milliseconds in repetition 32
tcp_ping received 32 bytes back
Round trip time was 659.7 milliseconds in repetition 33
tcp_ping received 32 bytes back
Round trip time was 659.725 milliseconds in repetition 34
tcp_ping received 32 bytes back
Round trip time was 659.749 milliseconds in repetition 35
tcp_ping received 32 bytes back
Round trip time was 659.773 milliseconds in repetition 36
tcp_ping received 32 bytes back
Round trip time was 659.797 milliseconds in repetition 37
tcp_ping received 32 bytes back
Round trip time was 659.821 milliseconds in repetition 38
tcp_ping received 32 bytes back
Round trip time was 659.845 milliseconds in repetition 39
tcp_ping received 32 bytes back
Round trip time was 659.871 milliseconds in repetition 40
tcp_ping received 32 bytes back
Round trip time was 659.895 milliseconds in repetition 41
tcp_ping received 32 bytes back
Round trip time was 659.919 milliseconds in repetition 42
tcp_ping received 32 bytes back
Round trip time was 659.943 milliseconds in repetition 43
tcp_ping received 32 bytes back
Round trip time was 659.967 milliseconds in repetition 44
tcp_ping received 32 bytes back
Round trip time was 660.036 milliseconds in repetition 45
tcp_ping received 32 bytes back
Round trip time was 660.056 milliseconds in repetition 46
tcp_ping received 32 bytes back
Round trip time was 660.08 milliseconds in repetition 47
tcp_ping received 32 bytes back
Round trip time was 660.105 milliseconds in repetition 48
tcp_ping received 32 bytes back
Round trip time was 660.129 milliseconds in repetition 49
tcp_ping received 32 bytes back
Round trip time was 660.153 milliseconds in repetition 50
tcp_ping received 32 bytes back
Round trip time was 660.178 milliseconds in repetition 51
tcp_ping received 32 bytes back
Round trip time was 660.202 milliseconds in repetition 52
tcp_ping received 32 bytes back
Round trip time was 660.226 milliseconds in repetition 53
tcp_ping received 32 bytes back
Round trip time was 660.362 milliseconds in repetition 54
tcp_ping received 32 bytes back
Round trip time was 660.411 milliseconds in repetition 55
tcp_ping received 32 bytes back
Round trip time was 660.428 milliseconds in repetition 56
tcp_ping received 32 bytes back
Round trip time was 660.453 milliseconds in repetition 57
tcp_ping received 32 bytes back
Round trip time was 660.477 milliseconds in repetition 58
tcp_ping received 32 bytes back
Round trip time was 660.501 milliseconds in repetition 59
tcp_ping received 32 bytes back
Round trip time was 660.526 milliseconds in repetition 60
tcp_ping received 32 bytes back
Round trip time was 660.55 milliseconds in repetition 61
tcp_ping received 32 bytes back
Round trip time was 660.575 milliseconds in repetition 62
tcp_ping received 32 bytes back
Round trip time was 660.599 milliseconds in repetition 63
tcp_ping received 32 bytes back
Round trip time was 660.624 milliseconds in repetition 64
tcp_ping received 32 bytes back
Round trip time was 660.648 milliseconds in repetition 65
tcp_ping received 32 bytes back
Round trip time was 660.672 milliseconds in repetition 66
tcp_ping received 32 bytes back
Round trip time was 660.696 milliseconds in repetition 67
tcp_ping received 32 bytes back
Round trip time was 660.721 milliseconds in repetition 68
tcp_ping received 32 bytes back
Round trip time was 660.745 milliseconds in repetition 69
tcp_ping received 32 bytes back
Round trip time was 660.77 milliseconds in repetition 70
tcp_ping received 32 bytes back
Round trip time was 660.794 milliseconds in repetition 71
tcp_ping received 32 bytes back
Round trip time was 660.818 milliseconds in repetition 72
tcp_ping received 32 bytes back
Round trip time was 660.843 milliseconds in repetition 73
tcp_ping received 32 bytes back
Round trip time was 660.867 milliseconds in repetition 74
tcp_ping received 32 bytes back
Round trip time was 660.892 milliseconds in repetition 75
tcp_ping received 32 bytes back
Round trip time was 660.916 milliseconds in repetition 76
tcp_ping received 32 bytes back
Round trip time was 660.941 milliseconds in repetition 77
tcp_ping received 32 bytes back
Round trip time was 660.965 milliseconds in repetition 78
tcp_ping received 32 bytes back
Round trip time was 660.989 milliseconds in repetition 79
tcp_ping received 32 bytes back
Round trip time was 661.013 milliseconds in repetition 80
tcp_ping received 32 bytes back
Round trip time was 661.038 milliseconds in repetition 81
tcp_ping received 32 bytes back
Round trip time was 661.062 milliseconds in repetition 82
tcp_ping received 32 bytes back
Round trip time was 661.086 milliseconds in repetition 83
tcp_ping received 32 bytes back
Round trip time was 661.11 milliseconds in repetition 84
tcp_ping received 32 bytes back
Round trip time was 661.135 milliseconds in repetition 85
tcp_ping received 32 bytes back
Round trip time was 661.159 milliseconds in repetition 86
tcp_ping received 32 bytes back
Round trip time was 661.183 milliseconds in repetition 87
tcp_ping received 32 bytes back
Round trip time was 661.207 milliseconds in repetition 88
tcp_ping received 32 bytes back
Round trip time was 661.232 milliseconds in repetition 89
tcp_ping received 32 bytes back
Round trip time was 661.256 milliseconds in repetition 90
tcp_ping received 32 bytes back
Round trip time was 661.306 milliseconds in repetition 91
tcp_ping received 32 bytes back
Round trip time was 661.327 milliseconds in repetition 92
tcp_ping received 32 bytes back
Round trip time was 661.352 milliseconds in repetition 93
tcp_ping received 32 bytes back
Round trip time was 661.376 milliseconds in repetition 94
tcp_ping received 32 bytes back
Round trip time was 661.4 milliseconds in repetition 95
tcp_ping received 32 bytes back
Round trip time was 661.424 milliseconds in repetition 96
tcp_ping received 32 bytes back
Round trip time was 661.449 milliseconds in repetition 97
tcp_ping received 32 bytes back
Round trip time was 661.473 milliseconds in repetition 98
tcp_ping received 32 bytes back
Round trip time was 661.497 milliseconds in repetition 99
tcp_ping received 32 bytes back
Round trip time was 661.522 milliseconds in repetition 100
tcp_ping received 32 bytes back
Round trip time was 661.547 milliseconds in repetition 101
tcp_ping received 32 bytes back
Round trip time was 661.571 milliseconds in repetition 102
tcp_ping received 32 bytes back
Round trip time was 661.595 milliseconds in repetition 103
tcp_ping received 32 bytes back
Round trip time was 661.619 milliseconds in repetition 104
tcp_ping received 32 bytes back
Round trip time was 661.643 milliseconds in repetition 105
tcp_ping received 32 bytes back
Round trip time was 661.668 milliseconds in repetition 106
tcp_ping received 32 bytes back
Round trip time was 661.692 milliseconds in repetition 107
tcp_ping received 32 bytes back
Round trip time was 661.716 milliseconds in repetition 108
tcp_ping received 32 bytes back
Round trip time was 661.74 milliseconds in repetition 109
tcp_ping received 32 bytes back
Round trip time was 661.764 milliseconds in repetition 110
tcp_ping received 32 bytes back
Round trip time was 661.789 milliseconds in repetition 111
tcp_ping received 32 bytes back
Round trip time was 661.813 milliseconds in repetition 112
tcp_ping received 32 bytes back
Round trip time was 661.837 milliseconds in repetition 113
tcp_ping received 32 bytes back
Round trip time was 661.861 milliseconds in repetition 114
tcp_ping received 32 bytes back
Round trip time was 661.885 milliseconds in repetition 115
tcp_ping received 32 bytes back
Round trip time was 661.91 milliseconds in repetition 116
tcp_ping received 32 bytes back
Round trip time was 661.935 milliseconds in repetition 117
tcp_ping received 32 bytes back
Round trip time was 662.068 milliseconds in repetition 118
tcp_ping received 32 bytes back
Round trip time was 662.15 milliseconds in repetition 119
tcp_ping received 32 bytes back
Round trip time was 662.157 milliseconds in repetition 120
tcp_ping received 32 bytes back
Round trip time was 662.182 milliseconds in repetition 121
tcp_ping received 32 bytes back
Round trip time was 662.207 milliseconds in repetition 122
tcp_ping received 32 bytes back
Round trip time was 662.232 milliseconds in repetition 123
tcp_ping received 32 bytes back
Round trip time was 662.256 milliseconds in repetition 124
tcp_ping received 32 bytes back
Round trip time was 662.281 milliseconds in repetition 125
tcp_ping received 32 bytes back
Round trip time was 662.305 milliseconds in repetition 126
tcp_ping received 32 bytes back
Round trip time was 662.33 milliseconds in repetition 127
tcp_ping received 32 bytes back
Round trip time was 662.354 milliseconds in repetition 128
tcp_ping received 32 bytes back
Round trip time was 662.379 milliseconds in repetition 129
tcp_ping received 32 bytes back
Round trip time was 662.403 milliseconds in repetition 130
tcp_ping received 32 bytes back
Round trip time was 662.428 milliseconds in repetition 131
tcp_ping received 32 bytes back
Round trip time was 662.452 milliseconds in repetition 132
tcp_ping received 32 bytes back
Round trip time was 662.477 milliseconds in repetition 133
tcp_ping received 32 bytes back
Round trip time was 662.501 milliseconds in repetition 134
tcp_ping received 32 bytes back
Round trip time was 662.526 milliseconds in repetition 135
tcp_ping received 32 bytes back
Round trip time was 662.576 milliseconds in repetition 136
tcp_ping received 32 bytes back
Round trip time was 662.598 milliseconds in repetition 137
tcp_ping received 32 bytes back
Round trip time was 662.622 milliseconds in repetition 138
tcp_ping received 32 bytes back
Round trip time was 662.647 milliseconds in repetition 139
tcp_ping received 32 bytes back
Round trip time was 662.672 milliseconds in repetition 140
tcp_ping received 32 bytes back
Round trip time was 662.696 milliseconds in repetition 141
tcp_ping received 32 bytes back
Round trip time was 662.721 milliseconds in repetition 142
tcp_ping received 32 bytes back
Round trip time was 662.745 milliseconds in repetition 143
tcp_ping received 32 bytes back
Round trip time was 662.77 milliseconds in repetition 144
tcp_ping received 32 bytes back
Round trip time was 662.794 milliseconds in repetition 145
tcp_ping received 32 bytes back
Round trip time was 662.819 milliseconds in repetition 146
tcp_ping received 32 bytes back
Round trip time was 662.844 milliseconds in repetition 147
tcp_ping received 32 bytes back
Round trip time was 662.868 milliseconds in repetition 148
tcp_ping received 32 bytes back
Round trip time was 662.893 milliseconds in repetition 149
tcp_ping received 32 bytes back
Round trip time was 662.917 milliseconds in repetition 150
tcp_ping received 32 bytes back
Round trip time was 662.942 milliseconds in repetition 151
tcp_ping received 32 bytes back
Round trip time was 662.967 milliseconds in repetition 152
tcp_ping received 32 bytes back
Round trip time was 662.992 milliseconds in repetition 153
tcp_ping received 32 bytes back
Round trip time was 663.016 milliseconds in repetition 154
tcp_ping received 32 bytes back
Round trip time was 663.041 milliseconds in repetition 155
tcp_ping received 32 bytes back
Round trip time was 663.065 milliseconds in repetition 156
tcp_ping received 32 bytes back
Round trip time was 663.09 milliseconds in repetition 157
tcp_ping received 32 bytes back
Round trip time was 663.115 milliseconds in repetition 158
tcp_ping received 32 bytes back
Round trip time was 663.139 milliseconds in repetition 159
tcp_ping received 32 bytes back
Round trip time was 663.164 milliseconds in repetition 160
tcp_ping received 32 bytes back
Round trip time was 663.189 milliseconds in repetition 161
tcp_ping received 32 bytes back
Round trip time was 663.213 milliseconds in repetition 162
tcp_ping received 32 bytes back
Round trip time was 663.238 milliseconds in repetition 163
tcp_ping received 32 bytes back
Round trip time was 663.262 milliseconds in repetition 164
tcp_ping received 32 bytes back
Round trip time was 663.287 milliseconds in repetition 165
tcp_ping received 32 bytes back
Round trip time was 663.311 milliseconds in repetition 166
tcp_ping received 32 bytes back
Round trip time was 663.336 milliseconds in repetition 167
tcp_ping received 32 bytes back
Round trip time was 663.36 milliseconds in repetition 168
tcp_ping received 32 bytes back
Round trip time was 663.385 milliseconds in repetition 169
tcp_ping received 32 bytes back
Round trip time was 663.409 milliseconds in repetition 170
tcp_ping received 32 bytes back
Round trip time was 663.434 milliseconds in repetition 171
tcp_ping received 32 bytes back
Round trip time was 663.458 milliseconds in repetition 172
tcp_ping received 32 bytes back
Round trip time was 663.482 milliseconds in repetition 173
tcp_ping received 32 bytes back
Round trip time was 663.507 milliseconds in repetition 174
tcp_ping received 32 bytes back
Round trip time was 663.531 milliseconds in repetition 175
tcp_ping received 32 bytes back
Round trip time was 663.556 milliseconds in repetition 176
tcp_ping received 32 bytes back
Round trip time was 663.58 milliseconds in repetition 177
tcp_ping received 32 bytes back
Round trip time was 663.605 milliseconds in repetition 178
tcp_ping received 32 bytes back
Round trip time was 663.629 milliseconds in repetition 179
tcp_ping received 32 bytes back
Round trip time was 663.654 milliseconds in repetition 180
tcp_ping received 32 bytes back
Round trip time was 663.694 milliseconds in repetition 181
tcp_ping received 32 bytes back
Round trip time was 663.717 milliseconds in repetition 182
tcp_ping received 32 bytes back
Round trip time was 663.741 milliseconds in repetition 183
tcp_ping received 32 bytes back
Round trip time was 663.766 milliseconds in repetition 184
tcp_ping received 32 bytes back
Round trip time was 663.791 milliseconds in repetition 185
tcp_ping received 32 bytes back
Round trip time was 663.815 milliseconds in repetition 186
tcp_ping received 32 bytes back
Round trip time was 663.84 milliseconds in repetition 187
tcp_ping received 32 bytes back
Round trip time was 663.864 milliseconds in repetition 188
tcp_ping received 32 bytes back
Round trip time was 663.889 milliseconds in repetition 189
tcp_ping received 32 bytes back
Round trip time was 663.913 milliseconds in repetition 190
tcp_ping received 32 bytes back
Round trip time was 663.938 milliseconds in repetition 191
tcp_ping received 32 bytes back
Round trip time was 663.963 milliseconds in repetition 192
tcp_ping received 32 bytes back
Round trip time was 663.987 milliseconds in repetition 193
tcp_ping received 32 bytes back
Round trip time was 664.012 milliseconds in repetition 194
tcp_ping received 32 bytes back
Round trip time was 664.037 milliseconds in repetition 195
tcp_ping received 32 bytes back
Round trip time was 664.061 milliseconds in repetition 196
tcp_ping received 32 bytes back
Round trip time was 664.086 milliseconds in repetition 197
tcp_ping received 32 bytes back
Round trip time was 664.11 milliseconds in repetition 198
tcp_ping received 32 bytes back
Round trip time was 664.135 milliseconds in repetition 199
tcp_ping received 32 bytes back
Round trip time was 664.159 milliseconds in repetition 200
tcp_ping received 32 bytes back
Round trip time was 664.184 milliseconds in repetition 201
tcp_ping received 32 bytes back
Round trip time was 664.209 milliseconds in repetition 202
tcp_ping received 32 bytes back
Round trip time was 664.233 milliseconds in repetition 203
tcp_ping received 32 bytes back
Round trip time was 664.258 milliseconds in repetition 204
tcp_ping received 32 bytes back
Round trip time was 664.282 milliseconds in repetition 205
tcp_ping received 32 bytes back
Round trip time was 664.307 milliseconds in repetition 206
tcp_ping received 32 bytes back
Round trip time was 664.331 milliseconds in repetition 207
tcp_ping received 32 bytes back
Round trip time was 664.356 milliseconds in repetition 208
tcp_ping received 32 bytes back
Round trip time was 664.381 milliseconds in repetition 209
tcp_ping received 32 bytes back
Round trip time was 664.405 milliseconds in repetition 210
tcp_ping received 32 bytes back
Round trip time was 664.43 milliseconds in repetition 211
tcp_ping received 32 bytes back
Round trip time was 664.454 milliseconds in repetition 212
tcp_ping received 32 bytes back
Round trip time was 664.479 milliseconds in repetition 213
tcp_ping received 32 bytes back
Round trip time was 664.504 milliseconds in repetition 214
tcp_ping received 32 bytes back
Round trip time was 664.528 milliseconds in repetition 215
tcp_ping received 32 bytes back
Round trip time was 664.553 milliseconds in repetition 216
tcp_ping received 32 bytes back
Round trip time was 664.577 milliseconds in repetition 217
tcp_ping received 32 bytes back
Round trip time was 664.602 milliseconds in repetition 218
tcp_ping received 32 bytes back
Round trip time was 664.626 milliseconds in repetition 219
tcp_ping received 32 bytes back
Round trip time was 664.651 milliseconds in repetition 220
tcp_ping received 32 bytes back
Round trip time was 664.675 milliseconds in repetition 221
tcp_ping received 32 bytes back
Round trip time was 664.7 milliseconds in repetition 222
tcp_ping received 32 bytes back
Round trip time was 664.725 milliseconds in repetition 223
tcp_ping received 32 bytes back
Round trip time was 664.75 milliseconds in repetition 224
tcp_ping received 32 bytes back
Round trip time was 664.774 milliseconds in repetition 225
tcp_ping received 32 bytes back
Round trip time was 664.814 milliseconds in repetition 226
tcp_ping received 32 bytes back
Round trip time was 664.836 milliseconds in repetition 227
tcp_ping received 32 bytes back
Round trip time was 664.861 milliseconds in repetition 228
tcp_ping received 32 bytes back
Round trip time was 664.885 milliseconds in repetition 229
tcp_ping received 32 bytes back
Round trip time was 664.91 milliseconds in repetition 230
tcp_ping received 32 bytes back
Round trip time was 664.934 milliseconds in repetition 231
tcp_ping received 32 bytes back
Round trip time was 664.959 milliseconds in repetition 232
tcp_ping received 32 bytes back
Round trip time was 664.984 milliseconds in repetition 233
tcp_ping received 32 bytes back
Round trip time was 665.008 milliseconds in repetition 234
tcp_ping received 32 bytes back
Round trip time was 665.033 milliseconds in repetition 235
tcp_ping received 32 bytes back
Round trip time was 665.059 milliseconds in repetition 236
tcp_ping received 32 bytes back
Round trip time was 665.083 milliseconds in repetition 237
tcp_ping received 32 bytes back
Round trip time was 665.107 milliseconds in repetition 238
tcp_ping received 32 bytes back
Round trip time was 665.132 milliseconds in repetition 239
tcp_ping received 32 bytes back
Round trip time was 665.157 milliseconds in repetition 240
tcp_ping received 32 bytes back
Round trip time was 665.181 milliseconds in repetition 241
tcp_ping received 32 bytes back
Round trip time was 665.206 milliseconds in repetition 242
tcp_ping received 32 bytes back
Round trip time was 665.23 milliseconds in repetition 243
tcp_ping received 32 bytes back
Round trip time was 665.255 milliseconds in repetition 244
tcp_ping received 32 bytes back
Round trip time was 665.28 milliseconds in repetition 245
tcp_ping received 32 bytes back
Round trip time was 665.304 milliseconds in repetition 246
tcp_ping received 32 bytes back
Round trip time was 665.329 milliseconds in repetition 247
tcp_ping received 32 bytes back
Round trip time was 665.353 milliseconds in repetition 248
tcp_ping received 32 bytes back
Round trip time was 665.378 milliseconds in repetition 249
tcp_ping received 32 bytes back
Round trip time was 665.402 milliseconds in repetition 250
tcp_ping received 32 bytes back
Round trip time was 665.427 milliseconds in repetition 251
tcp_ping received 32 bytes back
Round trip time was 665.451 milliseconds in repetition 252
tcp_ping received 32 bytes back
Round trip time was 665.476 milliseconds in repetition 253
tcp_ping received 32 bytes back
Round trip time was 665.5 milliseconds in repetition 254
tcp_ping received 32 bytes back
Round trip time was 665.525 milliseconds in repetition 255
tcp_ping received 32 bytes back
Round trip time was 665.549 milliseconds in repetition 256
tcp_ping received 32 bytes back
Round trip time was 665.574 milliseconds in repetition 257
tcp_ping received 32 bytes back
Round trip time was 665.599 milliseconds in repetition 258
tcp_ping received 32 bytes back
Round trip time was 665.623 milliseconds in repetition 259
tcp_ping received 32 bytes back
Round trip time was 665.648 milliseconds in repetition 260
tcp_ping received 32 bytes back
Round trip time was 665.672 milliseconds in repetition 261
tcp_ping received 32 bytes back
Round trip time was 665.697 milliseconds in repetition 262
tcp_ping received 32 bytes back
Round trip time was 665.722 milliseconds in repetition 263
tcp_ping received 32 bytes back
Round trip time was 665.746 milliseconds in repetition 264
tcp_ping received 32 bytes back
Round trip time was 665.83 milliseconds in repetition 265
tcp_ping received 32 bytes back
Round trip time was 665.9 milliseconds in repetition 266
tcp_ping received 32 bytes back
Round trip time was 665.911 milliseconds in repetition 267
tcp_ping received 32 bytes back
Round trip time was 665.936 milliseconds in repetition 268
tcp_ping received 32 bytes back
Round trip time was 665.96 milliseconds in repetition 269
tcp_ping received 32 bytes back
Round trip time was 665.984 milliseconds in repetition 270
tcp_ping received 32 bytes back
Round trip time was 666.031 milliseconds in repetition 271
tcp_ping received 32 bytes back
Round trip time was 666.053 milliseconds in repetition 272
tcp_ping received 32 bytes back
Round trip time was 666.079 milliseconds in repetition 273
tcp_ping received 32 bytes back
Round trip time was 666.103 milliseconds in repetition 274
tcp_ping received 32 bytes back
Round trip time was 666.128 milliseconds in repetition 275
tcp_ping received 32 bytes back
Round trip time was 666.152 milliseconds in repetition 276
tcp_ping received 32 bytes back
Round trip time was 666.177 milliseconds in repetition 277
tcp_ping received 32 bytes back
Round trip time was 666.202 milliseconds in repetition 278
tcp_ping received 32 bytes back
Round trip time was 666.227 milliseconds in repetition 279
tcp_ping received 32 bytes back
Round trip time was 666.251 milliseconds in repetition 280
tcp_ping received 32 bytes back
Round trip time was 666.276 milliseconds in repetition 281
tcp_ping received 32 bytes back
Round trip time was 666.301 milliseconds in repetition 282
tcp_ping received 32 bytes back
Round trip time was 666.325 milliseconds in repetition 283
tcp_ping received 32 bytes back
Round trip time was 666.35 milliseconds in repetition 284
tcp_ping received 32 bytes back
Round trip time was 666.375 milliseconds in repetition 285
tcp_ping received 32 bytes back
Round trip time was 666.399 milliseconds in repetition 286
tcp_ping received 32 bytes back
Round trip time was 666.424 milliseconds in repetition 287
tcp_ping received 32 bytes back
Round trip time was 666.448 milliseconds in repetition 288
tcp_ping received 32 bytes back
Round trip time was 666.473 milliseconds in repetition 289
tcp_ping received 32 bytes back
Round trip time was 666.497 milliseconds in repetition 290
tcp_ping received 32 bytes back
Round trip time was 666.522 milliseconds in repetition 291
tcp_ping received 32 bytes back
Round trip time was 666.547 milliseconds in repetition 292
tcp_ping received 32 bytes back
Round trip time was 666.571 milliseconds in repetition 293
tcp_ping received 32 bytes back
Round trip time was 666.596 milliseconds in repetition 294
tcp_ping received 32 bytes back
Round trip time was 666.621 milliseconds in repetition 295
tcp_ping received 32 bytes back
Round trip time was 666.645 milliseconds in repetition 296
tcp_ping received 32 bytes back
Round trip time was 666.67 milliseconds in repetition 297
tcp_ping received 32 bytes back
Round trip time was 666.695 milliseconds in repetition 298
tcp_ping received 32 bytes back
Round trip time was 666.719 milliseconds in repetition 299
tcp_ping received 32 bytes back
Round trip time was 666.744 milliseconds in repetition 300
tcp_ping received 32 bytes back
Round trip time was 666.769 milliseconds in repetition 301
tcp_ping received 32 bytes back
Round trip time was 666.793 milliseconds in repetition 302
tcp_ping received 32 bytes back
Round trip time was 666.818 milliseconds in repetition 303
tcp_ping received 32 bytes back
Round trip time was 666.843 milliseconds in repetition 304
tcp_ping received 32 bytes back
Round trip time was 666.867 milliseconds in repetition 305
tcp_ping received 32 bytes back
Round trip time was 666.892 milliseconds in repetition 306
tcp_ping received 32 bytes back
Round trip time was 666.916 milliseconds in repetition 307
tcp_ping received 32 bytes back
Round trip time was 666.941 milliseconds in repetition 308
tcp_ping received 32 bytes back
Round trip time was 666.965 milliseconds in repetition 309
tcp_ping received 32 bytes back
Round trip time was 666.99 milliseconds in repetition 310
tcp_ping received 32 bytes back
Round trip time was 667.014 milliseconds in repetition 311
tcp_ping received 32 bytes back
Round trip time was 667.038 milliseconds in repetition 312
tcp_ping received 32 bytes back
Round trip time was 667.063 milliseconds in repetition 313
tcp_ping received 32 bytes back
Round trip time was 667.088 milliseconds in repetition 314
tcp_ping received 32 bytes back
Round trip time was 667.112 milliseconds in repetition 315
tcp_ping received 32 bytes back
Round trip time was 667.153 milliseconds in repetition 316
tcp_ping received 32 bytes back
Round trip time was 667.175 milliseconds in repetition 317
tcp_ping received 32 bytes back
Round trip time was 667.2 milliseconds in repetition 318
tcp_ping received 32 bytes back
Round trip time was 667.225 milliseconds in repetition 319
tcp_ping received 32 bytes back
Round trip time was 667.249 milliseconds in repetition 320
tcp_ping received 32 bytes back
Round trip time was 667.274 milliseconds in repetition 321
tcp_ping received 32 bytes back
Round trip time was 667.298 milliseconds in repetition 322
tcp_ping received 32 bytes back
Round trip time was 667.323 milliseconds in repetition 323
tcp_ping received 32 bytes back
Round trip time was 667.348 milliseconds in repetition 324
tcp_ping received 32 bytes back
Round trip time was 667.372 milliseconds in repetition 325
tcp_ping received 32 bytes back
Round trip time was 667.396 milliseconds in repetition 326
tcp_ping received 32 bytes back
Round trip time was 667.421 milliseconds in repetition 327
tcp_ping received 32 bytes back
Round trip time was 667.446 milliseconds in repetition 328
tcp_ping received 32 bytes back
Round trip time was 667.47 milliseconds in repetition 329
tcp_ping received 32 bytes back
Round trip time was 667.494 milliseconds in repetition 330
tcp_ping received 32 bytes back
Round trip time was 667.519 milliseconds in repetition 331
tcp_ping received 32 bytes back
Round trip time was 667.544 milliseconds in repetition 332
tcp_ping received 32 bytes back
Round trip time was 667.568 milliseconds in repetition 333
tcp_ping received 32 bytes back
Round trip time was 667.593 milliseconds in repetition 334
tcp_ping received 32 bytes back
Round trip time was 667.618 milliseconds in repetition 335
tcp_ping received 32 bytes back
Round trip time was 667.642 milliseconds in repetition 336
tcp_ping received 32 bytes back
Round trip time was 667.667 milliseconds in repetition 337
tcp_ping received 32 bytes back
Round trip time was 667.692 milliseconds in repetition 338
tcp_ping received 32 bytes back
Round trip time was 667.716 milliseconds in repetition 339
tcp_ping received 32 bytes back
Round trip time was 667.741 milliseconds in repetition 340
tcp_ping received 32 bytes back
Round trip time was 667.765 milliseconds in repetition 341
tcp_ping received 32 bytes back
Round trip time was 667.79 milliseconds in repetition 342
tcp_ping received 32 bytes back
Round trip time was 667.814 milliseconds in repetition 343
tcp_ping received 32 bytes back
Round trip time was 667.838 milliseconds in repetition 344
tcp_ping received 32 bytes back
Round trip time was 667.863 milliseconds in repetition 345
tcp_ping received 32 bytes back
Round trip time was 667.888 milliseconds in repetition 346
tcp_ping received 32 bytes back
Round trip time was 667.912 milliseconds in repetition 347
tcp_ping received 32 bytes back
Round trip time was 667.937 milliseconds in repetition 348
tcp_ping received 32 bytes back
Round trip time was 667.961 milliseconds in repetition 349
tcp_ping received 32 bytes back
Round trip time was 667.986 milliseconds in repetition 350
tcp_ping received 32 bytes back
Round trip time was 668.011 milliseconds in repetition 351
tcp_ping received 32 bytes back
Round trip time was 668.035 milliseconds in repetition 352
tcp_ping received 32 bytes back
Round trip time was 668.06 milliseconds in repetition 353
tcp_ping received 32 bytes back
Round trip time was 668.084 milliseconds in repetition 354
tcp_ping received 32 bytes back
Round trip time was 668.109 milliseconds in repetition 355
tcp_ping received 32 bytes back
Round trip time was 668.134 milliseconds in repetition 356
tcp_ping received 32 bytes back
Round trip time was 668.159 milliseconds in repetition 357
tcp_ping received 32 bytes back
Round trip time was 668.183 milliseconds in repetition 358
tcp_ping received 32 bytes back
Round trip time was 668.208 milliseconds in repetition 359
tcp_ping received 32 bytes back
Round trip time was 668.233 milliseconds in repetition 360
tcp_ping received 32 bytes back
Round trip time was 668.271 milliseconds in repetition 361
tcp_ping received 32 bytes back
Round trip time was 668.293 milliseconds in repetition 362
tcp_ping received 32 bytes back
Round trip time was 668.318 milliseconds in repetition 363
tcp_ping received 32 bytes back
Round trip time was 668.342 milliseconds in repetition 364
tcp_ping received 32 bytes back
Round trip time was 668.366 milliseconds in repetition 365
tcp_ping received 32 bytes back
Round trip time was 668.391 milliseconds in repetition 366
tcp_ping received 32 bytes back
Round trip time was 668.415 milliseconds in repetition 367
tcp_ping received 32 bytes back
Round trip time was 668.439 milliseconds in repetition 368
tcp_ping received 32 bytes back
Round trip time was 668.464 milliseconds in repetition 369
tcp_ping received 32 bytes back
Round trip time was 668.488 milliseconds in repetition 370
tcp_ping received 32 bytes back
Round trip time was 668.512 milliseconds in repetition 371
tcp_ping received 32 bytes back
Round trip time was 668.536 milliseconds in repetition 372
tcp_ping received 32 bytes back
Round trip time was 668.561 milliseconds in repetition 373
tcp_ping received 32 bytes back
Round trip time was 668.585 milliseconds in repetition 374
tcp_ping received 32 bytes back
Round trip time was 668.609 milliseconds in repetition 375
tcp_ping received 32 bytes back
Round trip time was 668.633 milliseconds in repetition 376
tcp_ping received 32 bytes back
Round trip time was 668.658 milliseconds in repetition 377
tcp_ping received 32 bytes back
Round trip time was 668.682 milliseconds in repetition 378
tcp_ping received 32 bytes back
Round trip time was 668.707 milliseconds in repetition 379
tcp_ping received 32 bytes back
Round trip time was 668.731 milliseconds in repetition 380
tcp_ping received 32 bytes back
Round trip time was 668.756 milliseconds in repetition 381
tcp_ping received 32 bytes back
Round trip time was 668.78 milliseconds in repetition 382
tcp_ping received 32 bytes back
Round trip time was 668.804 milliseconds in repetition 383
tcp_ping received 32 bytes back
Round trip time was 668.829 milliseconds in repetition 384
tcp_ping received 32 bytes back
Round trip time was 668.853 milliseconds in repetition 385
tcp_ping received 32 bytes back
Round trip time was 668.878 milliseconds in repetition 386
tcp_ping received 32 bytes back
Round trip time was 668.902 milliseconds in repetition 387
tcp_ping received 32 bytes back
Round trip time was 668.926 milliseconds in repetition 388
tcp_ping received 32 bytes back
Round trip time was 668.951 milliseconds in repetition 389
tcp_ping received 32 bytes back
Round trip time was 668.975 milliseconds in repetition 390
tcp_ping received 32 bytes back
Round trip time was 669 milliseconds in repetition 391
tcp_ping received 32 bytes back
Round trip time was 669.024 milliseconds in repetition 392
tcp_ping received 32 bytes back
Round trip time was 669.049 milliseconds in repetition 393
tcp_ping received 32 bytes back
Round trip time was 669.073 milliseconds in repetition 394
tcp_ping received 32 bytes back
Round trip time was 669.098 milliseconds in repetition 395
tcp_ping received 32 bytes back
Round trip time was 669.122 milliseconds in repetition 396
tcp_ping received 32 bytes back
Round trip time was 669.146 milliseconds in repetition 397
tcp_ping received 32 bytes back
Round trip time was 669.17 milliseconds in repetition 398
tcp_ping received 32 bytes back
Round trip time was 669.195 milliseconds in repetition 399
tcp_ping received 32 bytes back
Round trip time was 669.22 milliseconds in repetition 400
tcp_ping received 32 bytes back
Round trip time was 669.244 milliseconds in repetition 401
tcp_ping received 32 bytes back
Round trip time was 669.269 milliseconds in repetition 402
tcp_ping received 32 bytes back
Round trip time was 669.293 milliseconds in repetition 403
tcp_ping received 32 bytes back
Round trip time was 669.317 milliseconds in repetition 404
tcp_ping received 32 bytes back
Round trip time was 669.342 milliseconds in repetition 405
tcp_ping received 32 bytes back
Round trip time was 669.381 milliseconds in repetition 406
tcp_ping received 32 bytes back
Round trip time was 669.403 milliseconds in repetition 407
tcp_ping received 32 bytes back
Round trip time was 669.427 milliseconds in repetition 408
tcp_ping received 32 bytes back
Round trip time was 669.452 milliseconds in repetition 409
tcp_ping received 32 bytes back
Round trip time was 669.476 milliseconds in repetition 410
tcp_ping received 32 bytes back
Round trip time was 669.5 milliseconds in repetition 411
tcp_ping received 32 bytes back
Round trip time was 669.525 milliseconds in repetition 412
tcp_ping received 32 bytes back
Round trip time was 669.549 milliseconds in repetition 413
tcp_ping received 32 bytes back
Round trip time was 669.573 milliseconds in repetition 414
tcp_ping received 32 bytes back
Round trip time was 669.597 milliseconds in repetition 415
tcp_ping received 32 bytes back
Round trip time was 669.622 milliseconds in repetition 416
tcp_ping received 32 bytes back
Round trip time was 669.646 milliseconds in repetition 417
tcp_ping received 32 bytes back
Round trip time was 669.671 milliseconds in repetition 418
tcp_ping received 32 bytes back
Round trip time was 669.695 milliseconds in repetition 419
tcp_ping received 32 bytes back
Round trip time was 669.719 milliseconds in repetition 420
tcp_ping received 32 bytes back
Round trip time was 669.743 milliseconds in repetition 421
tcp_ping received 32 bytes back
Round trip time was 669.767 milliseconds in repetition 422
tcp_ping received 32 bytes back
Round trip time was 669.792 milliseconds in repetition 423
tcp_ping received 32 bytes back
Round trip time was 669.816 milliseconds in repetition 424
tcp_ping received 32 bytes back
Round trip time was 669.841 milliseconds in repetition 425
tcp_ping received 32 bytes back
Round trip time was 669.865 milliseconds in repetition 426
tcp_ping received 32 bytes back
Round trip time was 669.889 milliseconds in repetition 427
tcp_ping received 32 bytes back
Round trip time was 669.914 milliseconds in repetition 428
tcp_ping received 32 bytes back
Round trip time was 669.938 milliseconds in repetition 429
tcp_ping received 32 bytes back
Round trip time was 669.962 milliseconds in repetition 430
tcp_ping received 32 bytes back
Round trip time was 669.987 milliseconds in repetition 431
tcp_ping received 32 bytes back
Round trip time was 670.011 milliseconds in repetition 432
tcp_ping received 32 bytes back
Round trip time was 670.035 milliseconds in repetition 433
tcp_ping received 32 bytes back
Round trip time was 670.06 milliseconds in repetition 434
tcp_ping received 32 bytes back
Round trip time was 670.084 milliseconds in repetition 435
tcp_ping received 32 bytes back
Round trip time was 670.108 milliseconds in repetition 436
tcp_ping received 32 bytes back
Round trip time was 670.133 milliseconds in repetition 437
tcp_ping received 32 bytes back
Round trip time was 670.157 milliseconds in repetition 438
tcp_ping received 32 bytes back
Round trip time was 670.182 milliseconds in repetition 439
tcp_ping received 32 bytes back
Round trip time was 670.206 milliseconds in repetition 440
tcp_ping received 32 bytes back
Round trip time was 670.231 milliseconds in repetition 441
tcp_ping received 32 bytes back
Round trip time was 670.256 milliseconds in repetition 442
tcp_ping received 32 bytes back
Round trip time was 670.28 milliseconds in repetition 443
tcp_ping received 32 bytes back
Round trip time was 670.305 milliseconds in repetition 444
tcp_ping received 32 bytes back
Round trip time was 670.329 milliseconds in repetition 445
tcp_ping received 32 bytes back
Round trip time was 670.353 milliseconds in repetition 446
tcp_ping received 32 bytes back
Round trip time was 670.378 milliseconds in repetition 447
tcp_ping received 32 bytes back
Round trip time was 670.402 milliseconds in repetition 448
tcp_ping received 32 bytes back
Round trip time was 670.427 milliseconds in repetition 449
tcp_ping received 32 bytes back
Round trip time was 670.452 milliseconds in repetition 450
tcp_ping received 32 bytes back
Round trip time was 670.49 milliseconds in repetition 451
tcp_ping received 32 bytes back
Round trip time was 670.512 milliseconds in repetition 452
tcp_ping received 32 bytes back
Round trip time was 670.537 milliseconds in repetition 453
tcp_ping received 32 bytes back
Round trip time was 670.562 milliseconds in repetition 454
tcp_ping received 32 bytes back
Round trip time was 670.586 milliseconds in repetition 455
tcp_ping received 32 bytes back
Round trip time was 670.61 milliseconds in repetition 456
tcp_ping received 32 bytes back
Round trip time was 670.634 milliseconds in repetition 457
tcp_ping received 32 bytes back
Round trip time was 670.659 milliseconds in repetition 458
tcp_ping received 32 bytes back
Round trip time was 670.683 milliseconds in repetition 459
tcp_ping received 32 bytes back
Round trip time was 670.707 milliseconds in repetition 460
tcp_ping received 32 bytes back
Round trip time was 670.731 milliseconds in repetition 461
tcp_ping received 32 bytes back
Round trip time was 670.756 milliseconds in repetition 462
tcp_ping received 32 bytes back
Round trip time was 670.78 milliseconds in repetition 463
tcp_ping received 32 bytes back
Round trip time was 670.804 milliseconds in repetition 464
tcp_ping received 32 bytes back
Round trip time was 670.828 milliseconds in repetition 465
tcp_ping received 32 bytes back
Round trip time was 670.853 milliseconds in repetition 466
tcp_ping received 32 bytes back
Round trip time was 670.877 milliseconds in repetition 467
tcp_ping received 32 bytes back
Round trip time was 670.901 milliseconds in repetition 468
tcp_ping received 32 bytes back
Round trip time was 670.935 milliseconds in repetition 469
tcp_ping received 32 bytes back
Round trip time was 670.955 milliseconds in repetition 470
tcp_ping received 32 bytes back
Round trip time was 670.974 milliseconds in repetition 471
tcp_ping received 32 bytes back
Round trip time was 670.994 milliseconds in repetition 472
tcp_ping received 32 bytes back
Round trip time was 671.014 milliseconds in repetition 473
tcp_ping received 32 bytes back
Round trip time was 671.034 milliseconds in repetition 474
tcp_ping received 32 bytes back
Round trip time was 671.054 milliseconds in repetition 475
tcp_ping received 32 bytes back
Round trip time was 671.074 milliseconds in repetition 476
tcp_ping received 32 bytes back
Round trip time was 671.093 milliseconds in repetition 477
tcp_ping received 32 bytes back
Round trip time was 671.113 milliseconds in repetition 478
tcp_ping received 32 bytes back
Round trip time was 671.133 milliseconds in repetition 479
tcp_ping received 32 bytes back
Round trip time was 671.153 milliseconds in repetition 480
tcp_ping received 32 bytes back
Round trip time was 671.173 milliseconds in repetition 481
tcp_ping received 32 bytes back
Round trip time was 671.193 milliseconds in repetition 482
tcp_ping received 32 bytes back
Round trip time was 671.213 milliseconds in repetition 483
tcp_ping received 32 bytes back
Round trip time was 671.233 milliseconds in repetition 484
tcp_ping received 32 bytes back
Round trip time was 671.252 milliseconds in repetition 485
tcp_ping received 32 bytes back
Round trip time was 671.273 milliseconds in repetition 486
tcp_ping received 32 bytes back
Round trip time was 671.293 milliseconds in repetition 487
tcp_ping received 32 bytes back
Round trip time was 671.313 milliseconds in repetition 488
tcp_ping received 32 bytes back
Round trip time was 671.332 milliseconds in repetition 489
tcp_ping received 32 bytes back
Round trip time was 671.352 milliseconds in repetition 490
tcp_ping received 32 bytes back
Round trip time was 671.372 milliseconds in repetition 491
tcp_ping received 32 bytes back
Round trip time was 671.392 milliseconds in repetition 492
tcp_ping received 32 bytes back
Round trip time was 671.412 milliseconds in repetition 493
tcp_ping received 32 bytes back
Round trip time was 671.432 milliseconds in repetition 494
tcp_ping received 32 bytes back
Round trip time was 671.452 milliseconds in repetition 495
tcp_ping received 32 bytes back
Round trip time was 671.483 milliseconds in repetition 496
tcp_ping received 32 bytes back
Round trip time was 671.501 milliseconds in repetition 497
tcp_ping received 32 bytes back
Round trip time was 671.521 milliseconds in repetition 498
tcp_ping received 32 bytes back
Round trip time was 671.541 milliseconds in repetition 499
tcp_ping received 32 bytes back
Round trip time was 671.561 milliseconds in repetition 500
tcp_ping received 32 bytes back
Round trip time was 671.86 milliseconds in repetition 501

 ... clock resolution was 1e-06
TCP Ping:  Statistics over 501 repetitions of 32 byte messages

RTT : percentile 10: 660.178, median: 665.427, percentile 90: 670.49, average: 665.415, variance: 13.72

RTT histogram:
658.021 1
658.713 4
659.405 29
660.097 22
660.789 28
661.481 28
662.172 22
662.864 27
663.556 28
664.248 28
664.94 28
665.632 24
666.324 28
667.016 27
667.708 28
668.4 28
669.092 28
669.784 28
670.476 28
671.168 33
671.86 4

   median Throughput : 0.0961789 KB/s   overall Throughput : 0.0961806 KB/s

