UDP Ping trying to connect to server localhost (127.0.0.1) on TCP port 1491
 ... connected to Pong server: asking for 501 repetitions of 32 _bytes UDP messages
 ... Pong server agreed to ping-pong using port 49152 :-)
Round trip time was 529.129 milliseconds in repetition 1
Round trip time was 529.222 milliseconds in repetition 2
Round trip time was 529.321 milliseconds in repetition 3
Round trip time was 529.462 milliseconds in repetition 4
Round trip time was 529.559 milliseconds in repetition 5
Round trip time was 529.730 milliseconds in repetition 6
Round trip time was 529.790 milliseconds in repetition 7
Round trip time was 529.886 milliseconds in repetition 8
Round trip time was 529.983 milliseconds in repetition 9
Round trip time was 530.079 milliseconds in repetition 10
Round trip time was 530.175 milliseconds in repetition 11
Round trip time was 530.271 milliseconds in repetition 12
Round trip time was 530.347 milliseconds in repetition 13
Round trip time was 530.448 milliseconds in repetition 14
Round trip time was 530.571 milliseconds in repetition 15
Round trip time was 530.689 milliseconds in repetition 16
Round trip time was 530.982 milliseconds in repetition 17
Round trip time was 530.990 milliseconds in repetition 18
Round trip time was 531.081 milliseconds in repetition 19
Round trip time was 531.177 milliseconds in repetition 20
Round trip time was 531.273 milliseconds in repetition 21
Round trip time was 531.687 milliseconds in repetition 22
Round trip time was 531.649 milliseconds in repetition 23
Round trip time was 531.745 milliseconds in repetition 24
Round trip time was 531.842 milliseconds in repetition 25
Round trip time was 531.939 milliseconds in repetition 26
Round trip time was 532.041 milliseconds in repetition 27
Round trip time was 532.135 milliseconds in repetition 28
Round trip time was 532.231 milliseconds in repetition 29
Round trip time was 532.329 milliseconds in repetition 30
Round trip time was 532.436 milliseconds in repetition 31
Round trip time was 532.620 milliseconds in repetition 32
Round trip time was 532.681 milliseconds in repetition 33
Round trip time was 532.771 milliseconds in repetition 34
Round trip time was 532.868 milliseconds in repetition 35
Round trip time was 532.965 milliseconds in repetition 36
Round trip time was 533.070 milliseconds in repetition 37
Round trip time was 533.163 milliseconds in repetition 38
Round trip time was 533.240 milliseconds in repetition 39
Round trip time was 533.331 milliseconds in repetition 40
Round trip time was 533.417 milliseconds in repetition 41
Round trip time was 533.524 milliseconds in repetition 42
Round trip time was 533.620 milliseconds in repetition 43
Round trip time was 533.716 milliseconds in repetition 44
Round trip time was 533.812 milliseconds in repetition 45
Round trip time was 533.921 milliseconds in repetition 46
Round trip time was 534.197 milliseconds in repetition 47
Round trip time was 534.206 milliseconds in repetition 48
Round trip time was 534.302 milliseconds in repetition 49
Round trip time was 534.437 milliseconds in repetition 50
Round trip time was 534.545 milliseconds in repetition 51
Round trip time was 534.626 milliseconds in repetition 52
Round trip time was 534.734 milliseconds in repetition 53
Round trip time was 534.824 milliseconds in repetition 54
Round trip time was 534.920 milliseconds in repetition 55
Round trip time was 535.017 milliseconds in repetition 56
Round trip time was 535.113 milliseconds in repetition 57
Round trip time was 535.215 milliseconds in repetition 58
Round trip time was 535.726 milliseconds in repetition 59
Round trip time was 535.648 milliseconds in repetition 60
Round trip time was 535.742 milliseconds in repetition 61
Round trip time was 535.838 milliseconds in repetition 62
Round trip time was 535.934 milliseconds in repetition 63
Round trip time was 536.031 milliseconds in repetition 64
Round trip time was 536.127 milliseconds in repetition 65
Round trip time was 536.331 milliseconds in repetition 66
Round trip time was 536.398 milliseconds in repetition 67
Round trip time was 536.479 milliseconds in repetition 68
Round trip time was 536.761 milliseconds in repetition 69
Round trip time was 538.908 milliseconds in repetition 70
Round trip time was 538.660 milliseconds in repetition 71
Round trip time was 538.486 milliseconds in repetition 72
Round trip time was 538.580 milliseconds in repetition 73
Round trip time was 538.674 milliseconds in repetition 74
Round trip time was 538.789 milliseconds in repetition 75
Round trip time was  0.138 milliseconds in repetition 76
Round trip time was 539.076 milliseconds in repetition 77
Round trip time was 539.129 milliseconds in repetition 78
Round trip time was 539.232 milliseconds in repetition 79
Round trip time was 539.557 milliseconds in repetition 80
Round trip time was 540.417 milliseconds in repetition 81
Round trip time was 540.352 milliseconds in repetition 82
Round trip time was 541.662 milliseconds in repetition 83
Round trip time was 541.557 milliseconds in repetition 84
Round trip time was 542.008 milliseconds in repetition 85
Round trip time was 541.981 milliseconds in repetition 86
Round trip time was 542.077 milliseconds in repetition 87
Round trip time was 542.239 milliseconds in repetition 88
Round trip time was 542.310 milliseconds in repetition 89
Round trip time was 542.407 milliseconds in repetition 90
Round trip time was 542.675 milliseconds in repetition 91
Round trip time was 542.693 milliseconds in repetition 92
Round trip time was 542.788 milliseconds in repetition 93
Round trip time was 542.882 milliseconds in repetition 94
Round trip time was 542.979 milliseconds in repetition 95
Round trip time was 543.080 milliseconds in repetition 96
Round trip time was 543.158 milliseconds in repetition 97
Round trip time was 543.573 milliseconds in repetition 98
Round trip time was 543.537 milliseconds in repetition 99
Round trip time was 543.632 milliseconds in repetition 100
Round trip time was 543.734 milliseconds in repetition 101
Round trip time was 543.829 milliseconds in repetition 102
Round trip time was 543.927 milliseconds in repetition 103
Round trip time was 544.022 milliseconds in repetition 104
Round trip time was 544.196 milliseconds in repetition 105
Round trip time was 544.254 milliseconds in repetition 106
Round trip time was 544.350 milliseconds in repetition 107
Round trip time was 544.445 milliseconds in repetition 108
Round trip time was 544.542 milliseconds in repetition 109
Round trip time was 544.639 milliseconds in repetition 110
Round trip time was 544.741 milliseconds in repetition 111
Round trip time was 544.835 milliseconds in repetition 112
Round trip time was 544.962 milliseconds in repetition 113
Round trip time was 545.055 milliseconds in repetition 114
Round trip time was 545.163 milliseconds in repetition 115
Round trip time was 545.257 milliseconds in repetition 116
Round trip time was 545.364 milliseconds in repetition 117
Round trip time was 545.459 milliseconds in repetition 118
Round trip time was 545.555 milliseconds in repetition 119
Round trip time was 545.832 milliseconds in repetition 120
Round trip time was 545.820 milliseconds in repetition 121
Round trip time was 545.906 milliseconds in repetition 122
Round trip time was 546.028 milliseconds in repetition 123
Round trip time was 546.152 milliseconds in repetition 124
Round trip time was 546.232 milliseconds in repetition 125
Round trip time was 546.340 milliseconds in repetition 126
Round trip time was 546.429 milliseconds in repetition 127
Round trip time was 546.527 milliseconds in repetition 128
Round trip time was 546.622 milliseconds in repetition 129
Round trip time was 546.717 milliseconds in repetition 130
Round trip time was 546.814 milliseconds in repetition 131
Round trip time was 546.910 milliseconds in repetition 132
Round trip time was 547.013 milliseconds in repetition 133
Round trip time was 547.085 milliseconds in repetition 134
Round trip time was 547.502 milliseconds in repetition 135
Round trip time was 547.467 milliseconds in repetition 136
Round trip time was 547.564 milliseconds in repetition 137
Round trip time was 547.660 milliseconds in repetition 138
Round trip time was 547.778 milliseconds in repetition 139
Round trip time was 547.855 milliseconds in repetition 140
Round trip time was 548.025 milliseconds in repetition 141
Round trip time was 548.090 milliseconds in repetition 142
Round trip time was 548.186 milliseconds in repetition 143
Round trip time was 548.282 milliseconds in repetition 144
Round trip time was 548.381 milliseconds in repetition 145
Round trip time was 548.482 milliseconds in repetition 146
Round trip time was 548.577 milliseconds in repetition 147
Round trip time was 548.672 milliseconds in repetition 148
Round trip time was 548.769 milliseconds in repetition 149
Round trip time was 548.866 milliseconds in repetition 150
Round trip time was 549.067 milliseconds in repetition 151
Round trip time was 549.103 milliseconds in repetition 152
Round trip time was 549.204 milliseconds in repetition 153
Round trip time was 549.336 milliseconds in repetition 154
Round trip time was 549.413 milliseconds in repetition 155
Round trip time was 549.594 milliseconds in repetition 156
Round trip time was 549.638 milliseconds in repetition 157
Round trip time was 549.743 milliseconds in repetition 158
Round trip time was  3.615 milliseconds in repetition 159
Round trip time was 560.480 milliseconds in repetition 160
Round trip time was  0.027 milliseconds in repetition 161
Round trip time was  0.007 milliseconds in repetition 162
Round trip time was  0.007 milliseconds in repetition 163
Round trip time was  0.006 milliseconds in repetition 164
Round trip time was  0.006 milliseconds in repetition 165
Round trip time was  0.006 milliseconds in repetition 166
Round trip time was  0.006 milliseconds in repetition 167
Round trip time was  0.006 milliseconds in repetition 168
Round trip time was  0.006 milliseconds in repetition 169
Round trip time was  0.006 milliseconds in repetition 170
Round trip time was  0.006 milliseconds in repetition 171
Round trip time was  0.006 milliseconds in repetition 172
Round trip time was  0.006 milliseconds in repetition 173
Round trip time was  0.006 milliseconds in repetition 174
Round trip time was  0.006 milliseconds in repetition 175
Round trip time was  0.006 milliseconds in repetition 176
Round trip time was  0.006 milliseconds in repetition 177
Round trip time was  0.006 milliseconds in repetition 178
Round trip time was  0.006 milliseconds in repetition 179
Round trip time was  0.006 milliseconds in repetition 180
Round trip time was  0.006 milliseconds in repetition 181
Round trip time was  0.006 milliseconds in repetition 182
Round trip time was  0.006 milliseconds in repetition 183
Round trip time was  0.006 milliseconds in repetition 184
Round trip time was  0.006 milliseconds in repetition 185
Round trip time was  0.006 milliseconds in repetition 186
Round trip time was  0.006 milliseconds in repetition 187
Round trip time was  0.006 milliseconds in repetition 188
Round trip time was  0.006 milliseconds in repetition 189
Round trip time was  0.006 milliseconds in repetition 190
Round trip time was  0.006 milliseconds in repetition 191
Round trip time was  0.006 milliseconds in repetition 192
Round trip time was  0.006 milliseconds in repetition 193
Round trip time was  0.006 milliseconds in repetition 194
Round trip time was  0.006 milliseconds in repetition 195
Round trip time was  0.006 milliseconds in repetition 196
Round trip time was  0.006 milliseconds in repetition 197
Round trip time was  0.006 milliseconds in repetition 198
Round trip time was  0.006 milliseconds in repetition 199
Round trip time was  0.006 milliseconds in repetition 200
Round trip time was  0.006 milliseconds in repetition 201
Round trip time was  0.006 milliseconds in repetition 202
Round trip time was  0.006 milliseconds in repetition 203
Round trip time was  0.006 milliseconds in repetition 204
Round trip time was  0.006 milliseconds in repetition 205
Round trip time was  0.006 milliseconds in repetition 206
Round trip time was  0.006 milliseconds in repetition 207
Round trip time was  0.006 milliseconds in repetition 208
Round trip time was  0.009 milliseconds in repetition 209
Round trip time was  0.006 milliseconds in repetition 210
Round trip time was  0.006 milliseconds in repetition 211
Round trip time was  0.006 milliseconds in repetition 212
Round trip time was  0.006 milliseconds in repetition 213
Round trip time was  0.006 milliseconds in repetition 214
Round trip time was  0.006 milliseconds in repetition 215
Round trip time was  0.006 milliseconds in repetition 216
Round trip time was  0.006 milliseconds in repetition 217
Round trip time was  0.006 milliseconds in repetition 218
Round trip time was  0.006 milliseconds in repetition 219
Round trip time was  0.006 milliseconds in repetition 220
Round trip time was  0.006 milliseconds in repetition 221
Round trip time was  0.006 milliseconds in repetition 222
Round trip time was  0.006 milliseconds in repetition 223
Round trip time was  0.006 milliseconds in repetition 224
Round trip time was  0.006 milliseconds in repetition 225
Round trip time was  0.006 milliseconds in repetition 226
Round trip time was  0.006 milliseconds in repetition 227
Round trip time was  0.006 milliseconds in repetition 228
Round trip time was  0.006 milliseconds in repetition 229
Round trip time was  0.006 milliseconds in repetition 230
Round trip time was  0.006 milliseconds in repetition 231
Round trip time was  0.006 milliseconds in repetition 232
Round trip time was  0.006 milliseconds in repetition 233
Round trip time was  0.006 milliseconds in repetition 234
Round trip time was  0.006 milliseconds in repetition 235
Round trip time was  0.006 milliseconds in repetition 236
Round trip time was  0.006 milliseconds in repetition 237
Round trip time was  0.006 milliseconds in repetition 238
Round trip time was  0.006 milliseconds in repetition 239
Round trip time was  0.006 milliseconds in repetition 240
Round trip time was  0.006 milliseconds in repetition 241
Round trip time was  0.006 milliseconds in repetition 242
Round trip time was  0.006 milliseconds in repetition 243
Round trip time was  0.006 milliseconds in repetition 244
Round trip time was  0.006 milliseconds in repetition 245
Round trip time was  0.006 milliseconds in repetition 246
Round trip time was  0.006 milliseconds in repetition 247
Round trip time was  0.006 milliseconds in repetition 248
Round trip time was  0.006 milliseconds in repetition 249
Round trip time was  0.006 milliseconds in repetition 250
Round trip time was  0.006 milliseconds in repetition 251
Round trip time was  0.006 milliseconds in repetition 252
Round trip time was  0.006 milliseconds in repetition 253
Round trip time was  0.006 milliseconds in repetition 254
Round trip time was  0.006 milliseconds in repetition 255
Round trip time was  0.006 milliseconds in repetition 256
Round trip time was  0.006 milliseconds in repetition 257
Round trip time was  0.006 milliseconds in repetition 258
Round trip time was  0.006 milliseconds in repetition 259
Round trip time was  0.006 milliseconds in repetition 260
Round trip time was  0.006 milliseconds in repetition 261
Round trip time was  0.006 milliseconds in repetition 262
Round trip time was  0.006 milliseconds in repetition 263
Round trip time was  0.006 milliseconds in repetition 264
Round trip time was  0.006 milliseconds in repetition 265
Round trip time was  0.006 milliseconds in repetition 266
Round trip time was  0.006 milliseconds in repetition 267
Round trip time was  0.006 milliseconds in repetition 268
Round trip time was  0.006 milliseconds in repetition 269
Round trip time was  0.006 milliseconds in repetition 270
Round trip time was  0.006 milliseconds in repetition 271
Round trip time was  0.006 milliseconds in repetition 272
Round trip time was  0.006 milliseconds in repetition 273
Round trip time was  0.006 milliseconds in repetition 274
Round trip time was  0.006 milliseconds in repetition 275
Round trip time was  0.006 milliseconds in repetition 276
Round trip time was  0.006 milliseconds in repetition 277
Round trip time was  0.006 milliseconds in repetition 278
Round trip time was  0.007 milliseconds in repetition 279
Round trip time was  0.006 milliseconds in repetition 280
Round trip time was  0.006 milliseconds in repetition 281
Round trip time was  0.006 milliseconds in repetition 282
Round trip time was  0.006 milliseconds in repetition 283
Round trip time was  0.006 milliseconds in repetition 284
Round trip time was  0.006 milliseconds in repetition 285
Round trip time was  0.006 milliseconds in repetition 286
Round trip time was  0.006 milliseconds in repetition 287
Round trip time was  0.006 milliseconds in repetition 288
Round trip time was  0.006 milliseconds in repetition 289
Round trip time was  0.006 milliseconds in repetition 290
Round trip time was  0.006 milliseconds in repetition 291
Round trip time was  0.006 milliseconds in repetition 292
Round trip time was  0.006 milliseconds in repetition 293
Round trip time was  0.006 milliseconds in repetition 294
Round trip time was  0.006 milliseconds in repetition 295
Round trip time was  0.006 milliseconds in repetition 296
Round trip time was  0.006 milliseconds in repetition 297
Round trip time was  0.006 milliseconds in repetition 298
Round trip time was  0.006 milliseconds in repetition 299
Round trip time was  0.006 milliseconds in repetition 300
Round trip time was  0.006 milliseconds in repetition 301
Round trip time was  0.006 milliseconds in repetition 302
Round trip time was  0.006 milliseconds in repetition 303
Round trip time was  0.006 milliseconds in repetition 304
Round trip time was  0.006 milliseconds in repetition 305
Round trip time was  0.006 milliseconds in repetition 306
Round trip time was  0.006 milliseconds in repetition 307
Round trip time was  0.006 milliseconds in repetition 308
Round trip time was  0.006 milliseconds in repetition 309
Round trip time was  0.006 milliseconds in repetition 310
Round trip time was  0.006 milliseconds in repetition 311
Round trip time was  0.006 milliseconds in repetition 312
Round trip time was  0.006 milliseconds in repetition 313
Round trip time was  0.006 milliseconds in repetition 314
Round trip time was  0.006 milliseconds in repetition 315
Round trip time was  0.006 milliseconds in repetition 316
Round trip time was  0.006 milliseconds in repetition 317
Round trip time was  0.006 milliseconds in repetition 318
Round trip time was  0.006 milliseconds in repetition 319
Round trip time was  0.006 milliseconds in repetition 320
Round trip time was  0.006 milliseconds in repetition 321
Round trip time was  0.006 milliseconds in repetition 322
Round trip time was  0.006 milliseconds in repetition 323
Round trip time was  0.006 milliseconds in repetition 324
Round trip time was  0.006 milliseconds in repetition 325
Round trip time was  0.006 milliseconds in repetition 326
Round trip time was  0.006 milliseconds in repetition 327
Round trip time was  0.006 milliseconds in repetition 328
Round trip time was  0.006 milliseconds in repetition 329
Round trip time was  0.006 milliseconds in repetition 330
Round trip time was  0.006 milliseconds in repetition 331
Round trip time was  0.006 milliseconds in repetition 332
Round trip time was  0.006 milliseconds in repetition 333
Round trip time was  0.006 milliseconds in repetition 334
Round trip time was  0.006 milliseconds in repetition 335
Round trip time was  0.006 milliseconds in repetition 336
Round trip time was  0.006 milliseconds in repetition 337
Round trip time was  0.006 milliseconds in repetition 338
Round trip time was  0.006 milliseconds in repetition 339
Round trip time was  0.006 milliseconds in repetition 340
Round trip time was  0.006 milliseconds in repetition 341
Round trip time was  0.006 milliseconds in repetition 342
Round trip time was  0.006 milliseconds in repetition 343
Round trip time was  0.006 milliseconds in repetition 344
Round trip time was  0.006 milliseconds in repetition 345
Round trip time was  0.006 milliseconds in repetition 346
Round trip time was  0.006 milliseconds in repetition 347
Round trip time was  0.006 milliseconds in repetition 348
Round trip time was  0.006 milliseconds in repetition 349
Round trip time was  0.007 milliseconds in repetition 350
Round trip time was  0.006 milliseconds in repetition 351
Round trip time was  0.006 milliseconds in repetition 352
Round trip time was  0.006 milliseconds in repetition 353
Round trip time was  0.006 milliseconds in repetition 354
Round trip time was  0.006 milliseconds in repetition 355
Round trip time was  0.006 milliseconds in repetition 356
Round trip time was  0.006 milliseconds in repetition 357
Round trip time was  0.006 milliseconds in repetition 358
Round trip time was  0.006 milliseconds in repetition 359
Round trip time was  0.006 milliseconds in repetition 360
Round trip time was  0.006 milliseconds in repetition 361
Round trip time was  0.006 milliseconds in repetition 362
Round trip time was  0.006 milliseconds in repetition 363
Round trip time was  0.006 milliseconds in repetition 364
Round trip time was  0.006 milliseconds in repetition 365
Round trip time was  0.006 milliseconds in repetition 366
Round trip time was  0.006 milliseconds in repetition 367
Round trip time was  0.006 milliseconds in repetition 368
Round trip time was  0.006 milliseconds in repetition 369
Round trip time was  0.006 milliseconds in repetition 370
Round trip time was  0.006 milliseconds in repetition 371
Round trip time was  0.006 milliseconds in repetition 372
Round trip time was  0.006 milliseconds in repetition 373
Round trip time was  0.006 milliseconds in repetition 374
Round trip time was  0.006 milliseconds in repetition 375
Round trip time was  0.006 milliseconds in repetition 376
Round trip time was  0.006 milliseconds in repetition 377
Round trip time was  0.006 milliseconds in repetition 378
Round trip time was  0.006 milliseconds in repetition 379
Round trip time was  0.006 milliseconds in repetition 380
Round trip time was  0.006 milliseconds in repetition 381
Round trip time was  0.006 milliseconds in repetition 382
Round trip time was  0.006 milliseconds in repetition 383
Round trip time was  0.006 milliseconds in repetition 384
Round trip time was  0.006 milliseconds in repetition 385
Round trip time was  0.006 milliseconds in repetition 386
Round trip time was  0.006 milliseconds in repetition 387
Round trip time was  0.006 milliseconds in repetition 388
Round trip time was  0.006 milliseconds in repetition 389
Round trip time was  0.006 milliseconds in repetition 390
Round trip time was  0.006 milliseconds in repetition 391
Round trip time was  0.006 milliseconds in repetition 392
Round trip time was  0.006 milliseconds in repetition 393
Round trip time was  0.006 milliseconds in repetition 394
Round trip time was  0.006 milliseconds in repetition 395
Round trip time was  0.006 milliseconds in repetition 396
Round trip time was  0.006 milliseconds in repetition 397
Round trip time was  0.006 milliseconds in repetition 398
Round trip time was  0.006 milliseconds in repetition 399
Round trip time was  0.006 milliseconds in repetition 400
Round trip time was  0.006 milliseconds in repetition 401
Round trip time was  0.006 milliseconds in repetition 402
Round trip time was  0.006 milliseconds in repetition 403
Round trip time was  0.006 milliseconds in repetition 404
Round trip time was  0.006 milliseconds in repetition 405
Round trip time was  0.006 milliseconds in repetition 406
Round trip time was  0.006 milliseconds in repetition 407
Round trip time was  0.006 milliseconds in repetition 408
Round trip time was  0.006 milliseconds in repetition 409
Round trip time was  0.006 milliseconds in repetition 410
Round trip time was  0.006 milliseconds in repetition 411
Round trip time was  0.006 milliseconds in repetition 412
Round trip time was  0.006 milliseconds in repetition 413
Round trip time was  0.006 milliseconds in repetition 414
Round trip time was  0.006 milliseconds in repetition 415
Round trip time was  0.006 milliseconds in repetition 416
Round trip time was  0.006 milliseconds in repetition 417
Round trip time was  0.006 milliseconds in repetition 418
Round trip time was  0.006 milliseconds in repetition 419
Round trip time was  0.006 milliseconds in repetition 420
Round trip time was  0.007 milliseconds in repetition 421
Round trip time was  0.006 milliseconds in repetition 422
Round trip time was  0.006 milliseconds in repetition 423
Round trip time was  0.006 milliseconds in repetition 424
Round trip time was  0.006 milliseconds in repetition 425
Round trip time was  0.006 milliseconds in repetition 426
Round trip time was  0.006 milliseconds in repetition 427
Round trip time was  0.006 milliseconds in repetition 428
Round trip time was  0.006 milliseconds in repetition 429
Round trip time was  0.006 milliseconds in repetition 430
Round trip time was  0.006 milliseconds in repetition 431
Round trip time was  0.006 milliseconds in repetition 432
Round trip time was  0.006 milliseconds in repetition 433
Round trip time was  0.006 milliseconds in repetition 434
Round trip time was  0.006 milliseconds in repetition 435
Round trip time was  0.006 milliseconds in repetition 436
Round trip time was  0.006 milliseconds in repetition 437
Round trip time was  0.006 milliseconds in repetition 438
Round trip time was  0.006 milliseconds in repetition 439
Round trip time was  0.006 milliseconds in repetition 440
Round trip time was  0.006 milliseconds in repetition 441
Round trip time was  0.006 milliseconds in repetition 442
Round trip time was  0.006 milliseconds in repetition 443
Round trip time was  0.006 milliseconds in repetition 444
Round trip time was  0.006 milliseconds in repetition 445
Round trip time was  0.006 milliseconds in repetition 446
Round trip time was  0.006 milliseconds in repetition 447
Round trip time was  0.006 milliseconds in repetition 448
Round trip time was  0.006 milliseconds in repetition 449
Round trip time was  0.006 milliseconds in repetition 450
Round trip time was  0.006 milliseconds in repetition 451
Round trip time was  0.006 milliseconds in repetition 452
Round trip time was  0.006 milliseconds in repetition 453
Round trip time was  0.006 milliseconds in repetition 454
Round trip time was  0.006 milliseconds in repetition 455
Round trip time was  0.006 milliseconds in repetition 456
Round trip time was  0.006 milliseconds in repetition 457
Round trip time was  0.006 milliseconds in repetition 458
Round trip time was  0.006 milliseconds in repetition 459
Round trip time was  0.006 milliseconds in repetition 460
Round trip time was  0.006 milliseconds in repetition 461
Round trip time was  0.006 milliseconds in repetition 462
Round trip time was  0.006 milliseconds in repetition 463
Round trip time was  0.006 milliseconds in repetition 464
Round trip time was  0.006 milliseconds in repetition 465
Round trip time was  0.006 milliseconds in repetition 466
Round trip time was  0.006 milliseconds in repetition 467
Round trip time was  0.006 milliseconds in repetition 468
Round trip time was  0.006 milliseconds in repetition 469
Round trip time was  0.006 milliseconds in repetition 470
Round trip time was  0.006 milliseconds in repetition 471
Round trip time was  0.006 milliseconds in repetition 472
Round trip time was  0.006 milliseconds in repetition 473
Round trip time was  0.006 milliseconds in repetition 474
Round trip time was  0.006 milliseconds in repetition 475
Round trip time was  0.006 milliseconds in repetition 476
Round trip time was  0.006 milliseconds in repetition 477
Round trip time was  0.006 milliseconds in repetition 478
Round trip time was  0.006 milliseconds in repetition 479
Round trip time was  0.006 milliseconds in repetition 480
Round trip time was  0.006 milliseconds in repetition 481
Round trip time was  0.006 milliseconds in repetition 482
Round trip time was  0.006 milliseconds in repetition 483
Round trip time was  0.006 milliseconds in repetition 484
Round trip time was  0.006 milliseconds in repetition 485
Round trip time was  0.006 milliseconds in repetition 486
Round trip time was  0.006 milliseconds in repetition 487
Round trip time was  0.006 milliseconds in repetition 488
Round trip time was  0.006 milliseconds in repetition 489
Round trip time was  0.006 milliseconds in repetition 490
Round trip time was  0.007 milliseconds in repetition 491
Round trip time was  0.006 milliseconds in repetition 492
Round trip time was  0.006 milliseconds in repetition 493
Round trip time was  0.006 milliseconds in repetition 494
Round trip time was  0.006 milliseconds in repetition 495
Round trip time was  0.006 milliseconds in repetition 496
Round trip time was  0.006 milliseconds in repetition 497
Round trip time was  0.006 milliseconds in repetition 498
Round trip time was  0.006 milliseconds in repetition 499
Round trip time was  0.006 milliseconds in repetition 500
Round trip time was  0.208 milliseconds in repetition 501

 ... clock resolution was 1e-06
UDP Ping:  Statistics over 501 repetitions of 32 byte messages

RTT : percentile 10: 0.006001, median: 0.006065, percentile 90: 544.542, average: 170.219, variance: 63027.5

RTT histogram:
0.0059455 343
28.0297 0
56.0534 0
84.0771 0
112.101 0
140.125 0
168.148 0
196.172 0
224.196 0
252.219 0
280.243 0
308.267 0
336.291 0
364.314 0
392.338 0
420.362 0
448.385 0
476.409 0
504.433 0
532.457 126
560.48 32

   median Throughput : 10552.3 KB/s   overall Throughput : 0.375986 KB/s

