UDP Ping trying to connect to server localhost (127.0.0.1) on TCP port 1491
 ... connected to Pong server: asking for 501 repetitions of 64 _bytes UDP messages
 ... Pong server agreed to ping-pong using port 49152 :-)
Round trip time was  0.038 milliseconds in repetition 1
Round trip time was  0.027 milliseconds in repetition 2
Round trip time was  0.025 milliseconds in repetition 3
Round trip time was  0.025 milliseconds in repetition 4
Round trip time was  0.025 milliseconds in repetition 5
Round trip time was  0.025 milliseconds in repetition 6
Round trip time was  0.032 milliseconds in repetition 7
Round trip time was  0.027 milliseconds in repetition 8
Round trip time was  0.025 milliseconds in repetition 9
Round trip time was  0.025 milliseconds in repetition 10
Round trip time was  0.025 milliseconds in repetition 11
Round trip time was  0.025 milliseconds in repetition 12
Round trip time was  0.025 milliseconds in repetition 13
Round trip time was  0.025 milliseconds in repetition 14
Round trip time was  0.025 milliseconds in repetition 15
Round trip time was  0.035 milliseconds in repetition 16
Round trip time was  0.028 milliseconds in repetition 17
Round trip time was  0.026 milliseconds in repetition 18
Round trip time was  0.025 milliseconds in repetition 19
Round trip time was  0.025 milliseconds in repetition 20
Round trip time was  0.025 milliseconds in repetition 21
Round trip time was  0.025 milliseconds in repetition 22
Round trip time was  0.025 milliseconds in repetition 23
Round trip time was  0.025 milliseconds in repetition 24
Round trip time was  0.048 milliseconds in repetition 25
Round trip time was  0.054 milliseconds in repetition 26
Round trip time was  0.031 milliseconds in repetition 27
Round trip time was  0.029 milliseconds in repetition 28
Round trip time was  0.033 milliseconds in repetition 29
Round trip time was  0.041 milliseconds in repetition 30
Round trip time was  0.040 milliseconds in repetition 31
Round trip time was  0.043 milliseconds in repetition 32
Round trip time was  0.033 milliseconds in repetition 33
Round trip time was  0.046 milliseconds in repetition 34
Round trip time was  0.041 milliseconds in repetition 35
Round trip time was  0.039 milliseconds in repetition 36
Round trip time was  0.035 milliseconds in repetition 37
Round trip time was  0.055 milliseconds in repetition 38
Round trip time was  0.046 milliseconds in repetition 39
Round trip time was  0.035 milliseconds in repetition 40
Round trip time was  0.039 milliseconds in repetition 41
Round trip time was  0.032 milliseconds in repetition 42
Round trip time was  0.058 milliseconds in repetition 43
Round trip time was  0.047 milliseconds in repetition 44
Round trip time was  0.041 milliseconds in repetition 45
Round trip time was  0.034 milliseconds in repetition 46
Round trip time was  0.040 milliseconds in repetition 47
Round trip time was  0.034 milliseconds in repetition 48
Round trip time was  0.066 milliseconds in repetition 49
Round trip time was  0.066 milliseconds in repetition 50
Round trip time was  0.137 milliseconds in repetition 51
Round trip time was  0.106 milliseconds in repetition 52
Round trip time was  0.063 milliseconds in repetition 53
Round trip time was  0.036 milliseconds in repetition 54
Round trip time was  0.076 milliseconds in repetition 55
Round trip time was  0.036 milliseconds in repetition 56
Round trip time was  0.033 milliseconds in repetition 57
Round trip time was  0.033 milliseconds in repetition 58
Round trip time was  0.063 milliseconds in repetition 59
Round trip time was  0.101 milliseconds in repetition 60
Round trip time was  0.049 milliseconds in repetition 61
Round trip time was  0.027 milliseconds in repetition 62
Round trip time was  0.025 milliseconds in repetition 63
Round trip time was  0.025 milliseconds in repetition 64
Round trip time was  0.025 milliseconds in repetition 65
Round trip time was  0.026 milliseconds in repetition 66
Round trip time was  0.025 milliseconds in repetition 67
Round trip time was  0.025 milliseconds in repetition 68
Round trip time was  0.025 milliseconds in repetition 69
Round trip time was  0.032 milliseconds in repetition 70
Round trip time was  0.038 milliseconds in repetition 71
Round trip time was  0.030 milliseconds in repetition 72
Round trip time was  0.052 milliseconds in repetition 73
Round trip time was  0.060 milliseconds in repetition 74
Round trip time was  0.034 milliseconds in repetition 75
Round trip time was  0.040 milliseconds in repetition 76
Round trip time was  0.060 milliseconds in repetition 77
Round trip time was  0.076 milliseconds in repetition 78
Round trip time was  0.030 milliseconds in repetition 79
Round trip time was  0.030 milliseconds in repetition 80
Round trip time was  0.026 milliseconds in repetition 81
Round trip time was  0.025 milliseconds in repetition 82
Round trip time was  0.025 milliseconds in repetition 83
Round trip time was  0.025 milliseconds in repetition 84
Round trip time was  0.025 milliseconds in repetition 85
Round trip time was  0.025 milliseconds in repetition 86
Round trip time was  0.029 milliseconds in repetition 87
Round trip time was  0.029 milliseconds in repetition 88
Round trip time was  0.026 milliseconds in repetition 89
Round trip time was  0.026 milliseconds in repetition 90
Round trip time was  0.025 milliseconds in repetition 91
Round trip time was  0.025 milliseconds in repetition 92
Round trip time was  0.025 milliseconds in repetition 93
Round trip time was  0.025 milliseconds in repetition 94
Round trip time was  0.025 milliseconds in repetition 95
Round trip time was  0.025 milliseconds in repetition 96
Round trip time was  0.028 milliseconds in repetition 97
Round trip time was  0.026 milliseconds in repetition 98
Round trip time was  0.025 milliseconds in repetition 99
Round trip time was  0.025 milliseconds in repetition 100
Round trip time was  0.025 milliseconds in repetition 101
Round trip time was  0.025 milliseconds in repetition 102
Round trip time was  0.025 milliseconds in repetition 103
Round trip time was  0.025 milliseconds in repetition 104
Round trip time was  0.025 milliseconds in repetition 105
Round trip time was  0.027 milliseconds in repetition 106
Round trip time was  0.026 milliseconds in repetition 107
Round trip time was  0.025 milliseconds in repetition 108
Round trip time was  0.027 milliseconds in repetition 109
Round trip time was  0.025 milliseconds in repetition 110
Round trip time was  0.025 milliseconds in repetition 111
Round trip time was  0.025 milliseconds in repetition 112
Round trip time was  0.025 milliseconds in repetition 113
Round trip time was  0.028 milliseconds in repetition 114
Round trip time was  0.026 milliseconds in repetition 115
Round trip time was  0.025 milliseconds in repetition 116
Round trip time was  0.025 milliseconds in repetition 117
Round trip time was  0.025 milliseconds in repetition 118
Round trip time was  0.025 milliseconds in repetition 119
Round trip time was  0.025 milliseconds in repetition 120
Round trip time was  0.026 milliseconds in repetition 121
Round trip time was  0.025 milliseconds in repetition 122
Round trip time was  0.050 milliseconds in repetition 123
Round trip time was  0.031 milliseconds in repetition 124
Round trip time was  0.029 milliseconds in repetition 125
Round trip time was  0.029 milliseconds in repetition 126
Round trip time was  0.029 milliseconds in repetition 127
Round trip time was  0.028 milliseconds in repetition 128
Round trip time was  0.039 milliseconds in repetition 129
Round trip time was  0.032 milliseconds in repetition 130
Round trip time was  0.036 milliseconds in repetition 131
Round trip time was  0.036 milliseconds in repetition 132
Round trip time was  0.033 milliseconds in repetition 133
Round trip time was  0.037 milliseconds in repetition 134
Round trip time was  0.033 milliseconds in repetition 135
Round trip time was  0.033 milliseconds in repetition 136
Round trip time was  0.032 milliseconds in repetition 137
Round trip time was  0.030 milliseconds in repetition 138
Round trip time was  0.032 milliseconds in repetition 139
Round trip time was  0.033 milliseconds in repetition 140
Round trip time was  0.043 milliseconds in repetition 141
Round trip time was  0.026 milliseconds in repetition 142
Round trip time was  0.025 milliseconds in repetition 143
Round trip time was  0.025 milliseconds in repetition 144
Round trip time was  0.026 milliseconds in repetition 145
Round trip time was  0.025 milliseconds in repetition 146
Round trip time was  0.044 milliseconds in repetition 147
Round trip time was  0.031 milliseconds in repetition 148
Round trip time was  0.097 milliseconds in repetition 149
Round trip time was  0.071 milliseconds in repetition 150
Round trip time was  0.078 milliseconds in repetition 151
Round trip time was  0.031 milliseconds in repetition 152
Round trip time was  0.029 milliseconds in repetition 153
Round trip time was  0.030 milliseconds in repetition 154
Round trip time was  0.025 milliseconds in repetition 155
Round trip time was  0.025 milliseconds in repetition 156
Round trip time was  0.025 milliseconds in repetition 157
Round trip time was  0.024 milliseconds in repetition 158
Round trip time was  0.033 milliseconds in repetition 159
Round trip time was  0.027 milliseconds in repetition 160
Round trip time was  0.026 milliseconds in repetition 161
Round trip time was  0.025 milliseconds in repetition 162
Round trip time was  0.025 milliseconds in repetition 163
Round trip time was  0.025 milliseconds in repetition 164
Round trip time was  0.025 milliseconds in repetition 165
Round trip time was  0.025 milliseconds in repetition 166
Round trip time was  0.032 milliseconds in repetition 167
Round trip time was  0.027 milliseconds in repetition 168
Round trip time was  0.026 milliseconds in repetition 169
Round trip time was  0.025 milliseconds in repetition 170
Round trip time was  0.025 milliseconds in repetition 171
Round trip time was  0.025 milliseconds in repetition 172
Round trip time was  0.028 milliseconds in repetition 173
Round trip time was  0.026 milliseconds in repetition 174
Round trip time was  0.026 milliseconds in repetition 175
Round trip time was  0.033 milliseconds in repetition 176
Round trip time was  0.027 milliseconds in repetition 177
Round trip time was  0.026 milliseconds in repetition 178
Round trip time was  0.026 milliseconds in repetition 179
Round trip time was  0.026 milliseconds in repetition 180
Round trip time was  0.026 milliseconds in repetition 181
Round trip time was  0.026 milliseconds in repetition 182
Round trip time was  0.026 milliseconds in repetition 183
Round trip time was  0.026 milliseconds in repetition 184
Round trip time was  0.033 milliseconds in repetition 185
Round trip time was  0.028 milliseconds in repetition 186
Round trip time was  0.026 milliseconds in repetition 187
Round trip time was  0.026 milliseconds in repetition 188
Round trip time was  0.025 milliseconds in repetition 189
Round trip time was  0.026 milliseconds in repetition 190
Round trip time was  0.025 milliseconds in repetition 191
Round trip time was  0.055 milliseconds in repetition 192
Round trip time was  0.026 milliseconds in repetition 193
Round trip time was  0.038 milliseconds in repetition 194
Round trip time was  0.030 milliseconds in repetition 195
Round trip time was  0.028 milliseconds in repetition 196
Round trip time was  0.027 milliseconds in repetition 197
Round trip time was  0.027 milliseconds in repetition 198
Round trip time was  0.026 milliseconds in repetition 199
Round trip time was  0.026 milliseconds in repetition 200
Round trip time was  0.027 milliseconds in repetition 201
Round trip time was  0.026 milliseconds in repetition 202
Round trip time was  0.034 milliseconds in repetition 203
Round trip time was  0.028 milliseconds in repetition 204
Round trip time was  0.027 milliseconds in repetition 205
Round trip time was  0.027 milliseconds in repetition 206
Round trip time was  0.026 milliseconds in repetition 207
Round trip time was  0.026 milliseconds in repetition 208
Round trip time was  0.032 milliseconds in repetition 209
Round trip time was  0.033 milliseconds in repetition 210
Round trip time was  0.035 milliseconds in repetition 211
Round trip time was  0.029 milliseconds in repetition 212
Round trip time was  0.027 milliseconds in repetition 213
Round trip time was  0.027 milliseconds in repetition 214
Round trip time was  0.027 milliseconds in repetition 215
Round trip time was  0.027 milliseconds in repetition 216
Round trip time was  0.028 milliseconds in repetition 217
Round trip time was  0.027 milliseconds in repetition 218
Round trip time was  0.027 milliseconds in repetition 219
Round trip time was  0.034 milliseconds in repetition 220
Round trip time was  0.029 milliseconds in repetition 221
Round trip time was  0.027 milliseconds in repetition 222
Round trip time was  0.028 milliseconds in repetition 223
Round trip time was  0.027 milliseconds in repetition 224
Round trip time was  0.027 milliseconds in repetition 225
Round trip time was  0.027 milliseconds in repetition 226
Round trip time was  0.027 milliseconds in repetition 227
Round trip time was  0.027 milliseconds in repetition 228
Round trip time was  0.050 milliseconds in repetition 229
Round trip time was  0.030 milliseconds in repetition 230
Round trip time was  0.028 milliseconds in repetition 231
Round trip time was  0.028 milliseconds in repetition 232
Round trip time was  0.027 milliseconds in repetition 233
Round trip time was  0.028 milliseconds in repetition 234
Round trip time was  0.029 milliseconds in repetition 235
Round trip time was  0.028 milliseconds in repetition 236
Round trip time was  0.028 milliseconds in repetition 237
Round trip time was  0.036 milliseconds in repetition 238
Round trip time was  0.030 milliseconds in repetition 239
Round trip time was  0.029 milliseconds in repetition 240
Round trip time was  0.028 milliseconds in repetition 241
Round trip time was  0.028 milliseconds in repetition 242
Round trip time was  0.028 milliseconds in repetition 243
Round trip time was  0.028 milliseconds in repetition 244
Round trip time was  0.028 milliseconds in repetition 245
Round trip time was  0.028 milliseconds in repetition 246
Round trip time was  0.035 milliseconds in repetition 247
Round trip time was  0.022 milliseconds in repetition 248
Round trip time was  0.031 milliseconds in repetition 249
Round trip time was  0.044 milliseconds in repetition 250
Round trip time was  0.029 milliseconds in repetition 251
Round trip time was  0.029 milliseconds in repetition 252
Round trip time was  0.029 milliseconds in repetition 253
Round trip time was  0.028 milliseconds in repetition 254
Round trip time was  0.029 milliseconds in repetition 255
Round trip time was  0.036 milliseconds in repetition 256
Round trip time was  0.031 milliseconds in repetition 257
Round trip time was  0.029 milliseconds in repetition 258
Round trip time was  0.029 milliseconds in repetition 259
Round trip time was  0.029 milliseconds in repetition 260
Round trip time was  0.028 milliseconds in repetition 261
Round trip time was  0.028 milliseconds in repetition 262
Round trip time was  0.029 milliseconds in repetition 263
Round trip time was  0.036 milliseconds in repetition 264
Round trip time was  0.031 milliseconds in repetition 265
Round trip time was  0.029 milliseconds in repetition 266
Round trip time was  0.029 milliseconds in repetition 267
Round trip time was  0.056 milliseconds in repetition 268
Round trip time was  0.032 milliseconds in repetition 269
Round trip time was  0.030 milliseconds in repetition 270
Round trip time was  0.029 milliseconds in repetition 271
Round trip time was  0.030 milliseconds in repetition 272
Round trip time was  0.037 milliseconds in repetition 273
Round trip time was  0.031 milliseconds in repetition 274
Round trip time was  0.030 milliseconds in repetition 275
Round trip time was  0.030 milliseconds in repetition 276
Round trip time was  0.030 milliseconds in repetition 277
Round trip time was  0.029 milliseconds in repetition 278
Round trip time was  0.030 milliseconds in repetition 279
Round trip time was  0.029 milliseconds in repetition 280
Round trip time was  0.030 milliseconds in repetition 281
Round trip time was  0.037 milliseconds in repetition 282
Round trip time was  0.031 milliseconds in repetition 283
Round trip time was  0.030 milliseconds in repetition 284
Round trip time was  0.029 milliseconds in repetition 285
Round trip time was  0.029 milliseconds in repetition 286
Round trip time was  0.045 milliseconds in repetition 287
Round trip time was  0.042 milliseconds in repetition 288
Round trip time was  0.032 milliseconds in repetition 289
Round trip time was  0.030 milliseconds in repetition 290
Round trip time was  0.038 milliseconds in repetition 291
Round trip time was  0.032 milliseconds in repetition 292
Round trip time was  0.031 milliseconds in repetition 293
Round trip time was  0.030 milliseconds in repetition 294
Round trip time was  0.030 milliseconds in repetition 295
Round trip time was  0.030 milliseconds in repetition 296
Round trip time was  0.031 milliseconds in repetition 297
Round trip time was  0.030 milliseconds in repetition 298
Round trip time was  0.031 milliseconds in repetition 299
Round trip time was  0.038 milliseconds in repetition 300
Round trip time was  0.032 milliseconds in repetition 301
Round trip time was  0.031 milliseconds in repetition 302
Round trip time was  0.030 milliseconds in repetition 303
Round trip time was  0.030 milliseconds in repetition 304
Round trip time was  0.045 milliseconds in repetition 305
Round trip time was  0.029 milliseconds in repetition 306
Round trip time was  0.032 milliseconds in repetition 307
Round trip time was  0.030 milliseconds in repetition 308
Round trip time was  0.054 milliseconds in repetition 309
Round trip time was  0.037 milliseconds in repetition 310
Round trip time was  0.037 milliseconds in repetition 311
Round trip time was  0.044 milliseconds in repetition 312
Round trip time was  0.039 milliseconds in repetition 313
Round trip time was  0.033 milliseconds in repetition 314
Round trip time was  0.031 milliseconds in repetition 315
Round trip time was  0.036 milliseconds in repetition 316
Round trip time was  0.045 milliseconds in repetition 317
Round trip time was  0.033 milliseconds in repetition 318
Round trip time was  0.030 milliseconds in repetition 319
Round trip time was  0.039 milliseconds in repetition 320
Round trip time was  0.034 milliseconds in repetition 321
Round trip time was  0.039 milliseconds in repetition 322
Round trip time was  0.031 milliseconds in repetition 323
Round trip time was  0.045 milliseconds in repetition 324
Round trip time was  0.082 milliseconds in repetition 325
Round trip time was  0.063 milliseconds in repetition 326
Round trip time was  0.032 milliseconds in repetition 327
Round trip time was  0.029 milliseconds in repetition 328
Round trip time was  0.028 milliseconds in repetition 329
Round trip time was  0.028 milliseconds in repetition 330
Round trip time was  0.028 milliseconds in repetition 331
Round trip time was  0.028 milliseconds in repetition 332
Round trip time was  0.028 milliseconds in repetition 333
Round trip time was  0.075 milliseconds in repetition 334
Round trip time was  0.043 milliseconds in repetition 335
Round trip time was  0.031 milliseconds in repetition 336
Round trip time was  0.035 milliseconds in repetition 337
Round trip time was  0.043 milliseconds in repetition 338
Round trip time was  0.028 milliseconds in repetition 339
Round trip time was  0.071 milliseconds in repetition 340
Round trip time was  0.030 milliseconds in repetition 341
Round trip time was  0.028 milliseconds in repetition 342
Round trip time was  0.027 milliseconds in repetition 343
Round trip time was  0.045 milliseconds in repetition 344
Round trip time was  0.071 milliseconds in repetition 345
Round trip time was  0.036 milliseconds in repetition 346
Round trip time was  0.031 milliseconds in repetition 347
Round trip time was  0.037 milliseconds in repetition 348
Round trip time was  0.037 milliseconds in repetition 349
Round trip time was  0.050 milliseconds in repetition 350
Round trip time was  0.031 milliseconds in repetition 351
Round trip time was  0.030 milliseconds in repetition 352
Round trip time was  0.051 milliseconds in repetition 353
Round trip time was  0.037 milliseconds in repetition 354
Round trip time was  0.034 milliseconds in repetition 355
Round trip time was  0.038 milliseconds in repetition 356
Round trip time was  0.029 milliseconds in repetition 357
Round trip time was  0.027 milliseconds in repetition 358
Round trip time was  0.038 milliseconds in repetition 359
Round trip time was  0.031 milliseconds in repetition 360
Round trip time was  0.033 milliseconds in repetition 361
Round trip time was  0.033 milliseconds in repetition 362
Round trip time was  0.028 milliseconds in repetition 363
Round trip time was  0.026 milliseconds in repetition 364
Round trip time was  0.026 milliseconds in repetition 365
Round trip time was  0.026 milliseconds in repetition 366
Round trip time was  0.026 milliseconds in repetition 367
Round trip time was  0.026 milliseconds in repetition 368
Round trip time was  0.026 milliseconds in repetition 369
Round trip time was  0.033 milliseconds in repetition 370
Round trip time was  0.034 milliseconds in repetition 371
Round trip time was  0.027 milliseconds in repetition 372
Round trip time was  0.026 milliseconds in repetition 373
Round trip time was  0.026 milliseconds in repetition 374
Round trip time was  0.026 milliseconds in repetition 375
Round trip time was  0.026 milliseconds in repetition 376
Round trip time was  0.026 milliseconds in repetition 377
Round trip time was  0.032 milliseconds in repetition 378
Round trip time was  0.034 milliseconds in repetition 379
Round trip time was  0.044 milliseconds in repetition 380
Round trip time was  0.027 milliseconds in repetition 381
Round trip time was  0.027 milliseconds in repetition 382
Round trip time was  0.027 milliseconds in repetition 383
Round trip time was  0.027 milliseconds in repetition 384
Round trip time was  0.026 milliseconds in repetition 385
Round trip time was  0.026 milliseconds in repetition 386
Round trip time was  0.026 milliseconds in repetition 387
Round trip time was  0.034 milliseconds in repetition 388
Round trip time was  0.029 milliseconds in repetition 389
Round trip time was  0.027 milliseconds in repetition 390
Round trip time was  0.026 milliseconds in repetition 391
Round trip time was  0.026 milliseconds in repetition 392
Round trip time was  0.026 milliseconds in repetition 393
Round trip time was  0.026 milliseconds in repetition 394
Round trip time was  0.026 milliseconds in repetition 395
Round trip time was  0.026 milliseconds in repetition 396
Round trip time was  0.052 milliseconds in repetition 397
Round trip time was  0.030 milliseconds in repetition 398
Round trip time was  0.028 milliseconds in repetition 399
Round trip time was  0.027 milliseconds in repetition 400
Round trip time was  0.027 milliseconds in repetition 401
Round trip time was  0.027 milliseconds in repetition 402
Round trip time was  0.027 milliseconds in repetition 403
Round trip time was  0.027 milliseconds in repetition 404
Round trip time was  0.028 milliseconds in repetition 405
Round trip time was  0.035 milliseconds in repetition 406
Round trip time was  0.029 milliseconds in repetition 407
Round trip time was  0.028 milliseconds in repetition 408
Round trip time was  0.034 milliseconds in repetition 409
Round trip time was  0.028 milliseconds in repetition 410
Round trip time was  0.027 milliseconds in repetition 411
Round trip time was  0.027 milliseconds in repetition 412
Round trip time was  0.027 milliseconds in repetition 413
Round trip time was  0.028 milliseconds in repetition 414
Round trip time was  0.035 milliseconds in repetition 415
Round trip time was  0.045 milliseconds in repetition 416
Round trip time was  0.028 milliseconds in repetition 417
Round trip time was  0.028 milliseconds in repetition 418
Round trip time was  0.028 milliseconds in repetition 419
Round trip time was  0.028 milliseconds in repetition 420
Round trip time was  0.028 milliseconds in repetition 421
Round trip time was  0.028 milliseconds in repetition 422
Round trip time was  0.036 milliseconds in repetition 423
Round trip time was  0.030 milliseconds in repetition 424
Round trip time was  0.028 milliseconds in repetition 425
Round trip time was  0.028 milliseconds in repetition 426
Round trip time was  0.028 milliseconds in repetition 427
Round trip time was  0.028 milliseconds in repetition 428
Round trip time was  0.028 milliseconds in repetition 429
Round trip time was  0.030 milliseconds in repetition 430
Round trip time was  0.028 milliseconds in repetition 431
Round trip time was  0.036 milliseconds in repetition 432
Round trip time was  0.030 milliseconds in repetition 433
Round trip time was  0.028 milliseconds in repetition 434
Round trip time was  0.028 milliseconds in repetition 435
Round trip time was  0.028 milliseconds in repetition 436
Round trip time was  0.029 milliseconds in repetition 437
Round trip time was  0.028 milliseconds in repetition 438
Round trip time was  0.029 milliseconds in repetition 439
Round trip time was  0.029 milliseconds in repetition 440
Round trip time was  0.036 milliseconds in repetition 441
Round trip time was  0.031 milliseconds in repetition 442
Round trip time was  0.029 milliseconds in repetition 443
Round trip time was  0.028 milliseconds in repetition 444
Round trip time was  0.029 milliseconds in repetition 445
Round trip time was  0.028 milliseconds in repetition 446
Round trip time was  0.028 milliseconds in repetition 447
Round trip time was  0.029 milliseconds in repetition 448
Round trip time was  0.041 milliseconds in repetition 449
Round trip time was  0.036 milliseconds in repetition 450
Round trip time was  0.031 milliseconds in repetition 451
Round trip time was  0.029 milliseconds in repetition 452
Round trip time was  0.029 milliseconds in repetition 453
Round trip time was  0.028 milliseconds in repetition 454
Round trip time was  0.044 milliseconds in repetition 455
Round trip time was  0.029 milliseconds in repetition 456
Round trip time was  0.030 milliseconds in repetition 457
Round trip time was  0.029 milliseconds in repetition 458
Round trip time was  0.037 milliseconds in repetition 459
Round trip time was  0.032 milliseconds in repetition 460
Round trip time was  0.030 milliseconds in repetition 461
Round trip time was  0.031 milliseconds in repetition 462
Round trip time was  0.031 milliseconds in repetition 463
Round trip time was  0.030 milliseconds in repetition 464
Round trip time was  0.029 milliseconds in repetition 465
Round trip time was  0.029 milliseconds in repetition 466
Round trip time was  0.043 milliseconds in repetition 467
Round trip time was  0.034 milliseconds in repetition 468
Round trip time was  0.030 milliseconds in repetition 469
Round trip time was  0.030 milliseconds in repetition 470
Round trip time was  0.029 milliseconds in repetition 471
Round trip time was  0.029 milliseconds in repetition 472
Round trip time was  0.029 milliseconds in repetition 473
Round trip time was  0.029 milliseconds in repetition 474
Round trip time was  0.029 milliseconds in repetition 475
Round trip time was  0.037 milliseconds in repetition 476
Round trip time was  0.032 milliseconds in repetition 477
Round trip time was  0.030 milliseconds in repetition 478
Round trip time was  0.030 milliseconds in repetition 479
Round trip time was  0.030 milliseconds in repetition 480
Round trip time was  0.029 milliseconds in repetition 481
Round trip time was  0.030 milliseconds in repetition 482
Round trip time was  0.029 milliseconds in repetition 483
Round trip time was  0.030 milliseconds in repetition 484
Round trip time was  0.037 milliseconds in repetition 485
Round trip time was  0.032 milliseconds in repetition 486
Round trip time was  0.030 milliseconds in repetition 487
Round trip time was  0.032 milliseconds in repetition 488
Round trip time was  0.030 milliseconds in repetition 489
Round trip time was  0.030 milliseconds in repetition 490
Round trip time was  0.029 milliseconds in repetition 491
Round trip time was  0.029 milliseconds in repetition 492
Round trip time was  0.029 milliseconds in repetition 493
Round trip time was  0.037 milliseconds in repetition 494
Round trip time was  0.032 milliseconds in repetition 495
Round trip time was  0.031 milliseconds in repetition 496
Round trip time was  0.030 milliseconds in repetition 497
Round trip time was  0.029 milliseconds in repetition 498
Round trip time was  0.029 milliseconds in repetition 499
Round trip time was  0.029 milliseconds in repetition 500
Round trip time was  0.029 milliseconds in repetition 501

 ... clock resolution was 1e-06
UDP Ping:  Statistics over 501 repetitions of 64 byte messages

RTT : percentile 10: 0.0251, median: 0.0292, percentile 90: 0.0431, average: 0.0324453, variance: 0.000132453

RTT histogram:
0.0217985 8
0.0275786 310
0.0333587 94
0.0391388 36
0.0449189 21
0.050699 7
0.0564791 6
0.0622592 5
0.0680393 2
0.0738194 6
0.0795995 2
0.0853796 0
0.0911597 0
0.0969398 1
0.10272 1
0.1085 1
0.11428 0
0.12006 0
0.12584 0
0.13162 0
0.1374 1

   median Throughput : 4383.56 KB/s   overall Throughput : 3945.1 KB/s

